[2.303s] DEBUG:colcon:Command line arguments: ['/usr/bin/colcon', 'build', '--packages-select', 'custom_launchfile']
[2.303s] DEBUG:colcon:Parsed command line arguments: Namespace(log_base=None, log_level=None, verb_name='build', build_base='build', install_base='install', merge_install=False, symlink_install=False, test_result_base=None, continue_on_error=False, executor='parallel', parallel_workers=8, event_handlers=None, ignore_user_meta=False, metas=['./colcon.meta'], base_paths=['.'], packages_ignore=None, packages_ignore_regex=None, paths=None, packages_up_to=None, packages_up_to_regex=None, packages_above=None, packages_above_and_dependencies=None, packages_above_depth=None, packages_select_by_dep=None, packages_skip_by_dep=None, packages_skip_up_to=None, packages_select_build_failed=False, packages_skip_build_finished=False, packages_select_test_failures=False, packages_skip_test_passed=False, packages_select=['custom_launchfile'], packages_skip=None, packages_select_regex=None, packages_skip_regex=None, packages_start=None, packages_end=None, allow_overriding=[], cmake_args=None, cmake_target=None, cmake_target_skip_unavailable=False, cmake_clean_cache=False, cmake_clean_first=False, cmake_force_configure=False, ament_cmake_args=None, catkin_cmake_args=None, catkin_skip_building_tests=False, verb_parser=<colcon_defaults.argument_parser.defaults.DefaultArgumentsDecorator object at 0x7f9937a74250>, verb_extension=<colcon_core.verb.build.BuildVerb object at 0x7f9937a7f5e0>, main=<bound method BuildVerb.main of <colcon_core.verb.build.BuildVerb object at 0x7f9937a7f5e0>>)
[2.401s] Level 1:colcon.colcon_core.package_discovery:discover_packages(colcon_meta) check parameters
[2.401s] Level 1:colcon.colcon_core.package_discovery:discover_packages(recursive) check parameters
[2.401s] Level 1:colcon.colcon_core.package_discovery:discover_packages(ignore) check parameters
[2.401s] Level 1:colcon.colcon_core.package_discovery:discover_packages(path) check parameters
[2.402s] Level 1:colcon.colcon_core.package_discovery:discover_packages(colcon_meta) discover
[2.402s] Level 1:colcon.colcon_core.package_discovery:discover_packages(recursive) discover
[2.402s] INFO:colcon.colcon_core.package_discovery:Crawling recursively for packages in '/home/abolfazlmohammadpour/Temperature/ROS2WorkSpace'
[2.402s] Level 1:colcon.colcon_core.package_identification:_identify(.) by extensions ['ignore', 'ignore_ament_install']
[2.402s] Level 1:colcon.colcon_core.package_identification:_identify(.) by extension 'ignore'
[2.402s] Level 1:colcon.colcon_core.package_identification:_identify(.) by extension 'ignore_ament_install'
[2.403s] Level 1:colcon.colcon_core.package_identification:_identify(.) by extensions ['colcon_pkg']
[2.403s] Level 1:colcon.colcon_core.package_identification:_identify(.) by extension 'colcon_pkg'
[2.403s] Level 1:colcon.colcon_core.package_identification:_identify(.) by extensions ['colcon_meta']
[2.403s] Level 1:colcon.colcon_core.package_identification:_identify(.) by extension 'colcon_meta'
[2.403s] Level 1:colcon.colcon_core.package_identification:_identify(.) by extensions ['ros']
[2.403s] Level 1:colcon.colcon_core.package_identification:_identify(.) by extension 'ros'
[2.428s] Level 1:colcon.colcon_core.package_identification:_identify(.) by extensions ['cmake', 'python']
[2.429s] Level 1:colcon.colcon_core.package_identification:_identify(.) by extension 'cmake'
[2.429s] Level 1:colcon.colcon_core.package_identification:_identify(.) by extension 'python'
[2.429s] Level 1:colcon.colcon_core.package_identification:_identify(.) by extensions ['python_setup_py']
[2.429s] Level 1:colcon.colcon_core.package_identification:_identify(.) by extension 'python_setup_py'
[2.429s] Level 1:colcon.colcon_core.package_identification:_identify(build) by extensions ['ignore', 'ignore_ament_install']
[2.429s] Level 1:colcon.colcon_core.package_identification:_identify(build) by extension 'ignore'
[2.430s] Level 1:colcon.colcon_core.package_identification:_identify(build) ignored
[2.430s] Level 1:colcon.colcon_core.package_identification:_identify(install) by extensions ['ignore', 'ignore_ament_install']
[2.430s] Level 1:colcon.colcon_core.package_identification:_identify(install) by extension 'ignore'
[2.430s] Level 1:colcon.colcon_core.package_identification:_identify(install) ignored
[2.431s] Level 1:colcon.colcon_core.package_identification:_identify(log) by extensions ['ignore', 'ignore_ament_install']
[2.431s] Level 1:colcon.colcon_core.package_identification:_identify(log) by extension 'ignore'
[2.431s] Level 1:colcon.colcon_core.package_identification:_identify(log) ignored
[2.431s] Level 1:colcon.colcon_core.package_identification:_identify(src) by extensions ['ignore', 'ignore_ament_install']
[2.432s] Level 1:colcon.colcon_core.package_identification:_identify(src) by extension 'ignore'
[2.432s] Level 1:colcon.colcon_core.package_identification:_identify(src) by extension 'ignore_ament_install'
[2.432s] Level 1:colcon.colcon_core.package_identification:_identify(src) by extensions ['colcon_pkg']
[2.432s] Level 1:colcon.colcon_core.package_identification:_identify(src) by extension 'colcon_pkg'
[2.432s] Level 1:colcon.colcon_core.package_identification:_identify(src) by extensions ['colcon_meta']
[2.432s] Level 1:colcon.colcon_core.package_identification:_identify(src) by extension 'colcon_meta'
[2.432s] Level 1:colcon.colcon_core.package_identification:_identify(src) by extensions ['ros']
[2.432s] Level 1:colcon.colcon_core.package_identification:_identify(src) by extension 'ros'
[2.433s] Level 1:colcon.colcon_core.package_identification:_identify(src) by extensions ['cmake', 'python']
[2.433s] Level 1:colcon.colcon_core.package_identification:_identify(src) by extension 'cmake'
[2.433s] Level 1:colcon.colcon_core.package_identification:_identify(src) by extension 'python'
[2.433s] Level 1:colcon.colcon_core.package_identification:_identify(src) by extensions ['python_setup_py']
[2.433s] Level 1:colcon.colcon_core.package_identification:_identify(src) by extension 'python_setup_py'
[2.433s] Level 1:colcon.colcon_core.package_identification:_identify(src/CPlusPlusPackage) by extensions ['ignore', 'ignore_ament_install']
[2.434s] Level 1:colcon.colcon_core.package_identification:_identify(src/CPlusPlusPackage) by extension 'ignore'
[2.434s] Level 1:colcon.colcon_core.package_identification:_identify(src/CPlusPlusPackage) by extension 'ignore_ament_install'
[2.434s] Level 1:colcon.colcon_core.package_identification:_identify(src/CPlusPlusPackage) by extensions ['colcon_pkg']
[2.434s] Level 1:colcon.colcon_core.package_identification:_identify(src/CPlusPlusPackage) by extension 'colcon_pkg'
[2.434s] Level 1:colcon.colcon_core.package_identification:_identify(src/CPlusPlusPackage) by extensions ['colcon_meta']
[2.434s] Level 1:colcon.colcon_core.package_identification:_identify(src/CPlusPlusPackage) by extension 'colcon_meta'
[2.434s] Level 1:colcon.colcon_core.package_identification:_identify(src/CPlusPlusPackage) by extensions ['ros']
[2.434s] Level 1:colcon.colcon_core.package_identification:_identify(src/CPlusPlusPackage) by extension 'ros'
[2.439s] DEBUG:colcon.colcon_core.package_identification:Package 'src/CPlusPlusPackage' with type 'ros.ament_cmake' and name 'CPlusPlusPackage'
[2.439s] Level 1:colcon.colcon_core.package_identification:_identify(src/PythonPackage) by extensions ['ignore', 'ignore_ament_install']
[2.439s] Level 1:colcon.colcon_core.package_identification:_identify(src/PythonPackage) by extension 'ignore'
[2.439s] Level 1:colcon.colcon_core.package_identification:_identify(src/PythonPackage) by extension 'ignore_ament_install'
[2.439s] Level 1:colcon.colcon_core.package_identification:_identify(src/PythonPackage) by extensions ['colcon_pkg']
[2.439s] Level 1:colcon.colcon_core.package_identification:_identify(src/PythonPackage) by extension 'colcon_pkg'
[2.439s] Level 1:colcon.colcon_core.package_identification:_identify(src/PythonPackage) by extensions ['colcon_meta']
[2.440s] Level 1:colcon.colcon_core.package_identification:_identify(src/PythonPackage) by extension 'colcon_meta'
[2.440s] Level 1:colcon.colcon_core.package_identification:_identify(src/PythonPackage) by extensions ['ros']
[2.440s] Level 1:colcon.colcon_core.package_identification:_identify(src/PythonPackage) by extension 'ros'
[2.441s] DEBUG:colcon.colcon_core.package_identification:Package 'src/PythonPackage' with type 'ros.ament_python' and name 'PythonPackage'
[2.441s] Level 1:colcon.colcon_core.package_identification:_identify(src/custom_interfaces) by extensions ['ignore', 'ignore_ament_install']
[2.441s] Level 1:colcon.colcon_core.package_identification:_identify(src/custom_interfaces) by extension 'ignore'
[2.441s] Level 1:colcon.colcon_core.package_identification:_identify(src/custom_interfaces) by extension 'ignore_ament_install'
[2.442s] Level 1:colcon.colcon_core.package_identification:_identify(src/custom_interfaces) by extensions ['colcon_pkg']
[2.442s] Level 1:colcon.colcon_core.package_identification:_identify(src/custom_interfaces) by extension 'colcon_pkg'
[2.442s] Level 1:colcon.colcon_core.package_identification:_identify(src/custom_interfaces) by extensions ['colcon_meta']
[2.442s] Level 1:colcon.colcon_core.package_identification:_identify(src/custom_interfaces) by extension 'colcon_meta'
[2.442s] Level 1:colcon.colcon_core.package_identification:_identify(src/custom_interfaces) by extensions ['ros']
[2.442s] Level 1:colcon.colcon_core.package_identification:_identify(src/custom_interfaces) by extension 'ros'
[2.443s] DEBUG:colcon.colcon_core.package_identification:Package 'src/custom_interfaces' with type 'ros.ament_cmake' and name 'custom_interfaces'
[2.443s] Level 1:colcon.colcon_core.package_identification:_identify(src/custom_launchfile) by extensions ['ignore', 'ignore_ament_install']
[2.443s] Level 1:colcon.colcon_core.package_identification:_identify(src/custom_launchfile) by extension 'ignore'
[2.443s] Level 1:colcon.colcon_core.package_identification:_identify(src/custom_launchfile) by extension 'ignore_ament_install'
[2.444s] Level 1:colcon.colcon_core.package_identification:_identify(src/custom_launchfile) by extensions ['colcon_pkg']
[2.444s] Level 1:colcon.colcon_core.package_identification:_identify(src/custom_launchfile) by extension 'colcon_pkg'
[2.444s] Level 1:colcon.colcon_core.package_identification:_identify(src/custom_launchfile) by extensions ['colcon_meta']
[2.444s] Level 1:colcon.colcon_core.package_identification:_identify(src/custom_launchfile) by extension 'colcon_meta'
[2.444s] Level 1:colcon.colcon_core.package_identification:_identify(src/custom_launchfile) by extensions ['ros']
[2.444s] Level 1:colcon.colcon_core.package_identification:_identify(src/custom_launchfile) by extension 'ros'
[2.445s] DEBUG:colcon.colcon_core.package_identification:Package 'src/custom_launchfile' with type 'ros.ament_cmake' and name 'custom_launchfile'
[2.445s] Level 1:colcon.colcon_core.package_discovery:discover_packages(recursive) using defaults
[2.445s] Level 1:colcon.colcon_core.package_discovery:discover_packages(ignore) discover
[2.445s] Level 1:colcon.colcon_core.package_discovery:discover_packages(ignore) using defaults
[2.445s] Level 1:colcon.colcon_core.package_discovery:discover_packages(path) discover
[2.445s] Level 1:colcon.colcon_core.package_discovery:discover_packages(path) using defaults
[2.559s] INFO:colcon.colcon_core.package_selection:Skipping not selected package 'custom_interfaces' in 'src/custom_interfaces'
[2.559s] INFO:colcon.colcon_core.package_selection:Skipping not selected package 'CPlusPlusPackage' in 'src/CPlusPlusPackage'
[2.560s] INFO:colcon.colcon_core.package_selection:Skipping not selected package 'PythonPackage' in 'src/PythonPackage'
[2.622s] Level 1:colcon.colcon_core.package_discovery:discover_packages(prefix_path) check parameters
[2.622s] Level 1:colcon.colcon_core.package_discovery:discover_packages(prefix_path) discover
[2.691s] DEBUG:colcon.colcon_installed_package_information.package_discovery:Found 4 installed packages in /home/abolfazlmohammadpour/Temperature/ROS2WorkSpace/install
[2.734s] DEBUG:colcon.colcon_installed_package_information.package_discovery:Found 2 installed packages in /home/abolfazlmohammadpour/ROS2WorkSpace/install
[2.772s] DEBUG:colcon.colcon_installed_package_information.package_discovery:Found 286 installed packages in /opt/ros/iron
[2.775s] Level 1:colcon.colcon_core.package_discovery:discover_packages(prefix_path) using defaults
[3.043s] Level 5:colcon.colcon_core.verb:set package 'custom_launchfile' build argument 'cmake_args' from command line to 'None'
[3.043s] Level 5:colcon.colcon_core.verb:set package 'custom_launchfile' build argument 'cmake_target' from command line to 'None'
[3.043s] Level 5:colcon.colcon_core.verb:set package 'custom_launchfile' build argument 'cmake_target_skip_unavailable' from command line to 'False'
[3.043s] Level 5:colcon.colcon_core.verb:set package 'custom_launchfile' build argument 'cmake_clean_cache' from command line to 'False'
[3.043s] Level 5:colcon.colcon_core.verb:set package 'custom_launchfile' build argument 'cmake_clean_first' from command line to 'False'
[3.043s] Level 5:colcon.colcon_core.verb:set package 'custom_launchfile' build argument 'cmake_force_configure' from command line to 'False'
[3.043s] Level 5:colcon.colcon_core.verb:set package 'custom_launchfile' build argument 'ament_cmake_args' from command line to 'None'
[3.043s] Level 5:colcon.colcon_core.verb:set package 'custom_launchfile' build argument 'catkin_cmake_args' from command line to 'None'
[3.044s] Level 5:colcon.colcon_core.verb:set package 'custom_launchfile' build argument 'catkin_skip_building_tests' from command line to 'False'
[3.044s] DEBUG:colcon.colcon_core.verb:Building package 'custom_launchfile' with the following arguments: {'ament_cmake_args': None, 'build_base': '/home/abolfazlmohammadpour/Temperature/ROS2WorkSpace/build/custom_launchfile', 'catkin_cmake_args': None, 'catkin_skip_building_tests': False, 'cmake_args': None, 'cmake_clean_cache': False, 'cmake_clean_first': False, 'cmake_force_configure': False, 'cmake_target': None, 'cmake_target_skip_unavailable': False, 'install_base': '/home/abolfazlmohammadpour/Temperature/ROS2WorkSpace/install/custom_launchfile', 'merge_install': False, 'path': '/home/abolfazlmohammadpour/Temperature/ROS2WorkSpace/src/custom_launchfile', 'symlink_install': False, 'test_result_base': None}
[3.092s] INFO:colcon.colcon_core.executor:Executing jobs using 'parallel' executor
[3.139s] DEBUG:colcon.colcon_parallel_executor.executor.parallel:run_until_complete
[3.141s] INFO:colcon.colcon_ros.task.ament_cmake.build:Building ROS package in '/home/abolfazlmohammadpour/Temperature/ROS2WorkSpace/src/custom_launchfile' with build type 'ament_cmake'
[3.141s] INFO:colcon.colcon_cmake.task.cmake.build:Building CMake package in '/home/abolfazlmohammadpour/Temperature/ROS2WorkSpace/src/custom_launchfile'
[3.210s] INFO:colcon.colcon_core.plugin_system:Skipping extension 'colcon_core.shell.bat': Not used on non-Windows systems
[3.210s] INFO:colcon.colcon_core.shell:Skip shell extension 'powershell' for command environment: Not usable outside of PowerShell
[3.210s] DEBUG:colcon.colcon_core.shell:Skip shell extension 'dsv' for command environment
[3.785s] DEBUG:colcon.colcon_core.event_handler.log_command:Invoking command in '/home/abolfazlmohammadpour/Temperature/ROS2WorkSpace/build/custom_launchfile': CMAKE_PREFIX_PATH=/home/abolfazlmohammadpour/Temperature/ROS2WorkSpace/install/CPlusPlusPackage:/home/abolfazlmohammadpour/Temperature/ROS2WorkSpace/install/custom_interfaces:/home/abolfazlmohammadpour/Temperature/ROS2WorkSpace/install/custom_launchfile:/home/abolfazlmohammadpour/ROS2WorkSpace/install/CPlusPlusPackage:/home/abolfazlmohammadpour/Temperature/ROS2WorkSpace/install/PythonPackage:/home/abolfazlmohammadpour/ROS2WorkSpace/install/PythonPackage:/opt/ros/iron WSLENV=ELECTRON_RUN_AS_NODE/w: /usr/bin/cmake --build /home/abolfazlmohammadpour/Temperature/ROS2WorkSpace/build/custom_launchfile -- -j8 -l8
[3.877s] DEBUG:colcon.colcon_core.event_handler.log_command:Invoked command in '/home/abolfazlmohammadpour/Temperature/ROS2WorkSpace/build/custom_launchfile' returned '0': CMAKE_PREFIX_PATH=/home/abolfazlmohammadpour/Temperature/ROS2WorkSpace/install/CPlusPlusPackage:/home/abolfazlmohammadpour/Temperature/ROS2WorkSpace/install/custom_interfaces:/home/abolfazlmohammadpour/Temperature/ROS2WorkSpace/install/custom_launchfile:/home/abolfazlmohammadpour/ROS2WorkSpace/install/CPlusPlusPackage:/home/abolfazlmohammadpour/Temperature/ROS2WorkSpace/install/PythonPackage:/home/abolfazlmohammadpour/ROS2WorkSpace/install/PythonPackage:/opt/ros/iron WSLENV=ELECTRON_RUN_AS_NODE/w: /usr/bin/cmake --build /home/abolfazlmohammadpour/Temperature/ROS2WorkSpace/build/custom_launchfile -- -j8 -l8
[3.971s] DEBUG:colcon.colcon_core.event_handler.log_command:Invoking command in '/home/abolfazlmohammadpour/Temperature/ROS2WorkSpace/build/custom_launchfile': CMAKE_PREFIX_PATH=/home/abolfazlmohammadpour/Temperature/ROS2WorkSpace/install/CPlusPlusPackage:/home/abolfazlmohammadpour/Temperature/ROS2WorkSpace/install/custom_interfaces:/home/abolfazlmohammadpour/Temperature/ROS2WorkSpace/install/custom_launchfile:/home/abolfazlmohammadpour/ROS2WorkSpace/install/CPlusPlusPackage:/home/abolfazlmohammadpour/Temperature/ROS2WorkSpace/install/PythonPackage:/home/abolfazlmohammadpour/ROS2WorkSpace/install/PythonPackage:/opt/ros/iron WSLENV=ELECTRON_RUN_AS_NODE/w: /usr/bin/cmake --install /home/abolfazlmohammadpour/Temperature/ROS2WorkSpace/build/custom_launchfile
[3.999s] Level 1:colcon.colcon_core.environment:create_environment_scripts_only(custom_launchfile)
[4.001s] DEBUG:colcon.colcon_core.event_handler.log_command:Invoked command in '/home/abolfazlmohammadpour/Temperature/ROS2WorkSpace/build/custom_launchfile' returned '0': CMAKE_PREFIX_PATH=/home/abolfazlmohammadpour/Temperature/ROS2WorkSpace/install/CPlusPlusPackage:/home/abolfazlmohammadpour/Temperature/ROS2WorkSpace/install/custom_interfaces:/home/abolfazlmohammadpour/Temperature/ROS2WorkSpace/install/custom_launchfile:/home/abolfazlmohammadpour/ROS2WorkSpace/install/CPlusPlusPackage:/home/abolfazlmohammadpour/Temperature/ROS2WorkSpace/install/PythonPackage:/home/abolfazlmohammadpour/ROS2WorkSpace/install/PythonPackage:/opt/ros/iron WSLENV=ELECTRON_RUN_AS_NODE/w: /usr/bin/cmake --install /home/abolfazlmohammadpour/Temperature/ROS2WorkSpace/build/custom_launchfile
[4.056s] Level 1:colcon.colcon_core.environment:checking '/home/abolfazlmohammadpour/Temperature/ROS2WorkSpace/install/custom_launchfile' for CMake module files
[4.057s] Level 1:colcon.colcon_core.environment:checking '/home/abolfazlmohammadpour/Temperature/ROS2WorkSpace/install/custom_launchfile' for CMake config files
[4.058s] Level 1:colcon.colcon_core.shell:create_environment_hook('custom_launchfile', 'cmake_prefix_path')
[4.106s] INFO:colcon.colcon_core.shell:Creating environment hook '/home/abolfazlmohammadpour/Temperature/ROS2WorkSpace/install/custom_launchfile/share/custom_launchfile/hook/cmake_prefix_path.ps1'
[4.107s] INFO:colcon.colcon_core.shell:Creating environment descriptor '/home/abolfazlmohammadpour/Temperature/ROS2WorkSpace/install/custom_launchfile/share/custom_launchfile/hook/cmake_prefix_path.dsv'
[4.109s] INFO:colcon.colcon_core.shell:Creating environment hook '/home/abolfazlmohammadpour/Temperature/ROS2WorkSpace/install/custom_launchfile/share/custom_launchfile/hook/cmake_prefix_path.sh'
[4.111s] Level 1:colcon.colcon_core.environment:checking '/home/abolfazlmohammadpour/Temperature/ROS2WorkSpace/install/custom_launchfile/bin'
[4.111s] Level 1:colcon.colcon_core.environment:checking '/home/abolfazlmohammadpour/Temperature/ROS2WorkSpace/install/custom_launchfile/lib/pkgconfig/custom_launchfile.pc'
[4.112s] Level 1:colcon.colcon_core.environment:checking '/home/abolfazlmohammadpour/Temperature/ROS2WorkSpace/install/custom_launchfile/lib/python3.10/site-packages'
[4.113s] Level 1:colcon.colcon_core.environment:checking '/home/abolfazlmohammadpour/Temperature/ROS2WorkSpace/install/custom_launchfile/bin'
[4.156s] INFO:colcon.colcon_core.shell:Creating package script '/home/abolfazlmohammadpour/Temperature/ROS2WorkSpace/install/custom_launchfile/share/custom_launchfile/package.ps1'
[4.157s] INFO:colcon.colcon_core.shell:Creating package descriptor '/home/abolfazlmohammadpour/Temperature/ROS2WorkSpace/install/custom_launchfile/share/custom_launchfile/package.dsv'
[4.158s] INFO:colcon.colcon_core.shell:Creating package script '/home/abolfazlmohammadpour/Temperature/ROS2WorkSpace/install/custom_launchfile/share/custom_launchfile/package.sh'
[4.160s] INFO:colcon.colcon_core.shell:Creating package script '/home/abolfazlmohammadpour/Temperature/ROS2WorkSpace/install/custom_launchfile/share/custom_launchfile/package.bash'
[4.162s] INFO:colcon.colcon_core.shell:Creating package script '/home/abolfazlmohammadpour/Temperature/ROS2WorkSpace/install/custom_launchfile/share/custom_launchfile/package.zsh'
[4.163s] Level 1:colcon.colcon_core.environment:create_file_with_runtime_dependencies(/home/abolfazlmohammadpour/Temperature/ROS2WorkSpace/install/custom_launchfile/share/colcon-core/packages/custom_launchfile)
[4.240s] Level 1:colcon.colcon_core.environment:create_environment_scripts_only(custom_launchfile)
[4.279s] Level 1:colcon.colcon_core.environment:checking '/home/abolfazlmohammadpour/Temperature/ROS2WorkSpace/install/custom_launchfile' for CMake module files
[4.280s] Level 1:colcon.colcon_core.environment:checking '/home/abolfazlmohammadpour/Temperature/ROS2WorkSpace/install/custom_launchfile' for CMake config files
[4.281s] Level 1:colcon.colcon_core.shell:create_environment_hook('custom_launchfile', 'cmake_prefix_path')
[4.321s] INFO:colcon.colcon_core.shell:Creating environment hook '/home/abolfazlmohammadpour/Temperature/ROS2WorkSpace/install/custom_launchfile/share/custom_launchfile/hook/cmake_prefix_path.ps1'
[4.322s] INFO:colcon.colcon_core.shell:Creating environment descriptor '/home/abolfazlmohammadpour/Temperature/ROS2WorkSpace/install/custom_launchfile/share/custom_launchfile/hook/cmake_prefix_path.dsv'
[4.323s] INFO:colcon.colcon_core.shell:Creating environment hook '/home/abolfazlmohammadpour/Temperature/ROS2WorkSpace/install/custom_launchfile/share/custom_launchfile/hook/cmake_prefix_path.sh'
[4.324s] Level 1:colcon.colcon_core.environment:checking '/home/abolfazlmohammadpour/Temperature/ROS2WorkSpace/install/custom_launchfile/bin'
[4.324s] Level 1:colcon.colcon_core.environment:checking '/home/abolfazlmohammadpour/Temperature/ROS2WorkSpace/install/custom_launchfile/lib/pkgconfig/custom_launchfile.pc'
[4.325s] Level 1:colcon.colcon_core.environment:checking '/home/abolfazlmohammadpour/Temperature/ROS2WorkSpace/install/custom_launchfile/lib/python3.10/site-packages'
[4.325s] Level 1:colcon.colcon_core.environment:checking '/home/abolfazlmohammadpour/Temperature/ROS2WorkSpace/install/custom_launchfile/bin'
[4.363s] INFO:colcon.colcon_core.shell:Creating package script '/home/abolfazlmohammadpour/Temperature/ROS2WorkSpace/install/custom_launchfile/share/custom_launchfile/package.ps1'
[4.364s] INFO:colcon.colcon_core.shell:Creating package descriptor '/home/abolfazlmohammadpour/Temperature/ROS2WorkSpace/install/custom_launchfile/share/custom_launchfile/package.dsv'
[4.365s] INFO:colcon.colcon_core.shell:Creating package script '/home/abolfazlmohammadpour/Temperature/ROS2WorkSpace/install/custom_launchfile/share/custom_launchfile/package.sh'
[4.367s] INFO:colcon.colcon_core.shell:Creating package script '/home/abolfazlmohammadpour/Temperature/ROS2WorkSpace/install/custom_launchfile/share/custom_launchfile/package.bash'
[4.368s] INFO:colcon.colcon_core.shell:Creating package script '/home/abolfazlmohammadpour/Temperature/ROS2WorkSpace/install/custom_launchfile/share/custom_launchfile/package.zsh'
[4.369s] Level 1:colcon.colcon_core.environment:create_file_with_runtime_dependencies(/home/abolfazlmohammadpour/Temperature/ROS2WorkSpace/install/custom_launchfile/share/colcon-core/packages/custom_launchfile)
[4.370s] DEBUG:colcon.colcon_parallel_executor.executor.parallel:closing loop
[4.370s] DEBUG:colcon.colcon_parallel_executor.executor.parallel:loop closed
[4.372s] DEBUG:colcon.colcon_parallel_executor.executor.parallel:run_until_complete finished with '0'
[4.372s] DEBUG:colcon.colcon_core.event_reactor:joining thread
[4.479s] INFO:colcon.colcon_core.plugin_system:Skipping extension 'colcon_notification.desktop_notification.notify_send': Could not find 'notify-send'
[4.480s] INFO:colcon.colcon_core.plugin_system:Skipping extension 'colcon_notification.desktop_notification.terminal_notifier': Not used on non-Darwin systems
[4.480s] INFO:colcon.colcon_core.plugin_system:Skipping extension 'colcon_notification.desktop_notification.win32': Not used on non-Windows systems
[4.480s] INFO:colcon.colcon_notification.desktop_notification:Sending desktop notification using 'notify2'
[4.480s] DEBUG:colcon.colcon_notification.desktop_notification.notify2:Failed to initialize notify2: org.freedesktop.DBus.Error.FileNotFound: Failed to connect to socket /run/user/1000/bus: No such file or directory
[4.480s] DEBUG:colcon.colcon_core.event_reactor:joined thread
[4.507s] INFO:colcon.colcon_core.shell:Creating prefix script '/home/abolfazlmohammadpour/Temperature/ROS2WorkSpace/install/local_setup.ps1'
[4.508s] INFO:colcon.colcon_core.shell:Creating prefix util module '/home/abolfazlmohammadpour/Temperature/ROS2WorkSpace/install/_local_setup_util_ps1.py'
[4.511s] INFO:colcon.colcon_core.shell:Creating prefix chain script '/home/abolfazlmohammadpour/Temperature/ROS2WorkSpace/install/setup.ps1'
[4.544s] INFO:colcon.colcon_core.shell:Creating prefix script '/home/abolfazlmohammadpour/Temperature/ROS2WorkSpace/install/local_setup.sh'
[4.545s] INFO:colcon.colcon_core.shell:Creating prefix util module '/home/abolfazlmohammadpour/Temperature/ROS2WorkSpace/install/_local_setup_util_sh.py'
[4.547s] INFO:colcon.colcon_core.shell:Creating prefix chain script '/home/abolfazlmohammadpour/Temperature/ROS2WorkSpace/install/setup.sh'
[4.584s] INFO:colcon.colcon_core.shell:Creating prefix script '/home/abolfazlmohammadpour/Temperature/ROS2WorkSpace/install/local_setup.bash'
[4.585s] INFO:colcon.colcon_core.shell:Creating prefix chain script '/home/abolfazlmohammadpour/Temperature/ROS2WorkSpace/install/setup.bash'
[4.622s] INFO:colcon.colcon_core.shell:Creating prefix script '/home/abolfazlmohammadpour/Temperature/ROS2WorkSpace/install/local_setup.zsh'
[4.624s] INFO:colcon.colcon_core.shell:Creating prefix chain script '/home/abolfazlmohammadpour/Temperature/ROS2WorkSpace/install/setup.zsh'
