[0.153s] Invoking command in '/home/abolfazlmohammadpour/Temperature/ROS2WorkSpace/build/TemperatureCPlusPlusPackage': CMAKE_PREFIX_PATH=${CMAKE_PREFIX_PATH}:/home/abolfazlmohammadpour/Temperature/ROS2WorkSpace/install/TemperaturePythonPackage:/opt/ros/iron /usr/bin/cmake --build /home/abolfazlmohammadpour/Temperature/ROS2WorkSpace/build/TemperatureCPlusPlusPackage -- -j8 -l8
[0.199s] [100%] Built target TemperatureCPlusPlusNode
[0.438s] Invoked command in '/home/abolfazlmohammadpour/Temperature/ROS2WorkSpace/build/TemperatureCPlusPlusPackage' returned '0': CMAKE_PREFIX_PATH=${CMAKE_PREFIX_PATH}:/home/abolfazlmohammadpour/Temperature/ROS2WorkSpace/install/TemperaturePythonPackage:/opt/ros/iron /usr/bin/cmake --build /home/abolfazlmohammadpour/Temperature/ROS2WorkSpace/build/TemperatureCPlusPlusPackage -- -j8 -l8
[0.470s] Invoking command in '/home/abolfazlmohammadpour/Temperature/ROS2WorkSpace/build/TemperatureCPlusPlusPackage': CMAKE_PREFIX_PATH=${CMAKE_PREFIX_PATH}:/home/abolfazlmohammadpour/Temperature/ROS2WorkSpace/install/TemperaturePythonPackage:/opt/ros/iron /usr/bin/cmake --install /home/abolfazlmohammadpour/Temperature/ROS2WorkSpace/build/TemperatureCPlusPlusPackage
[0.476s] -- Install configuration: ""
[0.476s] -- Up-to-date: /home/abolfazlmohammadpour/Temperature/ROS2WorkSpace/install/TemperatureCPlusPlusPackage/lib/TemperatureCPlusPlusPackage/TemperatureCPlusPlusNode
[0.476s] -- Up-to-date: /home/abolfazlmohammadpour/Temperature/ROS2WorkSpace/install/TemperatureCPlusPlusPackage/share/ament_index/resource_index/package_run_dependencies/TemperatureCPlusPlusPackage
[0.477s] -- Up-to-date: /home/abolfazlmohammadpour/Temperature/ROS2WorkSpace/install/TemperatureCPlusPlusPackage/share/ament_index/resource_index/parent_prefix_path/TemperatureCPlusPlusPackage
[0.477s] -- Up-to-date: /home/abolfazlmohammadpour/Temperature/ROS2WorkSpace/install/TemperatureCPlusPlusPackage/share/TemperatureCPlusPlusPackage/environment/ament_prefix_path.sh
[0.477s] -- Up-to-date: /home/abolfazlmohammadpour/Temperature/ROS2WorkSpace/install/TemperatureCPlusPlusPackage/share/TemperatureCPlusPlusPackage/environment/ament_prefix_path.dsv
[0.477s] -- Up-to-date: /home/abolfazlmohammadpour/Temperature/ROS2WorkSpace/install/TemperatureCPlusPlusPackage/share/TemperatureCPlusPlusPackage/environment/path.sh
[0.477s] -- Up-to-date: /home/abolfazlmohammadpour/Temperature/ROS2WorkSpace/install/TemperatureCPlusPlusPackage/share/TemperatureCPlusPlusPackage/environment/path.dsv
[0.477s] -- Up-to-date: /home/abolfazlmohammadpour/Temperature/ROS2WorkSpace/install/TemperatureCPlusPlusPackage/share/TemperatureCPlusPlusPackage/local_setup.bash
[0.477s] -- Up-to-date: /home/abolfazlmohammadpour/Temperature/ROS2WorkSpace/install/TemperatureCPlusPlusPackage/share/TemperatureCPlusPlusPackage/local_setup.sh
[0.478s] -- Up-to-date: /home/abolfazlmohammadpour/Temperature/ROS2WorkSpace/install/TemperatureCPlusPlusPackage/share/TemperatureCPlusPlusPackage/local_setup.zsh
[0.478s] -- Up-to-date: /home/abolfazlmohammadpour/Temperature/ROS2WorkSpace/install/TemperatureCPlusPlusPackage/share/TemperatureCPlusPlusPackage/local_setup.dsv
[0.478s] -- Installing: /home/abolfazlmohammadpour/Temperature/ROS2WorkSpace/install/TemperatureCPlusPlusPackage/share/TemperatureCPlusPlusPackage/package.dsv
[0.478s] -- Up-to-date: /home/abolfazlmohammadpour/Temperature/ROS2WorkSpace/install/TemperatureCPlusPlusPackage/share/ament_index/resource_index/packages/TemperatureCPlusPlusPackage
[0.478s] -- Up-to-date: /home/abolfazlmohammadpour/Temperature/ROS2WorkSpace/install/TemperatureCPlusPlusPackage/share/TemperatureCPlusPlusPackage/cmake/TemperatureCPlusPlusPackageConfig.cmake
[0.479s] -- Up-to-date: /home/abolfazlmohammadpour/Temperature/ROS2WorkSpace/install/TemperatureCPlusPlusPackage/share/TemperatureCPlusPlusPackage/cmake/TemperatureCPlusPlusPackageConfig-version.cmake
[0.479s] -- Up-to-date: /home/abolfazlmohammadpour/Temperature/ROS2WorkSpace/install/TemperatureCPlusPlusPackage/share/TemperatureCPlusPlusPackage/package.xml
[0.481s] Invoked command in '/home/abolfazlmohammadpour/Temperature/ROS2WorkSpace/build/TemperatureCPlusPlusPackage' returned '0': CMAKE_PREFIX_PATH=${CMAKE_PREFIX_PATH}:/home/abolfazlmohammadpour/Temperature/ROS2WorkSpace/install/TemperaturePythonPackage:/opt/ros/iron /usr/bin/cmake --install /home/abolfazlmohammadpour/Temperature/ROS2WorkSpace/build/TemperatureCPlusPlusPackage
