[0.491s] Invoking command in '/home/abolfazlmohammadpour/Temperature/ROS2WorkSpace/build/TemperatureCPlusPlusPackage': CMAKE_PREFIX_PATH=${CMAKE_PREFIX_PATH}:/home/abolfazlmohammadpour/Temperature/ROS2WorkSpace/install/TemperaturePythonPackage:/opt/ros/iron WSLENV=ELECTRON_RUN_AS_NODE/w:WT_SESSION:WT_PROFILE_ID: /usr/bin/cmake --build /home/abolfazlmohammadpour/Temperature/ROS2WorkSpace/build/TemperatureCPlusPlusPackage -- -j8 -l8
[1.452s] Invoked command in '/home/abolfazlmohammadpour/Temperature/ROS2WorkSpace/build/TemperatureCPlusPlusPackage' returned '0': CMAKE_PREFIX_PATH=${CMAKE_PREFIX_PATH}:/home/abolfazlmohammadpour/Temperature/ROS2WorkSpace/install/TemperaturePythonPackage:/opt/ros/iron WSLENV=ELECTRON_RUN_AS_NODE/w:WT_SESSION:WT_PROFILE_ID: /usr/bin/cmake --build /home/abolfazlmohammadpour/Temperature/ROS2WorkSpace/build/TemperatureCPlusPlusPackage -- -j8 -l8
[1.538s] Invoking command in '/home/abolfazlmohammadpour/Temperature/ROS2WorkSpace/build/TemperatureCPlusPlusPackage': CMAKE_PREFIX_PATH=${CMAKE_PREFIX_PATH}:/home/abolfazlmohammadpour/Temperature/ROS2WorkSpace/install/TemperaturePythonPackage:/opt/ros/iron WSLENV=ELECTRON_RUN_AS_NODE/w:WT_SESSION:WT_PROFILE_ID: /usr/bin/cmake --install /home/abolfazlmohammadpour/Temperature/ROS2WorkSpace/build/TemperatureCPlusPlusPackage
[1.559s] -- Install configuration: ""
[1.560s] -- Up-to-date: /home/abolfazlmohammadpour/Temperature/ROS2WorkSpace/install/TemperatureCPlusPlusPackage/share/ament_index/resource_index/package_run_dependencies/TemperatureCPlusPlusPackage
[1.561s] -- Up-to-date: /home/abolfazlmohammadpour/Temperature/ROS2WorkSpace/install/TemperatureCPlusPlusPackage/share/ament_index/resource_index/parent_prefix_path/TemperatureCPlusPlusPackage
[1.561s] -- Up-to-date: /home/abolfazlmohammadpour/Temperature/ROS2WorkSpace/install/TemperatureCPlusPlusPackage/share/TemperatureCPlusPlusPackage/environment/ament_prefix_path.sh
[1.562s] -- Up-to-date: /home/abolfazlmohammadpour/Temperature/ROS2WorkSpace/install/TemperatureCPlusPlusPackage/share/TemperatureCPlusPlusPackage/environment/ament_prefix_path.dsv
[1.563s] -- Up-to-date: /home/abolfazlmohammadpour/Temperature/ROS2WorkSpace/install/TemperatureCPlusPlusPackage/share/TemperatureCPlusPlusPackage/environment/path.sh
[1.563s] -- Up-to-date: /home/abolfazlmohammadpour/Temperature/ROS2WorkSpace/install/TemperatureCPlusPlusPackage/share/TemperatureCPlusPlusPackage/environment/path.dsv
[1.563s] -- Up-to-date: /home/abolfazlmohammadpour/Temperature/ROS2WorkSpace/install/TemperatureCPlusPlusPackage/share/TemperatureCPlusPlusPackage/local_setup.bash
[1.564s] -- Up-to-date: /home/abolfazlmohammadpour/Temperature/ROS2WorkSpace/install/TemperatureCPlusPlusPackage/share/TemperatureCPlusPlusPackage/local_setup.sh
[1.564s] -- Up-to-date: /home/abolfazlmohammadpour/Temperature/ROS2WorkSpace/install/TemperatureCPlusPlusPackage/share/TemperatureCPlusPlusPackage/local_setup.zsh
[1.565s] -- Up-to-date: /home/abolfazlmohammadpour/Temperature/ROS2WorkSpace/install/TemperatureCPlusPlusPackage/share/TemperatureCPlusPlusPackage/local_setup.dsv
[1.565s] -- Installing: /home/abolfazlmohammadpour/Temperature/ROS2WorkSpace/install/TemperatureCPlusPlusPackage/share/TemperatureCPlusPlusPackage/package.dsv
[1.566s] -- Up-to-date: /home/abolfazlmohammadpour/Temperature/ROS2WorkSpace/install/TemperatureCPlusPlusPackage/share/ament_index/resource_index/packages/TemperatureCPlusPlusPackage
[1.566s] -- Up-to-date: /home/abolfazlmohammadpour/Temperature/ROS2WorkSpace/install/TemperatureCPlusPlusPackage/share/TemperatureCPlusPlusPackage/cmake/TemperatureCPlusPlusPackageConfig.cmake
[1.567s] -- Up-to-date: /home/abolfazlmohammadpour/Temperature/ROS2WorkSpace/install/TemperatureCPlusPlusPackage/share/TemperatureCPlusPlusPackage/cmake/TemperatureCPlusPlusPackageConfig-version.cmake
[1.568s] -- Up-to-date: /home/abolfazlmohammadpour/Temperature/ROS2WorkSpace/install/TemperatureCPlusPlusPackage/share/TemperatureCPlusPlusPackage/package.xml
[1.573s] Invoked command in '/home/abolfazlmohammadpour/Temperature/ROS2WorkSpace/build/TemperatureCPlusPlusPackage' returned '0': CMAKE_PREFIX_PATH=${CMAKE_PREFIX_PATH}:/home/abolfazlmohammadpour/Temperature/ROS2WorkSpace/install/TemperaturePythonPackage:/opt/ros/iron WSLENV=ELECTRON_RUN_AS_NODE/w:WT_SESSION:WT_PROFILE_ID: /usr/bin/cmake --install /home/abolfazlmohammadpour/Temperature/ROS2WorkSpace/build/TemperatureCPlusPlusPackage
