[1.648s] Invoking command in '/home/abolfazlmohammadpour/Temperature/ROS2WorkSpace/src/PythonPackage': PYTHONPATH=/home/abolfazlmohammadpour/Temperature/ROS2WorkSpace/build/PythonPackage/prefix_override:/home/abolfazlmohammadpour/Temperature/ROS2WorkSpace/install/PythonPackage/lib/python3.10/site-packages:${PYTHONPATH} /usr/bin/python3 setup.py egg_info --egg-base ../../build/PythonPackage build --build-base /home/abolfazlmohammadpour/Temperature/ROS2WorkSpace/build/PythonPackage/build install --record /home/abolfazlmohammadpour/Temperature/ROS2WorkSpace/build/PythonPackage/install.log --single-version-externally-managed
[2.155s] running egg_info
[2.157s] writing ../../build/PythonPackage/PythonPackage.egg-info/PKG-INFO
[2.158s] writing dependency_links to ../../build/PythonPackage/PythonPackage.egg-info/dependency_links.txt
[2.159s] writing entry points to ../../build/PythonPackage/PythonPackage.egg-info/entry_points.txt
[2.159s] writing requirements to ../../build/PythonPackage/PythonPackage.egg-info/requires.txt
[2.159s] writing top-level names to ../../build/PythonPackage/PythonPackage.egg-info/top_level.txt
[2.164s] reading manifest file '../../build/PythonPackage/PythonPackage.egg-info/SOURCES.txt'
[2.167s] writing manifest file '../../build/PythonPackage/PythonPackage.egg-info/SOURCES.txt'
[2.167s] running build
[2.167s] running build_py
[2.168s] copying PythonPackage/PythonNodeSubscriber.py -> /home/abolfazlmohammadpour/Temperature/ROS2WorkSpace/build/PythonPackage/build/lib/PythonPackage
[2.168s] running install
[2.169s] /usr/lib/python3/dist-packages/setuptools/command/install.py:34: SetuptoolsDeprecationWarning: setup.py install is deprecated. Use build and pip and other standards-based tools.
[2.169s]   warnings.warn(
[2.170s] running install_lib
[2.171s] copying /home/abolfazlmohammadpour/Temperature/ROS2WorkSpace/build/PythonPackage/build/lib/PythonPackage/PythonNodeSubscriber.py -> /home/abolfazlmohammadpour/Temperature/ROS2WorkSpace/install/PythonPackage/lib/python3.10/site-packages/PythonPackage
[2.172s] byte-compiling /home/abolfazlmohammadpour/Temperature/ROS2WorkSpace/install/PythonPackage/lib/python3.10/site-packages/PythonPackage/PythonNodeSubscriber.py to PythonNodeSubscriber.cpython-310.pyc
[2.173s] running install_data
[2.174s] running install_egg_info
[2.178s] removing '/home/abolfazlmohammadpour/Temperature/ROS2WorkSpace/install/PythonPackage/lib/python3.10/site-packages/PythonPackage-0.0.0-py3.10.egg-info' (and everything under it)
[2.178s] Copying ../../build/PythonPackage/PythonPackage.egg-info to /home/abolfazlmohammadpour/Temperature/ROS2WorkSpace/install/PythonPackage/lib/python3.10/site-packages/PythonPackage-0.0.0-py3.10.egg-info
[2.181s] running install_scripts
[2.221s] Installing PythonNode script to /home/abolfazlmohammadpour/Temperature/ROS2WorkSpace/install/PythonPackage/lib/PythonPackage
[2.221s] Installing PythonNodePublisher script to /home/abolfazlmohammadpour/Temperature/ROS2WorkSpace/install/PythonPackage/lib/PythonPackage
[2.222s] Installing PythonNodeSubscriber script to /home/abolfazlmohammadpour/Temperature/ROS2WorkSpace/install/PythonPackage/lib/PythonPackage
[2.222s] Installing PythonNode_OOP script to /home/abolfazlmohammadpour/Temperature/ROS2WorkSpace/install/PythonPackage/lib/PythonPackage
[2.223s] writing list of installed files to '/home/abolfazlmohammadpour/Temperature/ROS2WorkSpace/build/PythonPackage/install.log'
[2.266s] Invoked command in '/home/abolfazlmohammadpour/Temperature/ROS2WorkSpace/src/PythonPackage' returned '0': PYTHONPATH=/home/abolfazlmohammadpour/Temperature/ROS2WorkSpace/build/PythonPackage/prefix_override:/home/abolfazlmohammadpour/Temperature/ROS2WorkSpace/install/PythonPackage/lib/python3.10/site-packages:${PYTHONPATH} /usr/bin/python3 setup.py egg_info --egg-base ../../build/PythonPackage build --build-base /home/abolfazlmohammadpour/Temperature/ROS2WorkSpace/build/PythonPackage/build install --record /home/abolfazlmohammadpour/Temperature/ROS2WorkSpace/build/PythonPackage/install.log --single-version-externally-managed
