[3.472s] DEBUG:colcon:Command line arguments: ['/usr/bin/colcon', 'build', '--packages-select', 'TemperatureCPlusPlusPackage']
[3.472s] DEBUG:colcon:Parsed command line arguments: Namespace(log_base=None, log_level=None, verb_name='build', build_base='build', install_base='install', merge_install=False, symlink_install=False, test_result_base=None, continue_on_error=False, executor='parallel', parallel_workers=8, event_handlers=None, ignore_user_meta=False, metas=['./colcon.meta'], base_paths=['.'], packages_ignore=None, packages_ignore_regex=None, paths=None, packages_up_to=None, packages_up_to_regex=None, packages_above=None, packages_above_and_dependencies=None, packages_above_depth=None, packages_select_by_dep=None, packages_skip_by_dep=None, packages_skip_up_to=None, packages_select_build_failed=False, packages_skip_build_finished=False, packages_select_test_failures=False, packages_skip_test_passed=False, packages_select=['TemperatureCPlusPlusPackage'], packages_skip=None, packages_select_regex=None, packages_skip_regex=None, packages_start=None, packages_end=None, allow_overriding=[], cmake_args=None, cmake_target=None, cmake_target_skip_unavailable=False, cmake_clean_cache=False, cmake_clean_first=False, cmake_force_configure=False, ament_cmake_args=None, catkin_cmake_args=None, catkin_skip_building_tests=False, verb_parser=<colcon_defaults.argument_parser.defaults.DefaultArgumentsDecorator object at 0x7fa7a1e905b0>, verb_extension=<colcon_core.verb.build.BuildVerb object at 0x7fa7a1e91c90>, main=<bound method BuildVerb.main of <colcon_core.verb.build.BuildVerb object at 0x7fa7a1e91c90>>)
[3.628s] Level 1:colcon.colcon_core.package_discovery:discover_packages(colcon_meta) check parameters
[3.628s] Level 1:colcon.colcon_core.package_discovery:discover_packages(recursive) check parameters
[3.628s] Level 1:colcon.colcon_core.package_discovery:discover_packages(ignore) check parameters
[3.628s] Level 1:colcon.colcon_core.package_discovery:discover_packages(path) check parameters
[3.628s] Level 1:colcon.colcon_core.package_discovery:discover_packages(colcon_meta) discover
[3.629s] Level 1:colcon.colcon_core.package_discovery:discover_packages(recursive) discover
[3.629s] INFO:colcon.colcon_core.package_discovery:Crawling recursively for packages in '/home/abolfazlmohammadpour/Temperature/ROS2WorkSpace'
[3.629s] Level 1:colcon.colcon_core.package_identification:_identify(.) by extensions ['ignore', 'ignore_ament_install']
[3.629s] Level 1:colcon.colcon_core.package_identification:_identify(.) by extension 'ignore'
[3.630s] Level 1:colcon.colcon_core.package_identification:_identify(.) by extension 'ignore_ament_install'
[3.630s] Level 1:colcon.colcon_core.package_identification:_identify(.) by extensions ['colcon_pkg']
[3.630s] Level 1:colcon.colcon_core.package_identification:_identify(.) by extension 'colcon_pkg'
[3.630s] Level 1:colcon.colcon_core.package_identification:_identify(.) by extensions ['colcon_meta']
[3.630s] Level 1:colcon.colcon_core.package_identification:_identify(.) by extension 'colcon_meta'
[3.630s] Level 1:colcon.colcon_core.package_identification:_identify(.) by extensions ['ros']
[3.630s] Level 1:colcon.colcon_core.package_identification:_identify(.) by extension 'ros'
[3.663s] Level 1:colcon.colcon_core.package_identification:_identify(.) by extensions ['cmake', 'python']
[3.663s] Level 1:colcon.colcon_core.package_identification:_identify(.) by extension 'cmake'
[3.664s] Level 1:colcon.colcon_core.package_identification:_identify(.) by extension 'python'
[3.664s] Level 1:colcon.colcon_core.package_identification:_identify(.) by extensions ['python_setup_py']
[3.664s] Level 1:colcon.colcon_core.package_identification:_identify(.) by extension 'python_setup_py'
[3.664s] Level 1:colcon.colcon_core.package_identification:_identify(build) by extensions ['ignore', 'ignore_ament_install']
[3.665s] Level 1:colcon.colcon_core.package_identification:_identify(build) by extension 'ignore'
[3.665s] Level 1:colcon.colcon_core.package_identification:_identify(build) ignored
[3.665s] Level 1:colcon.colcon_core.package_identification:_identify(install) by extensions ['ignore', 'ignore_ament_install']
[3.665s] Level 1:colcon.colcon_core.package_identification:_identify(install) by extension 'ignore'
[3.666s] Level 1:colcon.colcon_core.package_identification:_identify(install) ignored
[3.666s] Level 1:colcon.colcon_core.package_identification:_identify(log) by extensions ['ignore', 'ignore_ament_install']
[3.666s] Level 1:colcon.colcon_core.package_identification:_identify(log) by extension 'ignore'
[3.666s] Level 1:colcon.colcon_core.package_identification:_identify(log) ignored
[3.667s] Level 1:colcon.colcon_core.package_identification:_identify(src) by extensions ['ignore', 'ignore_ament_install']
[3.667s] Level 1:colcon.colcon_core.package_identification:_identify(src) by extension 'ignore'
[3.667s] Level 1:colcon.colcon_core.package_identification:_identify(src) by extension 'ignore_ament_install'
[3.667s] Level 1:colcon.colcon_core.package_identification:_identify(src) by extensions ['colcon_pkg']
[3.667s] Level 1:colcon.colcon_core.package_identification:_identify(src) by extension 'colcon_pkg'
[3.667s] Level 1:colcon.colcon_core.package_identification:_identify(src) by extensions ['colcon_meta']
[3.667s] Level 1:colcon.colcon_core.package_identification:_identify(src) by extension 'colcon_meta'
[3.668s] Level 1:colcon.colcon_core.package_identification:_identify(src) by extensions ['ros']
[3.668s] Level 1:colcon.colcon_core.package_identification:_identify(src) by extension 'ros'
[3.668s] Level 1:colcon.colcon_core.package_identification:_identify(src) by extensions ['cmake', 'python']
[3.668s] Level 1:colcon.colcon_core.package_identification:_identify(src) by extension 'cmake'
[3.668s] Level 1:colcon.colcon_core.package_identification:_identify(src) by extension 'python'
[3.669s] Level 1:colcon.colcon_core.package_identification:_identify(src) by extensions ['python_setup_py']
[3.669s] Level 1:colcon.colcon_core.package_identification:_identify(src) by extension 'python_setup_py'
[3.669s] Level 1:colcon.colcon_core.package_identification:_identify(src/TemperatureCPlusPlusPackage) by extensions ['ignore', 'ignore_ament_install']
[3.669s] Level 1:colcon.colcon_core.package_identification:_identify(src/TemperatureCPlusPlusPackage) by extension 'ignore'
[3.670s] Level 1:colcon.colcon_core.package_identification:_identify(src/TemperatureCPlusPlusPackage) by extension 'ignore_ament_install'
[3.670s] Level 1:colcon.colcon_core.package_identification:_identify(src/TemperatureCPlusPlusPackage) by extensions ['colcon_pkg']
[3.670s] Level 1:colcon.colcon_core.package_identification:_identify(src/TemperatureCPlusPlusPackage) by extension 'colcon_pkg'
[3.670s] Level 1:colcon.colcon_core.package_identification:_identify(src/TemperatureCPlusPlusPackage) by extensions ['colcon_meta']
[3.670s] Level 1:colcon.colcon_core.package_identification:_identify(src/TemperatureCPlusPlusPackage) by extension 'colcon_meta'
[3.670s] Level 1:colcon.colcon_core.package_identification:_identify(src/TemperatureCPlusPlusPackage) by extensions ['ros']
[3.671s] Level 1:colcon.colcon_core.package_identification:_identify(src/TemperatureCPlusPlusPackage) by extension 'ros'
[3.677s] DEBUG:colcon.colcon_core.package_identification:Package 'src/TemperatureCPlusPlusPackage' with type 'ros.ament_cmake' and name 'TemperatureCPlusPlusPackage'
[3.678s] Level 1:colcon.colcon_core.package_identification:_identify(src/TemperaturePythonPackage) by extensions ['ignore', 'ignore_ament_install']
[3.678s] Level 1:colcon.colcon_core.package_identification:_identify(src/TemperaturePythonPackage) by extension 'ignore'
[3.678s] Level 1:colcon.colcon_core.package_identification:_identify(src/TemperaturePythonPackage) by extension 'ignore_ament_install'
[3.678s] Level 1:colcon.colcon_core.package_identification:_identify(src/TemperaturePythonPackage) by extensions ['colcon_pkg']
[3.678s] Level 1:colcon.colcon_core.package_identification:_identify(src/TemperaturePythonPackage) by extension 'colcon_pkg'
[3.679s] Level 1:colcon.colcon_core.package_identification:_identify(src/TemperaturePythonPackage) by extensions ['colcon_meta']
[3.679s] Level 1:colcon.colcon_core.package_identification:_identify(src/TemperaturePythonPackage) by extension 'colcon_meta'
[3.679s] Level 1:colcon.colcon_core.package_identification:_identify(src/TemperaturePythonPackage) by extensions ['ros']
[3.679s] Level 1:colcon.colcon_core.package_identification:_identify(src/TemperaturePythonPackage) by extension 'ros'
[3.681s] DEBUG:colcon.colcon_core.package_identification:Package 'src/TemperaturePythonPackage' with type 'ros.ament_python' and name 'TemperaturePythonPackage'
[3.681s] Level 1:colcon.colcon_core.package_discovery:discover_packages(recursive) using defaults
[3.681s] Level 1:colcon.colcon_core.package_discovery:discover_packages(ignore) discover
[3.681s] Level 1:colcon.colcon_core.package_discovery:discover_packages(ignore) using defaults
[3.681s] Level 1:colcon.colcon_core.package_discovery:discover_packages(path) discover
[3.681s] Level 1:colcon.colcon_core.package_discovery:discover_packages(path) using defaults
[3.893s] INFO:colcon.colcon_core.package_selection:Skipping not selected package 'TemperaturePythonPackage' in 'src/TemperaturePythonPackage'
[3.998s] Level 1:colcon.colcon_core.package_discovery:discover_packages(prefix_path) check parameters
[3.999s] Level 1:colcon.colcon_core.package_discovery:discover_packages(prefix_path) discover
[4.113s] DEBUG:colcon.colcon_installed_package_information.package_discovery:Found 2 installed packages in /home/abolfazlmohammadpour/Temperature/ROS2WorkSpace/install
[4.167s] DEBUG:colcon.colcon_installed_package_information.package_discovery:Found 281 installed packages in /opt/ros/iron
[4.172s] Level 1:colcon.colcon_core.package_discovery:discover_packages(prefix_path) using defaults
[4.566s] Level 5:colcon.colcon_core.verb:set package 'TemperatureCPlusPlusPackage' build argument 'cmake_args' from command line to 'None'
[4.567s] Level 5:colcon.colcon_core.verb:set package 'TemperatureCPlusPlusPackage' build argument 'cmake_target' from command line to 'None'
[4.567s] Level 5:colcon.colcon_core.verb:set package 'TemperatureCPlusPlusPackage' build argument 'cmake_target_skip_unavailable' from command line to 'False'
[4.567s] Level 5:colcon.colcon_core.verb:set package 'TemperatureCPlusPlusPackage' build argument 'cmake_clean_cache' from command line to 'False'
[4.567s] Level 5:colcon.colcon_core.verb:set package 'TemperatureCPlusPlusPackage' build argument 'cmake_clean_first' from command line to 'False'
[4.567s] Level 5:colcon.colcon_core.verb:set package 'TemperatureCPlusPlusPackage' build argument 'cmake_force_configure' from command line to 'False'
[4.567s] Level 5:colcon.colcon_core.verb:set package 'TemperatureCPlusPlusPackage' build argument 'ament_cmake_args' from command line to 'None'
[4.567s] Level 5:colcon.colcon_core.verb:set package 'TemperatureCPlusPlusPackage' build argument 'catkin_cmake_args' from command line to 'None'
[4.567s] Level 5:colcon.colcon_core.verb:set package 'TemperatureCPlusPlusPackage' build argument 'catkin_skip_building_tests' from command line to 'False'
[4.568s] DEBUG:colcon.colcon_core.verb:Building package 'TemperatureCPlusPlusPackage' with the following arguments: {'ament_cmake_args': None, 'build_base': '/home/abolfazlmohammadpour/Temperature/ROS2WorkSpace/build/TemperatureCPlusPlusPackage', 'catkin_cmake_args': None, 'catkin_skip_building_tests': False, 'cmake_args': None, 'cmake_clean_cache': False, 'cmake_clean_first': False, 'cmake_force_configure': False, 'cmake_target': None, 'cmake_target_skip_unavailable': False, 'install_base': '/home/abolfazlmohammadpour/Temperature/ROS2WorkSpace/install/TemperatureCPlusPlusPackage', 'merge_install': False, 'path': '/home/abolfazlmohammadpour/Temperature/ROS2WorkSpace/src/TemperatureCPlusPlusPackage', 'symlink_install': False, 'test_result_base': None}
[4.633s] INFO:colcon.colcon_core.executor:Executing jobs using 'parallel' executor
[4.689s] DEBUG:colcon.colcon_parallel_executor.executor.parallel:run_until_complete
[4.690s] INFO:colcon.colcon_ros.task.ament_cmake.build:Building ROS package in '/home/abolfazlmohammadpour/Temperature/ROS2WorkSpace/src/TemperatureCPlusPlusPackage' with build type 'ament_cmake'
[4.690s] INFO:colcon.colcon_cmake.task.cmake.build:Building CMake package in '/home/abolfazlmohammadpour/Temperature/ROS2WorkSpace/src/TemperatureCPlusPlusPackage'
[4.758s] INFO:colcon.colcon_core.plugin_system:Skipping extension 'colcon_core.shell.bat': Not used on non-Windows systems
[4.758s] INFO:colcon.colcon_core.shell:Skip shell extension 'powershell' for command environment: Not usable outside of PowerShell
[4.758s] DEBUG:colcon.colcon_core.shell:Skip shell extension 'dsv' for command environment
[4.983s] DEBUG:colcon.colcon_core.event_handler.log_command:Invoking command in '/home/abolfazlmohammadpour/Temperature/ROS2WorkSpace/build/TemperatureCPlusPlusPackage': CMAKE_PREFIX_PATH=${CMAKE_PREFIX_PATH}:/home/abolfazlmohammadpour/Temperature/ROS2WorkSpace/install/TemperaturePythonPackage:/opt/ros/iron /usr/bin/cmake --build /home/abolfazlmohammadpour/Temperature/ROS2WorkSpace/build/TemperatureCPlusPlusPackage -- -j8 -l8
[17.460s] DEBUG:colcon.colcon_core.event_handler.log_command:Invoked command in '/home/abolfazlmohammadpour/Temperature/ROS2WorkSpace/build/TemperatureCPlusPlusPackage' returned '2': CMAKE_PREFIX_PATH=${CMAKE_PREFIX_PATH}:/home/abolfazlmohammadpour/Temperature/ROS2WorkSpace/install/TemperaturePythonPackage:/opt/ros/iron /usr/bin/cmake --build /home/abolfazlmohammadpour/Temperature/ROS2WorkSpace/build/TemperatureCPlusPlusPackage -- -j8 -l8
[17.624s] Level 1:colcon.colcon_core.environment:create_environment_scripts_only(TemperatureCPlusPlusPackage)
[17.698s] Level 1:colcon.colcon_core.environment:checking '/home/abolfazlmohammadpour/Temperature/ROS2WorkSpace/install/TemperatureCPlusPlusPackage' for CMake module files
[17.700s] Level 1:colcon.colcon_core.environment:checking '/home/abolfazlmohammadpour/Temperature/ROS2WorkSpace/install/TemperatureCPlusPlusPackage' for CMake config files
[17.701s] Level 1:colcon.colcon_core.shell:create_environment_hook('TemperatureCPlusPlusPackage', 'cmake_prefix_path')
[17.770s] INFO:colcon.colcon_core.shell:Creating environment hook '/home/abolfazlmohammadpour/Temperature/ROS2WorkSpace/install/TemperatureCPlusPlusPackage/share/TemperatureCPlusPlusPackage/hook/cmake_prefix_path.ps1'
[17.773s] INFO:colcon.colcon_core.shell:Creating environment descriptor '/home/abolfazlmohammadpour/Temperature/ROS2WorkSpace/install/TemperatureCPlusPlusPackage/share/TemperatureCPlusPlusPackage/hook/cmake_prefix_path.dsv'
[17.774s] INFO:colcon.colcon_core.shell:Creating environment hook '/home/abolfazlmohammadpour/Temperature/ROS2WorkSpace/install/TemperatureCPlusPlusPackage/share/TemperatureCPlusPlusPackage/hook/cmake_prefix_path.sh'
[17.777s] Level 1:colcon.colcon_core.environment:checking '/home/abolfazlmohammadpour/Temperature/ROS2WorkSpace/install/TemperatureCPlusPlusPackage/lib'
[17.778s] Level 1:colcon.colcon_core.environment:checking '/home/abolfazlmohammadpour/Temperature/ROS2WorkSpace/install/TemperatureCPlusPlusPackage/bin'
[17.778s] Level 1:colcon.colcon_core.environment:checking '/home/abolfazlmohammadpour/Temperature/ROS2WorkSpace/install/TemperatureCPlusPlusPackage/lib/pkgconfig/TemperatureCPlusPlusPackage.pc'
[17.779s] Level 1:colcon.colcon_core.environment:checking '/home/abolfazlmohammadpour/Temperature/ROS2WorkSpace/install/TemperatureCPlusPlusPackage/lib/python3.10/site-packages'
[17.780s] Level 1:colcon.colcon_core.environment:checking '/home/abolfazlmohammadpour/Temperature/ROS2WorkSpace/install/TemperatureCPlusPlusPackage/bin'
[17.836s] INFO:colcon.colcon_core.shell:Creating package script '/home/abolfazlmohammadpour/Temperature/ROS2WorkSpace/install/TemperatureCPlusPlusPackage/share/TemperatureCPlusPlusPackage/package.ps1'
[17.838s] INFO:colcon.colcon_core.shell:Creating package descriptor '/home/abolfazlmohammadpour/Temperature/ROS2WorkSpace/install/TemperatureCPlusPlusPackage/share/TemperatureCPlusPlusPackage/package.dsv'
[17.841s] INFO:colcon.colcon_core.shell:Creating package script '/home/abolfazlmohammadpour/Temperature/ROS2WorkSpace/install/TemperatureCPlusPlusPackage/share/TemperatureCPlusPlusPackage/package.sh'
[17.843s] INFO:colcon.colcon_core.shell:Creating package script '/home/abolfazlmohammadpour/Temperature/ROS2WorkSpace/install/TemperatureCPlusPlusPackage/share/TemperatureCPlusPlusPackage/package.bash'
[17.845s] INFO:colcon.colcon_core.shell:Creating package script '/home/abolfazlmohammadpour/Temperature/ROS2WorkSpace/install/TemperatureCPlusPlusPackage/share/TemperatureCPlusPlusPackage/package.zsh'
[17.847s] Level 1:colcon.colcon_core.environment:create_file_with_runtime_dependencies(/home/abolfazlmohammadpour/Temperature/ROS2WorkSpace/install/TemperatureCPlusPlusPackage/share/colcon-core/packages/TemperatureCPlusPlusPackage)
[17.849s] DEBUG:colcon.colcon_parallel_executor.executor.parallel:closing loop
[17.850s] DEBUG:colcon.colcon_parallel_executor.executor.parallel:loop closed
[17.852s] DEBUG:colcon.colcon_parallel_executor.executor.parallel:run_until_complete finished with '2'
[17.852s] DEBUG:colcon.colcon_core.event_reactor:joining thread
[18.083s] INFO:colcon.colcon_core.plugin_system:Skipping extension 'colcon_notification.desktop_notification.notify_send': Could not find 'notify-send'
[18.084s] INFO:colcon.colcon_core.plugin_system:Skipping extension 'colcon_notification.desktop_notification.terminal_notifier': Not used on non-Darwin systems
[18.084s] INFO:colcon.colcon_core.plugin_system:Skipping extension 'colcon_notification.desktop_notification.win32': Not used on non-Windows systems
[18.085s] INFO:colcon.colcon_notification.desktop_notification:Sending desktop notification using 'notify2'
[18.085s] DEBUG:colcon.colcon_notification.desktop_notification.notify2:Failed to initialize notify2: org.freedesktop.DBus.Error.FileNotFound: Failed to connect to socket /run/user/1000/bus: No such file or directory
[18.086s] DEBUG:colcon.colcon_core.event_reactor:joined thread
[18.141s] INFO:colcon.colcon_core.shell:Creating prefix script '/home/abolfazlmohammadpour/Temperature/ROS2WorkSpace/install/local_setup.ps1'
[18.143s] INFO:colcon.colcon_core.shell:Creating prefix util module '/home/abolfazlmohammadpour/Temperature/ROS2WorkSpace/install/_local_setup_util_ps1.py'
[18.147s] INFO:colcon.colcon_core.shell:Creating prefix chain script '/home/abolfazlmohammadpour/Temperature/ROS2WorkSpace/install/setup.ps1'
[18.192s] INFO:colcon.colcon_core.shell:Creating prefix script '/home/abolfazlmohammadpour/Temperature/ROS2WorkSpace/install/local_setup.sh'
[18.194s] INFO:colcon.colcon_core.shell:Creating prefix util module '/home/abolfazlmohammadpour/Temperature/ROS2WorkSpace/install/_local_setup_util_sh.py'
[18.195s] INFO:colcon.colcon_core.shell:Creating prefix chain script '/home/abolfazlmohammadpour/Temperature/ROS2WorkSpace/install/setup.sh'
[18.244s] INFO:colcon.colcon_core.shell:Creating prefix script '/home/abolfazlmohammadpour/Temperature/ROS2WorkSpace/install/local_setup.bash'
[18.246s] INFO:colcon.colcon_core.shell:Creating prefix chain script '/home/abolfazlmohammadpour/Temperature/ROS2WorkSpace/install/setup.bash'
[18.294s] INFO:colcon.colcon_core.shell:Creating prefix script '/home/abolfazlmohammadpour/Temperature/ROS2WorkSpace/install/local_setup.zsh'
[18.295s] INFO:colcon.colcon_core.shell:Creating prefix chain script '/home/abolfazlmohammadpour/Temperature/ROS2WorkSpace/install/setup.zsh'
