[1.059s] Invoking command in '/home/abolfazlmohammadpour/Temperature/ROS2WorkSpace/src/TemperaturePythonPackage': PYTHONPATH=/home/abolfazlmohammadpour/Temperature/ROS2WorkSpace/build/TemperaturePythonPackage/prefix_override:/home/abolfazlmohammadpour/Temperature/ROS2WorkSpace/install/TemperaturePythonPackage/lib/python3.10/site-packages:${PYTHONPATH} /usr/bin/python3 setup.py egg_info --egg-base ../../build/TemperaturePythonPackage build --build-base /home/abolfazlmohammadpour/Temperature/ROS2WorkSpace/build/TemperaturePythonPackage/build install --record /home/abolfazlmohammadpour/Temperature/ROS2WorkSpace/build/TemperaturePythonPackage/install.log --single-version-externally-managed
[1.387s] running egg_info
[1.388s] writing ../../build/TemperaturePythonPackage/TemperaturePythonPackage.egg-info/PKG-INFO
[1.388s] writing dependency_links to ../../build/TemperaturePythonPackage/TemperaturePythonPackage.egg-info/dependency_links.txt
[1.388s] writing entry points to ../../build/TemperaturePythonPackage/TemperaturePythonPackage.egg-info/entry_points.txt
[1.389s] writing requirements to ../../build/TemperaturePythonPackage/TemperaturePythonPackage.egg-info/requires.txt
[1.389s] writing top-level names to ../../build/TemperaturePythonPackage/TemperaturePythonPackage.egg-info/top_level.txt
[1.389s] reading manifest file '../../build/TemperaturePythonPackage/TemperaturePythonPackage.egg-info/SOURCES.txt'
[1.391s] writing manifest file '../../build/TemperaturePythonPackage/TemperaturePythonPackage.egg-info/SOURCES.txt'
[1.391s] running build
[1.392s] running install
[1.392s] /usr/lib/python3/dist-packages/setuptools/command/install.py:34: SetuptoolsDeprecationWarning: setup.py install is deprecated. Use build and pip and other standards-based tools.
[1.392s]   warnings.warn(
[1.392s] running install_data
[1.393s] running install_egg_info
[1.397s] removing '/home/abolfazlmohammadpour/Temperature/ROS2WorkSpace/install/TemperaturePythonPackage/lib/python3.10/site-packages/TemperaturePythonPackage-0.0.0-py3.10.egg-info' (and everything under it)
[1.397s] Copying ../../build/TemperaturePythonPackage/TemperaturePythonPackage.egg-info to /home/abolfazlmohammadpour/Temperature/ROS2WorkSpace/install/TemperaturePythonPackage/lib/python3.10/site-packages/TemperaturePythonPackage-0.0.0-py3.10.egg-info
[1.398s] running install_scripts
[1.429s] Installing PythonPublisher script to /home/abolfazlmohammadpour/Temperature/ROS2WorkSpace/install/TemperaturePythonPackage/lib/TemperaturePythonPackage
[1.430s] writing list of installed files to '/home/abolfazlmohammadpour/Temperature/ROS2WorkSpace/build/TemperaturePythonPackage/install.log'
[1.463s] Invoked command in '/home/abolfazlmohammadpour/Temperature/ROS2WorkSpace/src/TemperaturePythonPackage' returned '0': PYTHONPATH=/home/abolfazlmohammadpour/Temperature/ROS2WorkSpace/build/TemperaturePythonPackage/prefix_override:/home/abolfazlmohammadpour/Temperature/ROS2WorkSpace/install/TemperaturePythonPackage/lib/python3.10/site-packages:${PYTHONPATH} /usr/bin/python3 setup.py egg_info --egg-base ../../build/TemperaturePythonPackage build --build-base /home/abolfazlmohammadpour/Temperature/ROS2WorkSpace/build/TemperaturePythonPackage/build install --record /home/abolfazlmohammadpour/Temperature/ROS2WorkSpace/build/TemperaturePythonPackage/install.log --single-version-externally-managed
