[2.077s] DEBUG:colcon:Command line arguments: ['/usr/bin/colcon', 'build']
[2.077s] DEBUG:colcon:Parsed command line arguments: Namespace(log_base=None, log_level=None, verb_name='build', build_base='build', install_base='install', merge_install=False, symlink_install=False, test_result_base=None, continue_on_error=False, executor='parallel', parallel_workers=8, event_handlers=None, ignore_user_meta=False, metas=['./colcon.meta'], base_paths=['.'], packages_ignore=None, packages_ignore_regex=None, paths=None, packages_up_to=None, packages_up_to_regex=None, packages_above=None, packages_above_and_dependencies=None, packages_above_depth=None, packages_select_by_dep=None, packages_skip_by_dep=None, packages_skip_up_to=None, packages_select_build_failed=False, packages_skip_build_finished=False, packages_select_test_failures=False, packages_skip_test_passed=False, packages_select=None, packages_skip=None, packages_select_regex=None, packages_skip_regex=None, packages_start=None, packages_end=None, allow_overriding=[], cmake_args=None, cmake_target=None, cmake_target_skip_unavailable=False, cmake_clean_cache=False, cmake_clean_first=False, cmake_force_configure=False, ament_cmake_args=None, catkin_cmake_args=None, catkin_skip_building_tests=False, verb_parser=<colcon_defaults.argument_parser.defaults.DefaultArgumentsDecorator object at 0x7f6b5a0d4b80>, verb_extension=<colcon_core.verb.build.BuildVerb object at 0x7f6b5a0d4850>, main=<bound method BuildVerb.main of <colcon_core.verb.build.BuildVerb object at 0x7f6b5a0d4850>>)
[2.171s] Level 1:colcon.colcon_core.package_discovery:discover_packages(colcon_meta) check parameters
[2.171s] Level 1:colcon.colcon_core.package_discovery:discover_packages(recursive) check parameters
[2.171s] Level 1:colcon.colcon_core.package_discovery:discover_packages(ignore) check parameters
[2.171s] Level 1:colcon.colcon_core.package_discovery:discover_packages(path) check parameters
[2.171s] Level 1:colcon.colcon_core.package_discovery:discover_packages(colcon_meta) discover
[2.171s] Level 1:colcon.colcon_core.package_discovery:discover_packages(recursive) discover
[2.171s] INFO:colcon.colcon_core.package_discovery:Crawling recursively for packages in '/home/abolfazlmohammadpour/Temperature/ROS2WorkSpace'
[2.172s] Level 1:colcon.colcon_core.package_identification:_identify(.) by extensions ['ignore', 'ignore_ament_install']
[2.172s] Level 1:colcon.colcon_core.package_identification:_identify(.) by extension 'ignore'
[2.172s] Level 1:colcon.colcon_core.package_identification:_identify(.) by extension 'ignore_ament_install'
[2.172s] Level 1:colcon.colcon_core.package_identification:_identify(.) by extensions ['colcon_pkg']
[2.172s] Level 1:colcon.colcon_core.package_identification:_identify(.) by extension 'colcon_pkg'
[2.172s] Level 1:colcon.colcon_core.package_identification:_identify(.) by extensions ['colcon_meta']
[2.172s] Level 1:colcon.colcon_core.package_identification:_identify(.) by extension 'colcon_meta'
[2.172s] Level 1:colcon.colcon_core.package_identification:_identify(.) by extensions ['ros']
[2.172s] Level 1:colcon.colcon_core.package_identification:_identify(.) by extension 'ros'
[2.203s] Level 1:colcon.colcon_core.package_identification:_identify(.) by extensions ['cmake', 'python']
[2.203s] Level 1:colcon.colcon_core.package_identification:_identify(.) by extension 'cmake'
[2.204s] Level 1:colcon.colcon_core.package_identification:_identify(.) by extension 'python'
[2.204s] Level 1:colcon.colcon_core.package_identification:_identify(.) by extensions ['python_setup_py']
[2.204s] Level 1:colcon.colcon_core.package_identification:_identify(.) by extension 'python_setup_py'
[2.204s] Level 1:colcon.colcon_core.package_identification:_identify(build) by extensions ['ignore', 'ignore_ament_install']
[2.204s] Level 1:colcon.colcon_core.package_identification:_identify(build) by extension 'ignore'
[2.204s] Level 1:colcon.colcon_core.package_identification:_identify(build) ignored
[2.205s] Level 1:colcon.colcon_core.package_identification:_identify(install) by extensions ['ignore', 'ignore_ament_install']
[2.205s] Level 1:colcon.colcon_core.package_identification:_identify(install) by extension 'ignore'
[2.205s] Level 1:colcon.colcon_core.package_identification:_identify(install) ignored
[2.205s] Level 1:colcon.colcon_core.package_identification:_identify(log) by extensions ['ignore', 'ignore_ament_install']
[2.205s] Level 1:colcon.colcon_core.package_identification:_identify(log) by extension 'ignore'
[2.206s] Level 1:colcon.colcon_core.package_identification:_identify(log) ignored
[2.206s] Level 1:colcon.colcon_core.package_identification:_identify(src) by extensions ['ignore', 'ignore_ament_install']
[2.206s] Level 1:colcon.colcon_core.package_identification:_identify(src) by extension 'ignore'
[2.206s] Level 1:colcon.colcon_core.package_identification:_identify(src) by extension 'ignore_ament_install'
[2.206s] Level 1:colcon.colcon_core.package_identification:_identify(src) by extensions ['colcon_pkg']
[2.206s] Level 1:colcon.colcon_core.package_identification:_identify(src) by extension 'colcon_pkg'
[2.206s] Level 1:colcon.colcon_core.package_identification:_identify(src) by extensions ['colcon_meta']
[2.206s] Level 1:colcon.colcon_core.package_identification:_identify(src) by extension 'colcon_meta'
[2.206s] Level 1:colcon.colcon_core.package_identification:_identify(src) by extensions ['ros']
[2.207s] Level 1:colcon.colcon_core.package_identification:_identify(src) by extension 'ros'
[2.207s] Level 1:colcon.colcon_core.package_identification:_identify(src) by extensions ['cmake', 'python']
[2.207s] Level 1:colcon.colcon_core.package_identification:_identify(src) by extension 'cmake'
[2.207s] Level 1:colcon.colcon_core.package_identification:_identify(src) by extension 'python'
[2.207s] Level 1:colcon.colcon_core.package_identification:_identify(src) by extensions ['python_setup_py']
[2.207s] Level 1:colcon.colcon_core.package_identification:_identify(src) by extension 'python_setup_py'
[2.208s] Level 1:colcon.colcon_core.package_identification:_identify(src/CPlusPlusPackage) by extensions ['ignore', 'ignore_ament_install']
[2.208s] Level 1:colcon.colcon_core.package_identification:_identify(src/CPlusPlusPackage) by extension 'ignore'
[2.208s] Level 1:colcon.colcon_core.package_identification:_identify(src/CPlusPlusPackage) by extension 'ignore_ament_install'
[2.208s] Level 1:colcon.colcon_core.package_identification:_identify(src/CPlusPlusPackage) by extensions ['colcon_pkg']
[2.208s] Level 1:colcon.colcon_core.package_identification:_identify(src/CPlusPlusPackage) by extension 'colcon_pkg'
[2.208s] Level 1:colcon.colcon_core.package_identification:_identify(src/CPlusPlusPackage) by extensions ['colcon_meta']
[2.208s] Level 1:colcon.colcon_core.package_identification:_identify(src/CPlusPlusPackage) by extension 'colcon_meta'
[2.208s] Level 1:colcon.colcon_core.package_identification:_identify(src/CPlusPlusPackage) by extensions ['ros']
[2.208s] Level 1:colcon.colcon_core.package_identification:_identify(src/CPlusPlusPackage) by extension 'ros'
[2.213s] DEBUG:colcon.colcon_core.package_identification:Package 'src/CPlusPlusPackage' with type 'ros.ament_cmake' and name 'CPlusPlusPackage'
[2.213s] Level 1:colcon.colcon_core.package_identification:_identify(src/PythonPackage) by extensions ['ignore', 'ignore_ament_install']
[2.214s] Level 1:colcon.colcon_core.package_identification:_identify(src/PythonPackage) by extension 'ignore'
[2.214s] Level 1:colcon.colcon_core.package_identification:_identify(src/PythonPackage) by extension 'ignore_ament_install'
[2.214s] Level 1:colcon.colcon_core.package_identification:_identify(src/PythonPackage) by extensions ['colcon_pkg']
[2.214s] Level 1:colcon.colcon_core.package_identification:_identify(src/PythonPackage) by extension 'colcon_pkg'
[2.214s] Level 1:colcon.colcon_core.package_identification:_identify(src/PythonPackage) by extensions ['colcon_meta']
[2.214s] Level 1:colcon.colcon_core.package_identification:_identify(src/PythonPackage) by extension 'colcon_meta'
[2.214s] Level 1:colcon.colcon_core.package_identification:_identify(src/PythonPackage) by extensions ['ros']
[2.214s] Level 1:colcon.colcon_core.package_identification:_identify(src/PythonPackage) by extension 'ros'
[2.215s] DEBUG:colcon.colcon_core.package_identification:Package 'src/PythonPackage' with type 'ros.ament_python' and name 'PythonPackage'
[2.216s] Level 1:colcon.colcon_core.package_discovery:discover_packages(recursive) using defaults
[2.216s] Level 1:colcon.colcon_core.package_discovery:discover_packages(ignore) discover
[2.216s] Level 1:colcon.colcon_core.package_discovery:discover_packages(ignore) using defaults
[2.216s] Level 1:colcon.colcon_core.package_discovery:discover_packages(path) discover
[2.216s] Level 1:colcon.colcon_core.package_discovery:discover_packages(path) using defaults
[2.416s] Level 1:colcon.colcon_core.package_discovery:discover_packages(prefix_path) check parameters
[2.417s] Level 1:colcon.colcon_core.package_discovery:discover_packages(prefix_path) discover
[2.477s] DEBUG:colcon.colcon_installed_package_information.package_discovery:Found 2 installed packages in /home/abolfazlmohammadpour/Temperature/ROS2WorkSpace/install
[2.505s] DEBUG:colcon.colcon_installed_package_information.package_discovery:Found 2 installed packages in /home/abolfazlmohammadpour/ROS2WorkSpace/install
[2.535s] DEBUG:colcon.colcon_installed_package_information.package_discovery:Found 281 installed packages in /opt/ros/iron
[2.538s] Level 1:colcon.colcon_core.package_discovery:discover_packages(prefix_path) using defaults
[2.726s] Level 5:colcon.colcon_core.verb:set package 'CPlusPlusPackage' build argument 'cmake_args' from command line to 'None'
[2.726s] Level 5:colcon.colcon_core.verb:set package 'CPlusPlusPackage' build argument 'cmake_target' from command line to 'None'
[2.726s] Level 5:colcon.colcon_core.verb:set package 'CPlusPlusPackage' build argument 'cmake_target_skip_unavailable' from command line to 'False'
[2.726s] Level 5:colcon.colcon_core.verb:set package 'CPlusPlusPackage' build argument 'cmake_clean_cache' from command line to 'False'
[2.726s] Level 5:colcon.colcon_core.verb:set package 'CPlusPlusPackage' build argument 'cmake_clean_first' from command line to 'False'
[2.726s] Level 5:colcon.colcon_core.verb:set package 'CPlusPlusPackage' build argument 'cmake_force_configure' from command line to 'False'
[2.726s] Level 5:colcon.colcon_core.verb:set package 'CPlusPlusPackage' build argument 'ament_cmake_args' from command line to 'None'
[2.726s] Level 5:colcon.colcon_core.verb:set package 'CPlusPlusPackage' build argument 'catkin_cmake_args' from command line to 'None'
[2.727s] Level 5:colcon.colcon_core.verb:set package 'CPlusPlusPackage' build argument 'catkin_skip_building_tests' from command line to 'False'
[2.727s] DEBUG:colcon.colcon_core.verb:Building package 'CPlusPlusPackage' with the following arguments: {'ament_cmake_args': None, 'build_base': '/home/abolfazlmohammadpour/Temperature/ROS2WorkSpace/build/CPlusPlusPackage', 'catkin_cmake_args': None, 'catkin_skip_building_tests': False, 'cmake_args': None, 'cmake_clean_cache': False, 'cmake_clean_first': False, 'cmake_force_configure': False, 'cmake_target': None, 'cmake_target_skip_unavailable': False, 'install_base': '/home/abolfazlmohammadpour/Temperature/ROS2WorkSpace/install/CPlusPlusPackage', 'merge_install': False, 'path': '/home/abolfazlmohammadpour/Temperature/ROS2WorkSpace/src/CPlusPlusPackage', 'symlink_install': False, 'test_result_base': None}
[2.755s] Level 5:colcon.colcon_core.verb:set package 'PythonPackage' build argument 'cmake_args' from command line to 'None'
[2.755s] Level 5:colcon.colcon_core.verb:set package 'PythonPackage' build argument 'cmake_target' from command line to 'None'
[2.756s] Level 5:colcon.colcon_core.verb:set package 'PythonPackage' build argument 'cmake_target_skip_unavailable' from command line to 'False'
[2.756s] Level 5:colcon.colcon_core.verb:set package 'PythonPackage' build argument 'cmake_clean_cache' from command line to 'False'
[2.756s] Level 5:colcon.colcon_core.verb:set package 'PythonPackage' build argument 'cmake_clean_first' from command line to 'False'
[2.756s] Level 5:colcon.colcon_core.verb:set package 'PythonPackage' build argument 'cmake_force_configure' from command line to 'False'
[2.756s] Level 5:colcon.colcon_core.verb:set package 'PythonPackage' build argument 'ament_cmake_args' from command line to 'None'
[2.756s] Level 5:colcon.colcon_core.verb:set package 'PythonPackage' build argument 'catkin_cmake_args' from command line to 'None'
[2.756s] Level 5:colcon.colcon_core.verb:set package 'PythonPackage' build argument 'catkin_skip_building_tests' from command line to 'False'
[2.756s] DEBUG:colcon.colcon_core.verb:Building package 'PythonPackage' with the following arguments: {'ament_cmake_args': None, 'build_base': '/home/abolfazlmohammadpour/Temperature/ROS2WorkSpace/build/PythonPackage', 'catkin_cmake_args': None, 'catkin_skip_building_tests': False, 'cmake_args': None, 'cmake_clean_cache': False, 'cmake_clean_first': False, 'cmake_force_configure': False, 'cmake_target': None, 'cmake_target_skip_unavailable': False, 'install_base': '/home/abolfazlmohammadpour/Temperature/ROS2WorkSpace/install/PythonPackage', 'merge_install': False, 'path': '/home/abolfazlmohammadpour/Temperature/ROS2WorkSpace/src/PythonPackage', 'symlink_install': False, 'test_result_base': None}
[2.786s] INFO:colcon.colcon_core.executor:Executing jobs using 'parallel' executor
[2.817s] DEBUG:colcon.colcon_parallel_executor.executor.parallel:run_until_complete
[2.818s] INFO:colcon.colcon_ros.task.ament_cmake.build:Building ROS package in '/home/abolfazlmohammadpour/Temperature/ROS2WorkSpace/src/CPlusPlusPackage' with build type 'ament_cmake'
[2.818s] INFO:colcon.colcon_cmake.task.cmake.build:Building CMake package in '/home/abolfazlmohammadpour/Temperature/ROS2WorkSpace/src/CPlusPlusPackage'
[2.857s] INFO:colcon.colcon_core.plugin_system:Skipping extension 'colcon_core.shell.bat': Not used on non-Windows systems
[2.857s] INFO:colcon.colcon_core.shell:Skip shell extension 'powershell' for command environment: Not usable outside of PowerShell
[2.858s] DEBUG:colcon.colcon_core.shell:Skip shell extension 'dsv' for command environment
[3.008s] INFO:colcon.colcon_ros.task.ament_python.build:Building ROS package in '/home/abolfazlmohammadpour/Temperature/ROS2WorkSpace/src/PythonPackage' with build type 'ament_python'
[3.008s] Level 1:colcon.colcon_core.shell:create_environment_hook('PythonPackage', 'ament_prefix_path')
[3.049s] INFO:colcon.colcon_core.shell:Creating environment hook '/home/abolfazlmohammadpour/Temperature/ROS2WorkSpace/install/PythonPackage/share/PythonPackage/hook/ament_prefix_path.ps1'
[3.050s] INFO:colcon.colcon_core.shell:Creating environment descriptor '/home/abolfazlmohammadpour/Temperature/ROS2WorkSpace/install/PythonPackage/share/PythonPackage/hook/ament_prefix_path.dsv'
[3.051s] INFO:colcon.colcon_core.shell:Creating environment hook '/home/abolfazlmohammadpour/Temperature/ROS2WorkSpace/install/PythonPackage/share/PythonPackage/hook/ament_prefix_path.sh'
[3.082s] INFO:colcon.colcon_core.shell:Skip shell extension 'powershell' for command environment: Not usable outside of PowerShell
[3.082s] DEBUG:colcon.colcon_core.shell:Skip shell extension 'dsv' for command environment
[3.238s] DEBUG:colcon.colcon_core.event_handler.log_command:Invoking command in '/home/abolfazlmohammadpour/Temperature/ROS2WorkSpace/build/CPlusPlusPackage': CMAKE_PREFIX_PATH=${CMAKE_PREFIX_PATH}:/home/abolfazlmohammadpour/Temperature/ROS2WorkSpace/install/PythonPackage:/home/abolfazlmohammadpour/ROS2WorkSpace/install/PythonPackage:/opt/ros/iron /usr/bin/cmake --build /home/abolfazlmohammadpour/Temperature/ROS2WorkSpace/build/CPlusPlusPackage -- -j8 -l8
[3.848s] INFO:colcon.colcon_core.task.python.build:Building Python package in '/home/abolfazlmohammadpour/Temperature/ROS2WorkSpace/src/PythonPackage'
[3.887s] INFO:colcon.colcon_core.shell:Skip shell extension 'powershell' for command environment: Not usable outside of PowerShell
[3.887s] DEBUG:colcon.colcon_core.shell:Skip shell extension 'dsv' for command environment
[4.844s] DEBUG:colcon.colcon_core.event_handler.log_command:Invoking command in '/home/abolfazlmohammadpour/Temperature/ROS2WorkSpace/src/PythonPackage': PYTHONPATH=/home/abolfazlmohammadpour/Temperature/ROS2WorkSpace/build/PythonPackage/prefix_override:/home/abolfazlmohammadpour/Temperature/ROS2WorkSpace/install/PythonPackage/lib/python3.10/site-packages:${PYTHONPATH} /usr/bin/python3 setup.py egg_info --egg-base ../../build/PythonPackage build --build-base /home/abolfazlmohammadpour/Temperature/ROS2WorkSpace/build/PythonPackage/build install --record /home/abolfazlmohammadpour/Temperature/ROS2WorkSpace/build/PythonPackage/install.log --single-version-externally-managed
[5.568s] DEBUG:colcon.colcon_core.event_handler.log_command:Invoked command in '/home/abolfazlmohammadpour/Temperature/ROS2WorkSpace/src/PythonPackage' returned '0': PYTHONPATH=/home/abolfazlmohammadpour/Temperature/ROS2WorkSpace/build/PythonPackage/prefix_override:/home/abolfazlmohammadpour/Temperature/ROS2WorkSpace/install/PythonPackage/lib/python3.10/site-packages:${PYTHONPATH} /usr/bin/python3 setup.py egg_info --egg-base ../../build/PythonPackage build --build-base /home/abolfazlmohammadpour/Temperature/ROS2WorkSpace/build/PythonPackage/build install --record /home/abolfazlmohammadpour/Temperature/ROS2WorkSpace/build/PythonPackage/install.log --single-version-externally-managed
[5.613s] Level 1:colcon.colcon_core.environment:checking '/home/abolfazlmohammadpour/Temperature/ROS2WorkSpace/install/PythonPackage' for CMake module files
[5.615s] Level 1:colcon.colcon_core.environment:checking '/home/abolfazlmohammadpour/Temperature/ROS2WorkSpace/install/PythonPackage' for CMake config files
[5.617s] Level 1:colcon.colcon_core.environment:checking '/home/abolfazlmohammadpour/Temperature/ROS2WorkSpace/install/PythonPackage/lib'
[5.617s] Level 1:colcon.colcon_core.environment:checking '/home/abolfazlmohammadpour/Temperature/ROS2WorkSpace/install/PythonPackage/bin'
[5.617s] Level 1:colcon.colcon_core.environment:checking '/home/abolfazlmohammadpour/Temperature/ROS2WorkSpace/install/PythonPackage/lib/pkgconfig/PythonPackage.pc'
[5.618s] Level 1:colcon.colcon_core.environment:checking '/home/abolfazlmohammadpour/Temperature/ROS2WorkSpace/install/PythonPackage/lib/python3.10/site-packages'
[5.618s] Level 1:colcon.colcon_core.shell:create_environment_hook('PythonPackage', 'pythonpath')
[5.655s] INFO:colcon.colcon_core.shell:Creating environment hook '/home/abolfazlmohammadpour/Temperature/ROS2WorkSpace/install/PythonPackage/share/PythonPackage/hook/pythonpath.ps1'
[5.657s] INFO:colcon.colcon_core.shell:Creating environment descriptor '/home/abolfazlmohammadpour/Temperature/ROS2WorkSpace/install/PythonPackage/share/PythonPackage/hook/pythonpath.dsv'
[5.658s] INFO:colcon.colcon_core.shell:Creating environment hook '/home/abolfazlmohammadpour/Temperature/ROS2WorkSpace/install/PythonPackage/share/PythonPackage/hook/pythonpath.sh'
[5.660s] Level 1:colcon.colcon_core.environment:checking '/home/abolfazlmohammadpour/Temperature/ROS2WorkSpace/install/PythonPackage/bin'
[5.660s] Level 1:colcon.colcon_core.environment:create_environment_scripts_only(PythonPackage)
[5.707s] INFO:colcon.colcon_core.shell:Creating package script '/home/abolfazlmohammadpour/Temperature/ROS2WorkSpace/install/PythonPackage/share/PythonPackage/package.ps1'
[5.709s] INFO:colcon.colcon_core.shell:Creating package descriptor '/home/abolfazlmohammadpour/Temperature/ROS2WorkSpace/install/PythonPackage/share/PythonPackage/package.dsv'
[5.710s] INFO:colcon.colcon_core.shell:Creating package script '/home/abolfazlmohammadpour/Temperature/ROS2WorkSpace/install/PythonPackage/share/PythonPackage/package.sh'
[5.711s] INFO:colcon.colcon_core.shell:Creating package script '/home/abolfazlmohammadpour/Temperature/ROS2WorkSpace/install/PythonPackage/share/PythonPackage/package.bash'
[5.713s] INFO:colcon.colcon_core.shell:Creating package script '/home/abolfazlmohammadpour/Temperature/ROS2WorkSpace/install/PythonPackage/share/PythonPackage/package.zsh'
[5.714s] Level 1:colcon.colcon_core.environment:create_file_with_runtime_dependencies(/home/abolfazlmohammadpour/Temperature/ROS2WorkSpace/install/PythonPackage/share/colcon-core/packages/PythonPackage)
[13.604s] DEBUG:colcon.colcon_core.event_handler.log_command:Invoked command in '/home/abolfazlmohammadpour/Temperature/ROS2WorkSpace/build/CPlusPlusPackage' returned '0': CMAKE_PREFIX_PATH=${CMAKE_PREFIX_PATH}:/home/abolfazlmohammadpour/Temperature/ROS2WorkSpace/install/PythonPackage:/home/abolfazlmohammadpour/ROS2WorkSpace/install/PythonPackage:/opt/ros/iron /usr/bin/cmake --build /home/abolfazlmohammadpour/Temperature/ROS2WorkSpace/build/CPlusPlusPackage -- -j8 -l8
[13.758s] DEBUG:colcon.colcon_core.event_handler.log_command:Invoking command in '/home/abolfazlmohammadpour/Temperature/ROS2WorkSpace/build/CPlusPlusPackage': CMAKE_PREFIX_PATH=${CMAKE_PREFIX_PATH}:/home/abolfazlmohammadpour/Temperature/ROS2WorkSpace/install/PythonPackage:/home/abolfazlmohammadpour/ROS2WorkSpace/install/PythonPackage:/opt/ros/iron /usr/bin/cmake --install /home/abolfazlmohammadpour/Temperature/ROS2WorkSpace/build/CPlusPlusPackage
[13.837s] Level 1:colcon.colcon_core.environment:create_environment_scripts_only(CPlusPlusPackage)
[13.841s] DEBUG:colcon.colcon_core.event_handler.log_command:Invoked command in '/home/abolfazlmohammadpour/Temperature/ROS2WorkSpace/build/CPlusPlusPackage' returned '0': CMAKE_PREFIX_PATH=${CMAKE_PREFIX_PATH}:/home/abolfazlmohammadpour/Temperature/ROS2WorkSpace/install/PythonPackage:/home/abolfazlmohammadpour/ROS2WorkSpace/install/PythonPackage:/opt/ros/iron /usr/bin/cmake --install /home/abolfazlmohammadpour/Temperature/ROS2WorkSpace/build/CPlusPlusPackage
[13.885s] Level 1:colcon.colcon_core.environment:checking '/home/abolfazlmohammadpour/Temperature/ROS2WorkSpace/install/CPlusPlusPackage' for CMake module files
[13.886s] Level 1:colcon.colcon_core.environment:checking '/home/abolfazlmohammadpour/Temperature/ROS2WorkSpace/install/CPlusPlusPackage' for CMake config files
[13.887s] Level 1:colcon.colcon_core.shell:create_environment_hook('CPlusPlusPackage', 'cmake_prefix_path')
[13.938s] INFO:colcon.colcon_core.shell:Creating environment hook '/home/abolfazlmohammadpour/Temperature/ROS2WorkSpace/install/CPlusPlusPackage/share/CPlusPlusPackage/hook/cmake_prefix_path.ps1'
[13.940s] INFO:colcon.colcon_core.shell:Creating environment descriptor '/home/abolfazlmohammadpour/Temperature/ROS2WorkSpace/install/CPlusPlusPackage/share/CPlusPlusPackage/hook/cmake_prefix_path.dsv'
[13.943s] INFO:colcon.colcon_core.shell:Creating environment hook '/home/abolfazlmohammadpour/Temperature/ROS2WorkSpace/install/CPlusPlusPackage/share/CPlusPlusPackage/hook/cmake_prefix_path.sh'
[13.946s] Level 1:colcon.colcon_core.environment:checking '/home/abolfazlmohammadpour/Temperature/ROS2WorkSpace/install/CPlusPlusPackage/lib'
[13.947s] Level 1:colcon.colcon_core.environment:checking '/home/abolfazlmohammadpour/Temperature/ROS2WorkSpace/install/CPlusPlusPackage/bin'
[13.947s] Level 1:colcon.colcon_core.environment:checking '/home/abolfazlmohammadpour/Temperature/ROS2WorkSpace/install/CPlusPlusPackage/lib/pkgconfig/CPlusPlusPackage.pc'
[13.948s] Level 1:colcon.colcon_core.environment:checking '/home/abolfazlmohammadpour/Temperature/ROS2WorkSpace/install/CPlusPlusPackage/lib/python3.10/site-packages'
[13.949s] Level 1:colcon.colcon_core.environment:checking '/home/abolfazlmohammadpour/Temperature/ROS2WorkSpace/install/CPlusPlusPackage/bin'
[13.991s] INFO:colcon.colcon_core.shell:Creating package script '/home/abolfazlmohammadpour/Temperature/ROS2WorkSpace/install/CPlusPlusPackage/share/CPlusPlusPackage/package.ps1'
[13.993s] INFO:colcon.colcon_core.shell:Creating package descriptor '/home/abolfazlmohammadpour/Temperature/ROS2WorkSpace/install/CPlusPlusPackage/share/CPlusPlusPackage/package.dsv'
[13.994s] INFO:colcon.colcon_core.shell:Creating package script '/home/abolfazlmohammadpour/Temperature/ROS2WorkSpace/install/CPlusPlusPackage/share/CPlusPlusPackage/package.sh'
[13.994s] INFO:colcon.colcon_core.shell:Creating package script '/home/abolfazlmohammadpour/Temperature/ROS2WorkSpace/install/CPlusPlusPackage/share/CPlusPlusPackage/package.bash'
[13.995s] INFO:colcon.colcon_core.shell:Creating package script '/home/abolfazlmohammadpour/Temperature/ROS2WorkSpace/install/CPlusPlusPackage/share/CPlusPlusPackage/package.zsh'
[13.996s] Level 1:colcon.colcon_core.environment:create_file_with_runtime_dependencies(/home/abolfazlmohammadpour/Temperature/ROS2WorkSpace/install/CPlusPlusPackage/share/colcon-core/packages/CPlusPlusPackage)
[14.129s] Level 1:colcon.colcon_core.environment:create_environment_scripts_only(CPlusPlusPackage)
[14.162s] Level 1:colcon.colcon_core.environment:checking '/home/abolfazlmohammadpour/Temperature/ROS2WorkSpace/install/CPlusPlusPackage' for CMake module files
[14.163s] Level 1:colcon.colcon_core.environment:checking '/home/abolfazlmohammadpour/Temperature/ROS2WorkSpace/install/CPlusPlusPackage' for CMake config files
[14.164s] Level 1:colcon.colcon_core.shell:create_environment_hook('CPlusPlusPackage', 'cmake_prefix_path')
[14.193s] INFO:colcon.colcon_core.shell:Creating environment hook '/home/abolfazlmohammadpour/Temperature/ROS2WorkSpace/install/CPlusPlusPackage/share/CPlusPlusPackage/hook/cmake_prefix_path.ps1'
[14.194s] INFO:colcon.colcon_core.shell:Creating environment descriptor '/home/abolfazlmohammadpour/Temperature/ROS2WorkSpace/install/CPlusPlusPackage/share/CPlusPlusPackage/hook/cmake_prefix_path.dsv'
[14.195s] INFO:colcon.colcon_core.shell:Creating environment hook '/home/abolfazlmohammadpour/Temperature/ROS2WorkSpace/install/CPlusPlusPackage/share/CPlusPlusPackage/hook/cmake_prefix_path.sh'
[14.196s] Level 1:colcon.colcon_core.environment:checking '/home/abolfazlmohammadpour/Temperature/ROS2WorkSpace/install/CPlusPlusPackage/lib'
[14.196s] Level 1:colcon.colcon_core.environment:checking '/home/abolfazlmohammadpour/Temperature/ROS2WorkSpace/install/CPlusPlusPackage/bin'
[14.196s] Level 1:colcon.colcon_core.environment:checking '/home/abolfazlmohammadpour/Temperature/ROS2WorkSpace/install/CPlusPlusPackage/lib/pkgconfig/CPlusPlusPackage.pc'
[14.196s] Level 1:colcon.colcon_core.environment:checking '/home/abolfazlmohammadpour/Temperature/ROS2WorkSpace/install/CPlusPlusPackage/lib/python3.10/site-packages'
[14.197s] Level 1:colcon.colcon_core.environment:checking '/home/abolfazlmohammadpour/Temperature/ROS2WorkSpace/install/CPlusPlusPackage/bin'
[14.226s] INFO:colcon.colcon_core.shell:Creating package script '/home/abolfazlmohammadpour/Temperature/ROS2WorkSpace/install/CPlusPlusPackage/share/CPlusPlusPackage/package.ps1'
[14.227s] INFO:colcon.colcon_core.shell:Creating package descriptor '/home/abolfazlmohammadpour/Temperature/ROS2WorkSpace/install/CPlusPlusPackage/share/CPlusPlusPackage/package.dsv'
[14.228s] INFO:colcon.colcon_core.shell:Creating package script '/home/abolfazlmohammadpour/Temperature/ROS2WorkSpace/install/CPlusPlusPackage/share/CPlusPlusPackage/package.sh'
[14.229s] INFO:colcon.colcon_core.shell:Creating package script '/home/abolfazlmohammadpour/Temperature/ROS2WorkSpace/install/CPlusPlusPackage/share/CPlusPlusPackage/package.bash'
[14.230s] INFO:colcon.colcon_core.shell:Creating package script '/home/abolfazlmohammadpour/Temperature/ROS2WorkSpace/install/CPlusPlusPackage/share/CPlusPlusPackage/package.zsh'
[14.231s] Level 1:colcon.colcon_core.environment:create_file_with_runtime_dependencies(/home/abolfazlmohammadpour/Temperature/ROS2WorkSpace/install/CPlusPlusPackage/share/colcon-core/packages/CPlusPlusPackage)
[14.232s] DEBUG:colcon.colcon_parallel_executor.executor.parallel:closing loop
[14.234s] DEBUG:colcon.colcon_parallel_executor.executor.parallel:loop closed
[14.235s] DEBUG:colcon.colcon_parallel_executor.executor.parallel:run_until_complete finished with '0'
[14.235s] DEBUG:colcon.colcon_core.event_reactor:joining thread
[14.336s] INFO:colcon.colcon_core.plugin_system:Skipping extension 'colcon_notification.desktop_notification.notify_send': Could not find 'notify-send'
[14.336s] INFO:colcon.colcon_core.plugin_system:Skipping extension 'colcon_notification.desktop_notification.terminal_notifier': Not used on non-Darwin systems
[14.336s] INFO:colcon.colcon_core.plugin_system:Skipping extension 'colcon_notification.desktop_notification.win32': Not used on non-Windows systems
[14.336s] INFO:colcon.colcon_notification.desktop_notification:Sending desktop notification using 'notify2'
[14.337s] DEBUG:colcon.colcon_notification.desktop_notification.notify2:Failed to initialize notify2: org.freedesktop.DBus.Error.FileNotFound: Failed to connect to socket /run/user/1000/bus: No such file or directory
[14.337s] DEBUG:colcon.colcon_core.event_reactor:joined thread
[14.373s] INFO:colcon.colcon_core.shell:Creating prefix script '/home/abolfazlmohammadpour/Temperature/ROS2WorkSpace/install/local_setup.ps1'
[14.375s] INFO:colcon.colcon_core.shell:Creating prefix util module '/home/abolfazlmohammadpour/Temperature/ROS2WorkSpace/install/_local_setup_util_ps1.py'
[14.378s] INFO:colcon.colcon_core.shell:Creating prefix chain script '/home/abolfazlmohammadpour/Temperature/ROS2WorkSpace/install/setup.ps1'
[14.409s] INFO:colcon.colcon_core.shell:Creating prefix script '/home/abolfazlmohammadpour/Temperature/ROS2WorkSpace/install/local_setup.sh'
[14.410s] INFO:colcon.colcon_core.shell:Creating prefix util module '/home/abolfazlmohammadpour/Temperature/ROS2WorkSpace/install/_local_setup_util_sh.py'
[14.411s] INFO:colcon.colcon_core.shell:Creating prefix chain script '/home/abolfazlmohammadpour/Temperature/ROS2WorkSpace/install/setup.sh'
[14.441s] INFO:colcon.colcon_core.shell:Creating prefix script '/home/abolfazlmohammadpour/Temperature/ROS2WorkSpace/install/local_setup.bash'
[14.442s] INFO:colcon.colcon_core.shell:Creating prefix chain script '/home/abolfazlmohammadpour/Temperature/ROS2WorkSpace/install/setup.bash'
[14.473s] INFO:colcon.colcon_core.shell:Creating prefix script '/home/abolfazlmohammadpour/Temperature/ROS2WorkSpace/install/local_setup.zsh'
[14.474s] INFO:colcon.colcon_core.shell:Creating prefix chain script '/home/abolfazlmohammadpour/Temperature/ROS2WorkSpace/install/setup.zsh'
