-- Found ament_cmake: 2.0.4 (/opt/ros/iron/share/ament_cmake/cmake)
-- Found rosidl_default_generators: 1.5.0 (/opt/ros/iron/share/rosidl_default_generators/cmake)
-- Using all available rosidl_typesupport_c: rosidl_typesupport_fastrtps_c;rosidl_typesupport_introspection_c
-- Using all available rosidl_typesupport_cpp: rosidl_typesupport_fastrtps_cpp;rosidl_typesupport_introspection_cpp
-- Found rosidl_adapter: 4.0.1 (/opt/ros/iron/share/rosidl_adapter/cmake)
-- Found ament_cmake_ros: 0.11.2 (/opt/ros/iron/share/ament_cmake_ros/cmake)
-- Using all available rosidl_typesupport_c: rosidl_typesupport_fastrtps_c;rosidl_typesupport_introspection_c
-- Using all available rosidl_typesupport_cpp: rosidl_typesupport_fastrtps_cpp;rosidl_typesupport_introspection_cpp
-- Found PythonInterp: /usr/bin/python3 (found suitable version "3.10.12", minimum required is "3.6") 
-- Found python_cmake_module: 0.10.2 (/opt/ros/iron/share/python_cmake_module/cmake)
-- Found PythonLibs: /usr/lib/x86_64-linux-gnu/libpython3.10.so (found suitable version "3.10.12", minimum required is "3.5") 
-- Using PYTHON_EXECUTABLE: /usr/bin/python3
-- Using PYTHON_INCLUDE_DIRS: /usr/include/python3.10
-- Using PYTHON_LIBRARIES: /usr/lib/x86_64-linux-gnu/libpython3.10.so
-- Found PythonExtra: .so  
-- Configuring done
-- Generating done
-- Build files have been written to: /home/abolfazlmohammadpour/Temperature/ROS2WorkSpace/build/custom_interfaces
[  2%] [34m[1mGenerating type hashes for ROS interfaces[0m
[  2%] Built target ament_cmake_python_copy_custom_interfaces
[  2%] Built target custom_interfaces__rosidl_generator_type_description
[  5%] [34m[1mGenerating C code for ROS interfaces[0m
[  8%] [34m[1mGenerating C++ code for ROS interfaces[0m
running egg_info
creating custom_interfaces.egg-info
writing custom_interfaces.egg-info/PKG-INFO
writing dependency_links to custom_interfaces.egg-info/dependency_links.txt
writing top-level names to custom_interfaces.egg-info/top_level.txt
writing manifest file 'custom_interfaces.egg-info/SOURCES.txt'
reading manifest file 'custom_interfaces.egg-info/SOURCES.txt'
writing manifest file 'custom_interfaces.egg-info/SOURCES.txt'
[  8%] Built target ament_cmake_python_build_custom_interfaces_egg
[  8%] Built target custom_interfaces__cpp
[ 11%] [32mBuilding C object CMakeFiles/custom_interfaces__rosidl_generator_c.dir/rosidl_generator_c/custom_interfaces/msg/detail/string__description.c.o[0m
[ 17%] [32mBuilding C object CMakeFiles/custom_interfaces__rosidl_generator_c.dir/rosidl_generator_c/custom_interfaces/msg/detail/string__type_support.c.o[0m
[ 17%] [32mBuilding C object CMakeFiles/custom_interfaces__rosidl_generator_c.dir/rosidl_generator_c/custom_interfaces/msg/detail/string__functions.c.o[0m
[ 20%] [32m[1mLinking C shared library libcustom_interfaces__rosidl_generator_c.so[0m
[ 20%] Built target custom_interfaces__rosidl_generator_c
[ 23%] [34m[1mGenerating C introspection for ROS interfaces[0m
[ 26%] [34m[1mGenerating C++ type support dispatch for ROS interfaces[0m
[ 29%] [34m[1mGenerating C type support for eProsima Fast-RTPS[0m
[ 32%] [34m[1mGenerating C type support dispatch for ROS interfaces[0m
[ 35%] [34m[1mGenerating C++ type support for eProsima Fast-RTPS[0m
[ 38%] [34m[1mGenerating C++ introspection for ROS interfaces[0m
[ 41%] [32mBuilding CXX object CMakeFiles/custom_interfaces__rosidl_typesupport_c.dir/rosidl_typesupport_c/custom_interfaces/msg/string__type_support.cpp.o[0m
[ 44%] [32mBuilding CXX object CMakeFiles/custom_interfaces__rosidl_typesupport_cpp.dir/rosidl_typesupport_cpp/custom_interfaces/msg/string__type_support.cpp.o[0m
[ 47%] [32mBuilding CXX object CMakeFiles/custom_interfaces__rosidl_typesupport_introspection_cpp.dir/rosidl_typesupport_introspection_cpp/custom_interfaces/msg/detail/string__type_support.cpp.o[0m
[ 50%] [32mBuilding C object CMakeFiles/custom_interfaces__rosidl_typesupport_introspection_c.dir/rosidl_typesupport_introspection_c/custom_interfaces/msg/detail/string__type_support.c.o[0m
[ 55%] [32mBuilding CXX object CMakeFiles/custom_interfaces__rosidl_typesupport_fastrtps_c.dir/rosidl_typesupport_fastrtps_c/custom_interfaces/msg/detail/string__type_support_c.cpp.o[0m
[ 52%] [32mBuilding CXX object CMakeFiles/custom_interfaces__rosidl_typesupport_fastrtps_cpp.dir/rosidl_typesupport_fastrtps_cpp/custom_interfaces/msg/detail/dds_fastrtps/string__type_support.cpp.o[0m
[ 58%] [32m[1mLinking CXX shared library libcustom_interfaces__rosidl_typesupport_c.so[0m
[ 61%] [32m[1mLinking C shared library libcustom_interfaces__rosidl_typesupport_introspection_c.so[0m
[ 61%] Built target custom_interfaces__rosidl_typesupport_c
[ 61%] Built target custom_interfaces__rosidl_typesupport_introspection_c
[ 64%] [32m[1mLinking CXX shared library libcustom_interfaces__rosidl_typesupport_fastrtps_c.so[0m
[ 67%] [32m[1mLinking CXX shared library libcustom_interfaces__rosidl_typesupport_cpp.so[0m
[ 70%] [32m[1mLinking CXX shared library libcustom_interfaces__rosidl_typesupport_introspection_cpp.so[0m
[ 70%] Built target custom_interfaces__rosidl_typesupport_cpp
[ 70%] Built target custom_interfaces__rosidl_typesupport_fastrtps_c
[ 70%] Built target custom_interfaces__rosidl_typesupport_introspection_cpp
[ 73%] [32m[1mLinking CXX shared library libcustom_interfaces__rosidl_typesupport_fastrtps_cpp.so[0m
[ 73%] Built target custom_interfaces__rosidl_typesupport_fastrtps_cpp
[ 73%] Built target custom_interfaces
[ 76%] [34m[1mGenerating Python code for ROS interfaces[0m
[ 76%] Built target custom_interfaces__py
[ 79%] [32mBuilding C object CMakeFiles/custom_interfaces__rosidl_generator_py.dir/rosidl_generator_py/custom_interfaces/msg/_string_s.c.o[0m
[ 82%] [32m[1mLinking C shared library rosidl_generator_py/custom_interfaces/libcustom_interfaces__rosidl_generator_py.so[0m
[ 82%] Built target custom_interfaces__rosidl_generator_py
[ 85%] [32mBuilding C object CMakeFiles/custom_interfaces__rosidl_typesupport_introspection_c__pyext.dir/rosidl_generator_py/custom_interfaces/_custom_interfaces_s.ep.rosidl_typesupport_introspection_c.c.o[0m
[ 88%] [32mBuilding C object CMakeFiles/custom_interfaces__rosidl_typesupport_c__pyext.dir/rosidl_generator_py/custom_interfaces/_custom_interfaces_s.ep.rosidl_typesupport_c.c.o[0m
[ 91%] [32mBuilding C object CMakeFiles/custom_interfaces__rosidl_typesupport_fastrtps_c__pyext.dir/rosidl_generator_py/custom_interfaces/_custom_interfaces_s.ep.rosidl_typesupport_fastrtps_c.c.o[0m
[ 94%] [32m[1mLinking C shared library rosidl_generator_py/custom_interfaces/custom_interfaces_s__rosidl_typesupport_introspection_c.cpython-310-x86_64-linux-gnu.so[0m
[ 97%] [32m[1mLinking C shared library rosidl_generator_py/custom_interfaces/custom_interfaces_s__rosidl_typesupport_fastrtps_c.cpython-310-x86_64-linux-gnu.so[0m
[100%] [32m[1mLinking C shared library rosidl_generator_py/custom_interfaces/custom_interfaces_s__rosidl_typesupport_c.cpython-310-x86_64-linux-gnu.so[0m
[100%] Built target custom_interfaces__rosidl_typesupport_introspection_c__pyext
[100%] Built target custom_interfaces__rosidl_typesupport_fastrtps_c__pyext
[100%] Built target custom_interfaces__rosidl_typesupport_c__pyext
-- Install configuration: ""
-- Installing: /home/abolfazlmohammadpour/Temperature/ROS2WorkSpace/install/custom_interfaces/share/ament_index/resource_index/rosidl_interfaces/custom_interfaces
-- Installing: /home/abolfazlmohammadpour/Temperature/ROS2WorkSpace/install/custom_interfaces/share/custom_interfaces/msg/String.json
-- Installing: /home/abolfazlmohammadpour/Temperature/ROS2WorkSpace/install/custom_interfaces/include/custom_interfaces/custom_interfaces
-- Installing: /home/abolfazlmohammadpour/Temperature/ROS2WorkSpace/install/custom_interfaces/include/custom_interfaces/custom_interfaces/msg
-- Installing: /home/abolfazlmohammadpour/Temperature/ROS2WorkSpace/install/custom_interfaces/include/custom_interfaces/custom_interfaces/msg/string.h
-- Installing: /home/abolfazlmohammadpour/Temperature/ROS2WorkSpace/install/custom_interfaces/include/custom_interfaces/custom_interfaces/msg/rosidl_generator_c__visibility_control.h
-- Installing: /home/abolfazlmohammadpour/Temperature/ROS2WorkSpace/install/custom_interfaces/include/custom_interfaces/custom_interfaces/msg/detail
-- Installing: /home/abolfazlmohammadpour/Temperature/ROS2WorkSpace/install/custom_interfaces/include/custom_interfaces/custom_interfaces/msg/detail/string__type_support.c
-- Installing: /home/abolfazlmohammadpour/Temperature/ROS2WorkSpace/install/custom_interfaces/include/custom_interfaces/custom_interfaces/msg/detail/string__functions.c
-- Installing: /home/abolfazlmohammadpour/Temperature/ROS2WorkSpace/install/custom_interfaces/include/custom_interfaces/custom_interfaces/msg/detail/string__struct.h
-- Installing: /home/abolfazlmohammadpour/Temperature/ROS2WorkSpace/install/custom_interfaces/include/custom_interfaces/custom_interfaces/msg/detail/string__type_support.h
-- Installing: /home/abolfazlmohammadpour/Temperature/ROS2WorkSpace/install/custom_interfaces/include/custom_interfaces/custom_interfaces/msg/detail/string__description.c
-- Installing: /home/abolfazlmohammadpour/Temperature/ROS2WorkSpace/install/custom_interfaces/include/custom_interfaces/custom_interfaces/msg/detail/string__functions.h
-- Installing: /home/abolfazlmohammadpour/Temperature/ROS2WorkSpace/install/custom_interfaces/share/custom_interfaces/environment/library_path.sh
-- Installing: /home/abolfazlmohammadpour/Temperature/ROS2WorkSpace/install/custom_interfaces/share/custom_interfaces/environment/library_path.dsv
-- Installing: /home/abolfazlmohammadpour/Temperature/ROS2WorkSpace/install/custom_interfaces/lib/libcustom_interfaces__rosidl_generator_c.so
-- Set runtime path of "/home/abolfazlmohammadpour/Temperature/ROS2WorkSpace/install/custom_interfaces/lib/libcustom_interfaces__rosidl_generator_c.so" to ""
-- Up-to-date: /home/abolfazlmohammadpour/Temperature/ROS2WorkSpace/install/custom_interfaces/include/custom_interfaces/custom_interfaces
-- Up-to-date: /home/abolfazlmohammadpour/Temperature/ROS2WorkSpace/install/custom_interfaces/include/custom_interfaces/custom_interfaces/msg
-- Up-to-date: /home/abolfazlmohammadpour/Temperature/ROS2WorkSpace/install/custom_interfaces/include/custom_interfaces/custom_interfaces/msg/detail
-- Installing: /home/abolfazlmohammadpour/Temperature/ROS2WorkSpace/install/custom_interfaces/include/custom_interfaces/custom_interfaces/msg/detail/string__rosidl_typesupport_fastrtps_c.h
-- Installing: /home/abolfazlmohammadpour/Temperature/ROS2WorkSpace/install/custom_interfaces/include/custom_interfaces/custom_interfaces/msg/rosidl_typesupport_fastrtps_c__visibility_control.h
-- Installing: /home/abolfazlmohammadpour/Temperature/ROS2WorkSpace/install/custom_interfaces/lib/libcustom_interfaces__rosidl_typesupport_fastrtps_c.so
-- Set runtime path of "/home/abolfazlmohammadpour/Temperature/ROS2WorkSpace/install/custom_interfaces/lib/libcustom_interfaces__rosidl_typesupport_fastrtps_c.so" to ""
-- Up-to-date: /home/abolfazlmohammadpour/Temperature/ROS2WorkSpace/install/custom_interfaces/include/custom_interfaces/custom_interfaces
-- Up-to-date: /home/abolfazlmohammadpour/Temperature/ROS2WorkSpace/install/custom_interfaces/include/custom_interfaces/custom_interfaces/msg
-- Installing: /home/abolfazlmohammadpour/Temperature/ROS2WorkSpace/install/custom_interfaces/include/custom_interfaces/custom_interfaces/msg/rosidl_typesupport_introspection_c__visibility_control.h
-- Up-to-date: /home/abolfazlmohammadpour/Temperature/ROS2WorkSpace/install/custom_interfaces/include/custom_interfaces/custom_interfaces/msg/detail
-- Installing: /home/abolfazlmohammadpour/Temperature/ROS2WorkSpace/install/custom_interfaces/include/custom_interfaces/custom_interfaces/msg/detail/string__type_support.c
-- Installing: /home/abolfazlmohammadpour/Temperature/ROS2WorkSpace/install/custom_interfaces/include/custom_interfaces/custom_interfaces/msg/detail/string__rosidl_typesupport_introspection_c.h
-- Installing: /home/abolfazlmohammadpour/Temperature/ROS2WorkSpace/install/custom_interfaces/lib/libcustom_interfaces__rosidl_typesupport_introspection_c.so
-- Set runtime path of "/home/abolfazlmohammadpour/Temperature/ROS2WorkSpace/install/custom_interfaces/lib/libcustom_interfaces__rosidl_typesupport_introspection_c.so" to ""
-- Installing: /home/abolfazlmohammadpour/Temperature/ROS2WorkSpace/install/custom_interfaces/lib/libcustom_interfaces__rosidl_typesupport_c.so
-- Set runtime path of "/home/abolfazlmohammadpour/Temperature/ROS2WorkSpace/install/custom_interfaces/lib/libcustom_interfaces__rosidl_typesupport_c.so" to ""
-- Up-to-date: /home/abolfazlmohammadpour/Temperature/ROS2WorkSpace/install/custom_interfaces/include/custom_interfaces/custom_interfaces
-- Up-to-date: /home/abolfazlmohammadpour/Temperature/ROS2WorkSpace/install/custom_interfaces/include/custom_interfaces/custom_interfaces/msg
-- Up-to-date: /home/abolfazlmohammadpour/Temperature/ROS2WorkSpace/install/custom_interfaces/include/custom_interfaces/custom_interfaces/msg/detail
-- Installing: /home/abolfazlmohammadpour/Temperature/ROS2WorkSpace/install/custom_interfaces/include/custom_interfaces/custom_interfaces/msg/detail/string__struct.hpp
-- Installing: /home/abolfazlmohammadpour/Temperature/ROS2WorkSpace/install/custom_interfaces/include/custom_interfaces/custom_interfaces/msg/detail/string__traits.hpp
-- Installing: /home/abolfazlmohammadpour/Temperature/ROS2WorkSpace/install/custom_interfaces/include/custom_interfaces/custom_interfaces/msg/detail/string__builder.hpp
-- Installing: /home/abolfazlmohammadpour/Temperature/ROS2WorkSpace/install/custom_interfaces/include/custom_interfaces/custom_interfaces/msg/string.hpp
-- Up-to-date: /home/abolfazlmohammadpour/Temperature/ROS2WorkSpace/install/custom_interfaces/include/custom_interfaces/custom_interfaces
-- Up-to-date: /home/abolfazlmohammadpour/Temperature/ROS2WorkSpace/install/custom_interfaces/include/custom_interfaces/custom_interfaces/msg
-- Up-to-date: /home/abolfazlmohammadpour/Temperature/ROS2WorkSpace/install/custom_interfaces/include/custom_interfaces/custom_interfaces/msg/detail
-- Installing: /home/abolfazlmohammadpour/Temperature/ROS2WorkSpace/install/custom_interfaces/include/custom_interfaces/custom_interfaces/msg/detail/string__rosidl_typesupport_fastrtps_cpp.hpp
-- Installing: /home/abolfazlmohammadpour/Temperature/ROS2WorkSpace/install/custom_interfaces/include/custom_interfaces/custom_interfaces/msg/detail/dds_fastrtps
-- Installing: /home/abolfazlmohammadpour/Temperature/ROS2WorkSpace/install/custom_interfaces/include/custom_interfaces/custom_interfaces/msg/rosidl_typesupport_fastrtps_cpp__visibility_control.h
-- Installing: /home/abolfazlmohammadpour/Temperature/ROS2WorkSpace/install/custom_interfaces/lib/libcustom_interfaces__rosidl_typesupport_fastrtps_cpp.so
-- Set runtime path of "/home/abolfazlmohammadpour/Temperature/ROS2WorkSpace/install/custom_interfaces/lib/libcustom_interfaces__rosidl_typesupport_fastrtps_cpp.so" to ""
-- Up-to-date: /home/abolfazlmohammadpour/Temperature/ROS2WorkSpace/install/custom_interfaces/include/custom_interfaces/custom_interfaces
-- Up-to-date: /home/abolfazlmohammadpour/Temperature/ROS2WorkSpace/install/custom_interfaces/include/custom_interfaces/custom_interfaces/msg
-- Up-to-date: /home/abolfazlmohammadpour/Temperature/ROS2WorkSpace/install/custom_interfaces/include/custom_interfaces/custom_interfaces/msg/detail
-- Installing: /home/abolfazlmohammadpour/Temperature/ROS2WorkSpace/install/custom_interfaces/include/custom_interfaces/custom_interfaces/msg/detail/string__rosidl_typesupport_introspection_cpp.hpp
-- Installing: /home/abolfazlmohammadpour/Temperature/ROS2WorkSpace/install/custom_interfaces/include/custom_interfaces/custom_interfaces/msg/detail/string__type_support.cpp
-- Installing: /home/abolfazlmohammadpour/Temperature/ROS2WorkSpace/install/custom_interfaces/lib/libcustom_interfaces__rosidl_typesupport_introspection_cpp.so
-- Set runtime path of "/home/abolfazlmohammadpour/Temperature/ROS2WorkSpace/install/custom_interfaces/lib/libcustom_interfaces__rosidl_typesupport_introspection_cpp.so" to ""
-- Installing: /home/abolfazlmohammadpour/Temperature/ROS2WorkSpace/install/custom_interfaces/lib/libcustom_interfaces__rosidl_typesupport_cpp.so
-- Set runtime path of "/home/abolfazlmohammadpour/Temperature/ROS2WorkSpace/install/custom_interfaces/lib/libcustom_interfaces__rosidl_typesupport_cpp.so" to ""
-- Installing: /home/abolfazlmohammadpour/Temperature/ROS2WorkSpace/install/custom_interfaces/share/custom_interfaces/environment/pythonpath.sh
-- Installing: /home/abolfazlmohammadpour/Temperature/ROS2WorkSpace/install/custom_interfaces/share/custom_interfaces/environment/pythonpath.dsv
-- Installing: /home/abolfazlmohammadpour/Temperature/ROS2WorkSpace/install/custom_interfaces/lib/python3.10/site-packages/custom_interfaces-0.0.0-py3.10.egg-info
-- Installing: /home/abolfazlmohammadpour/Temperature/ROS2WorkSpace/install/custom_interfaces/lib/python3.10/site-packages/custom_interfaces-0.0.0-py3.10.egg-info/SOURCES.txt
-- Installing: /home/abolfazlmohammadpour/Temperature/ROS2WorkSpace/install/custom_interfaces/lib/python3.10/site-packages/custom_interfaces-0.0.0-py3.10.egg-info/top_level.txt
-- Installing: /home/abolfazlmohammadpour/Temperature/ROS2WorkSpace/install/custom_interfaces/lib/python3.10/site-packages/custom_interfaces-0.0.0-py3.10.egg-info/dependency_links.txt
-- Installing: /home/abolfazlmohammadpour/Temperature/ROS2WorkSpace/install/custom_interfaces/lib/python3.10/site-packages/custom_interfaces-0.0.0-py3.10.egg-info/PKG-INFO
-- Installing: /home/abolfazlmohammadpour/Temperature/ROS2WorkSpace/install/custom_interfaces/lib/python3.10/site-packages/custom_interfaces
-- Installing: /home/abolfazlmohammadpour/Temperature/ROS2WorkSpace/install/custom_interfaces/lib/python3.10/site-packages/custom_interfaces/_custom_interfaces_s.ep.rosidl_typesupport_introspection_c.c
-- Installing: /home/abolfazlmohammadpour/Temperature/ROS2WorkSpace/install/custom_interfaces/lib/python3.10/site-packages/custom_interfaces/_custom_interfaces_s.ep.rosidl_typesupport_fastrtps_c.c
-- Installing: /home/abolfazlmohammadpour/Temperature/ROS2WorkSpace/install/custom_interfaces/lib/python3.10/site-packages/custom_interfaces/__init__.py
-- Installing: /home/abolfazlmohammadpour/Temperature/ROS2WorkSpace/install/custom_interfaces/lib/python3.10/site-packages/custom_interfaces/libcustom_interfaces__rosidl_generator_py.so
-- Installing: /home/abolfazlmohammadpour/Temperature/ROS2WorkSpace/install/custom_interfaces/lib/python3.10/site-packages/custom_interfaces/_custom_interfaces_s.ep.rosidl_typesupport_c.c
-- Installing: /home/abolfazlmohammadpour/Temperature/ROS2WorkSpace/install/custom_interfaces/lib/python3.10/site-packages/custom_interfaces/custom_interfaces_s__rosidl_typesupport_c.cpython-310-x86_64-linux-gnu.so
-- Installing: /home/abolfazlmohammadpour/Temperature/ROS2WorkSpace/install/custom_interfaces/lib/python3.10/site-packages/custom_interfaces/custom_interfaces_s__rosidl_typesupport_introspection_c.cpython-310-x86_64-linux-gnu.so
-- Installing: /home/abolfazlmohammadpour/Temperature/ROS2WorkSpace/install/custom_interfaces/lib/python3.10/site-packages/custom_interfaces/msg
-- Installing: /home/abolfazlmohammadpour/Temperature/ROS2WorkSpace/install/custom_interfaces/lib/python3.10/site-packages/custom_interfaces/msg/_string.py
-- Installing: /home/abolfazlmohammadpour/Temperature/ROS2WorkSpace/install/custom_interfaces/lib/python3.10/site-packages/custom_interfaces/msg/__init__.py
-- Installing: /home/abolfazlmohammadpour/Temperature/ROS2WorkSpace/install/custom_interfaces/lib/python3.10/site-packages/custom_interfaces/msg/_string_s.c
-- Installing: /home/abolfazlmohammadpour/Temperature/ROS2WorkSpace/install/custom_interfaces/lib/python3.10/site-packages/custom_interfaces/custom_interfaces_s__rosidl_typesupport_fastrtps_c.cpython-310-x86_64-linux-gnu.so
Listing '/home/abolfazlmohammadpour/Temperature/ROS2WorkSpace/install/custom_interfaces/lib/python3.10/site-packages/custom_interfaces'...
Compiling '/home/abolfazlmohammadpour/Temperature/ROS2WorkSpace/install/custom_interfaces/lib/python3.10/site-packages/custom_interfaces/__init__.py'...
Listing '/home/abolfazlmohammadpour/Temperature/ROS2WorkSpace/install/custom_interfaces/lib/python3.10/site-packages/custom_interfaces/msg'...
Compiling '/home/abolfazlmohammadpour/Temperature/ROS2WorkSpace/install/custom_interfaces/lib/python3.10/site-packages/custom_interfaces/msg/__init__.py'...
Compiling '/home/abolfazlmohammadpour/Temperature/ROS2WorkSpace/install/custom_interfaces/lib/python3.10/site-packages/custom_interfaces/msg/_string.py'...
-- Installing: /home/abolfazlmohammadpour/Temperature/ROS2WorkSpace/install/custom_interfaces/lib/python3.10/site-packages/custom_interfaces/custom_interfaces_s__rosidl_typesupport_fastrtps_c.cpython-310-x86_64-linux-gnu.so
-- Set runtime path of "/home/abolfazlmohammadpour/Temperature/ROS2WorkSpace/install/custom_interfaces/lib/python3.10/site-packages/custom_interfaces/custom_interfaces_s__rosidl_typesupport_fastrtps_c.cpython-310-x86_64-linux-gnu.so" to ""
-- Installing: /home/abolfazlmohammadpour/Temperature/ROS2WorkSpace/install/custom_interfaces/lib/python3.10/site-packages/custom_interfaces/custom_interfaces_s__rosidl_typesupport_introspection_c.cpython-310-x86_64-linux-gnu.so
-- Set runtime path of "/home/abolfazlmohammadpour/Temperature/ROS2WorkSpace/install/custom_interfaces/lib/python3.10/site-packages/custom_interfaces/custom_interfaces_s__rosidl_typesupport_introspection_c.cpython-310-x86_64-linux-gnu.so" to ""
-- Installing: /home/abolfazlmohammadpour/Temperature/ROS2WorkSpace/install/custom_interfaces/lib/python3.10/site-packages/custom_interfaces/custom_interfaces_s__rosidl_typesupport_c.cpython-310-x86_64-linux-gnu.so
-- Set runtime path of "/home/abolfazlmohammadpour/Temperature/ROS2WorkSpace/install/custom_interfaces/lib/python3.10/site-packages/custom_interfaces/custom_interfaces_s__rosidl_typesupport_c.cpython-310-x86_64-linux-gnu.so" to ""
-- Installing: /home/abolfazlmohammadpour/Temperature/ROS2WorkSpace/install/custom_interfaces/lib/libcustom_interfaces__rosidl_generator_py.so
-- Set runtime path of "/home/abolfazlmohammadpour/Temperature/ROS2WorkSpace/install/custom_interfaces/lib/libcustom_interfaces__rosidl_generator_py.so" to ""
-- Installing: /home/abolfazlmohammadpour/Temperature/ROS2WorkSpace/install/custom_interfaces/share/custom_interfaces/msg/String.idl
-- Installing: /home/abolfazlmohammadpour/Temperature/ROS2WorkSpace/install/custom_interfaces/share/custom_interfaces/msg/String.msg
-- Installing: /home/abolfazlmohammadpour/Temperature/ROS2WorkSpace/install/custom_interfaces/share/ament_index/resource_index/package_run_dependencies/custom_interfaces
-- Installing: /home/abolfazlmohammadpour/Temperature/ROS2WorkSpace/install/custom_interfaces/share/ament_index/resource_index/parent_prefix_path/custom_interfaces
-- Installing: /home/abolfazlmohammadpour/Temperature/ROS2WorkSpace/install/custom_interfaces/share/custom_interfaces/environment/ament_prefix_path.sh
-- Installing: /home/abolfazlmohammadpour/Temperature/ROS2WorkSpace/install/custom_interfaces/share/custom_interfaces/environment/ament_prefix_path.dsv
-- Installing: /home/abolfazlmohammadpour/Temperature/ROS2WorkSpace/install/custom_interfaces/share/custom_interfaces/environment/path.sh
-- Installing: /home/abolfazlmohammadpour/Temperature/ROS2WorkSpace/install/custom_interfaces/share/custom_interfaces/environment/path.dsv
-- Installing: /home/abolfazlmohammadpour/Temperature/ROS2WorkSpace/install/custom_interfaces/share/custom_interfaces/local_setup.bash
-- Installing: /home/abolfazlmohammadpour/Temperature/ROS2WorkSpace/install/custom_interfaces/share/custom_interfaces/local_setup.sh
-- Installing: /home/abolfazlmohammadpour/Temperature/ROS2WorkSpace/install/custom_interfaces/share/custom_interfaces/local_setup.zsh
-- Installing: /home/abolfazlmohammadpour/Temperature/ROS2WorkSpace/install/custom_interfaces/share/custom_interfaces/local_setup.dsv
-- Installing: /home/abolfazlmohammadpour/Temperature/ROS2WorkSpace/install/custom_interfaces/share/custom_interfaces/package.dsv
-- Installing: /home/abolfazlmohammadpour/Temperature/ROS2WorkSpace/install/custom_interfaces/share/ament_index/resource_index/packages/custom_interfaces
-- Installing: /home/abolfazlmohammadpour/Temperature/ROS2WorkSpace/install/custom_interfaces/share/custom_interfaces/cmake/export_custom_interfaces__rosidl_generator_cExport.cmake
-- Installing: /home/abolfazlmohammadpour/Temperature/ROS2WorkSpace/install/custom_interfaces/share/custom_interfaces/cmake/export_custom_interfaces__rosidl_generator_cExport-noconfig.cmake
-- Installing: /home/abolfazlmohammadpour/Temperature/ROS2WorkSpace/install/custom_interfaces/share/custom_interfaces/cmake/export_custom_interfaces__rosidl_typesupport_fastrtps_cExport.cmake
-- Installing: /home/abolfazlmohammadpour/Temperature/ROS2WorkSpace/install/custom_interfaces/share/custom_interfaces/cmake/export_custom_interfaces__rosidl_typesupport_fastrtps_cExport-noconfig.cmake
-- Installing: /home/abolfazlmohammadpour/Temperature/ROS2WorkSpace/install/custom_interfaces/share/custom_interfaces/cmake/custom_interfaces__rosidl_typesupport_introspection_cExport.cmake
-- Installing: /home/abolfazlmohammadpour/Temperature/ROS2WorkSpace/install/custom_interfaces/share/custom_interfaces/cmake/custom_interfaces__rosidl_typesupport_introspection_cExport-noconfig.cmake
-- Installing: /home/abolfazlmohammadpour/Temperature/ROS2WorkSpace/install/custom_interfaces/share/custom_interfaces/cmake/custom_interfaces__rosidl_typesupport_cExport.cmake
-- Installing: /home/abolfazlmohammadpour/Temperature/ROS2WorkSpace/install/custom_interfaces/share/custom_interfaces/cmake/custom_interfaces__rosidl_typesupport_cExport-noconfig.cmake
-- Installing: /home/abolfazlmohammadpour/Temperature/ROS2WorkSpace/install/custom_interfaces/share/custom_interfaces/cmake/export_custom_interfaces__rosidl_generator_cppExport.cmake
-- Installing: /home/abolfazlmohammadpour/Temperature/ROS2WorkSpace/install/custom_interfaces/share/custom_interfaces/cmake/export_custom_interfaces__rosidl_typesupport_fastrtps_cppExport.cmake
-- Installing: /home/abolfazlmohammadpour/Temperature/ROS2WorkSpace/install/custom_interfaces/share/custom_interfaces/cmake/export_custom_interfaces__rosidl_typesupport_fastrtps_cppExport-noconfig.cmake
-- Installing: /home/abolfazlmohammadpour/Temperature/ROS2WorkSpace/install/custom_interfaces/share/custom_interfaces/cmake/custom_interfaces__rosidl_typesupport_introspection_cppExport.cmake
-- Installing: /home/abolfazlmohammadpour/Temperature/ROS2WorkSpace/install/custom_interfaces/share/custom_interfaces/cmake/custom_interfaces__rosidl_typesupport_introspection_cppExport-noconfig.cmake
-- Installing: /home/abolfazlmohammadpour/Temperature/ROS2WorkSpace/install/custom_interfaces/share/custom_interfaces/cmake/custom_interfaces__rosidl_typesupport_cppExport.cmake
-- Installing: /home/abolfazlmohammadpour/Temperature/ROS2WorkSpace/install/custom_interfaces/share/custom_interfaces/cmake/custom_interfaces__rosidl_typesupport_cppExport-noconfig.cmake
-- Installing: /home/abolfazlmohammadpour/Temperature/ROS2WorkSpace/install/custom_interfaces/share/custom_interfaces/cmake/export_custom_interfaces__rosidl_generator_pyExport.cmake
-- Installing: /home/abolfazlmohammadpour/Temperature/ROS2WorkSpace/install/custom_interfaces/share/custom_interfaces/cmake/export_custom_interfaces__rosidl_generator_pyExport-noconfig.cmake
-- Installing: /home/abolfazlmohammadpour/Temperature/ROS2WorkSpace/install/custom_interfaces/share/custom_interfaces/cmake/rosidl_cmake-extras.cmake
-- Installing: /home/abolfazlmohammadpour/Temperature/ROS2WorkSpace/install/custom_interfaces/share/custom_interfaces/cmake/ament_cmake_export_include_directories-extras.cmake
-- Installing: /home/abolfazlmohammadpour/Temperature/ROS2WorkSpace/install/custom_interfaces/share/custom_interfaces/cmake/ament_cmake_export_libraries-extras.cmake
-- Installing: /home/abolfazlmohammadpour/Temperature/ROS2WorkSpace/install/custom_interfaces/share/custom_interfaces/cmake/ament_cmake_export_targets-extras.cmake
-- Installing: /home/abolfazlmohammadpour/Temperature/ROS2WorkSpace/install/custom_interfaces/share/custom_interfaces/cmake/rosidl_cmake_export_typesupport_targets-extras.cmake
-- Installing: /home/abolfazlmohammadpour/Temperature/ROS2WorkSpace/install/custom_interfaces/share/custom_interfaces/cmake/ament_cmake_export_dependencies-extras.cmake
-- Installing: /home/abolfazlmohammadpour/Temperature/ROS2WorkSpace/install/custom_interfaces/share/custom_interfaces/cmake/rosidl_cmake_export_typesupport_libraries-extras.cmake
-- Installing: /home/abolfazlmohammadpour/Temperature/ROS2WorkSpace/install/custom_interfaces/share/custom_interfaces/cmake/custom_interfacesConfig.cmake
-- Installing: /home/abolfazlmohammadpour/Temperature/ROS2WorkSpace/install/custom_interfaces/share/custom_interfaces/cmake/custom_interfacesConfig-version.cmake
-- Installing: /home/abolfazlmohammadpour/Temperature/ROS2WorkSpace/install/custom_interfaces/share/custom_interfaces/package.xml
