[0.135s] Invoking command in '/home/abolfazlmohammadpour/Temperature/ROS2WorkSpace/build/custom_interfaces': CMAKE_PREFIX_PATH=${CMAKE_PREFIX_PATH}:/home/abolfazlmohammadpour/Temperature/ROS2WorkSpace/install/PythonPackage:/home/abolfazlmohammadpour/ROS2WorkSpace/install/PythonPackage:/opt/ros/iron WSLENV=ELECTRON_RUN_AS_NODE/w: /usr/bin/cmake /home/abolfazlmohammadpour/Temperature/ROS2WorkSpace/src/custom_interfaces -DCMAKE_INSTALL_PREFIX=/home/abolfazlmohammadpour/Temperature/ROS2WorkSpace/install/custom_interfaces
[0.152s] -- Found ament_cmake: 2.0.4 (/opt/ros/iron/share/ament_cmake/cmake)
[0.470s] -- Found rosidl_default_generators: 1.5.0 (/opt/ros/iron/share/rosidl_default_generators/cmake)
[0.476s] -- Using all available rosidl_typesupport_c: rosidl_typesupport_fastrtps_c;rosidl_typesupport_introspection_c
[0.715s] -- Using all available rosidl_typesupport_cpp: rosidl_typesupport_fastrtps_cpp;rosidl_typesupport_introspection_cpp
[0.766s] -- Found rosidl_adapter: 4.0.1 (/opt/ros/iron/share/rosidl_adapter/cmake)
[1.445s] -- Found ament_cmake_ros: 0.11.2 (/opt/ros/iron/share/ament_cmake_ros/cmake)
[1.943s] -- Using all available rosidl_typesupport_c: rosidl_typesupport_fastrtps_c;rosidl_typesupport_introspection_c
[2.491s] -- Using all available rosidl_typesupport_cpp: rosidl_typesupport_fastrtps_cpp;rosidl_typesupport_introspection_cpp
[2.610s] -- Found PythonInterp: /usr/bin/python3 (found suitable version "3.10.12", minimum required is "3.6") 
[2.616s] -- Found python_cmake_module: 0.10.2 (/opt/ros/iron/share/python_cmake_module/cmake)
[2.935s] -- Found PythonLibs: /usr/lib/x86_64-linux-gnu/libpython3.10.so (found suitable version "3.10.12", minimum required is "3.5") 
[2.935s] -- Using PYTHON_EXECUTABLE: /usr/bin/python3
[2.935s] -- Using PYTHON_INCLUDE_DIRS: /usr/include/python3.10
[2.935s] -- Using PYTHON_LIBRARIES: /usr/lib/x86_64-linux-gnu/libpython3.10.so
[2.966s] -- Found PythonExtra: .so  
[3.093s] -- Configuring done
[3.166s] -- Generating done
[3.171s] -- Build files have been written to: /home/abolfazlmohammadpour/Temperature/ROS2WorkSpace/build/custom_interfaces
[3.183s] Invoked command in '/home/abolfazlmohammadpour/Temperature/ROS2WorkSpace/build/custom_interfaces' returned '0': CMAKE_PREFIX_PATH=${CMAKE_PREFIX_PATH}:/home/abolfazlmohammadpour/Temperature/ROS2WorkSpace/install/PythonPackage:/home/abolfazlmohammadpour/ROS2WorkSpace/install/PythonPackage:/opt/ros/iron WSLENV=ELECTRON_RUN_AS_NODE/w: /usr/bin/cmake /home/abolfazlmohammadpour/Temperature/ROS2WorkSpace/src/custom_interfaces -DCMAKE_INSTALL_PREFIX=/home/abolfazlmohammadpour/Temperature/ROS2WorkSpace/install/custom_interfaces
[3.187s] Invoking command in '/home/abolfazlmohammadpour/Temperature/ROS2WorkSpace/build/custom_interfaces': CMAKE_PREFIX_PATH=${CMAKE_PREFIX_PATH}:/home/abolfazlmohammadpour/Temperature/ROS2WorkSpace/install/PythonPackage:/home/abolfazlmohammadpour/ROS2WorkSpace/install/PythonPackage:/opt/ros/iron WSLENV=ELECTRON_RUN_AS_NODE/w: /usr/bin/cmake --build /home/abolfazlmohammadpour/Temperature/ROS2WorkSpace/build/custom_interfaces -- -j8 -l8
[3.269s] [  2%] [34m[1mGenerating type hashes for ROS interfaces[0m
[3.283s] [  2%] Built target ament_cmake_python_copy_custom_interfaces
[3.647s] [  2%] Built target custom_interfaces__rosidl_generator_type_description
[3.665s] [  5%] [34m[1mGenerating C code for ROS interfaces[0m
[3.674s] [  8%] [34m[1mGenerating C++ code for ROS interfaces[0m
[3.727s] running egg_info
[3.728s] creating custom_interfaces.egg-info
[3.728s] writing custom_interfaces.egg-info/PKG-INFO
[3.729s] writing dependency_links to custom_interfaces.egg-info/dependency_links.txt
[3.729s] writing top-level names to custom_interfaces.egg-info/top_level.txt
[3.729s] writing manifest file 'custom_interfaces.egg-info/SOURCES.txt'
[3.735s] reading manifest file 'custom_interfaces.egg-info/SOURCES.txt'
[3.736s] writing manifest file 'custom_interfaces.egg-info/SOURCES.txt'
[3.774s] [  8%] Built target ament_cmake_python_build_custom_interfaces_egg
[4.135s] [  8%] Built target custom_interfaces__cpp
[4.200s] [ 11%] [32mBuilding C object CMakeFiles/custom_interfaces__rosidl_generator_c.dir/rosidl_generator_c/custom_interfaces/msg/detail/string__description.c.o[0m
[4.206s] [ 17%] [32mBuilding C object CMakeFiles/custom_interfaces__rosidl_generator_c.dir/rosidl_generator_c/custom_interfaces/msg/detail/string__type_support.c.o[0m
[4.207s] [ 17%] [32mBuilding C object CMakeFiles/custom_interfaces__rosidl_generator_c.dir/rosidl_generator_c/custom_interfaces/msg/detail/string__functions.c.o[0m
[4.405s] [ 20%] [32m[1mLinking C shared library libcustom_interfaces__rosidl_generator_c.so[0m
[4.663s] [ 20%] Built target custom_interfaces__rosidl_generator_c
[4.693s] [ 23%] [34m[1mGenerating C introspection for ROS interfaces[0m
[4.697s] [ 26%] [34m[1mGenerating C++ type support dispatch for ROS interfaces[0m
[4.699s] [ 29%] [34m[1mGenerating C type support for eProsima Fast-RTPS[0m
[4.700s] [ 32%] [34m[1mGenerating C type support dispatch for ROS interfaces[0m
[4.703s] [ 35%] [34m[1mGenerating C++ type support for eProsima Fast-RTPS[0m
[4.706s] [ 38%] [34m[1mGenerating C++ introspection for ROS interfaces[0m
[5.295s] [ 41%] [32mBuilding CXX object CMakeFiles/custom_interfaces__rosidl_typesupport_c.dir/rosidl_typesupport_c/custom_interfaces/msg/string__type_support.cpp.o[0m
[5.322s] [ 44%] [32mBuilding CXX object CMakeFiles/custom_interfaces__rosidl_typesupport_cpp.dir/rosidl_typesupport_cpp/custom_interfaces/msg/string__type_support.cpp.o[0m
[5.362s] [ 47%] [32mBuilding CXX object CMakeFiles/custom_interfaces__rosidl_typesupport_introspection_cpp.dir/rosidl_typesupport_introspection_cpp/custom_interfaces/msg/detail/string__type_support.cpp.o[0m
[5.378s] [ 50%] [32mBuilding C object CMakeFiles/custom_interfaces__rosidl_typesupport_introspection_c.dir/rosidl_typesupport_introspection_c/custom_interfaces/msg/detail/string__type_support.c.o[0m
[5.389s] [ 55%] [32mBuilding CXX object CMakeFiles/custom_interfaces__rosidl_typesupport_fastrtps_c.dir/rosidl_typesupport_fastrtps_c/custom_interfaces/msg/detail/string__type_support_c.cpp.o[0m
[5.390s] [ 52%] [32mBuilding CXX object CMakeFiles/custom_interfaces__rosidl_typesupport_fastrtps_cpp.dir/rosidl_typesupport_fastrtps_cpp/custom_interfaces/msg/detail/dds_fastrtps/string__type_support.cpp.o[0m
[5.423s] [ 58%] [32m[1mLinking CXX shared library libcustom_interfaces__rosidl_typesupport_c.so[0m
[5.459s] [ 61%] [32m[1mLinking C shared library libcustom_interfaces__rosidl_typesupport_introspection_c.so[0m
[5.562s] [ 61%] Built target custom_interfaces__rosidl_typesupport_c
[5.589s] [ 61%] Built target custom_interfaces__rosidl_typesupport_introspection_c
[6.163s] [ 64%] [32m[1mLinking CXX shared library libcustom_interfaces__rosidl_typesupport_fastrtps_c.so[0m
[6.172s] [ 67%] [32m[1mLinking CXX shared library libcustom_interfaces__rosidl_typesupport_cpp.so[0m
[6.183s] [ 70%] [32m[1mLinking CXX shared library libcustom_interfaces__rosidl_typesupport_introspection_cpp.so[0m
[6.292s] [ 70%] Built target custom_interfaces__rosidl_typesupport_cpp
[6.373s] [ 70%] Built target custom_interfaces__rosidl_typesupport_fastrtps_c
[6.380s] [ 70%] Built target custom_interfaces__rosidl_typesupport_introspection_cpp
[6.495s] [ 73%] [32m[1mLinking CXX shared library libcustom_interfaces__rosidl_typesupport_fastrtps_cpp.so[0m
[6.654s] [ 73%] Built target custom_interfaces__rosidl_typesupport_fastrtps_cpp
[6.683s] [ 73%] Built target custom_interfaces
[6.718s] [ 76%] [34m[1mGenerating Python code for ROS interfaces[0m
[7.304s] [ 76%] Built target custom_interfaces__py
[7.344s] [ 79%] [32mBuilding C object CMakeFiles/custom_interfaces__rosidl_generator_py.dir/rosidl_generator_py/custom_interfaces/msg/_string_s.c.o[0m
[7.889s] [ 82%] [32m[1mLinking C shared library rosidl_generator_py/custom_interfaces/libcustom_interfaces__rosidl_generator_py.so[0m
[8.110s] [ 82%] Built target custom_interfaces__rosidl_generator_py
[8.155s] [ 85%] [32mBuilding C object CMakeFiles/custom_interfaces__rosidl_typesupport_introspection_c__pyext.dir/rosidl_generator_py/custom_interfaces/_custom_interfaces_s.ep.rosidl_typesupport_introspection_c.c.o[0m
[8.162s] [ 88%] [32mBuilding C object CMakeFiles/custom_interfaces__rosidl_typesupport_c__pyext.dir/rosidl_generator_py/custom_interfaces/_custom_interfaces_s.ep.rosidl_typesupport_c.c.o[0m
[8.164s] [ 91%] [32mBuilding C object CMakeFiles/custom_interfaces__rosidl_typesupport_fastrtps_c__pyext.dir/rosidl_generator_py/custom_interfaces/_custom_interfaces_s.ep.rosidl_typesupport_fastrtps_c.c.o[0m
[8.431s] [ 94%] [32m[1mLinking C shared library rosidl_generator_py/custom_interfaces/custom_interfaces_s__rosidl_typesupport_introspection_c.cpython-310-x86_64-linux-gnu.so[0m
[8.439s] [ 97%] [32m[1mLinking C shared library rosidl_generator_py/custom_interfaces/custom_interfaces_s__rosidl_typesupport_fastrtps_c.cpython-310-x86_64-linux-gnu.so[0m
[8.439s] [100%] [32m[1mLinking C shared library rosidl_generator_py/custom_interfaces/custom_interfaces_s__rosidl_typesupport_c.cpython-310-x86_64-linux-gnu.so[0m
[8.570s] [100%] Built target custom_interfaces__rosidl_typesupport_introspection_c__pyext
[8.572s] [100%] Built target custom_interfaces__rosidl_typesupport_fastrtps_c__pyext
[8.597s] [100%] Built target custom_interfaces__rosidl_typesupport_c__pyext
[8.618s] Invoked command in '/home/abolfazlmohammadpour/Temperature/ROS2WorkSpace/build/custom_interfaces' returned '0': CMAKE_PREFIX_PATH=${CMAKE_PREFIX_PATH}:/home/abolfazlmohammadpour/Temperature/ROS2WorkSpace/install/PythonPackage:/home/abolfazlmohammadpour/ROS2WorkSpace/install/PythonPackage:/opt/ros/iron WSLENV=ELECTRON_RUN_AS_NODE/w: /usr/bin/cmake --build /home/abolfazlmohammadpour/Temperature/ROS2WorkSpace/build/custom_interfaces -- -j8 -l8
[8.796s] Invoking command in '/home/abolfazlmohammadpour/Temperature/ROS2WorkSpace/build/custom_interfaces': CMAKE_PREFIX_PATH=${CMAKE_PREFIX_PATH}:/home/abolfazlmohammadpour/Temperature/ROS2WorkSpace/install/PythonPackage:/home/abolfazlmohammadpour/ROS2WorkSpace/install/PythonPackage:/opt/ros/iron WSLENV=ELECTRON_RUN_AS_NODE/w: /usr/bin/cmake --install /home/abolfazlmohammadpour/Temperature/ROS2WorkSpace/build/custom_interfaces
[8.810s] -- Install configuration: ""
[8.811s] -- Installing: /home/abolfazlmohammadpour/Temperature/ROS2WorkSpace/install/custom_interfaces/share/ament_index/resource_index/rosidl_interfaces/custom_interfaces
[8.812s] -- Installing: /home/abolfazlmohammadpour/Temperature/ROS2WorkSpace/install/custom_interfaces/share/custom_interfaces/msg/String.json
[8.812s] -- Installing: /home/abolfazlmohammadpour/Temperature/ROS2WorkSpace/install/custom_interfaces/include/custom_interfaces/custom_interfaces
[8.813s] -- Installing: /home/abolfazlmohammadpour/Temperature/ROS2WorkSpace/install/custom_interfaces/include/custom_interfaces/custom_interfaces/msg
[8.814s] -- Installing: /home/abolfazlmohammadpour/Temperature/ROS2WorkSpace/install/custom_interfaces/include/custom_interfaces/custom_interfaces/msg/string.h
[8.814s] -- Installing: /home/abolfazlmohammadpour/Temperature/ROS2WorkSpace/install/custom_interfaces/include/custom_interfaces/custom_interfaces/msg/rosidl_generator_c__visibility_control.h
[8.815s] -- Installing: /home/abolfazlmohammadpour/Temperature/ROS2WorkSpace/install/custom_interfaces/include/custom_interfaces/custom_interfaces/msg/detail
[8.815s] -- Installing: /home/abolfazlmohammadpour/Temperature/ROS2WorkSpace/install/custom_interfaces/include/custom_interfaces/custom_interfaces/msg/detail/string__type_support.c
[8.816s] -- Installing: /home/abolfazlmohammadpour/Temperature/ROS2WorkSpace/install/custom_interfaces/include/custom_interfaces/custom_interfaces/msg/detail/string__functions.c
[8.816s] -- Installing: /home/abolfazlmohammadpour/Temperature/ROS2WorkSpace/install/custom_interfaces/include/custom_interfaces/custom_interfaces/msg/detail/string__struct.h
[8.817s] -- Installing: /home/abolfazlmohammadpour/Temperature/ROS2WorkSpace/install/custom_interfaces/include/custom_interfaces/custom_interfaces/msg/detail/string__type_support.h
[8.818s] -- Installing: /home/abolfazlmohammadpour/Temperature/ROS2WorkSpace/install/custom_interfaces/include/custom_interfaces/custom_interfaces/msg/detail/string__description.c
[8.818s] -- Installing: /home/abolfazlmohammadpour/Temperature/ROS2WorkSpace/install/custom_interfaces/include/custom_interfaces/custom_interfaces/msg/detail/string__functions.h
[8.819s] -- Installing: /home/abolfazlmohammadpour/Temperature/ROS2WorkSpace/install/custom_interfaces/share/custom_interfaces/environment/library_path.sh
[8.819s] -- Installing: /home/abolfazlmohammadpour/Temperature/ROS2WorkSpace/install/custom_interfaces/share/custom_interfaces/environment/library_path.dsv
[8.819s] -- Installing: /home/abolfazlmohammadpour/Temperature/ROS2WorkSpace/install/custom_interfaces/lib/libcustom_interfaces__rosidl_generator_c.so
[8.820s] -- Set runtime path of "/home/abolfazlmohammadpour/Temperature/ROS2WorkSpace/install/custom_interfaces/lib/libcustom_interfaces__rosidl_generator_c.so" to ""
[8.821s] -- Up-to-date: /home/abolfazlmohammadpour/Temperature/ROS2WorkSpace/install/custom_interfaces/include/custom_interfaces/custom_interfaces
[8.821s] -- Up-to-date: /home/abolfazlmohammadpour/Temperature/ROS2WorkSpace/install/custom_interfaces/include/custom_interfaces/custom_interfaces/msg
[8.822s] -- Up-to-date: /home/abolfazlmohammadpour/Temperature/ROS2WorkSpace/install/custom_interfaces/include/custom_interfaces/custom_interfaces/msg/detail
[8.822s] -- Installing: /home/abolfazlmohammadpour/Temperature/ROS2WorkSpace/install/custom_interfaces/include/custom_interfaces/custom_interfaces/msg/detail/string__rosidl_typesupport_fastrtps_c.h
[8.823s] -- Installing: /home/abolfazlmohammadpour/Temperature/ROS2WorkSpace/install/custom_interfaces/include/custom_interfaces/custom_interfaces/msg/rosidl_typesupport_fastrtps_c__visibility_control.h
[8.824s] -- Installing: /home/abolfazlmohammadpour/Temperature/ROS2WorkSpace/install/custom_interfaces/lib/libcustom_interfaces__rosidl_typesupport_fastrtps_c.so
[8.824s] -- Set runtime path of "/home/abolfazlmohammadpour/Temperature/ROS2WorkSpace/install/custom_interfaces/lib/libcustom_interfaces__rosidl_typesupport_fastrtps_c.so" to ""
[8.825s] -- Up-to-date: /home/abolfazlmohammadpour/Temperature/ROS2WorkSpace/install/custom_interfaces/include/custom_interfaces/custom_interfaces
[8.825s] -- Up-to-date: /home/abolfazlmohammadpour/Temperature/ROS2WorkSpace/install/custom_interfaces/include/custom_interfaces/custom_interfaces/msg
[8.826s] -- Installing: /home/abolfazlmohammadpour/Temperature/ROS2WorkSpace/install/custom_interfaces/include/custom_interfaces/custom_interfaces/msg/rosidl_typesupport_introspection_c__visibility_control.h
[8.826s] -- Up-to-date: /home/abolfazlmohammadpour/Temperature/ROS2WorkSpace/install/custom_interfaces/include/custom_interfaces/custom_interfaces/msg/detail
[8.827s] -- Installing: /home/abolfazlmohammadpour/Temperature/ROS2WorkSpace/install/custom_interfaces/include/custom_interfaces/custom_interfaces/msg/detail/string__type_support.c
[8.828s] -- Installing: /home/abolfazlmohammadpour/Temperature/ROS2WorkSpace/install/custom_interfaces/include/custom_interfaces/custom_interfaces/msg/detail/string__rosidl_typesupport_introspection_c.h
[8.829s] -- Installing: /home/abolfazlmohammadpour/Temperature/ROS2WorkSpace/install/custom_interfaces/lib/libcustom_interfaces__rosidl_typesupport_introspection_c.so
[8.829s] -- Set runtime path of "/home/abolfazlmohammadpour/Temperature/ROS2WorkSpace/install/custom_interfaces/lib/libcustom_interfaces__rosidl_typesupport_introspection_c.so" to ""
[8.831s] -- Installing: /home/abolfazlmohammadpour/Temperature/ROS2WorkSpace/install/custom_interfaces/lib/libcustom_interfaces__rosidl_typesupport_c.so
[8.831s] -- Set runtime path of "/home/abolfazlmohammadpour/Temperature/ROS2WorkSpace/install/custom_interfaces/lib/libcustom_interfaces__rosidl_typesupport_c.so" to ""
[8.831s] -- Up-to-date: /home/abolfazlmohammadpour/Temperature/ROS2WorkSpace/install/custom_interfaces/include/custom_interfaces/custom_interfaces
[8.832s] -- Up-to-date: /home/abolfazlmohammadpour/Temperature/ROS2WorkSpace/install/custom_interfaces/include/custom_interfaces/custom_interfaces/msg
[8.832s] -- Up-to-date: /home/abolfazlmohammadpour/Temperature/ROS2WorkSpace/install/custom_interfaces/include/custom_interfaces/custom_interfaces/msg/detail
[8.833s] -- Installing: /home/abolfazlmohammadpour/Temperature/ROS2WorkSpace/install/custom_interfaces/include/custom_interfaces/custom_interfaces/msg/detail/string__struct.hpp
[8.834s] -- Installing: /home/abolfazlmohammadpour/Temperature/ROS2WorkSpace/install/custom_interfaces/include/custom_interfaces/custom_interfaces/msg/detail/string__traits.hpp
[8.834s] -- Installing: /home/abolfazlmohammadpour/Temperature/ROS2WorkSpace/install/custom_interfaces/include/custom_interfaces/custom_interfaces/msg/detail/string__builder.hpp
[8.835s] -- Installing: /home/abolfazlmohammadpour/Temperature/ROS2WorkSpace/install/custom_interfaces/include/custom_interfaces/custom_interfaces/msg/string.hpp
[8.836s] -- Up-to-date: /home/abolfazlmohammadpour/Temperature/ROS2WorkSpace/install/custom_interfaces/include/custom_interfaces/custom_interfaces
[8.836s] -- Up-to-date: /home/abolfazlmohammadpour/Temperature/ROS2WorkSpace/install/custom_interfaces/include/custom_interfaces/custom_interfaces/msg
[8.836s] -- Up-to-date: /home/abolfazlmohammadpour/Temperature/ROS2WorkSpace/install/custom_interfaces/include/custom_interfaces/custom_interfaces/msg/detail
[8.837s] -- Installing: /home/abolfazlmohammadpour/Temperature/ROS2WorkSpace/install/custom_interfaces/include/custom_interfaces/custom_interfaces/msg/detail/string__rosidl_typesupport_fastrtps_cpp.hpp
[8.838s] -- Installing: /home/abolfazlmohammadpour/Temperature/ROS2WorkSpace/install/custom_interfaces/include/custom_interfaces/custom_interfaces/msg/detail/dds_fastrtps
[8.839s] -- Installing: /home/abolfazlmohammadpour/Temperature/ROS2WorkSpace/install/custom_interfaces/include/custom_interfaces/custom_interfaces/msg/rosidl_typesupport_fastrtps_cpp__visibility_control.h
[8.840s] -- Installing: /home/abolfazlmohammadpour/Temperature/ROS2WorkSpace/install/custom_interfaces/lib/libcustom_interfaces__rosidl_typesupport_fastrtps_cpp.so
[8.840s] -- Set runtime path of "/home/abolfazlmohammadpour/Temperature/ROS2WorkSpace/install/custom_interfaces/lib/libcustom_interfaces__rosidl_typesupport_fastrtps_cpp.so" to ""
[8.841s] -- Up-to-date: /home/abolfazlmohammadpour/Temperature/ROS2WorkSpace/install/custom_interfaces/include/custom_interfaces/custom_interfaces
[8.842s] -- Up-to-date: /home/abolfazlmohammadpour/Temperature/ROS2WorkSpace/install/custom_interfaces/include/custom_interfaces/custom_interfaces/msg
[8.842s] -- Up-to-date: /home/abolfazlmohammadpour/Temperature/ROS2WorkSpace/install/custom_interfaces/include/custom_interfaces/custom_interfaces/msg/detail
[8.843s] -- Installing: /home/abolfazlmohammadpour/Temperature/ROS2WorkSpace/install/custom_interfaces/include/custom_interfaces/custom_interfaces/msg/detail/string__rosidl_typesupport_introspection_cpp.hpp
[8.844s] -- Installing: /home/abolfazlmohammadpour/Temperature/ROS2WorkSpace/install/custom_interfaces/include/custom_interfaces/custom_interfaces/msg/detail/string__type_support.cpp
[8.844s] -- Installing: /home/abolfazlmohammadpour/Temperature/ROS2WorkSpace/install/custom_interfaces/lib/libcustom_interfaces__rosidl_typesupport_introspection_cpp.so
[8.845s] -- Set runtime path of "/home/abolfazlmohammadpour/Temperature/ROS2WorkSpace/install/custom_interfaces/lib/libcustom_interfaces__rosidl_typesupport_introspection_cpp.so" to ""
[8.845s] -- Installing: /home/abolfazlmohammadpour/Temperature/ROS2WorkSpace/install/custom_interfaces/lib/libcustom_interfaces__rosidl_typesupport_cpp.so
[8.846s] -- Set runtime path of "/home/abolfazlmohammadpour/Temperature/ROS2WorkSpace/install/custom_interfaces/lib/libcustom_interfaces__rosidl_typesupport_cpp.so" to ""
[8.847s] -- Installing: /home/abolfazlmohammadpour/Temperature/ROS2WorkSpace/install/custom_interfaces/share/custom_interfaces/environment/pythonpath.sh
[8.848s] -- Installing: /home/abolfazlmohammadpour/Temperature/ROS2WorkSpace/install/custom_interfaces/share/custom_interfaces/environment/pythonpath.dsv
[8.848s] -- Installing: /home/abolfazlmohammadpour/Temperature/ROS2WorkSpace/install/custom_interfaces/lib/python3.10/site-packages/custom_interfaces-0.0.0-py3.10.egg-info
[8.848s] -- Installing: /home/abolfazlmohammadpour/Temperature/ROS2WorkSpace/install/custom_interfaces/lib/python3.10/site-packages/custom_interfaces-0.0.0-py3.10.egg-info/SOURCES.txt
[8.849s] -- Installing: /home/abolfazlmohammadpour/Temperature/ROS2WorkSpace/install/custom_interfaces/lib/python3.10/site-packages/custom_interfaces-0.0.0-py3.10.egg-info/top_level.txt
[8.849s] -- Installing: /home/abolfazlmohammadpour/Temperature/ROS2WorkSpace/install/custom_interfaces/lib/python3.10/site-packages/custom_interfaces-0.0.0-py3.10.egg-info/dependency_links.txt
[8.849s] -- Installing: /home/abolfazlmohammadpour/Temperature/ROS2WorkSpace/install/custom_interfaces/lib/python3.10/site-packages/custom_interfaces-0.0.0-py3.10.egg-info/PKG-INFO
[8.849s] -- Installing: /home/abolfazlmohammadpour/Temperature/ROS2WorkSpace/install/custom_interfaces/lib/python3.10/site-packages/custom_interfaces
[8.850s] -- Installing: /home/abolfazlmohammadpour/Temperature/ROS2WorkSpace/install/custom_interfaces/lib/python3.10/site-packages/custom_interfaces/_custom_interfaces_s.ep.rosidl_typesupport_introspection_c.c
[8.850s] -- Installing: /home/abolfazlmohammadpour/Temperature/ROS2WorkSpace/install/custom_interfaces/lib/python3.10/site-packages/custom_interfaces/_custom_interfaces_s.ep.rosidl_typesupport_fastrtps_c.c
[8.850s] -- Installing: /home/abolfazlmohammadpour/Temperature/ROS2WorkSpace/install/custom_interfaces/lib/python3.10/site-packages/custom_interfaces/__init__.py
[8.850s] -- Installing: /home/abolfazlmohammadpour/Temperature/ROS2WorkSpace/install/custom_interfaces/lib/python3.10/site-packages/custom_interfaces/libcustom_interfaces__rosidl_generator_py.so
[8.850s] -- Installing: /home/abolfazlmohammadpour/Temperature/ROS2WorkSpace/install/custom_interfaces/lib/python3.10/site-packages/custom_interfaces/_custom_interfaces_s.ep.rosidl_typesupport_c.c
[8.850s] -- Installing: /home/abolfazlmohammadpour/Temperature/ROS2WorkSpace/install/custom_interfaces/lib/python3.10/site-packages/custom_interfaces/custom_interfaces_s__rosidl_typesupport_c.cpython-310-x86_64-linux-gnu.so
[8.851s] -- Installing: /home/abolfazlmohammadpour/Temperature/ROS2WorkSpace/install/custom_interfaces/lib/python3.10/site-packages/custom_interfaces/custom_interfaces_s__rosidl_typesupport_introspection_c.cpython-310-x86_64-linux-gnu.so
[8.851s] -- Installing: /home/abolfazlmohammadpour/Temperature/ROS2WorkSpace/install/custom_interfaces/lib/python3.10/site-packages/custom_interfaces/msg
[8.851s] -- Installing: /home/abolfazlmohammadpour/Temperature/ROS2WorkSpace/install/custom_interfaces/lib/python3.10/site-packages/custom_interfaces/msg/_string.py
[8.851s] -- Installing: /home/abolfazlmohammadpour/Temperature/ROS2WorkSpace/install/custom_interfaces/lib/python3.10/site-packages/custom_interfaces/msg/__init__.py
[8.851s] -- Installing: /home/abolfazlmohammadpour/Temperature/ROS2WorkSpace/install/custom_interfaces/lib/python3.10/site-packages/custom_interfaces/msg/_string_s.c
[8.851s] -- Installing: /home/abolfazlmohammadpour/Temperature/ROS2WorkSpace/install/custom_interfaces/lib/python3.10/site-packages/custom_interfaces/custom_interfaces_s__rosidl_typesupport_fastrtps_c.cpython-310-x86_64-linux-gnu.so
[8.932s] Listing '/home/abolfazlmohammadpour/Temperature/ROS2WorkSpace/install/custom_interfaces/lib/python3.10/site-packages/custom_interfaces'...
[8.932s] Compiling '/home/abolfazlmohammadpour/Temperature/ROS2WorkSpace/install/custom_interfaces/lib/python3.10/site-packages/custom_interfaces/__init__.py'...
[8.932s] Listing '/home/abolfazlmohammadpour/Temperature/ROS2WorkSpace/install/custom_interfaces/lib/python3.10/site-packages/custom_interfaces/msg'...
[8.933s] Compiling '/home/abolfazlmohammadpour/Temperature/ROS2WorkSpace/install/custom_interfaces/lib/python3.10/site-packages/custom_interfaces/msg/__init__.py'...
[8.933s] Compiling '/home/abolfazlmohammadpour/Temperature/ROS2WorkSpace/install/custom_interfaces/lib/python3.10/site-packages/custom_interfaces/msg/_string.py'...
[8.942s] -- Installing: /home/abolfazlmohammadpour/Temperature/ROS2WorkSpace/install/custom_interfaces/lib/python3.10/site-packages/custom_interfaces/custom_interfaces_s__rosidl_typesupport_fastrtps_c.cpython-310-x86_64-linux-gnu.so
[8.944s] -- Set runtime path of "/home/abolfazlmohammadpour/Temperature/ROS2WorkSpace/install/custom_interfaces/lib/python3.10/site-packages/custom_interfaces/custom_interfaces_s__rosidl_typesupport_fastrtps_c.cpython-310-x86_64-linux-gnu.so" to ""
[8.944s] -- Installing: /home/abolfazlmohammadpour/Temperature/ROS2WorkSpace/install/custom_interfaces/lib/python3.10/site-packages/custom_interfaces/custom_interfaces_s__rosidl_typesupport_introspection_c.cpython-310-x86_64-linux-gnu.so
[8.945s] -- Set runtime path of "/home/abolfazlmohammadpour/Temperature/ROS2WorkSpace/install/custom_interfaces/lib/python3.10/site-packages/custom_interfaces/custom_interfaces_s__rosidl_typesupport_introspection_c.cpython-310-x86_64-linux-gnu.so" to ""
[8.946s] -- Installing: /home/abolfazlmohammadpour/Temperature/ROS2WorkSpace/install/custom_interfaces/lib/python3.10/site-packages/custom_interfaces/custom_interfaces_s__rosidl_typesupport_c.cpython-310-x86_64-linux-gnu.so
[8.948s] -- Set runtime path of "/home/abolfazlmohammadpour/Temperature/ROS2WorkSpace/install/custom_interfaces/lib/python3.10/site-packages/custom_interfaces/custom_interfaces_s__rosidl_typesupport_c.cpython-310-x86_64-linux-gnu.so" to ""
[8.948s] -- Installing: /home/abolfazlmohammadpour/Temperature/ROS2WorkSpace/install/custom_interfaces/lib/libcustom_interfaces__rosidl_generator_py.so
[8.950s] -- Set runtime path of "/home/abolfazlmohammadpour/Temperature/ROS2WorkSpace/install/custom_interfaces/lib/libcustom_interfaces__rosidl_generator_py.so" to ""
[8.950s] -- Installing: /home/abolfazlmohammadpour/Temperature/ROS2WorkSpace/install/custom_interfaces/share/custom_interfaces/msg/String.idl
[8.951s] -- Installing: /home/abolfazlmohammadpour/Temperature/ROS2WorkSpace/install/custom_interfaces/share/custom_interfaces/msg/String.msg
[8.952s] -- Installing: /home/abolfazlmohammadpour/Temperature/ROS2WorkSpace/install/custom_interfaces/share/ament_index/resource_index/package_run_dependencies/custom_interfaces
[8.953s] -- Installing: /home/abolfazlmohammadpour/Temperature/ROS2WorkSpace/install/custom_interfaces/share/ament_index/resource_index/parent_prefix_path/custom_interfaces
[8.954s] -- Installing: /home/abolfazlmohammadpour/Temperature/ROS2WorkSpace/install/custom_interfaces/share/custom_interfaces/environment/ament_prefix_path.sh
[8.956s] -- Installing: /home/abolfazlmohammadpour/Temperature/ROS2WorkSpace/install/custom_interfaces/share/custom_interfaces/environment/ament_prefix_path.dsv
[8.957s] -- Installing: /home/abolfazlmohammadpour/Temperature/ROS2WorkSpace/install/custom_interfaces/share/custom_interfaces/environment/path.sh
[8.958s] -- Installing: /home/abolfazlmohammadpour/Temperature/ROS2WorkSpace/install/custom_interfaces/share/custom_interfaces/environment/path.dsv
[8.958s] -- Installing: /home/abolfazlmohammadpour/Temperature/ROS2WorkSpace/install/custom_interfaces/share/custom_interfaces/local_setup.bash
[8.959s] -- Installing: /home/abolfazlmohammadpour/Temperature/ROS2WorkSpace/install/custom_interfaces/share/custom_interfaces/local_setup.sh
[8.960s] -- Installing: /home/abolfazlmohammadpour/Temperature/ROS2WorkSpace/install/custom_interfaces/share/custom_interfaces/local_setup.zsh
[8.960s] -- Installing: /home/abolfazlmohammadpour/Temperature/ROS2WorkSpace/install/custom_interfaces/share/custom_interfaces/local_setup.dsv
[8.961s] -- Installing: /home/abolfazlmohammadpour/Temperature/ROS2WorkSpace/install/custom_interfaces/share/custom_interfaces/package.dsv
[8.962s] -- Installing: /home/abolfazlmohammadpour/Temperature/ROS2WorkSpace/install/custom_interfaces/share/ament_index/resource_index/packages/custom_interfaces
[8.963s] -- Installing: /home/abolfazlmohammadpour/Temperature/ROS2WorkSpace/install/custom_interfaces/share/custom_interfaces/cmake/export_custom_interfaces__rosidl_generator_cExport.cmake
[8.964s] -- Installing: /home/abolfazlmohammadpour/Temperature/ROS2WorkSpace/install/custom_interfaces/share/custom_interfaces/cmake/export_custom_interfaces__rosidl_generator_cExport-noconfig.cmake
[8.964s] -- Installing: /home/abolfazlmohammadpour/Temperature/ROS2WorkSpace/install/custom_interfaces/share/custom_interfaces/cmake/export_custom_interfaces__rosidl_typesupport_fastrtps_cExport.cmake
[8.965s] -- Installing: /home/abolfazlmohammadpour/Temperature/ROS2WorkSpace/install/custom_interfaces/share/custom_interfaces/cmake/export_custom_interfaces__rosidl_typesupport_fastrtps_cExport-noconfig.cmake
[8.966s] -- Installing: /home/abolfazlmohammadpour/Temperature/ROS2WorkSpace/install/custom_interfaces/share/custom_interfaces/cmake/custom_interfaces__rosidl_typesupport_introspection_cExport.cmake
[8.966s] -- Installing: /home/abolfazlmohammadpour/Temperature/ROS2WorkSpace/install/custom_interfaces/share/custom_interfaces/cmake/custom_interfaces__rosidl_typesupport_introspection_cExport-noconfig.cmake
[8.967s] -- Installing: /home/abolfazlmohammadpour/Temperature/ROS2WorkSpace/install/custom_interfaces/share/custom_interfaces/cmake/custom_interfaces__rosidl_typesupport_cExport.cmake
[8.968s] -- Installing: /home/abolfazlmohammadpour/Temperature/ROS2WorkSpace/install/custom_interfaces/share/custom_interfaces/cmake/custom_interfaces__rosidl_typesupport_cExport-noconfig.cmake
[8.968s] -- Installing: /home/abolfazlmohammadpour/Temperature/ROS2WorkSpace/install/custom_interfaces/share/custom_interfaces/cmake/export_custom_interfaces__rosidl_generator_cppExport.cmake
[8.969s] -- Installing: /home/abolfazlmohammadpour/Temperature/ROS2WorkSpace/install/custom_interfaces/share/custom_interfaces/cmake/export_custom_interfaces__rosidl_typesupport_fastrtps_cppExport.cmake
[8.970s] -- Installing: /home/abolfazlmohammadpour/Temperature/ROS2WorkSpace/install/custom_interfaces/share/custom_interfaces/cmake/export_custom_interfaces__rosidl_typesupport_fastrtps_cppExport-noconfig.cmake
[8.971s] -- Installing: /home/abolfazlmohammadpour/Temperature/ROS2WorkSpace/install/custom_interfaces/share/custom_interfaces/cmake/custom_interfaces__rosidl_typesupport_introspection_cppExport.cmake
[8.971s] -- Installing: /home/abolfazlmohammadpour/Temperature/ROS2WorkSpace/install/custom_interfaces/share/custom_interfaces/cmake/custom_interfaces__rosidl_typesupport_introspection_cppExport-noconfig.cmake
[8.972s] -- Installing: /home/abolfazlmohammadpour/Temperature/ROS2WorkSpace/install/custom_interfaces/share/custom_interfaces/cmake/custom_interfaces__rosidl_typesupport_cppExport.cmake
[8.972s] -- Installing: /home/abolfazlmohammadpour/Temperature/ROS2WorkSpace/install/custom_interfaces/share/custom_interfaces/cmake/custom_interfaces__rosidl_typesupport_cppExport-noconfig.cmake
[8.973s] -- Installing: /home/abolfazlmohammadpour/Temperature/ROS2WorkSpace/install/custom_interfaces/share/custom_interfaces/cmake/export_custom_interfaces__rosidl_generator_pyExport.cmake
[8.974s] -- Installing: /home/abolfazlmohammadpour/Temperature/ROS2WorkSpace/install/custom_interfaces/share/custom_interfaces/cmake/export_custom_interfaces__rosidl_generator_pyExport-noconfig.cmake
[8.975s] -- Installing: /home/abolfazlmohammadpour/Temperature/ROS2WorkSpace/install/custom_interfaces/share/custom_interfaces/cmake/rosidl_cmake-extras.cmake
[8.976s] -- Installing: /home/abolfazlmohammadpour/Temperature/ROS2WorkSpace/install/custom_interfaces/share/custom_interfaces/cmake/ament_cmake_export_include_directories-extras.cmake
[8.977s] -- Installing: /home/abolfazlmohammadpour/Temperature/ROS2WorkSpace/install/custom_interfaces/share/custom_interfaces/cmake/ament_cmake_export_libraries-extras.cmake
[8.977s] -- Installing: /home/abolfazlmohammadpour/Temperature/ROS2WorkSpace/install/custom_interfaces/share/custom_interfaces/cmake/ament_cmake_export_targets-extras.cmake
[8.977s] -- Installing: /home/abolfazlmohammadpour/Temperature/ROS2WorkSpace/install/custom_interfaces/share/custom_interfaces/cmake/rosidl_cmake_export_typesupport_targets-extras.cmake
[8.977s] -- Installing: /home/abolfazlmohammadpour/Temperature/ROS2WorkSpace/install/custom_interfaces/share/custom_interfaces/cmake/ament_cmake_export_dependencies-extras.cmake
[8.978s] -- Installing: /home/abolfazlmohammadpour/Temperature/ROS2WorkSpace/install/custom_interfaces/share/custom_interfaces/cmake/rosidl_cmake_export_typesupport_libraries-extras.cmake
[8.978s] -- Installing: /home/abolfazlmohammadpour/Temperature/ROS2WorkSpace/install/custom_interfaces/share/custom_interfaces/cmake/custom_interfacesConfig.cmake
[8.978s] -- Installing: /home/abolfazlmohammadpour/Temperature/ROS2WorkSpace/install/custom_interfaces/share/custom_interfaces/cmake/custom_interfacesConfig-version.cmake
[8.978s] -- Installing: /home/abolfazlmohammadpour/Temperature/ROS2WorkSpace/install/custom_interfaces/share/custom_interfaces/package.xml
[8.984s] Invoked command in '/home/abolfazlmohammadpour/Temperature/ROS2WorkSpace/build/custom_interfaces' returned '0': CMAKE_PREFIX_PATH=${CMAKE_PREFIX_PATH}:/home/abolfazlmohammadpour/Temperature/ROS2WorkSpace/install/PythonPackage:/home/abolfazlmohammadpour/ROS2WorkSpace/install/PythonPackage:/opt/ros/iron WSLENV=ELECTRON_RUN_AS_NODE/w: /usr/bin/cmake --install /home/abolfazlmohammadpour/Temperature/ROS2WorkSpace/build/custom_interfaces
