-- Found ament_cmake: 2.0.4 (/opt/ros/iron/share/ament_cmake/cmake)
-- Found rclcpp: 21.0.5 (/opt/ros/iron/share/rclcpp/cmake)
-- Found rosidl_generator_c: 4.0.1 (/opt/ros/iron/share/rosidl_generator_c/cmake)
-- Found rosidl_generator_cpp: 4.0.1 (/opt/ros/iron/share/rosidl_generator_cpp/cmake)
-- Using all available rosidl_typesupport_c: rosidl_typesupport_fastrtps_c;rosidl_typesupport_introspection_c
-- Using all available rosidl_typesupport_cpp: rosidl_typesupport_fastrtps_cpp;rosidl_typesupport_introspection_cpp
-- Found rmw_implementation_cmake: 7.1.0 (/opt/ros/iron/share/rmw_implementation_cmake/cmake)
-- Found rmw_fastrtps_cpp: 7.1.3 (/opt/ros/iron/share/rmw_fastrtps_cpp/cmake)
-- Using RMW implementation 'rmw_fastrtps_cpp' as default
-- Found example_interfaces: 0.10.2 (/opt/ros/iron/share/example_interfaces/cmake)
-- Configuring done
-- Generating done
-- Build files have been written to: /home/abolfazlmohammadpour/Temperature/ROS2WorkSpace/build/CPlusPlusPackage
[35m[1mConsolidate compiler generated dependencies of target CPlusPlusNodeSubscriber[0m
[35m[1mConsolidate compiler generated dependencies of target CPlusPlusNode[0m
[35m[1mConsolidate compiler generated dependencies of target CPlusPlusNodePublisher[0m
[35m[1mConsolidate compiler generated dependencies of target CPlusPlusNode_OOP[0m
[35m[1mConsolidate compiler generated dependencies of target CPlusPlusNodeClient[0m
[35m[1mConsolidate compiler generated dependencies of target CPlusPlusNodeServer[0m
[  7%] [32mBuilding CXX object CMakeFiles/CPlusPlusNodeClient_OOP.dir/src/CPlusPlusNodeClient_OOP.cpp.o[0m
[ 21%] Built target CPlusPlusNodeSubscriber
[ 35%] Built target CPlusPlusNode
[ 64%] Built target CPlusPlusNodePublisher
[ 64%] Built target CPlusPlusNodeClient
[ 78%] Built target CPlusPlusNodeServer
[ 92%] Built target CPlusPlusNode_OOP
