[3.046s] DEBUG:colcon:Command line arguments: ['/usr/bin/colcon', 'list', '-p', '--base-paths', '/home/abolfazlmohammadpour/Temperature/ROS2WorkSpace']
[3.046s] DEBUG:colcon:Parsed command line arguments: Namespace(log_base=None, log_level=None, verb_name='list', build_base='build', ignore_user_meta=False, metas=['./colcon.meta'], base_paths=['/home/abolfazlmohammadpour/Temperature/ROS2WorkSpace'], packages_ignore=None, packages_ignore_regex=None, paths=None, packages_up_to=None, packages_up_to_regex=None, packages_above=None, packages_above_and_dependencies=None, packages_above_depth=None, packages_select_by_dep=None, packages_skip_by_dep=None, packages_skip_up_to=None, packages_select_build_failed=False, packages_skip_build_finished=False, packages_select_test_failures=False, packages_skip_test_passed=False, packages_select=None, packages_skip=None, packages_select_regex=None, packages_skip_regex=None, packages_start=None, packages_end=None, allow_overriding=[], topological_order=False, names_only=False, paths_only=True, topological_graph=False, topological_graph_dot=False, topological_graph_density=False, topological_graph_legend=False, topological_graph_dot_cluster=False, topological_graph_dot_include_skipped=False, verb_parser=<colcon_defaults.argument_parser.defaults.DefaultArgumentsDecorator object at 0x7ff37828fb50>, verb_extension=<colcon_package_information.verb.list.ListVerb object at 0x7ff37821d990>, main=<bound method ListVerb.main of <colcon_package_information.verb.list.ListVerb object at 0x7ff37821d990>>)
[3.263s] Level 1:colcon.colcon_core.package_discovery:discover_packages(colcon_meta) check parameters
[3.263s] Level 1:colcon.colcon_core.package_discovery:discover_packages(recursive) check parameters
[3.263s] Level 1:colcon.colcon_core.package_discovery:discover_packages(ignore) check parameters
[3.263s] Level 1:colcon.colcon_core.package_discovery:discover_packages(path) check parameters
[3.263s] Level 1:colcon.colcon_core.package_discovery:discover_packages(recursive) discover
[3.263s] INFO:colcon.colcon_core.package_discovery:Crawling recursively for packages in '/home/abolfazlmohammadpour/Temperature/ROS2WorkSpace'
[3.263s] Level 1:colcon.colcon_core.package_identification:_identify(/home/abolfazlmohammadpour/Temperature/ROS2WorkSpace) by extensions ['ignore', 'ignore_ament_install']
[3.264s] Level 1:colcon.colcon_core.package_identification:_identify(/home/abolfazlmohammadpour/Temperature/ROS2WorkSpace) by extension 'ignore'
[3.264s] Level 1:colcon.colcon_core.package_identification:_identify(/home/abolfazlmohammadpour/Temperature/ROS2WorkSpace) by extension 'ignore_ament_install'
[3.264s] Level 1:colcon.colcon_core.package_identification:_identify(/home/abolfazlmohammadpour/Temperature/ROS2WorkSpace) by extensions ['colcon_pkg']
[3.264s] Level 1:colcon.colcon_core.package_identification:_identify(/home/abolfazlmohammadpour/Temperature/ROS2WorkSpace) by extension 'colcon_pkg'
[3.264s] Level 1:colcon.colcon_core.package_identification:_identify(/home/abolfazlmohammadpour/Temperature/ROS2WorkSpace) by extensions ['colcon_meta']
[3.264s] Level 1:colcon.colcon_core.package_identification:_identify(/home/abolfazlmohammadpour/Temperature/ROS2WorkSpace) by extension 'colcon_meta'
[3.264s] Level 1:colcon.colcon_core.package_identification:_identify(/home/abolfazlmohammadpour/Temperature/ROS2WorkSpace) by extensions ['ros']
[3.264s] Level 1:colcon.colcon_core.package_identification:_identify(/home/abolfazlmohammadpour/Temperature/ROS2WorkSpace) by extension 'ros'
[3.287s] Level 1:colcon.colcon_core.package_identification:_identify(/home/abolfazlmohammadpour/Temperature/ROS2WorkSpace) by extensions ['cmake', 'python']
[3.287s] Level 1:colcon.colcon_core.package_identification:_identify(/home/abolfazlmohammadpour/Temperature/ROS2WorkSpace) by extension 'cmake'
[3.287s] Level 1:colcon.colcon_core.package_identification:_identify(/home/abolfazlmohammadpour/Temperature/ROS2WorkSpace) by extension 'python'
[3.287s] Level 1:colcon.colcon_core.package_identification:_identify(/home/abolfazlmohammadpour/Temperature/ROS2WorkSpace) by extensions ['python_setup_py']
[3.287s] Level 1:colcon.colcon_core.package_identification:_identify(/home/abolfazlmohammadpour/Temperature/ROS2WorkSpace) by extension 'python_setup_py'
[3.288s] Level 1:colcon.colcon_core.package_identification:_identify(/home/abolfazlmohammadpour/Temperature/ROS2WorkSpace/build) by extensions ['ignore', 'ignore_ament_install']
[3.288s] Level 1:colcon.colcon_core.package_identification:_identify(/home/abolfazlmohammadpour/Temperature/ROS2WorkSpace/build) by extension 'ignore'
[3.288s] Level 1:colcon.colcon_core.package_identification:_identify(/home/abolfazlmohammadpour/Temperature/ROS2WorkSpace/build) ignored
[3.288s] Level 1:colcon.colcon_core.package_identification:_identify(/home/abolfazlmohammadpour/Temperature/ROS2WorkSpace/install) by extensions ['ignore', 'ignore_ament_install']
[3.288s] Level 1:colcon.colcon_core.package_identification:_identify(/home/abolfazlmohammadpour/Temperature/ROS2WorkSpace/install) by extension 'ignore'
[3.288s] Level 1:colcon.colcon_core.package_identification:_identify(/home/abolfazlmohammadpour/Temperature/ROS2WorkSpace/install) ignored
[3.289s] Level 1:colcon.colcon_core.package_identification:_identify(/home/abolfazlmohammadpour/Temperature/ROS2WorkSpace/log) by extensions ['ignore', 'ignore_ament_install']
[3.289s] Level 1:colcon.colcon_core.package_identification:_identify(/home/abolfazlmohammadpour/Temperature/ROS2WorkSpace/log) by extension 'ignore'
[3.289s] Level 1:colcon.colcon_core.package_identification:_identify(/home/abolfazlmohammadpour/Temperature/ROS2WorkSpace/log) ignored
[3.289s] Level 1:colcon.colcon_core.package_identification:_identify(/home/abolfazlmohammadpour/Temperature/ROS2WorkSpace/src) by extensions ['ignore', 'ignore_ament_install']
[3.289s] Level 1:colcon.colcon_core.package_identification:_identify(/home/abolfazlmohammadpour/Temperature/ROS2WorkSpace/src) by extension 'ignore'
[3.289s] Level 1:colcon.colcon_core.package_identification:_identify(/home/abolfazlmohammadpour/Temperature/ROS2WorkSpace/src) by extension 'ignore_ament_install'
[3.290s] Level 1:colcon.colcon_core.package_identification:_identify(/home/abolfazlmohammadpour/Temperature/ROS2WorkSpace/src) by extensions ['colcon_pkg']
[3.290s] Level 1:colcon.colcon_core.package_identification:_identify(/home/abolfazlmohammadpour/Temperature/ROS2WorkSpace/src) by extension 'colcon_pkg'
[3.290s] Level 1:colcon.colcon_core.package_identification:_identify(/home/abolfazlmohammadpour/Temperature/ROS2WorkSpace/src) by extensions ['colcon_meta']
[3.290s] Level 1:colcon.colcon_core.package_identification:_identify(/home/abolfazlmohammadpour/Temperature/ROS2WorkSpace/src) by extension 'colcon_meta'
[3.290s] Level 1:colcon.colcon_core.package_identification:_identify(/home/abolfazlmohammadpour/Temperature/ROS2WorkSpace/src) by extensions ['ros']
[3.290s] Level 1:colcon.colcon_core.package_identification:_identify(/home/abolfazlmohammadpour/Temperature/ROS2WorkSpace/src) by extension 'ros'
[3.290s] Level 1:colcon.colcon_core.package_identification:_identify(/home/abolfazlmohammadpour/Temperature/ROS2WorkSpace/src) by extensions ['cmake', 'python']
[3.290s] Level 1:colcon.colcon_core.package_identification:_identify(/home/abolfazlmohammadpour/Temperature/ROS2WorkSpace/src) by extension 'cmake'
[3.290s] Level 1:colcon.colcon_core.package_identification:_identify(/home/abolfazlmohammadpour/Temperature/ROS2WorkSpace/src) by extension 'python'
[3.291s] Level 1:colcon.colcon_core.package_identification:_identify(/home/abolfazlmohammadpour/Temperature/ROS2WorkSpace/src) by extensions ['python_setup_py']
[3.291s] Level 1:colcon.colcon_core.package_identification:_identify(/home/abolfazlmohammadpour/Temperature/ROS2WorkSpace/src) by extension 'python_setup_py'
[3.291s] Level 1:colcon.colcon_core.package_identification:_identify(/home/abolfazlmohammadpour/Temperature/ROS2WorkSpace/src/TemperatureCPlusPlusPackage) by extensions ['ignore', 'ignore_ament_install']
[3.291s] Level 1:colcon.colcon_core.package_identification:_identify(/home/abolfazlmohammadpour/Temperature/ROS2WorkSpace/src/TemperatureCPlusPlusPackage) by extension 'ignore'
[3.291s] Level 1:colcon.colcon_core.package_identification:_identify(/home/abolfazlmohammadpour/Temperature/ROS2WorkSpace/src/TemperatureCPlusPlusPackage) by extension 'ignore_ament_install'
[3.291s] Level 1:colcon.colcon_core.package_identification:_identify(/home/abolfazlmohammadpour/Temperature/ROS2WorkSpace/src/TemperatureCPlusPlusPackage) by extensions ['colcon_pkg']
[3.291s] Level 1:colcon.colcon_core.package_identification:_identify(/home/abolfazlmohammadpour/Temperature/ROS2WorkSpace/src/TemperatureCPlusPlusPackage) by extension 'colcon_pkg'
[3.292s] Level 1:colcon.colcon_core.package_identification:_identify(/home/abolfazlmohammadpour/Temperature/ROS2WorkSpace/src/TemperatureCPlusPlusPackage) by extensions ['colcon_meta']
[3.292s] Level 1:colcon.colcon_core.package_identification:_identify(/home/abolfazlmohammadpour/Temperature/ROS2WorkSpace/src/TemperatureCPlusPlusPackage) by extension 'colcon_meta'
[3.292s] Level 1:colcon.colcon_core.package_identification:_identify(/home/abolfazlmohammadpour/Temperature/ROS2WorkSpace/src/TemperatureCPlusPlusPackage) by extensions ['ros']
[3.292s] Level 1:colcon.colcon_core.package_identification:_identify(/home/abolfazlmohammadpour/Temperature/ROS2WorkSpace/src/TemperatureCPlusPlusPackage) by extension 'ros'
[3.298s] DEBUG:colcon.colcon_core.package_identification:Package '/home/abolfazlmohammadpour/Temperature/ROS2WorkSpace/src/TemperatureCPlusPlusPackage' with type 'ros.ament_cmake' and name 'TemperatureCPlusPlusPackage'
[3.298s] Level 1:colcon.colcon_core.package_identification:_identify(/home/abolfazlmohammadpour/Temperature/ROS2WorkSpace/src/TemperaturePythonPackage) by extensions ['ignore', 'ignore_ament_install']
[3.299s] Level 1:colcon.colcon_core.package_identification:_identify(/home/abolfazlmohammadpour/Temperature/ROS2WorkSpace/src/TemperaturePythonPackage) by extension 'ignore'
[3.299s] Level 1:colcon.colcon_core.package_identification:_identify(/home/abolfazlmohammadpour/Temperature/ROS2WorkSpace/src/TemperaturePythonPackage) by extension 'ignore_ament_install'
[3.299s] Level 1:colcon.colcon_core.package_identification:_identify(/home/abolfazlmohammadpour/Temperature/ROS2WorkSpace/src/TemperaturePythonPackage) by extensions ['colcon_pkg']
[3.299s] Level 1:colcon.colcon_core.package_identification:_identify(/home/abolfazlmohammadpour/Temperature/ROS2WorkSpace/src/TemperaturePythonPackage) by extension 'colcon_pkg'
[3.299s] Level 1:colcon.colcon_core.package_identification:_identify(/home/abolfazlmohammadpour/Temperature/ROS2WorkSpace/src/TemperaturePythonPackage) by extensions ['colcon_meta']
[3.299s] Level 1:colcon.colcon_core.package_identification:_identify(/home/abolfazlmohammadpour/Temperature/ROS2WorkSpace/src/TemperaturePythonPackage) by extension 'colcon_meta'
[3.299s] Level 1:colcon.colcon_core.package_identification:_identify(/home/abolfazlmohammadpour/Temperature/ROS2WorkSpace/src/TemperaturePythonPackage) by extensions ['ros']
[3.300s] Level 1:colcon.colcon_core.package_identification:_identify(/home/abolfazlmohammadpour/Temperature/ROS2WorkSpace/src/TemperaturePythonPackage) by extension 'ros'
[3.301s] DEBUG:colcon.colcon_core.package_identification:Package '/home/abolfazlmohammadpour/Temperature/ROS2WorkSpace/src/TemperaturePythonPackage' with type 'ros.ament_python' and name 'TemperaturePythonPackage'
[3.301s] Level 1:colcon.colcon_core.package_discovery:discover_packages(recursive) using defaults
