[2.142s] Invoking command in '/home/abolfazlmohammadpour/Temperature/ROS2WorkSpace/src/TemperaturePythonPackage': PYTHONPATH=/home/abolfazlmohammadpour/Temperature/ROS2WorkSpace/build/TemperaturePythonPackage/prefix_override:/home/abolfazlmohammadpour/Temperature/ROS2WorkSpace/install/TemperaturePythonPackage/lib/python3.10/site-packages:${PYTHONPATH} WSLENV=ELECTRON_RUN_AS_NODE/w:WT_SESSION:WT_PROFILE_ID: /usr/bin/python3 setup.py egg_info --egg-base ../../build/TemperaturePythonPackage build --build-base /home/abolfazlmohammadpour/Temperature/ROS2WorkSpace/build/TemperaturePythonPackage/build install --record /home/abolfazlmohammadpour/Temperature/ROS2WorkSpace/build/TemperaturePythonPackage/install.log --single-version-externally-managed
[2.809s] running egg_info
[2.810s] writing ../../build/TemperaturePythonPackage/TemperaturePythonPackage.egg-info/PKG-INFO
[2.811s] writing dependency_links to ../../build/TemperaturePythonPackage/TemperaturePythonPackage.egg-info/dependency_links.txt
[2.812s] writing entry points to ../../build/TemperaturePythonPackage/TemperaturePythonPackage.egg-info/entry_points.txt
[2.812s] writing requirements to ../../build/TemperaturePythonPackage/TemperaturePythonPackage.egg-info/requires.txt
[2.813s] writing top-level names to ../../build/TemperaturePythonPackage/TemperaturePythonPackage.egg-info/top_level.txt
[2.817s] reading manifest file '../../build/TemperaturePythonPackage/TemperaturePythonPackage.egg-info/SOURCES.txt'
[2.820s] writing manifest file '../../build/TemperaturePythonPackage/TemperaturePythonPackage.egg-info/SOURCES.txt'
[2.820s] running build
[2.820s] running build_py
[2.821s] running install
[2.822s] /usr/lib/python3/dist-packages/setuptools/command/install.py:34: SetuptoolsDeprecationWarning: setup.py install is deprecated. Use build and pip and other standards-based tools.
[2.823s]   warnings.warn(
[2.824s] running install_lib
[2.826s] running install_data
[2.828s] running install_egg_info
[2.832s] removing '/home/abolfazlmohammadpour/Temperature/ROS2WorkSpace/install/TemperaturePythonPackage/lib/python3.10/site-packages/TemperaturePythonPackage-0.0.0-py3.10.egg-info' (and everything under it)
[2.833s] Copying ../../build/TemperaturePythonPackage/TemperaturePythonPackage.egg-info to /home/abolfazlmohammadpour/Temperature/ROS2WorkSpace/install/TemperaturePythonPackage/lib/python3.10/site-packages/TemperaturePythonPackage-0.0.0-py3.10.egg-info
[2.836s] running install_scripts
[2.895s] Installing TemperaturePythonNode script to /home/abolfazlmohammadpour/Temperature/ROS2WorkSpace/install/TemperaturePythonPackage/lib/TemperaturePythonPackage
[2.896s] Installing TemperaturePythonNode_OOP script to /home/abolfazlmohammadpour/Temperature/ROS2WorkSpace/install/TemperaturePythonPackage/lib/TemperaturePythonPackage
[2.897s] writing list of installed files to '/home/abolfazlmohammadpour/Temperature/ROS2WorkSpace/build/TemperaturePythonPackage/install.log'
[2.952s] Invoked command in '/home/abolfazlmohammadpour/Temperature/ROS2WorkSpace/src/TemperaturePythonPackage' returned '0': PYTHONPATH=/home/abolfazlmohammadpour/Temperature/ROS2WorkSpace/build/TemperaturePythonPackage/prefix_override:/home/abolfazlmohammadpour/Temperature/ROS2WorkSpace/install/TemperaturePythonPackage/lib/python3.10/site-packages:${PYTHONPATH} WSLENV=ELECTRON_RUN_AS_NODE/w:WT_SESSION:WT_PROFILE_ID: /usr/bin/python3 setup.py egg_info --egg-base ../../build/TemperaturePythonPackage build --build-base /home/abolfazlmohammadpour/Temperature/ROS2WorkSpace/build/TemperaturePythonPackage/build install --record /home/abolfazlmohammadpour/Temperature/ROS2WorkSpace/build/TemperaturePythonPackage/install.log --single-version-externally-managed
