[0.686s] Invoking command in '/home/abolfazlmohammadpour/Temperature/ROS2WorkSpace/src/TemperaturePythonPackage': PYTHONPATH=/home/abolfazlmohammadpour/Temperature/ROS2WorkSpace/build/TemperaturePythonPackage/prefix_override:/home/abolfazlmohammadpour/Temperature/ROS2WorkSpace/install/TemperaturePythonPackage/lib/python3.10/site-packages:${PYTHONPATH} WSLENV=ELECTRON_RUN_AS_NODE/w:WT_SESSION:WT_PROFILE_ID: /usr/bin/python3 setup.py egg_info --egg-base ../../build/TemperaturePythonPackage build --build-base /home/abolfazlmohammadpour/Temperature/ROS2WorkSpace/build/TemperaturePythonPackage/build install --record /home/abolfazlmohammadpour/Temperature/ROS2WorkSpace/build/TemperaturePythonPackage/install.log --single-version-externally-managed
[0.887s] running egg_info
[0.887s] writing ../../build/TemperaturePythonPackage/TemperaturePythonPackage.egg-info/PKG-INFO
[0.888s] writing dependency_links to ../../build/TemperaturePythonPackage/TemperaturePythonPackage.egg-info/dependency_links.txt
[0.888s] writing entry points to ../../build/TemperaturePythonPackage/TemperaturePythonPackage.egg-info/entry_points.txt
[0.888s] writing requirements to ../../build/TemperaturePythonPackage/TemperaturePythonPackage.egg-info/requires.txt
[0.888s] writing top-level names to ../../build/TemperaturePythonPackage/TemperaturePythonPackage.egg-info/top_level.txt
[0.890s] reading manifest file '../../build/TemperaturePythonPackage/TemperaturePythonPackage.egg-info/SOURCES.txt'
[0.891s] writing manifest file '../../build/TemperaturePythonPackage/TemperaturePythonPackage.egg-info/SOURCES.txt'
[0.891s] running build
[0.891s] running build_py
[0.891s] copying TemperaturePythonPackage/TemperaturePythonNode_OOP.py -> /home/abolfazlmohammadpour/Temperature/ROS2WorkSpace/build/TemperaturePythonPackage/build/lib/TemperaturePythonPackage
[0.892s] running install
[0.892s] /usr/lib/python3/dist-packages/setuptools/command/install.py:34: SetuptoolsDeprecationWarning: setup.py install is deprecated. Use build and pip and other standards-based tools.
[0.892s]   warnings.warn(
[0.892s] running install_lib
[0.893s] copying /home/abolfazlmohammadpour/Temperature/ROS2WorkSpace/build/TemperaturePythonPackage/build/lib/TemperaturePythonPackage/TemperaturePythonNode_OOP.py -> /home/abolfazlmohammadpour/Temperature/ROS2WorkSpace/install/TemperaturePythonPackage/lib/python3.10/site-packages/TemperaturePythonPackage
[0.893s] byte-compiling /home/abolfazlmohammadpour/Temperature/ROS2WorkSpace/install/TemperaturePythonPackage/lib/python3.10/site-packages/TemperaturePythonPackage/TemperaturePythonNode_OOP.py to TemperaturePythonNode_OOP.cpython-310.pyc
[0.894s] running install_data
[0.894s] running install_egg_info
[0.896s] removing '/home/abolfazlmohammadpour/Temperature/ROS2WorkSpace/install/TemperaturePythonPackage/lib/python3.10/site-packages/TemperaturePythonPackage-0.0.0-py3.10.egg-info' (and everything under it)
[0.896s] Copying ../../build/TemperaturePythonPackage/TemperaturePythonPackage.egg-info to /home/abolfazlmohammadpour/Temperature/ROS2WorkSpace/install/TemperaturePythonPackage/lib/python3.10/site-packages/TemperaturePythonPackage-0.0.0-py3.10.egg-info
[0.897s] running install_scripts
[0.916s] Installing TemperaturePythonNode script to /home/abolfazlmohammadpour/Temperature/ROS2WorkSpace/install/TemperaturePythonPackage/lib/TemperaturePythonPackage
[0.916s] Installing TemperaturePythonNode_OOP script to /home/abolfazlmohammadpour/Temperature/ROS2WorkSpace/install/TemperaturePythonPackage/lib/TemperaturePythonPackage
[0.916s] writing list of installed files to '/home/abolfazlmohammadpour/Temperature/ROS2WorkSpace/build/TemperaturePythonPackage/install.log'
[0.936s] Invoked command in '/home/abolfazlmohammadpour/Temperature/ROS2WorkSpace/src/TemperaturePythonPackage' returned '0': PYTHONPATH=/home/abolfazlmohammadpour/Temperature/ROS2WorkSpace/build/TemperaturePythonPackage/prefix_override:/home/abolfazlmohammadpour/Temperature/ROS2WorkSpace/install/TemperaturePythonPackage/lib/python3.10/site-packages:${PYTHONPATH} WSLENV=ELECTRON_RUN_AS_NODE/w:WT_SESSION:WT_PROFILE_ID: /usr/bin/python3 setup.py egg_info --egg-base ../../build/TemperaturePythonPackage build --build-base /home/abolfazlmohammadpour/Temperature/ROS2WorkSpace/build/TemperaturePythonPackage/build install --record /home/abolfazlmohammadpour/Temperature/ROS2WorkSpace/build/TemperaturePythonPackage/install.log --single-version-externally-managed
