[0.722s] Invoking command in '/home/abolfazlmohammadpour/Temperature/ROS2WorkSpace/build/TemperatureCPlusPlusPackage': CMAKE_PREFIX_PATH=${CMAKE_PREFIX_PATH}:/home/abolfazlmohammadpour/Temperature/ROS2WorkSpace/install/PythonPackage:/home/abolfazlmohammadpour/Temperature/ROS2WorkSpace/install/TemperaturePythonPackage:/opt/ros/iron /usr/bin/cmake --build /home/abolfazlmohammadpour/Temperature/ROS2WorkSpace/build/TemperatureCPlusPlusPackage -- -j8 -l8
[0.755s] -- Found ament_cmake: 2.0.4 (/opt/ros/iron/share/ament_cmake/cmake)
[0.992s] -- Found rclcpp: 21.0.5 (/opt/ros/iron/share/rclcpp/cmake)
[1.220s] -- Found rosidl_generator_c: 4.0.1 (/opt/ros/iron/share/rosidl_generator_c/cmake)
[1.237s] -- Found rosidl_generator_cpp: 4.0.1 (/opt/ros/iron/share/rosidl_generator_cpp/cmake)
[1.264s] -- Using all available rosidl_typesupport_c: rosidl_typesupport_fastrtps_c;rosidl_typesupport_introspection_c
[1.303s] -- Using all available rosidl_typesupport_cpp: rosidl_typesupport_fastrtps_cpp;rosidl_typesupport_introspection_cpp
[1.634s] -- Found rmw_implementation_cmake: 7.1.0 (/opt/ros/iron/share/rmw_implementation_cmake/cmake)
[1.636s] -- Found rmw_fastrtps_cpp: 7.1.3 (/opt/ros/iron/share/rmw_fastrtps_cpp/cmake)
[8.677s] -- Using RMW implementation 'rmw_fastrtps_cpp' as default
[9.022s] WARNING: Package name "TemperatureCPlusPlusPackage" does not follow the naming conventions. It should start with a lower case letter and only contain lower case letters, digits, underscores, and dashes.
[9.045s] -- Configuring done
[9.061s] -- Generating done
[9.063s] -- Build files have been written to: /home/abolfazlmohammadpour/Temperature/ROS2WorkSpace/build/TemperatureCPlusPlusPackage
[9.096s] Invoked command in '/home/abolfazlmohammadpour/Temperature/ROS2WorkSpace/build/TemperatureCPlusPlusPackage' returned '0': CMAKE_PREFIX_PATH=${CMAKE_PREFIX_PATH}:/home/abolfazlmohammadpour/Temperature/ROS2WorkSpace/install/PythonPackage:/home/abolfazlmohammadpour/Temperature/ROS2WorkSpace/install/TemperaturePythonPackage:/opt/ros/iron /usr/bin/cmake --build /home/abolfazlmohammadpour/Temperature/ROS2WorkSpace/build/TemperatureCPlusPlusPackage -- -j8 -l8
[9.129s] Invoking command in '/home/abolfazlmohammadpour/Temperature/ROS2WorkSpace/build/TemperatureCPlusPlusPackage': CMAKE_PREFIX_PATH=${CMAKE_PREFIX_PATH}:/home/abolfazlmohammadpour/Temperature/ROS2WorkSpace/install/PythonPackage:/home/abolfazlmohammadpour/Temperature/ROS2WorkSpace/install/TemperaturePythonPackage:/opt/ros/iron /usr/bin/cmake --install /home/abolfazlmohammadpour/Temperature/ROS2WorkSpace/build/TemperatureCPlusPlusPackage
[9.139s] -- Install configuration: ""
[9.139s] -- Up-to-date: /home/abolfazlmohammadpour/Temperature/ROS2WorkSpace/install/TemperatureCPlusPlusPackage/share/ament_index/resource_index/package_run_dependencies/TemperatureCPlusPlusPackage
[9.139s] -- Installing: /home/abolfazlmohammadpour/Temperature/ROS2WorkSpace/install/TemperatureCPlusPlusPackage/share/ament_index/resource_index/parent_prefix_path/TemperatureCPlusPlusPackage
[9.140s] -- Up-to-date: /home/abolfazlmohammadpour/Temperature/ROS2WorkSpace/install/TemperatureCPlusPlusPackage/share/TemperatureCPlusPlusPackage/environment/ament_prefix_path.sh
[9.140s] -- Up-to-date: /home/abolfazlmohammadpour/Temperature/ROS2WorkSpace/install/TemperatureCPlusPlusPackage/share/TemperatureCPlusPlusPackage/environment/ament_prefix_path.dsv
[9.140s] -- Up-to-date: /home/abolfazlmohammadpour/Temperature/ROS2WorkSpace/install/TemperatureCPlusPlusPackage/share/TemperatureCPlusPlusPackage/environment/path.sh
[9.140s] -- Up-to-date: /home/abolfazlmohammadpour/Temperature/ROS2WorkSpace/install/TemperatureCPlusPlusPackage/share/TemperatureCPlusPlusPackage/environment/path.dsv
[9.141s] -- Up-to-date: /home/abolfazlmohammadpour/Temperature/ROS2WorkSpace/install/TemperatureCPlusPlusPackage/share/TemperatureCPlusPlusPackage/local_setup.bash
[9.141s] -- Up-to-date: /home/abolfazlmohammadpour/Temperature/ROS2WorkSpace/install/TemperatureCPlusPlusPackage/share/TemperatureCPlusPlusPackage/local_setup.sh
[9.141s] -- Up-to-date: /home/abolfazlmohammadpour/Temperature/ROS2WorkSpace/install/TemperatureCPlusPlusPackage/share/TemperatureCPlusPlusPackage/local_setup.zsh
[9.141s] -- Up-to-date: /home/abolfazlmohammadpour/Temperature/ROS2WorkSpace/install/TemperatureCPlusPlusPackage/share/TemperatureCPlusPlusPackage/local_setup.dsv
[9.141s] -- Installing: /home/abolfazlmohammadpour/Temperature/ROS2WorkSpace/install/TemperatureCPlusPlusPackage/share/TemperatureCPlusPlusPackage/package.dsv
[9.141s] -- Up-to-date: /home/abolfazlmohammadpour/Temperature/ROS2WorkSpace/install/TemperatureCPlusPlusPackage/share/ament_index/resource_index/packages/TemperatureCPlusPlusPackage
[9.141s] -- Up-to-date: /home/abolfazlmohammadpour/Temperature/ROS2WorkSpace/install/TemperatureCPlusPlusPackage/share/TemperatureCPlusPlusPackage/cmake/TemperatureCPlusPlusPackageConfig.cmake
[9.141s] -- Up-to-date: /home/abolfazlmohammadpour/Temperature/ROS2WorkSpace/install/TemperatureCPlusPlusPackage/share/TemperatureCPlusPlusPackage/cmake/TemperatureCPlusPlusPackageConfig-version.cmake
[9.141s] -- Up-to-date: /home/abolfazlmohammadpour/Temperature/ROS2WorkSpace/install/TemperatureCPlusPlusPackage/share/TemperatureCPlusPlusPackage/package.xml
[9.144s] Invoked command in '/home/abolfazlmohammadpour/Temperature/ROS2WorkSpace/build/TemperatureCPlusPlusPackage' returned '0': CMAKE_PREFIX_PATH=${CMAKE_PREFIX_PATH}:/home/abolfazlmohammadpour/Temperature/ROS2WorkSpace/install/PythonPackage:/home/abolfazlmohammadpour/Temperature/ROS2WorkSpace/install/TemperaturePythonPackage:/opt/ros/iron /usr/bin/cmake --install /home/abolfazlmohammadpour/Temperature/ROS2WorkSpace/build/TemperatureCPlusPlusPackage
