running egg_info
creating ../../build/PythonPackage/PythonPackage.egg-info
writing ../../build/PythonPackage/PythonPackage.egg-info/PKG-INFO
writing dependency_links to ../../build/PythonPackage/PythonPackage.egg-info/dependency_links.txt
writing entry points to ../../build/PythonPackage/PythonPackage.egg-info/entry_points.txt
writing requirements to ../../build/PythonPackage/PythonPackage.egg-info/requires.txt
writing top-level names to ../../build/PythonPackage/PythonPackage.egg-info/top_level.txt
writing manifest file '../../build/PythonPackage/PythonPackage.egg-info/SOURCES.txt'
reading manifest file '../../build/PythonPackage/PythonPackage.egg-info/SOURCES.txt'
writing manifest file '../../build/PythonPackage/PythonPackage.egg-info/SOURCES.txt'
running build
running build_py
creating /home/abolfazlmohammadpour/Temperature/ROS2WorkSpace/build/PythonPackage/build
creating /home/abolfazlmohammadpour/Temperature/ROS2WorkSpace/build/PythonPackage/build/lib
creating /home/abolfazlmohammadpour/Temperature/ROS2WorkSpace/build/PythonPackage/build/lib/PythonPackage
copying PythonPackage/__init__.py -> /home/abolfazlmohammadpour/Temperature/ROS2WorkSpace/build/PythonPackage/build/lib/PythonPackage
copying PythonPackage/PythonNode_OOP.py -> /home/abolfazlmohammadpour/Temperature/ROS2WorkSpace/build/PythonPackage/build/lib/PythonPackage
copying PythonPackage/PythonNode.py -> /home/abolfazlmohammadpour/Temperature/ROS2WorkSpace/build/PythonPackage/build/lib/PythonPackage
running install
/usr/lib/python3/dist-packages/setuptools/command/install.py:34: SetuptoolsDeprecationWarning: setup.py install is deprecated. Use build and pip and other standards-based tools.
  warnings.warn(
running install_lib
creating /home/abolfazlmohammadpour/Temperature/ROS2WorkSpace/install/PythonPackage/lib/python3.10/site-packages/PythonPackage
copying /home/abolfazlmohammadpour/Temperature/ROS2WorkSpace/build/PythonPackage/build/lib/PythonPackage/__init__.py -> /home/abolfazlmohammadpour/Temperature/ROS2WorkSpace/install/PythonPackage/lib/python3.10/site-packages/PythonPackage
copying /home/abolfazlmohammadpour/Temperature/ROS2WorkSpace/build/PythonPackage/build/lib/PythonPackage/PythonNode_OOP.py -> /home/abolfazlmohammadpour/Temperature/ROS2WorkSpace/install/PythonPackage/lib/python3.10/site-packages/PythonPackage
copying /home/abolfazlmohammadpour/Temperature/ROS2WorkSpace/build/PythonPackage/build/lib/PythonPackage/PythonNode.py -> /home/abolfazlmohammadpour/Temperature/ROS2WorkSpace/install/PythonPackage/lib/python3.10/site-packages/PythonPackage
byte-compiling /home/abolfazlmohammadpour/Temperature/ROS2WorkSpace/install/PythonPackage/lib/python3.10/site-packages/PythonPackage/__init__.py to __init__.cpython-310.pyc
byte-compiling /home/abolfazlmohammadpour/Temperature/ROS2WorkSpace/install/PythonPackage/lib/python3.10/site-packages/PythonPackage/PythonNode_OOP.py to PythonNode_OOP.cpython-310.pyc
byte-compiling /home/abolfazlmohammadpour/Temperature/ROS2WorkSpace/install/PythonPackage/lib/python3.10/site-packages/PythonPackage/PythonNode.py to PythonNode.cpython-310.pyc
running install_data
creating /home/abolfazlmohammadpour/Temperature/ROS2WorkSpace/install/PythonPackage/share/ament_index
creating /home/abolfazlmohammadpour/Temperature/ROS2WorkSpace/install/PythonPackage/share/ament_index/resource_index
creating /home/abolfazlmohammadpour/Temperature/ROS2WorkSpace/install/PythonPackage/share/ament_index/resource_index/packages
copying resource/PythonPackage -> /home/abolfazlmohammadpour/Temperature/ROS2WorkSpace/install/PythonPackage/share/ament_index/resource_index/packages
copying package.xml -> /home/abolfazlmohammadpour/Temperature/ROS2WorkSpace/install/PythonPackage/share/PythonPackage
running install_egg_info
Copying ../../build/PythonPackage/PythonPackage.egg-info to /home/abolfazlmohammadpour/Temperature/ROS2WorkSpace/install/PythonPackage/lib/python3.10/site-packages/PythonPackage-0.0.0-py3.10.egg-info
running install_scripts
Installing PythonNode script to /home/abolfazlmohammadpour/Temperature/ROS2WorkSpace/install/PythonPackage/lib/PythonPackage
Installing PythonNode_OOP script to /home/abolfazlmohammadpour/Temperature/ROS2WorkSpace/install/PythonPackage/lib/PythonPackage
writing list of installed files to '/home/abolfazlmohammadpour/Temperature/ROS2WorkSpace/build/PythonPackage/install.log'
