[0.332s] Invoking command in '/home/abolfazlmohammadpour/Temperature/ROS2WorkSpace/build/custom_launchfile': CMAKE_PREFIX_PATH=/home/abolfazlmohammadpour/Temperature/ROS2WorkSpace/install/CPlusPlusPackage:/home/abolfazlmohammadpour/Temperature/ROS2WorkSpace/install/custom_interfaces:/home/abolfazlmohammadpour/Temperature/ROS2WorkSpace/install/custom_launchfile:/home/abolfazlmohammadpour/ROS2WorkSpace/install/CPlusPlusPackage:/home/abolfazlmohammadpour/Temperature/ROS2WorkSpace/install/PythonPackage:/home/abolfazlmohammadpour/ROS2WorkSpace/install/PythonPackage:/opt/ros/iron WSLENV=ELECTRON_RUN_AS_NODE/w: /usr/bin/cmake --build /home/abolfazlmohammadpour/Temperature/ROS2WorkSpace/build/custom_launchfile -- -j8 -l8
[0.403s] Invoked command in '/home/abolfazlmohammadpour/Temperature/ROS2WorkSpace/build/custom_launchfile' returned '0': CMAKE_PREFIX_PATH=/home/abolfazlmohammadpour/Temperature/ROS2WorkSpace/install/CPlusPlusPackage:/home/abolfazlmohammadpour/Temperature/ROS2WorkSpace/install/custom_interfaces:/home/abolfazlmohammadpour/Temperature/ROS2WorkSpace/install/custom_launchfile:/home/abolfazlmohammadpour/ROS2WorkSpace/install/CPlusPlusPackage:/home/abolfazlmohammadpour/Temperature/ROS2WorkSpace/install/PythonPackage:/home/abolfazlmohammadpour/ROS2WorkSpace/install/PythonPackage:/opt/ros/iron WSLENV=ELECTRON_RUN_AS_NODE/w: /usr/bin/cmake --build /home/abolfazlmohammadpour/Temperature/ROS2WorkSpace/build/custom_launchfile -- -j8 -l8
[0.478s] Invoking command in '/home/abolfazlmohammadpour/Temperature/ROS2WorkSpace/build/custom_launchfile': CMAKE_PREFIX_PATH=/home/abolfazlmohammadpour/Temperature/ROS2WorkSpace/install/CPlusPlusPackage:/home/abolfazlmohammadpour/Temperature/ROS2WorkSpace/install/custom_interfaces:/home/abolfazlmohammadpour/Temperature/ROS2WorkSpace/install/custom_launchfile:/home/abolfazlmohammadpour/ROS2WorkSpace/install/CPlusPlusPackage:/home/abolfazlmohammadpour/Temperature/ROS2WorkSpace/install/PythonPackage:/home/abolfazlmohammadpour/ROS2WorkSpace/install/PythonPackage:/opt/ros/iron WSLENV=ELECTRON_RUN_AS_NODE/w: /usr/bin/cmake --install /home/abolfazlmohammadpour/Temperature/ROS2WorkSpace/build/custom_launchfile
[0.492s] -- Install configuration: ""
[0.492s] -- Up-to-date: /home/abolfazlmohammadpour/Temperature/ROS2WorkSpace/install/custom_launchfile/share/custom_launchfile/launch
[0.492s] -- Installing: /home/abolfazlmohammadpour/Temperature/ROS2WorkSpace/install/custom_launchfile/share/custom_launchfile/launch/CPlusPlusTopic.launch.py
[0.493s] -- Up-to-date: /home/abolfazlmohammadpour/Temperature/ROS2WorkSpace/install/custom_launchfile/share/ament_index/resource_index/package_run_dependencies/custom_launchfile
[0.493s] -- Up-to-date: /home/abolfazlmohammadpour/Temperature/ROS2WorkSpace/install/custom_launchfile/share/ament_index/resource_index/parent_prefix_path/custom_launchfile
[0.494s] -- Up-to-date: /home/abolfazlmohammadpour/Temperature/ROS2WorkSpace/install/custom_launchfile/share/custom_launchfile/environment/ament_prefix_path.sh
[0.494s] -- Up-to-date: /home/abolfazlmohammadpour/Temperature/ROS2WorkSpace/install/custom_launchfile/share/custom_launchfile/environment/ament_prefix_path.dsv
[0.495s] -- Up-to-date: /home/abolfazlmohammadpour/Temperature/ROS2WorkSpace/install/custom_launchfile/share/custom_launchfile/environment/path.sh
[0.495s] -- Up-to-date: /home/abolfazlmohammadpour/Temperature/ROS2WorkSpace/install/custom_launchfile/share/custom_launchfile/environment/path.dsv
[0.496s] -- Up-to-date: /home/abolfazlmohammadpour/Temperature/ROS2WorkSpace/install/custom_launchfile/share/custom_launchfile/local_setup.bash
[0.496s] -- Up-to-date: /home/abolfazlmohammadpour/Temperature/ROS2WorkSpace/install/custom_launchfile/share/custom_launchfile/local_setup.sh
[0.496s] -- Up-to-date: /home/abolfazlmohammadpour/Temperature/ROS2WorkSpace/install/custom_launchfile/share/custom_launchfile/local_setup.zsh
[0.497s] -- Up-to-date: /home/abolfazlmohammadpour/Temperature/ROS2WorkSpace/install/custom_launchfile/share/custom_launchfile/local_setup.dsv
[0.497s] -- Up-to-date: /home/abolfazlmohammadpour/Temperature/ROS2WorkSpace/install/custom_launchfile/share/custom_launchfile/package.dsv
[0.497s] -- Up-to-date: /home/abolfazlmohammadpour/Temperature/ROS2WorkSpace/install/custom_launchfile/share/ament_index/resource_index/packages/custom_launchfile
[0.497s] -- Up-to-date: /home/abolfazlmohammadpour/Temperature/ROS2WorkSpace/install/custom_launchfile/share/custom_launchfile/cmake/custom_launchfileConfig.cmake
[0.498s] -- Up-to-date: /home/abolfazlmohammadpour/Temperature/ROS2WorkSpace/install/custom_launchfile/share/custom_launchfile/cmake/custom_launchfileConfig-version.cmake
[0.500s] -- Up-to-date: /home/abolfazlmohammadpour/Temperature/ROS2WorkSpace/install/custom_launchfile/share/custom_launchfile/package.xml
[0.505s] Invoked command in '/home/abolfazlmohammadpour/Temperature/ROS2WorkSpace/build/custom_launchfile' returned '0': CMAKE_PREFIX_PATH=/home/abolfazlmohammadpour/Temperature/ROS2WorkSpace/install/CPlusPlusPackage:/home/abolfazlmohammadpour/Temperature/ROS2WorkSpace/install/custom_interfaces:/home/abolfazlmohammadpour/Temperature/ROS2WorkSpace/install/custom_launchfile:/home/abolfazlmohammadpour/ROS2WorkSpace/install/CPlusPlusPackage:/home/abolfazlmohammadpour/Temperature/ROS2WorkSpace/install/PythonPackage:/home/abolfazlmohammadpour/ROS2WorkSpace/install/PythonPackage:/opt/ros/iron WSLENV=ELECTRON_RUN_AS_NODE/w: /usr/bin/cmake --install /home/abolfazlmohammadpour/Temperature/ROS2WorkSpace/build/custom_launchfile
