[0.703s] Invoking command in '/home/abolfazlmohammadpour/Temperature/ROS2WorkSpace/src/PythonPackage': PYTHONPATH=/home/abolfazlmohammadpour/Temperature/ROS2WorkSpace/build/PythonPackage/prefix_override:/home/abolfazlmohammadpour/Temperature/ROS2WorkSpace/install/PythonPackage/lib/python3.10/site-packages:${PYTHONPATH} /usr/bin/python3 setup.py egg_info --egg-base ../../build/PythonPackage build --build-base /home/abolfazlmohammadpour/Temperature/ROS2WorkSpace/build/PythonPackage/build install --record /home/abolfazlmohammadpour/Temperature/ROS2WorkSpace/build/PythonPackage/install.log --single-version-externally-managed
[0.920s] running egg_info
[0.920s] writing ../../build/PythonPackage/PythonPackage.egg-info/PKG-INFO
[0.921s] writing dependency_links to ../../build/PythonPackage/PythonPackage.egg-info/dependency_links.txt
[0.921s] writing entry points to ../../build/PythonPackage/PythonPackage.egg-info/entry_points.txt
[0.921s] writing requirements to ../../build/PythonPackage/PythonPackage.egg-info/requires.txt
[0.921s] writing top-level names to ../../build/PythonPackage/PythonPackage.egg-info/top_level.txt
[0.923s] reading manifest file '../../build/PythonPackage/PythonPackage.egg-info/SOURCES.txt'
[0.924s] writing manifest file '../../build/PythonPackage/PythonPackage.egg-info/SOURCES.txt'
[0.924s] running build
[0.925s] running build_py
[0.925s] copying PythonPackage/PythonNodeSubscriber.py -> /home/abolfazlmohammadpour/Temperature/ROS2WorkSpace/build/PythonPackage/build/lib/PythonPackage
[0.925s] copying PythonPackage/PythonNodePublisher.py -> /home/abolfazlmohammadpour/Temperature/ROS2WorkSpace/build/PythonPackage/build/lib/PythonPackage
[0.925s] running install
[0.926s] /usr/lib/python3/dist-packages/setuptools/command/install.py:34: SetuptoolsDeprecationWarning: setup.py install is deprecated. Use build and pip and other standards-based tools.
[0.926s]   warnings.warn(
[0.926s] running install_lib
[0.926s] copying /home/abolfazlmohammadpour/Temperature/ROS2WorkSpace/build/PythonPackage/build/lib/PythonPackage/PythonNodeSubscriber.py -> /home/abolfazlmohammadpour/Temperature/ROS2WorkSpace/install/PythonPackage/lib/python3.10/site-packages/PythonPackage
[0.926s] copying /home/abolfazlmohammadpour/Temperature/ROS2WorkSpace/build/PythonPackage/build/lib/PythonPackage/PythonNodePublisher.py -> /home/abolfazlmohammadpour/Temperature/ROS2WorkSpace/install/PythonPackage/lib/python3.10/site-packages/PythonPackage
[0.927s] byte-compiling /home/abolfazlmohammadpour/Temperature/ROS2WorkSpace/install/PythonPackage/lib/python3.10/site-packages/PythonPackage/PythonNodeSubscriber.py to PythonNodeSubscriber.cpython-310.pyc
[0.927s] byte-compiling /home/abolfazlmohammadpour/Temperature/ROS2WorkSpace/install/PythonPackage/lib/python3.10/site-packages/PythonPackage/PythonNodePublisher.py to PythonNodePublisher.cpython-310.pyc
[0.928s] running install_data
[0.928s] running install_egg_info
[0.932s] removing '/home/abolfazlmohammadpour/Temperature/ROS2WorkSpace/install/PythonPackage/lib/python3.10/site-packages/PythonPackage-0.0.0-py3.10.egg-info' (and everything under it)
[0.932s] Copying ../../build/PythonPackage/PythonPackage.egg-info to /home/abolfazlmohammadpour/Temperature/ROS2WorkSpace/install/PythonPackage/lib/python3.10/site-packages/PythonPackage-0.0.0-py3.10.egg-info
[0.934s] running install_scripts
[0.953s] Installing PythonNode script to /home/abolfazlmohammadpour/Temperature/ROS2WorkSpace/install/PythonPackage/lib/PythonPackage
[0.953s] Installing PythonNodePublisher script to /home/abolfazlmohammadpour/Temperature/ROS2WorkSpace/install/PythonPackage/lib/PythonPackage
[0.953s] Installing PythonNodeSubscriber script to /home/abolfazlmohammadpour/Temperature/ROS2WorkSpace/install/PythonPackage/lib/PythonPackage
[0.954s] Installing PythonNode_OOP script to /home/abolfazlmohammadpour/Temperature/ROS2WorkSpace/install/PythonPackage/lib/PythonPackage
[0.954s] writing list of installed files to '/home/abolfazlmohammadpour/Temperature/ROS2WorkSpace/build/PythonPackage/install.log'
[0.976s] Invoked command in '/home/abolfazlmohammadpour/Temperature/ROS2WorkSpace/src/PythonPackage' returned '0': PYTHONPATH=/home/abolfazlmohammadpour/Temperature/ROS2WorkSpace/build/PythonPackage/prefix_override:/home/abolfazlmohammadpour/Temperature/ROS2WorkSpace/install/PythonPackage/lib/python3.10/site-packages:${PYTHONPATH} /usr/bin/python3 setup.py egg_info --egg-base ../../build/PythonPackage build --build-base /home/abolfazlmohammadpour/Temperature/ROS2WorkSpace/build/PythonPackage/build install --record /home/abolfazlmohammadpour/Temperature/ROS2WorkSpace/build/PythonPackage/install.log --single-version-externally-managed
