[1.466s] Invoking command in '/home/abolfazlmohammadpour/Temperature/ROS2WorkSpace/src/PythonPackage': PYTHONPATH=/home/abolfazlmohammadpour/Temperature/ROS2WorkSpace/build/PythonPackage/prefix_override:/home/abolfazlmohammadpour/Temperature/ROS2WorkSpace/install/PythonPackage/lib/python3.10/site-packages:${PYTHONPATH} /usr/bin/python3 setup.py egg_info --egg-base ../../build/PythonPackage build --build-base /home/abolfazlmohammadpour/Temperature/ROS2WorkSpace/build/PythonPackage/build install --record /home/abolfazlmohammadpour/Temperature/ROS2WorkSpace/build/PythonPackage/install.log --single-version-externally-managed
[1.972s] running egg_info
[1.973s] writing ../../build/PythonPackage/PythonPackage.egg-info/PKG-INFO
[1.973s] writing dependency_links to ../../build/PythonPackage/PythonPackage.egg-info/dependency_links.txt
[1.974s] writing entry points to ../../build/PythonPackage/PythonPackage.egg-info/entry_points.txt
[1.975s] writing requirements to ../../build/PythonPackage/PythonPackage.egg-info/requires.txt
[1.975s] writing top-level names to ../../build/PythonPackage/PythonPackage.egg-info/top_level.txt
[1.979s] reading manifest file '../../build/PythonPackage/PythonPackage.egg-info/SOURCES.txt'
[1.981s] writing manifest file '../../build/PythonPackage/PythonPackage.egg-info/SOURCES.txt'
[1.982s] running build
[1.982s] running build_py
[1.983s] copying PythonPackage/PythonNodeSubscriber.py -> /home/abolfazlmohammadpour/Temperature/ROS2WorkSpace/build/PythonPackage/build/lib/PythonPackage
[1.984s] running install
[1.984s] /usr/lib/python3/dist-packages/setuptools/command/install.py:34: SetuptoolsDeprecationWarning: setup.py install is deprecated. Use build and pip and other standards-based tools.
[1.985s]   warnings.warn(
[1.985s] running install_lib
[1.986s] copying /home/abolfazlmohammadpour/Temperature/ROS2WorkSpace/build/PythonPackage/build/lib/PythonPackage/PythonNodeSubscriber.py -> /home/abolfazlmohammadpour/Temperature/ROS2WorkSpace/install/PythonPackage/lib/python3.10/site-packages/PythonPackage
[1.987s] byte-compiling /home/abolfazlmohammadpour/Temperature/ROS2WorkSpace/install/PythonPackage/lib/python3.10/site-packages/PythonPackage/PythonNodeSubscriber.py to PythonNodeSubscriber.cpython-310.pyc
[1.988s] running install_data
[1.989s] running install_egg_info
[1.992s] removing '/home/abolfazlmohammadpour/Temperature/ROS2WorkSpace/install/PythonPackage/lib/python3.10/site-packages/PythonPackage-0.0.0-py3.10.egg-info' (and everything under it)
[1.993s] Copying ../../build/PythonPackage/PythonPackage.egg-info to /home/abolfazlmohammadpour/Temperature/ROS2WorkSpace/install/PythonPackage/lib/python3.10/site-packages/PythonPackage-0.0.0-py3.10.egg-info
[1.995s] running install_scripts
[2.034s] Installing PythonNode script to /home/abolfazlmohammadpour/Temperature/ROS2WorkSpace/install/PythonPackage/lib/PythonPackage
[2.036s] Installing PythonNodePublisher script to /home/abolfazlmohammadpour/Temperature/ROS2WorkSpace/install/PythonPackage/lib/PythonPackage
[2.037s] Installing PythonNodeSubscriber script to /home/abolfazlmohammadpour/Temperature/ROS2WorkSpace/install/PythonPackage/lib/PythonPackage
[2.038s] Installing PythonNode_OOP script to /home/abolfazlmohammadpour/Temperature/ROS2WorkSpace/install/PythonPackage/lib/PythonPackage
[2.039s] writing list of installed files to '/home/abolfazlmohammadpour/Temperature/ROS2WorkSpace/build/PythonPackage/install.log'
[2.078s] Invoked command in '/home/abolfazlmohammadpour/Temperature/ROS2WorkSpace/src/PythonPackage' returned '0': PYTHONPATH=/home/abolfazlmohammadpour/Temperature/ROS2WorkSpace/build/PythonPackage/prefix_override:/home/abolfazlmohammadpour/Temperature/ROS2WorkSpace/install/PythonPackage/lib/python3.10/site-packages:${PYTHONPATH} /usr/bin/python3 setup.py egg_info --egg-base ../../build/PythonPackage build --build-base /home/abolfazlmohammadpour/Temperature/ROS2WorkSpace/build/PythonPackage/build install --record /home/abolfazlmohammadpour/Temperature/ROS2WorkSpace/build/PythonPackage/install.log --single-version-externally-managed
