running egg_info
creating ../../build/TemperaturePythonPackage/TemperaturePythonPackage.egg-info
writing ../../build/TemperaturePythonPackage/TemperaturePythonPackage.egg-info/PKG-INFO
writing dependency_links to ../../build/TemperaturePythonPackage/TemperaturePythonPackage.egg-info/dependency_links.txt
writing entry points to ../../build/TemperaturePythonPackage/TemperaturePythonPackage.egg-info/entry_points.txt
writing requirements to ../../build/TemperaturePythonPackage/TemperaturePythonPackage.egg-info/requires.txt
writing top-level names to ../../build/TemperaturePythonPackage/TemperaturePythonPackage.egg-info/top_level.txt
writing manifest file '../../build/TemperaturePythonPackage/TemperaturePythonPackage.egg-info/SOURCES.txt'
reading manifest file '../../build/TemperaturePythonPackage/TemperaturePythonPackage.egg-info/SOURCES.txt'
writing manifest file '../../build/TemperaturePythonPackage/TemperaturePythonPackage.egg-info/SOURCES.txt'
running build
running build_py
creating /home/abolfazlmohammadpour/Temperature/ROS2WorkSpace/build/TemperaturePythonPackage/build
creating /home/abolfazlmohammadpour/Temperature/ROS2WorkSpace/build/TemperaturePythonPackage/build/lib
creating /home/abolfazlmohammadpour/Temperature/ROS2WorkSpace/build/TemperaturePythonPackage/build/lib/TemperaturePythonPackage
copying TemperaturePythonPackage/__init__.py -> /home/abolfazlmohammadpour/Temperature/ROS2WorkSpace/build/TemperaturePythonPackage/build/lib/TemperaturePythonPackage
running install
running install_lib
creating /home/abolfazlmohammadpour/Temperature/ROS2WorkSpace/install/TemperaturePythonPackage/lib/python3.10/site-packages/TemperaturePythonPackage
copying /home/abolfazlmohammadpour/Temperature/ROS2WorkSpace/build/TemperaturePythonPackage/build/lib/TemperaturePythonPackage/__init__.py -> /home/abolfazlmohammadpour/Temperature/ROS2WorkSpace/install/TemperaturePythonPackage/lib/python3.10/site-packages/TemperaturePythonPackage
byte-compiling /home/abolfazlmohammadpour/Temperature/ROS2WorkSpace/install/TemperaturePythonPackage/lib/python3.10/site-packages/TemperaturePythonPackage/__init__.py to __init__.cpython-310.pyc
running install_data
creating /home/abolfazlmohammadpour/Temperature/ROS2WorkSpace/install/TemperaturePythonPackage/share/ament_index
creating /home/abolfazlmohammadpour/Temperature/ROS2WorkSpace/install/TemperaturePythonPackage/share/ament_index/resource_index
creating /home/abolfazlmohammadpour/Temperature/ROS2WorkSpace/install/TemperaturePythonPackage/share/ament_index/resource_index/packages
copying resource/TemperaturePythonPackage -> /home/abolfazlmohammadpour/Temperature/ROS2WorkSpace/install/TemperaturePythonPackage/share/ament_index/resource_index/packages
copying package.xml -> /home/abolfazlmohammadpour/Temperature/ROS2WorkSpace/install/TemperaturePythonPackage/share/TemperaturePythonPackage
running install_egg_info
Copying ../../build/TemperaturePythonPackage/TemperaturePythonPackage.egg-info to /home/abolfazlmohammadpour/Temperature/ROS2WorkSpace/install/TemperaturePythonPackage/lib/python3.10/site-packages/TemperaturePythonPackage-0.0.0-py3.10.egg-info
running install_scripts
writing list of installed files to '/home/abolfazlmohammadpour/Temperature/ROS2WorkSpace/build/TemperaturePythonPackage/install.log'
