[2.291s] Invoking command in '/home/abolfazlmohammadpour/Temperature/ROS2WorkSpace/src/TemperaturePythonPackage': PYTHONPATH=/home/abolfazlmohammadpour/Temperature/ROS2WorkSpace/build/TemperaturePythonPackage/prefix_override:/home/abolfazlmohammadpour/Temperature/ROS2WorkSpace/install/TemperaturePythonPackage/lib/python3.10/site-packages:${PYTHONPATH} /usr/bin/python3 setup.py egg_info --egg-base ../../build/TemperaturePythonPackage build --build-base /home/abolfazlmohammadpour/Temperature/ROS2WorkSpace/build/TemperaturePythonPackage/build install --record /home/abolfazlmohammadpour/Temperature/ROS2WorkSpace/build/TemperaturePythonPackage/install.log --single-version-externally-managed
[2.944s] running egg_info
[2.946s] creating ../../build/TemperaturePythonPackage/TemperaturePythonPackage.egg-info
[2.947s] writing ../../build/TemperaturePythonPackage/TemperaturePythonPackage.egg-info/PKG-INFO
[2.947s] writing dependency_links to ../../build/TemperaturePythonPackage/TemperaturePythonPackage.egg-info/dependency_links.txt
[2.949s] writing entry points to ../../build/TemperaturePythonPackage/TemperaturePythonPackage.egg-info/entry_points.txt
[2.949s] writing requirements to ../../build/TemperaturePythonPackage/TemperaturePythonPackage.egg-info/requires.txt
[2.950s] writing top-level names to ../../build/TemperaturePythonPackage/TemperaturePythonPackage.egg-info/top_level.txt
[2.951s] writing manifest file '../../build/TemperaturePythonPackage/TemperaturePythonPackage.egg-info/SOURCES.txt'
[2.956s] reading manifest file '../../build/TemperaturePythonPackage/TemperaturePythonPackage.egg-info/SOURCES.txt'
[2.960s] writing manifest file '../../build/TemperaturePythonPackage/TemperaturePythonPackage.egg-info/SOURCES.txt'
[2.961s] running build
[2.962s] running build_py
[2.962s] creating /home/abolfazlmohammadpour/Temperature/ROS2WorkSpace/build/TemperaturePythonPackage/build
[2.963s] creating /home/abolfazlmohammadpour/Temperature/ROS2WorkSpace/build/TemperaturePythonPackage/build/lib
[2.964s] creating /home/abolfazlmohammadpour/Temperature/ROS2WorkSpace/build/TemperaturePythonPackage/build/lib/TemperaturePythonPackage
[2.964s] copying TemperaturePythonPackage/__init__.py -> /home/abolfazlmohammadpour/Temperature/ROS2WorkSpace/build/TemperaturePythonPackage/build/lib/TemperaturePythonPackage
[2.964s] running install
[2.966s] /usr/lib/python3/dist-packages/setuptools/command/install.py:34: SetuptoolsDeprecationWarning: setup.py install is deprecated. Use build and pip and other standards-based tools.
[2.966s]   warnings.warn(
[2.967s] running install_lib
[2.969s] creating /home/abolfazlmohammadpour/Temperature/ROS2WorkSpace/install/TemperaturePythonPackage/lib/python3.10/site-packages/TemperaturePythonPackage
[2.970s] copying /home/abolfazlmohammadpour/Temperature/ROS2WorkSpace/build/TemperaturePythonPackage/build/lib/TemperaturePythonPackage/__init__.py -> /home/abolfazlmohammadpour/Temperature/ROS2WorkSpace/install/TemperaturePythonPackage/lib/python3.10/site-packages/TemperaturePythonPackage
[2.972s] byte-compiling /home/abolfazlmohammadpour/Temperature/ROS2WorkSpace/install/TemperaturePythonPackage/lib/python3.10/site-packages/TemperaturePythonPackage/__init__.py to __init__.cpython-310.pyc
[2.973s] running install_data
[2.975s] creating /home/abolfazlmohammadpour/Temperature/ROS2WorkSpace/install/TemperaturePythonPackage/share/ament_index
[2.976s] creating /home/abolfazlmohammadpour/Temperature/ROS2WorkSpace/install/TemperaturePythonPackage/share/ament_index/resource_index
[2.976s] creating /home/abolfazlmohammadpour/Temperature/ROS2WorkSpace/install/TemperaturePythonPackage/share/ament_index/resource_index/packages
[2.978s] copying resource/TemperaturePythonPackage -> /home/abolfazlmohammadpour/Temperature/ROS2WorkSpace/install/TemperaturePythonPackage/share/ament_index/resource_index/packages
[2.978s] copying package.xml -> /home/abolfazlmohammadpour/Temperature/ROS2WorkSpace/install/TemperaturePythonPackage/share/TemperaturePythonPackage
[2.979s] running install_egg_info
[2.984s] Copying ../../build/TemperaturePythonPackage/TemperaturePythonPackage.egg-info to /home/abolfazlmohammadpour/Temperature/ROS2WorkSpace/install/TemperaturePythonPackage/lib/python3.10/site-packages/TemperaturePythonPackage-0.0.0-py3.10.egg-info
[2.988s] running install_scripts
[3.062s] writing list of installed files to '/home/abolfazlmohammadpour/Temperature/ROS2WorkSpace/build/TemperaturePythonPackage/install.log'
[3.116s] Invoked command in '/home/abolfazlmohammadpour/Temperature/ROS2WorkSpace/src/TemperaturePythonPackage' returned '0': PYTHONPATH=/home/abolfazlmohammadpour/Temperature/ROS2WorkSpace/build/TemperaturePythonPackage/prefix_override:/home/abolfazlmohammadpour/Temperature/ROS2WorkSpace/install/TemperaturePythonPackage/lib/python3.10/site-packages:${PYTHONPATH} /usr/bin/python3 setup.py egg_info --egg-base ../../build/TemperaturePythonPackage build --build-base /home/abolfazlmohammadpour/Temperature/ROS2WorkSpace/build/TemperaturePythonPackage/build install --record /home/abolfazlmohammadpour/Temperature/ROS2WorkSpace/build/TemperaturePythonPackage/install.log --single-version-externally-managed
