[1.820s] DEBUG:colcon:Command line arguments: ['/usr/bin/colcon', 'build']
[1.820s] DEBUG:colcon:Parsed command line arguments: Namespace(log_base=None, log_level=None, verb_name='build', build_base='build', install_base='install', merge_install=False, symlink_install=False, test_result_base=None, continue_on_error=False, executor='parallel', parallel_workers=8, event_handlers=None, ignore_user_meta=False, metas=['./colcon.meta'], base_paths=['.'], packages_ignore=None, packages_ignore_regex=None, paths=None, packages_up_to=None, packages_up_to_regex=None, packages_above=None, packages_above_and_dependencies=None, packages_above_depth=None, packages_select_by_dep=None, packages_skip_by_dep=None, packages_skip_up_to=None, packages_select_build_failed=False, packages_skip_build_finished=False, packages_select_test_failures=False, packages_skip_test_passed=False, packages_select=None, packages_skip=None, packages_select_regex=None, packages_skip_regex=None, packages_start=None, packages_end=None, allow_overriding=[], cmake_args=None, cmake_target=None, cmake_target_skip_unavailable=False, cmake_clean_cache=False, cmake_clean_first=False, cmake_force_configure=False, ament_cmake_args=None, catkin_cmake_args=None, catkin_skip_building_tests=False, verb_parser=<colcon_defaults.argument_parser.defaults.DefaultArgumentsDecorator object at 0x7fe49dfd3730>, verb_extension=<colcon_core.verb.build.BuildVerb object at 0x7fe49dfd60b0>, main=<bound method BuildVerb.main of <colcon_core.verb.build.BuildVerb object at 0x7fe49dfd60b0>>)
[1.889s] Level 1:colcon.colcon_core.package_discovery:discover_packages(colcon_meta) check parameters
[1.889s] Level 1:colcon.colcon_core.package_discovery:discover_packages(recursive) check parameters
[1.889s] Level 1:colcon.colcon_core.package_discovery:discover_packages(ignore) check parameters
[1.889s] Level 1:colcon.colcon_core.package_discovery:discover_packages(path) check parameters
[1.889s] Level 1:colcon.colcon_core.package_discovery:discover_packages(colcon_meta) discover
[1.889s] Level 1:colcon.colcon_core.package_discovery:discover_packages(recursive) discover
[1.889s] INFO:colcon.colcon_core.package_discovery:Crawling recursively for packages in '/home/abolfazlmohammadpour/Temperature/ROS2WorkSpace'
[1.889s] Level 1:colcon.colcon_core.package_identification:_identify(.) by extensions ['ignore', 'ignore_ament_install']
[1.890s] Level 1:colcon.colcon_core.package_identification:_identify(.) by extension 'ignore'
[1.890s] Level 1:colcon.colcon_core.package_identification:_identify(.) by extension 'ignore_ament_install'
[1.890s] Level 1:colcon.colcon_core.package_identification:_identify(.) by extensions ['colcon_pkg']
[1.890s] Level 1:colcon.colcon_core.package_identification:_identify(.) by extension 'colcon_pkg'
[1.890s] Level 1:colcon.colcon_core.package_identification:_identify(.) by extensions ['colcon_meta']
[1.890s] Level 1:colcon.colcon_core.package_identification:_identify(.) by extension 'colcon_meta'
[1.890s] Level 1:colcon.colcon_core.package_identification:_identify(.) by extensions ['ros']
[1.890s] Level 1:colcon.colcon_core.package_identification:_identify(.) by extension 'ros'
[1.908s] Level 1:colcon.colcon_core.package_identification:_identify(.) by extensions ['cmake', 'python']
[1.908s] Level 1:colcon.colcon_core.package_identification:_identify(.) by extension 'cmake'
[1.908s] Level 1:colcon.colcon_core.package_identification:_identify(.) by extension 'python'
[1.908s] Level 1:colcon.colcon_core.package_identification:_identify(.) by extensions ['python_setup_py']
[1.908s] Level 1:colcon.colcon_core.package_identification:_identify(.) by extension 'python_setup_py'
[1.909s] Level 1:colcon.colcon_core.package_identification:_identify(build) by extensions ['ignore', 'ignore_ament_install']
[1.909s] Level 1:colcon.colcon_core.package_identification:_identify(build) by extension 'ignore'
[1.909s] Level 1:colcon.colcon_core.package_identification:_identify(build) ignored
[1.909s] Level 1:colcon.colcon_core.package_identification:_identify(install) by extensions ['ignore', 'ignore_ament_install']
[1.909s] Level 1:colcon.colcon_core.package_identification:_identify(install) by extension 'ignore'
[1.909s] Level 1:colcon.colcon_core.package_identification:_identify(install) ignored
[1.910s] Level 1:colcon.colcon_core.package_identification:_identify(log) by extensions ['ignore', 'ignore_ament_install']
[1.910s] Level 1:colcon.colcon_core.package_identification:_identify(log) by extension 'ignore'
[1.910s] Level 1:colcon.colcon_core.package_identification:_identify(log) ignored
[1.910s] Level 1:colcon.colcon_core.package_identification:_identify(src) by extensions ['ignore', 'ignore_ament_install']
[1.910s] Level 1:colcon.colcon_core.package_identification:_identify(src) by extension 'ignore'
[1.910s] Level 1:colcon.colcon_core.package_identification:_identify(src) by extension 'ignore_ament_install'
[1.910s] Level 1:colcon.colcon_core.package_identification:_identify(src) by extensions ['colcon_pkg']
[1.910s] Level 1:colcon.colcon_core.package_identification:_identify(src) by extension 'colcon_pkg'
[1.910s] Level 1:colcon.colcon_core.package_identification:_identify(src) by extensions ['colcon_meta']
[1.911s] Level 1:colcon.colcon_core.package_identification:_identify(src) by extension 'colcon_meta'
[1.911s] Level 1:colcon.colcon_core.package_identification:_identify(src) by extensions ['ros']
[1.911s] Level 1:colcon.colcon_core.package_identification:_identify(src) by extension 'ros'
[1.911s] Level 1:colcon.colcon_core.package_identification:_identify(src) by extensions ['cmake', 'python']
[1.911s] Level 1:colcon.colcon_core.package_identification:_identify(src) by extension 'cmake'
[1.911s] Level 1:colcon.colcon_core.package_identification:_identify(src) by extension 'python'
[1.911s] Level 1:colcon.colcon_core.package_identification:_identify(src) by extensions ['python_setup_py']
[1.911s] Level 1:colcon.colcon_core.package_identification:_identify(src) by extension 'python_setup_py'
[1.911s] Level 1:colcon.colcon_core.package_identification:_identify(src/CPlusPlusPackage) by extensions ['ignore', 'ignore_ament_install']
[1.911s] Level 1:colcon.colcon_core.package_identification:_identify(src/CPlusPlusPackage) by extension 'ignore'
[1.911s] Level 1:colcon.colcon_core.package_identification:_identify(src/CPlusPlusPackage) by extension 'ignore_ament_install'
[1.912s] Level 1:colcon.colcon_core.package_identification:_identify(src/CPlusPlusPackage) by extensions ['colcon_pkg']
[1.912s] Level 1:colcon.colcon_core.package_identification:_identify(src/CPlusPlusPackage) by extension 'colcon_pkg'
[1.912s] Level 1:colcon.colcon_core.package_identification:_identify(src/CPlusPlusPackage) by extensions ['colcon_meta']
[1.912s] Level 1:colcon.colcon_core.package_identification:_identify(src/CPlusPlusPackage) by extension 'colcon_meta'
[1.912s] Level 1:colcon.colcon_core.package_identification:_identify(src/CPlusPlusPackage) by extensions ['ros']
[1.912s] Level 1:colcon.colcon_core.package_identification:_identify(src/CPlusPlusPackage) by extension 'ros'
[1.915s] DEBUG:colcon.colcon_core.package_identification:Package 'src/CPlusPlusPackage' with type 'ros.ament_cmake' and name 'CPlusPlusPackage'
[1.916s] Level 1:colcon.colcon_core.package_identification:_identify(src/PythonPackage) by extensions ['ignore', 'ignore_ament_install']
[1.916s] Level 1:colcon.colcon_core.package_identification:_identify(src/PythonPackage) by extension 'ignore'
[1.916s] Level 1:colcon.colcon_core.package_identification:_identify(src/PythonPackage) by extension 'ignore_ament_install'
[1.916s] Level 1:colcon.colcon_core.package_identification:_identify(src/PythonPackage) by extensions ['colcon_pkg']
[1.916s] Level 1:colcon.colcon_core.package_identification:_identify(src/PythonPackage) by extension 'colcon_pkg'
[1.916s] Level 1:colcon.colcon_core.package_identification:_identify(src/PythonPackage) by extensions ['colcon_meta']
[1.916s] Level 1:colcon.colcon_core.package_identification:_identify(src/PythonPackage) by extension 'colcon_meta'
[1.916s] Level 1:colcon.colcon_core.package_identification:_identify(src/PythonPackage) by extensions ['ros']
[1.916s] Level 1:colcon.colcon_core.package_identification:_identify(src/PythonPackage) by extension 'ros'
[1.918s] DEBUG:colcon.colcon_core.package_identification:Package 'src/PythonPackage' with type 'ros.ament_python' and name 'PythonPackage'
[1.918s] Level 1:colcon.colcon_core.package_identification:_identify(src/custom_interfaces) by extensions ['ignore', 'ignore_ament_install']
[1.918s] Level 1:colcon.colcon_core.package_identification:_identify(src/custom_interfaces) by extension 'ignore'
[1.918s] Level 1:colcon.colcon_core.package_identification:_identify(src/custom_interfaces) by extension 'ignore_ament_install'
[1.918s] Level 1:colcon.colcon_core.package_identification:_identify(src/custom_interfaces) by extensions ['colcon_pkg']
[1.918s] Level 1:colcon.colcon_core.package_identification:_identify(src/custom_interfaces) by extension 'colcon_pkg'
[1.918s] Level 1:colcon.colcon_core.package_identification:_identify(src/custom_interfaces) by extensions ['colcon_meta']
[1.918s] Level 1:colcon.colcon_core.package_identification:_identify(src/custom_interfaces) by extension 'colcon_meta'
[1.918s] Level 1:colcon.colcon_core.package_identification:_identify(src/custom_interfaces) by extensions ['ros']
[1.918s] Level 1:colcon.colcon_core.package_identification:_identify(src/custom_interfaces) by extension 'ros'
[1.919s] DEBUG:colcon.colcon_core.package_identification:Package 'src/custom_interfaces' with type 'ros.ament_cmake' and name 'custom_interfaces'
[1.919s] Level 1:colcon.colcon_core.package_discovery:discover_packages(recursive) using defaults
[1.919s] Level 1:colcon.colcon_core.package_discovery:discover_packages(ignore) discover
[1.919s] Level 1:colcon.colcon_core.package_discovery:discover_packages(ignore) using defaults
[1.919s] Level 1:colcon.colcon_core.package_discovery:discover_packages(path) discover
[1.920s] Level 1:colcon.colcon_core.package_discovery:discover_packages(path) using defaults
[2.076s] Level 1:colcon.colcon_core.package_discovery:discover_packages(prefix_path) check parameters
[2.076s] Level 1:colcon.colcon_core.package_discovery:discover_packages(prefix_path) discover
[2.136s] DEBUG:colcon.colcon_installed_package_information.package_discovery:Found 3 installed packages in /home/abolfazlmohammadpour/Temperature/ROS2WorkSpace/install
[2.160s] DEBUG:colcon.colcon_installed_package_information.package_discovery:Found 2 installed packages in /home/abolfazlmohammadpour/ROS2WorkSpace/install
[2.189s] DEBUG:colcon.colcon_installed_package_information.package_discovery:Found 286 installed packages in /opt/ros/iron
[2.193s] Level 1:colcon.colcon_core.package_discovery:discover_packages(prefix_path) using defaults
[2.356s] Level 5:colcon.colcon_core.verb:set package 'custom_interfaces' build argument 'cmake_args' from command line to 'None'
[2.356s] Level 5:colcon.colcon_core.verb:set package 'custom_interfaces' build argument 'cmake_target' from command line to 'None'
[2.357s] Level 5:colcon.colcon_core.verb:set package 'custom_interfaces' build argument 'cmake_target_skip_unavailable' from command line to 'False'
[2.357s] Level 5:colcon.colcon_core.verb:set package 'custom_interfaces' build argument 'cmake_clean_cache' from command line to 'False'
[2.357s] Level 5:colcon.colcon_core.verb:set package 'custom_interfaces' build argument 'cmake_clean_first' from command line to 'False'
[2.357s] Level 5:colcon.colcon_core.verb:set package 'custom_interfaces' build argument 'cmake_force_configure' from command line to 'False'
[2.357s] Level 5:colcon.colcon_core.verb:set package 'custom_interfaces' build argument 'ament_cmake_args' from command line to 'None'
[2.357s] Level 5:colcon.colcon_core.verb:set package 'custom_interfaces' build argument 'catkin_cmake_args' from command line to 'None'
[2.357s] Level 5:colcon.colcon_core.verb:set package 'custom_interfaces' build argument 'catkin_skip_building_tests' from command line to 'False'
[2.357s] DEBUG:colcon.colcon_core.verb:Building package 'custom_interfaces' with the following arguments: {'ament_cmake_args': None, 'build_base': '/home/abolfazlmohammadpour/Temperature/ROS2WorkSpace/build/custom_interfaces', 'catkin_cmake_args': None, 'catkin_skip_building_tests': False, 'cmake_args': None, 'cmake_clean_cache': False, 'cmake_clean_first': False, 'cmake_force_configure': False, 'cmake_target': None, 'cmake_target_skip_unavailable': False, 'install_base': '/home/abolfazlmohammadpour/Temperature/ROS2WorkSpace/install/custom_interfaces', 'merge_install': False, 'path': '/home/abolfazlmohammadpour/Temperature/ROS2WorkSpace/src/custom_interfaces', 'symlink_install': False, 'test_result_base': None}
[2.378s] Level 5:colcon.colcon_core.verb:set package 'CPlusPlusPackage' build argument 'cmake_args' from command line to 'None'
[2.378s] Level 5:colcon.colcon_core.verb:set package 'CPlusPlusPackage' build argument 'cmake_target' from command line to 'None'
[2.378s] Level 5:colcon.colcon_core.verb:set package 'CPlusPlusPackage' build argument 'cmake_target_skip_unavailable' from command line to 'False'
[2.378s] Level 5:colcon.colcon_core.verb:set package 'CPlusPlusPackage' build argument 'cmake_clean_cache' from command line to 'False'
[2.378s] Level 5:colcon.colcon_core.verb:set package 'CPlusPlusPackage' build argument 'cmake_clean_first' from command line to 'False'
[2.378s] Level 5:colcon.colcon_core.verb:set package 'CPlusPlusPackage' build argument 'cmake_force_configure' from command line to 'False'
[2.379s] Level 5:colcon.colcon_core.verb:set package 'CPlusPlusPackage' build argument 'ament_cmake_args' from command line to 'None'
[2.379s] Level 5:colcon.colcon_core.verb:set package 'CPlusPlusPackage' build argument 'catkin_cmake_args' from command line to 'None'
[2.379s] Level 5:colcon.colcon_core.verb:set package 'CPlusPlusPackage' build argument 'catkin_skip_building_tests' from command line to 'False'
[2.379s] DEBUG:colcon.colcon_core.verb:Building package 'CPlusPlusPackage' with the following arguments: {'ament_cmake_args': None, 'build_base': '/home/abolfazlmohammadpour/Temperature/ROS2WorkSpace/build/CPlusPlusPackage', 'catkin_cmake_args': None, 'catkin_skip_building_tests': False, 'cmake_args': None, 'cmake_clean_cache': False, 'cmake_clean_first': False, 'cmake_force_configure': False, 'cmake_target': None, 'cmake_target_skip_unavailable': False, 'install_base': '/home/abolfazlmohammadpour/Temperature/ROS2WorkSpace/install/CPlusPlusPackage', 'merge_install': False, 'path': '/home/abolfazlmohammadpour/Temperature/ROS2WorkSpace/src/CPlusPlusPackage', 'symlink_install': False, 'test_result_base': None}
[2.400s] Level 5:colcon.colcon_core.verb:set package 'PythonPackage' build argument 'cmake_args' from command line to 'None'
[2.400s] Level 5:colcon.colcon_core.verb:set package 'PythonPackage' build argument 'cmake_target' from command line to 'None'
[2.400s] Level 5:colcon.colcon_core.verb:set package 'PythonPackage' build argument 'cmake_target_skip_unavailable' from command line to 'False'
[2.400s] Level 5:colcon.colcon_core.verb:set package 'PythonPackage' build argument 'cmake_clean_cache' from command line to 'False'
[2.400s] Level 5:colcon.colcon_core.verb:set package 'PythonPackage' build argument 'cmake_clean_first' from command line to 'False'
[2.400s] Level 5:colcon.colcon_core.verb:set package 'PythonPackage' build argument 'cmake_force_configure' from command line to 'False'
[2.400s] Level 5:colcon.colcon_core.verb:set package 'PythonPackage' build argument 'ament_cmake_args' from command line to 'None'
[2.400s] Level 5:colcon.colcon_core.verb:set package 'PythonPackage' build argument 'catkin_cmake_args' from command line to 'None'
[2.400s] Level 5:colcon.colcon_core.verb:set package 'PythonPackage' build argument 'catkin_skip_building_tests' from command line to 'False'
[2.400s] DEBUG:colcon.colcon_core.verb:Building package 'PythonPackage' with the following arguments: {'ament_cmake_args': None, 'build_base': '/home/abolfazlmohammadpour/Temperature/ROS2WorkSpace/build/PythonPackage', 'catkin_cmake_args': None, 'catkin_skip_building_tests': False, 'cmake_args': None, 'cmake_clean_cache': False, 'cmake_clean_first': False, 'cmake_force_configure': False, 'cmake_target': None, 'cmake_target_skip_unavailable': False, 'install_base': '/home/abolfazlmohammadpour/Temperature/ROS2WorkSpace/install/PythonPackage', 'merge_install': False, 'path': '/home/abolfazlmohammadpour/Temperature/ROS2WorkSpace/src/PythonPackage', 'symlink_install': False, 'test_result_base': None}
[2.423s] INFO:colcon.colcon_core.executor:Executing jobs using 'parallel' executor
[2.447s] DEBUG:colcon.colcon_parallel_executor.executor.parallel:run_until_complete
[2.447s] INFO:colcon.colcon_ros.task.ament_cmake.build:Building ROS package in '/home/abolfazlmohammadpour/Temperature/ROS2WorkSpace/src/custom_interfaces' with build type 'ament_cmake'
[2.447s] INFO:colcon.colcon_cmake.task.cmake.build:Building CMake package in '/home/abolfazlmohammadpour/Temperature/ROS2WorkSpace/src/custom_interfaces'
[2.474s] INFO:colcon.colcon_core.plugin_system:Skipping extension 'colcon_core.shell.bat': Not used on non-Windows systems
[2.475s] INFO:colcon.colcon_core.shell:Skip shell extension 'powershell' for command environment: Not usable outside of PowerShell
[2.475s] DEBUG:colcon.colcon_core.shell:Skip shell extension 'dsv' for command environment
[2.604s] DEBUG:colcon.colcon_core.event_handler.log_command:Invoking command in '/home/abolfazlmohammadpour/Temperature/ROS2WorkSpace/build/custom_interfaces': CMAKE_PREFIX_PATH=${CMAKE_PREFIX_PATH}:/home/abolfazlmohammadpour/Temperature/ROS2WorkSpace/install/PythonPackage:/home/abolfazlmohammadpour/ROS2WorkSpace/install/PythonPackage:/opt/ros/iron WSLENV=ELECTRON_RUN_AS_NODE/w: /usr/bin/cmake --build /home/abolfazlmohammadpour/Temperature/ROS2WorkSpace/build/custom_interfaces -- -j8 -l8
[3.164s] DEBUG:colcon.colcon_core.event_handler.log_command:Invoked command in '/home/abolfazlmohammadpour/Temperature/ROS2WorkSpace/build/custom_interfaces' returned '0': CMAKE_PREFIX_PATH=${CMAKE_PREFIX_PATH}:/home/abolfazlmohammadpour/Temperature/ROS2WorkSpace/install/PythonPackage:/home/abolfazlmohammadpour/ROS2WorkSpace/install/PythonPackage:/opt/ros/iron WSLENV=ELECTRON_RUN_AS_NODE/w: /usr/bin/cmake --build /home/abolfazlmohammadpour/Temperature/ROS2WorkSpace/build/custom_interfaces -- -j8 -l8
[3.868s] DEBUG:colcon.colcon_core.event_handler.log_command:Invoking command in '/home/abolfazlmohammadpour/Temperature/ROS2WorkSpace/build/custom_interfaces': CMAKE_PREFIX_PATH=${CMAKE_PREFIX_PATH}:/home/abolfazlmohammadpour/Temperature/ROS2WorkSpace/install/PythonPackage:/home/abolfazlmohammadpour/ROS2WorkSpace/install/PythonPackage:/opt/ros/iron WSLENV=ELECTRON_RUN_AS_NODE/w: /usr/bin/cmake --install /home/abolfazlmohammadpour/Temperature/ROS2WorkSpace/build/custom_interfaces
[4.101s] Level 1:colcon.colcon_core.environment:create_environment_scripts_only(custom_interfaces)
[4.104s] DEBUG:colcon.colcon_core.event_handler.log_command:Invoked command in '/home/abolfazlmohammadpour/Temperature/ROS2WorkSpace/build/custom_interfaces' returned '0': CMAKE_PREFIX_PATH=${CMAKE_PREFIX_PATH}:/home/abolfazlmohammadpour/Temperature/ROS2WorkSpace/install/PythonPackage:/home/abolfazlmohammadpour/ROS2WorkSpace/install/PythonPackage:/opt/ros/iron WSLENV=ELECTRON_RUN_AS_NODE/w: /usr/bin/cmake --install /home/abolfazlmohammadpour/Temperature/ROS2WorkSpace/build/custom_interfaces
[4.140s] Level 1:colcon.colcon_core.environment:checking '/home/abolfazlmohammadpour/Temperature/ROS2WorkSpace/install/custom_interfaces' for CMake module files
[4.141s] Level 1:colcon.colcon_core.environment:checking '/home/abolfazlmohammadpour/Temperature/ROS2WorkSpace/install/custom_interfaces' for CMake config files
[4.143s] Level 1:colcon.colcon_core.shell:create_environment_hook('custom_interfaces', 'cmake_prefix_path')
[4.195s] INFO:colcon.colcon_core.shell:Creating environment hook '/home/abolfazlmohammadpour/Temperature/ROS2WorkSpace/install/custom_interfaces/share/custom_interfaces/hook/cmake_prefix_path.ps1'
[4.196s] INFO:colcon.colcon_core.shell:Creating environment descriptor '/home/abolfazlmohammadpour/Temperature/ROS2WorkSpace/install/custom_interfaces/share/custom_interfaces/hook/cmake_prefix_path.dsv'
[4.197s] INFO:colcon.colcon_core.shell:Creating environment hook '/home/abolfazlmohammadpour/Temperature/ROS2WorkSpace/install/custom_interfaces/share/custom_interfaces/hook/cmake_prefix_path.sh'
[4.200s] Level 1:colcon.colcon_core.environment:checking '/home/abolfazlmohammadpour/Temperature/ROS2WorkSpace/install/custom_interfaces/lib'
[4.201s] Level 1:colcon.colcon_core.shell:create_environment_hook('custom_interfaces', 'ld_library_path_lib')
[4.242s] INFO:colcon.colcon_core.shell:Creating environment hook '/home/abolfazlmohammadpour/Temperature/ROS2WorkSpace/install/custom_interfaces/share/custom_interfaces/hook/ld_library_path_lib.ps1'
[4.243s] INFO:colcon.colcon_core.shell:Creating environment descriptor '/home/abolfazlmohammadpour/Temperature/ROS2WorkSpace/install/custom_interfaces/share/custom_interfaces/hook/ld_library_path_lib.dsv'
[4.243s] INFO:colcon.colcon_core.shell:Creating environment hook '/home/abolfazlmohammadpour/Temperature/ROS2WorkSpace/install/custom_interfaces/share/custom_interfaces/hook/ld_library_path_lib.sh'
[4.244s] Level 1:colcon.colcon_core.environment:checking '/home/abolfazlmohammadpour/Temperature/ROS2WorkSpace/install/custom_interfaces/bin'
[4.244s] Level 1:colcon.colcon_core.environment:checking '/home/abolfazlmohammadpour/Temperature/ROS2WorkSpace/install/custom_interfaces/lib/pkgconfig/custom_interfaces.pc'
[4.245s] Level 1:colcon.colcon_core.environment:checking '/home/abolfazlmohammadpour/Temperature/ROS2WorkSpace/install/custom_interfaces/lib/python3.10/site-packages'
[4.245s] Level 1:colcon.colcon_core.shell:create_environment_hook('custom_interfaces', 'pythonpath')
[4.268s] INFO:colcon.colcon_core.shell:Creating environment hook '/home/abolfazlmohammadpour/Temperature/ROS2WorkSpace/install/custom_interfaces/share/custom_interfaces/hook/pythonpath.ps1'
[4.269s] INFO:colcon.colcon_core.shell:Creating environment descriptor '/home/abolfazlmohammadpour/Temperature/ROS2WorkSpace/install/custom_interfaces/share/custom_interfaces/hook/pythonpath.dsv'
[4.270s] INFO:colcon.colcon_core.shell:Creating environment hook '/home/abolfazlmohammadpour/Temperature/ROS2WorkSpace/install/custom_interfaces/share/custom_interfaces/hook/pythonpath.sh'
[4.271s] Level 1:colcon.colcon_core.environment:checking '/home/abolfazlmohammadpour/Temperature/ROS2WorkSpace/install/custom_interfaces/bin'
[4.294s] INFO:colcon.colcon_core.shell:Creating package script '/home/abolfazlmohammadpour/Temperature/ROS2WorkSpace/install/custom_interfaces/share/custom_interfaces/package.ps1'
[4.296s] INFO:colcon.colcon_core.shell:Creating package descriptor '/home/abolfazlmohammadpour/Temperature/ROS2WorkSpace/install/custom_interfaces/share/custom_interfaces/package.dsv'
[4.296s] INFO:colcon.colcon_core.shell:Creating package script '/home/abolfazlmohammadpour/Temperature/ROS2WorkSpace/install/custom_interfaces/share/custom_interfaces/package.sh'
[4.298s] INFO:colcon.colcon_core.shell:Creating package script '/home/abolfazlmohammadpour/Temperature/ROS2WorkSpace/install/custom_interfaces/share/custom_interfaces/package.bash'
[4.298s] INFO:colcon.colcon_core.shell:Creating package script '/home/abolfazlmohammadpour/Temperature/ROS2WorkSpace/install/custom_interfaces/share/custom_interfaces/package.zsh'
[4.299s] Level 1:colcon.colcon_core.environment:create_file_with_runtime_dependencies(/home/abolfazlmohammadpour/Temperature/ROS2WorkSpace/install/custom_interfaces/share/colcon-core/packages/custom_interfaces)
[4.743s] Level 1:colcon.colcon_core.environment:create_environment_scripts_only(custom_interfaces)
[4.780s] Level 1:colcon.colcon_core.environment:checking '/home/abolfazlmohammadpour/Temperature/ROS2WorkSpace/install/custom_interfaces' for CMake module files
[4.781s] Level 1:colcon.colcon_core.environment:checking '/home/abolfazlmohammadpour/Temperature/ROS2WorkSpace/install/custom_interfaces' for CMake config files
[4.783s] Level 1:colcon.colcon_core.shell:create_environment_hook('custom_interfaces', 'cmake_prefix_path')
[4.820s] INFO:colcon.colcon_core.shell:Creating environment hook '/home/abolfazlmohammadpour/Temperature/ROS2WorkSpace/install/custom_interfaces/share/custom_interfaces/hook/cmake_prefix_path.ps1'
[4.821s] INFO:colcon.colcon_core.shell:Creating environment descriptor '/home/abolfazlmohammadpour/Temperature/ROS2WorkSpace/install/custom_interfaces/share/custom_interfaces/hook/cmake_prefix_path.dsv'
[4.821s] INFO:colcon.colcon_core.shell:Creating environment hook '/home/abolfazlmohammadpour/Temperature/ROS2WorkSpace/install/custom_interfaces/share/custom_interfaces/hook/cmake_prefix_path.sh'
[4.823s] Level 1:colcon.colcon_core.environment:checking '/home/abolfazlmohammadpour/Temperature/ROS2WorkSpace/install/custom_interfaces/lib'
[4.823s] Level 1:colcon.colcon_core.shell:create_environment_hook('custom_interfaces', 'ld_library_path_lib')
[4.851s] INFO:colcon.colcon_core.shell:Creating environment hook '/home/abolfazlmohammadpour/Temperature/ROS2WorkSpace/install/custom_interfaces/share/custom_interfaces/hook/ld_library_path_lib.ps1'
[4.852s] INFO:colcon.colcon_core.shell:Creating environment descriptor '/home/abolfazlmohammadpour/Temperature/ROS2WorkSpace/install/custom_interfaces/share/custom_interfaces/hook/ld_library_path_lib.dsv'
[4.852s] INFO:colcon.colcon_core.shell:Creating environment hook '/home/abolfazlmohammadpour/Temperature/ROS2WorkSpace/install/custom_interfaces/share/custom_interfaces/hook/ld_library_path_lib.sh'
[4.853s] Level 1:colcon.colcon_core.environment:checking '/home/abolfazlmohammadpour/Temperature/ROS2WorkSpace/install/custom_interfaces/bin'
[4.853s] Level 1:colcon.colcon_core.environment:checking '/home/abolfazlmohammadpour/Temperature/ROS2WorkSpace/install/custom_interfaces/lib/pkgconfig/custom_interfaces.pc'
[4.853s] Level 1:colcon.colcon_core.environment:checking '/home/abolfazlmohammadpour/Temperature/ROS2WorkSpace/install/custom_interfaces/lib/python3.10/site-packages'
[4.853s] Level 1:colcon.colcon_core.shell:create_environment_hook('custom_interfaces', 'pythonpath')
[4.876s] INFO:colcon.colcon_core.shell:Creating environment hook '/home/abolfazlmohammadpour/Temperature/ROS2WorkSpace/install/custom_interfaces/share/custom_interfaces/hook/pythonpath.ps1'
[4.876s] INFO:colcon.colcon_core.shell:Creating environment descriptor '/home/abolfazlmohammadpour/Temperature/ROS2WorkSpace/install/custom_interfaces/share/custom_interfaces/hook/pythonpath.dsv'
[4.877s] INFO:colcon.colcon_core.shell:Creating environment hook '/home/abolfazlmohammadpour/Temperature/ROS2WorkSpace/install/custom_interfaces/share/custom_interfaces/hook/pythonpath.sh'
[4.878s] Level 1:colcon.colcon_core.environment:checking '/home/abolfazlmohammadpour/Temperature/ROS2WorkSpace/install/custom_interfaces/bin'
[4.901s] INFO:colcon.colcon_core.shell:Creating package script '/home/abolfazlmohammadpour/Temperature/ROS2WorkSpace/install/custom_interfaces/share/custom_interfaces/package.ps1'
[4.902s] INFO:colcon.colcon_core.shell:Creating package descriptor '/home/abolfazlmohammadpour/Temperature/ROS2WorkSpace/install/custom_interfaces/share/custom_interfaces/package.dsv'
[4.903s] INFO:colcon.colcon_core.shell:Creating package script '/home/abolfazlmohammadpour/Temperature/ROS2WorkSpace/install/custom_interfaces/share/custom_interfaces/package.sh'
[4.903s] INFO:colcon.colcon_core.shell:Creating package script '/home/abolfazlmohammadpour/Temperature/ROS2WorkSpace/install/custom_interfaces/share/custom_interfaces/package.bash'
[4.904s] INFO:colcon.colcon_core.shell:Creating package script '/home/abolfazlmohammadpour/Temperature/ROS2WorkSpace/install/custom_interfaces/share/custom_interfaces/package.zsh'
[4.904s] Level 1:colcon.colcon_core.environment:create_file_with_runtime_dependencies(/home/abolfazlmohammadpour/Temperature/ROS2WorkSpace/install/custom_interfaces/share/colcon-core/packages/custom_interfaces)
[4.906s] INFO:colcon.colcon_ros.task.ament_cmake.build:Building ROS package in '/home/abolfazlmohammadpour/Temperature/ROS2WorkSpace/src/CPlusPlusPackage' with build type 'ament_cmake'
[4.906s] INFO:colcon.colcon_cmake.task.cmake.build:Building CMake package in '/home/abolfazlmohammadpour/Temperature/ROS2WorkSpace/src/CPlusPlusPackage'
[4.932s] INFO:colcon.colcon_core.shell:Skip shell extension 'powershell' for command environment: Not usable outside of PowerShell
[4.932s] DEBUG:colcon.colcon_core.shell:Skip shell extension 'dsv' for command environment
[5.034s] INFO:colcon.colcon_ros.task.ament_python.build:Building ROS package in '/home/abolfazlmohammadpour/Temperature/ROS2WorkSpace/src/PythonPackage' with build type 'ament_python'
[5.035s] Level 1:colcon.colcon_core.shell:create_environment_hook('PythonPackage', 'ament_prefix_path')
[5.078s] INFO:colcon.colcon_core.shell:Creating environment hook '/home/abolfazlmohammadpour/Temperature/ROS2WorkSpace/install/PythonPackage/share/PythonPackage/hook/ament_prefix_path.ps1'
[5.078s] INFO:colcon.colcon_core.shell:Creating environment descriptor '/home/abolfazlmohammadpour/Temperature/ROS2WorkSpace/install/PythonPackage/share/PythonPackage/hook/ament_prefix_path.dsv'
[5.079s] INFO:colcon.colcon_core.shell:Creating environment hook '/home/abolfazlmohammadpour/Temperature/ROS2WorkSpace/install/PythonPackage/share/PythonPackage/hook/ament_prefix_path.sh'
[5.112s] INFO:colcon.colcon_core.shell:Skip shell extension 'powershell' for command environment: Not usable outside of PowerShell
[5.112s] DEBUG:colcon.colcon_core.shell:Skip shell extension 'dsv' for command environment
[5.241s] DEBUG:colcon.colcon_core.event_handler.log_command:Invoking command in '/home/abolfazlmohammadpour/Temperature/ROS2WorkSpace/build/CPlusPlusPackage': CMAKE_PREFIX_PATH=${CMAKE_PREFIX_PATH}:/home/abolfazlmohammadpour/Temperature/ROS2WorkSpace/install/PythonPackage:/home/abolfazlmohammadpour/ROS2WorkSpace/install/PythonPackage:/opt/ros/iron WSLENV=ELECTRON_RUN_AS_NODE/w: /usr/bin/cmake --build /home/abolfazlmohammadpour/Temperature/ROS2WorkSpace/build/CPlusPlusPackage -- -j8 -l8
[6.033s] INFO:colcon.colcon_core.task.python.build:Building Python package in '/home/abolfazlmohammadpour/Temperature/ROS2WorkSpace/src/PythonPackage'
[6.102s] INFO:colcon.colcon_core.shell:Skip shell extension 'powershell' for command environment: Not usable outside of PowerShell
[6.102s] DEBUG:colcon.colcon_core.shell:Skip shell extension 'dsv' for command environment
[6.310s] DEBUG:colcon.colcon_core.event_handler.log_command:Invoked command in '/home/abolfazlmohammadpour/Temperature/ROS2WorkSpace/build/CPlusPlusPackage' returned '0': CMAKE_PREFIX_PATH=${CMAKE_PREFIX_PATH}:/home/abolfazlmohammadpour/Temperature/ROS2WorkSpace/install/PythonPackage:/home/abolfazlmohammadpour/ROS2WorkSpace/install/PythonPackage:/opt/ros/iron WSLENV=ELECTRON_RUN_AS_NODE/w: /usr/bin/cmake --build /home/abolfazlmohammadpour/Temperature/ROS2WorkSpace/build/CPlusPlusPackage -- -j8 -l8
[6.443s] DEBUG:colcon.colcon_core.event_handler.log_command:Invoking command in '/home/abolfazlmohammadpour/Temperature/ROS2WorkSpace/build/CPlusPlusPackage': CMAKE_PREFIX_PATH=${CMAKE_PREFIX_PATH}:/home/abolfazlmohammadpour/Temperature/ROS2WorkSpace/install/PythonPackage:/home/abolfazlmohammadpour/ROS2WorkSpace/install/PythonPackage:/opt/ros/iron WSLENV=ELECTRON_RUN_AS_NODE/w: /usr/bin/cmake --install /home/abolfazlmohammadpour/Temperature/ROS2WorkSpace/build/CPlusPlusPackage
[6.475s] Level 1:colcon.colcon_core.environment:create_environment_scripts_only(CPlusPlusPackage)
[6.478s] DEBUG:colcon.colcon_core.event_handler.log_command:Invoked command in '/home/abolfazlmohammadpour/Temperature/ROS2WorkSpace/build/CPlusPlusPackage' returned '0': CMAKE_PREFIX_PATH=${CMAKE_PREFIX_PATH}:/home/abolfazlmohammadpour/Temperature/ROS2WorkSpace/install/PythonPackage:/home/abolfazlmohammadpour/ROS2WorkSpace/install/PythonPackage:/opt/ros/iron WSLENV=ELECTRON_RUN_AS_NODE/w: /usr/bin/cmake --install /home/abolfazlmohammadpour/Temperature/ROS2WorkSpace/build/CPlusPlusPackage
[6.519s] Level 1:colcon.colcon_core.environment:checking '/home/abolfazlmohammadpour/Temperature/ROS2WorkSpace/install/CPlusPlusPackage' for CMake module files
[6.520s] Level 1:colcon.colcon_core.environment:checking '/home/abolfazlmohammadpour/Temperature/ROS2WorkSpace/install/CPlusPlusPackage' for CMake config files
[6.521s] Level 1:colcon.colcon_core.shell:create_environment_hook('CPlusPlusPackage', 'cmake_prefix_path')
[6.558s] INFO:colcon.colcon_core.shell:Creating environment hook '/home/abolfazlmohammadpour/Temperature/ROS2WorkSpace/install/CPlusPlusPackage/share/CPlusPlusPackage/hook/cmake_prefix_path.ps1'
[6.559s] INFO:colcon.colcon_core.shell:Creating environment descriptor '/home/abolfazlmohammadpour/Temperature/ROS2WorkSpace/install/CPlusPlusPackage/share/CPlusPlusPackage/hook/cmake_prefix_path.dsv'
[6.560s] INFO:colcon.colcon_core.shell:Creating environment hook '/home/abolfazlmohammadpour/Temperature/ROS2WorkSpace/install/CPlusPlusPackage/share/CPlusPlusPackage/hook/cmake_prefix_path.sh'
[6.561s] Level 1:colcon.colcon_core.environment:checking '/home/abolfazlmohammadpour/Temperature/ROS2WorkSpace/install/CPlusPlusPackage/lib'
[6.562s] Level 1:colcon.colcon_core.environment:checking '/home/abolfazlmohammadpour/Temperature/ROS2WorkSpace/install/CPlusPlusPackage/bin'
[6.562s] Level 1:colcon.colcon_core.environment:checking '/home/abolfazlmohammadpour/Temperature/ROS2WorkSpace/install/CPlusPlusPackage/lib/pkgconfig/CPlusPlusPackage.pc'
[6.562s] Level 1:colcon.colcon_core.environment:checking '/home/abolfazlmohammadpour/Temperature/ROS2WorkSpace/install/CPlusPlusPackage/lib/python3.10/site-packages'
[6.563s] Level 1:colcon.colcon_core.environment:checking '/home/abolfazlmohammadpour/Temperature/ROS2WorkSpace/install/CPlusPlusPackage/bin'
[6.603s] INFO:colcon.colcon_core.shell:Creating package script '/home/abolfazlmohammadpour/Temperature/ROS2WorkSpace/install/CPlusPlusPackage/share/CPlusPlusPackage/package.ps1'
[6.605s] INFO:colcon.colcon_core.shell:Creating package descriptor '/home/abolfazlmohammadpour/Temperature/ROS2WorkSpace/install/CPlusPlusPackage/share/CPlusPlusPackage/package.dsv'
[6.606s] INFO:colcon.colcon_core.shell:Creating package script '/home/abolfazlmohammadpour/Temperature/ROS2WorkSpace/install/CPlusPlusPackage/share/CPlusPlusPackage/package.sh'
[6.606s] INFO:colcon.colcon_core.shell:Creating package script '/home/abolfazlmohammadpour/Temperature/ROS2WorkSpace/install/CPlusPlusPackage/share/CPlusPlusPackage/package.bash'
[6.607s] INFO:colcon.colcon_core.shell:Creating package script '/home/abolfazlmohammadpour/Temperature/ROS2WorkSpace/install/CPlusPlusPackage/share/CPlusPlusPackage/package.zsh'
[6.608s] Level 1:colcon.colcon_core.environment:create_file_with_runtime_dependencies(/home/abolfazlmohammadpour/Temperature/ROS2WorkSpace/install/CPlusPlusPackage/share/colcon-core/packages/CPlusPlusPackage)
[6.769s] Level 1:colcon.colcon_core.environment:create_environment_scripts_only(CPlusPlusPackage)
[6.810s] Level 1:colcon.colcon_core.environment:checking '/home/abolfazlmohammadpour/Temperature/ROS2WorkSpace/install/CPlusPlusPackage' for CMake module files
[6.812s] Level 1:colcon.colcon_core.environment:checking '/home/abolfazlmohammadpour/Temperature/ROS2WorkSpace/install/CPlusPlusPackage' for CMake config files
[6.813s] Level 1:colcon.colcon_core.shell:create_environment_hook('CPlusPlusPackage', 'cmake_prefix_path')
[6.866s] INFO:colcon.colcon_core.shell:Creating environment hook '/home/abolfazlmohammadpour/Temperature/ROS2WorkSpace/install/CPlusPlusPackage/share/CPlusPlusPackage/hook/cmake_prefix_path.ps1'
[6.867s] INFO:colcon.colcon_core.shell:Creating environment descriptor '/home/abolfazlmohammadpour/Temperature/ROS2WorkSpace/install/CPlusPlusPackage/share/CPlusPlusPackage/hook/cmake_prefix_path.dsv'
[6.867s] INFO:colcon.colcon_core.shell:Creating environment hook '/home/abolfazlmohammadpour/Temperature/ROS2WorkSpace/install/CPlusPlusPackage/share/CPlusPlusPackage/hook/cmake_prefix_path.sh'
[6.869s] Level 1:colcon.colcon_core.environment:checking '/home/abolfazlmohammadpour/Temperature/ROS2WorkSpace/install/CPlusPlusPackage/lib'
[6.869s] Level 1:colcon.colcon_core.environment:checking '/home/abolfazlmohammadpour/Temperature/ROS2WorkSpace/install/CPlusPlusPackage/bin'
[6.869s] Level 1:colcon.colcon_core.environment:checking '/home/abolfazlmohammadpour/Temperature/ROS2WorkSpace/install/CPlusPlusPackage/lib/pkgconfig/CPlusPlusPackage.pc'
[6.870s] Level 1:colcon.colcon_core.environment:checking '/home/abolfazlmohammadpour/Temperature/ROS2WorkSpace/install/CPlusPlusPackage/lib/python3.10/site-packages'
[6.870s] Level 1:colcon.colcon_core.environment:checking '/home/abolfazlmohammadpour/Temperature/ROS2WorkSpace/install/CPlusPlusPackage/bin'
[6.898s] INFO:colcon.colcon_core.shell:Creating package script '/home/abolfazlmohammadpour/Temperature/ROS2WorkSpace/install/CPlusPlusPackage/share/CPlusPlusPackage/package.ps1'
[6.899s] INFO:colcon.colcon_core.shell:Creating package descriptor '/home/abolfazlmohammadpour/Temperature/ROS2WorkSpace/install/CPlusPlusPackage/share/CPlusPlusPackage/package.dsv'
[6.900s] INFO:colcon.colcon_core.shell:Creating package script '/home/abolfazlmohammadpour/Temperature/ROS2WorkSpace/install/CPlusPlusPackage/share/CPlusPlusPackage/package.sh'
[6.901s] INFO:colcon.colcon_core.shell:Creating package script '/home/abolfazlmohammadpour/Temperature/ROS2WorkSpace/install/CPlusPlusPackage/share/CPlusPlusPackage/package.bash'
[6.901s] INFO:colcon.colcon_core.shell:Creating package script '/home/abolfazlmohammadpour/Temperature/ROS2WorkSpace/install/CPlusPlusPackage/share/CPlusPlusPackage/package.zsh'
[6.902s] Level 1:colcon.colcon_core.environment:create_file_with_runtime_dependencies(/home/abolfazlmohammadpour/Temperature/ROS2WorkSpace/install/CPlusPlusPackage/share/colcon-core/packages/CPlusPlusPackage)
[7.330s] DEBUG:colcon.colcon_core.event_handler.log_command:Invoking command in '/home/abolfazlmohammadpour/Temperature/ROS2WorkSpace/src/PythonPackage': PYTHONPATH=/home/abolfazlmohammadpour/Temperature/ROS2WorkSpace/build/PythonPackage/prefix_override:/home/abolfazlmohammadpour/Temperature/ROS2WorkSpace/install/PythonPackage/lib/python3.10/site-packages:${PYTHONPATH} WSLENV=ELECTRON_RUN_AS_NODE/w: /usr/bin/python3 setup.py egg_info --egg-base ../../build/PythonPackage build --build-base /home/abolfazlmohammadpour/Temperature/ROS2WorkSpace/build/PythonPackage/build install --record /home/abolfazlmohammadpour/Temperature/ROS2WorkSpace/build/PythonPackage/install.log --single-version-externally-managed
[7.932s] DEBUG:colcon.colcon_core.event_handler.log_command:Invoked command in '/home/abolfazlmohammadpour/Temperature/ROS2WorkSpace/src/PythonPackage' returned '0': PYTHONPATH=/home/abolfazlmohammadpour/Temperature/ROS2WorkSpace/build/PythonPackage/prefix_override:/home/abolfazlmohammadpour/Temperature/ROS2WorkSpace/install/PythonPackage/lib/python3.10/site-packages:${PYTHONPATH} WSLENV=ELECTRON_RUN_AS_NODE/w: /usr/bin/python3 setup.py egg_info --egg-base ../../build/PythonPackage build --build-base /home/abolfazlmohammadpour/Temperature/ROS2WorkSpace/build/PythonPackage/build install --record /home/abolfazlmohammadpour/Temperature/ROS2WorkSpace/build/PythonPackage/install.log --single-version-externally-managed
[7.981s] Level 1:colcon.colcon_core.environment:checking '/home/abolfazlmohammadpour/Temperature/ROS2WorkSpace/install/PythonPackage' for CMake module files
[7.982s] Level 1:colcon.colcon_core.environment:checking '/home/abolfazlmohammadpour/Temperature/ROS2WorkSpace/install/PythonPackage' for CMake config files
[7.983s] Level 1:colcon.colcon_core.environment:checking '/home/abolfazlmohammadpour/Temperature/ROS2WorkSpace/install/PythonPackage/lib'
[7.983s] Level 1:colcon.colcon_core.environment:checking '/home/abolfazlmohammadpour/Temperature/ROS2WorkSpace/install/PythonPackage/bin'
[7.983s] Level 1:colcon.colcon_core.environment:checking '/home/abolfazlmohammadpour/Temperature/ROS2WorkSpace/install/PythonPackage/lib/pkgconfig/PythonPackage.pc'
[7.984s] Level 1:colcon.colcon_core.environment:checking '/home/abolfazlmohammadpour/Temperature/ROS2WorkSpace/install/PythonPackage/lib/python3.10/site-packages'
[7.984s] Level 1:colcon.colcon_core.shell:create_environment_hook('PythonPackage', 'pythonpath')
[8.016s] INFO:colcon.colcon_core.shell:Creating environment hook '/home/abolfazlmohammadpour/Temperature/ROS2WorkSpace/install/PythonPackage/share/PythonPackage/hook/pythonpath.ps1'
[8.018s] INFO:colcon.colcon_core.shell:Creating environment descriptor '/home/abolfazlmohammadpour/Temperature/ROS2WorkSpace/install/PythonPackage/share/PythonPackage/hook/pythonpath.dsv'
[8.019s] INFO:colcon.colcon_core.shell:Creating environment hook '/home/abolfazlmohammadpour/Temperature/ROS2WorkSpace/install/PythonPackage/share/PythonPackage/hook/pythonpath.sh'
[8.021s] Level 1:colcon.colcon_core.environment:checking '/home/abolfazlmohammadpour/Temperature/ROS2WorkSpace/install/PythonPackage/bin'
[8.021s] Level 1:colcon.colcon_core.environment:create_environment_scripts_only(PythonPackage)
[8.046s] INFO:colcon.colcon_core.shell:Creating package script '/home/abolfazlmohammadpour/Temperature/ROS2WorkSpace/install/PythonPackage/share/PythonPackage/package.ps1'
[8.047s] INFO:colcon.colcon_core.shell:Creating package descriptor '/home/abolfazlmohammadpour/Temperature/ROS2WorkSpace/install/PythonPackage/share/PythonPackage/package.dsv'
[8.048s] INFO:colcon.colcon_core.shell:Creating package script '/home/abolfazlmohammadpour/Temperature/ROS2WorkSpace/install/PythonPackage/share/PythonPackage/package.sh'
[8.049s] INFO:colcon.colcon_core.shell:Creating package script '/home/abolfazlmohammadpour/Temperature/ROS2WorkSpace/install/PythonPackage/share/PythonPackage/package.bash'
[8.049s] INFO:colcon.colcon_core.shell:Creating package script '/home/abolfazlmohammadpour/Temperature/ROS2WorkSpace/install/PythonPackage/share/PythonPackage/package.zsh'
[8.050s] Level 1:colcon.colcon_core.environment:create_file_with_runtime_dependencies(/home/abolfazlmohammadpour/Temperature/ROS2WorkSpace/install/PythonPackage/share/colcon-core/packages/PythonPackage)
[8.050s] DEBUG:colcon.colcon_parallel_executor.executor.parallel:closing loop
[8.051s] DEBUG:colcon.colcon_parallel_executor.executor.parallel:loop closed
[8.051s] DEBUG:colcon.colcon_parallel_executor.executor.parallel:run_until_complete finished with '0'
[8.051s] DEBUG:colcon.colcon_core.event_reactor:joining thread
[8.116s] INFO:colcon.colcon_core.plugin_system:Skipping extension 'colcon_notification.desktop_notification.notify_send': Could not find 'notify-send'
[8.116s] INFO:colcon.colcon_core.plugin_system:Skipping extension 'colcon_notification.desktop_notification.terminal_notifier': Not used on non-Darwin systems
[8.117s] INFO:colcon.colcon_core.plugin_system:Skipping extension 'colcon_notification.desktop_notification.win32': Not used on non-Windows systems
[8.117s] INFO:colcon.colcon_notification.desktop_notification:Sending desktop notification using 'notify2'
[8.117s] DEBUG:colcon.colcon_notification.desktop_notification.notify2:Failed to initialize notify2: org.freedesktop.DBus.Error.FileNotFound: Failed to connect to socket /run/user/1000/bus: No such file or directory
[8.117s] DEBUG:colcon.colcon_core.event_reactor:joined thread
[8.143s] INFO:colcon.colcon_core.shell:Creating prefix script '/home/abolfazlmohammadpour/Temperature/ROS2WorkSpace/install/local_setup.ps1'
[8.144s] INFO:colcon.colcon_core.shell:Creating prefix util module '/home/abolfazlmohammadpour/Temperature/ROS2WorkSpace/install/_local_setup_util_ps1.py'
[8.146s] INFO:colcon.colcon_core.shell:Creating prefix chain script '/home/abolfazlmohammadpour/Temperature/ROS2WorkSpace/install/setup.ps1'
[8.174s] INFO:colcon.colcon_core.shell:Creating prefix script '/home/abolfazlmohammadpour/Temperature/ROS2WorkSpace/install/local_setup.sh'
[8.175s] INFO:colcon.colcon_core.shell:Creating prefix util module '/home/abolfazlmohammadpour/Temperature/ROS2WorkSpace/install/_local_setup_util_sh.py'
[8.176s] INFO:colcon.colcon_core.shell:Creating prefix chain script '/home/abolfazlmohammadpour/Temperature/ROS2WorkSpace/install/setup.sh'
[8.274s] INFO:colcon.colcon_core.shell:Creating prefix script '/home/abolfazlmohammadpour/Temperature/ROS2WorkSpace/install/local_setup.bash'
[8.275s] INFO:colcon.colcon_core.shell:Creating prefix chain script '/home/abolfazlmohammadpour/Temperature/ROS2WorkSpace/install/setup.bash'
[8.317s] INFO:colcon.colcon_core.shell:Creating prefix script '/home/abolfazlmohammadpour/Temperature/ROS2WorkSpace/install/local_setup.zsh'
[8.318s] INFO:colcon.colcon_core.shell:Creating prefix chain script '/home/abolfazlmohammadpour/Temperature/ROS2WorkSpace/install/setup.zsh'
