[3.230s] DEBUG:colcon:Command line arguments: ['/usr/bin/colcon', 'build', '--packages-select', 'TemperaturePythonPackage', 'TemperatureCPlusPlusPackage']
[3.230s] DEBUG:colcon:Parsed command line arguments: Namespace(log_base=None, log_level=None, verb_name='build', build_base='build', install_base='install', merge_install=False, symlink_install=False, test_result_base=None, continue_on_error=False, executor='parallel', parallel_workers=8, event_handlers=None, ignore_user_meta=False, metas=['./colcon.meta'], base_paths=['.'], packages_ignore=None, packages_ignore_regex=None, paths=None, packages_up_to=None, packages_up_to_regex=None, packages_above=None, packages_above_and_dependencies=None, packages_above_depth=None, packages_select_by_dep=None, packages_skip_by_dep=None, packages_skip_up_to=None, packages_select_build_failed=False, packages_skip_build_finished=False, packages_select_test_failures=False, packages_skip_test_passed=False, packages_select=['TemperaturePythonPackage', 'TemperatureCPlusPlusPackage'], packages_skip=None, packages_select_regex=None, packages_skip_regex=None, packages_start=None, packages_end=None, allow_overriding=[], cmake_args=None, cmake_target=None, cmake_target_skip_unavailable=False, cmake_clean_cache=False, cmake_clean_first=False, cmake_force_configure=False, ament_cmake_args=None, catkin_cmake_args=None, catkin_skip_building_tests=False, verb_parser=<colcon_defaults.argument_parser.defaults.DefaultArgumentsDecorator object at 0x7f6259f9b8e0>, verb_extension=<colcon_core.verb.build.BuildVerb object at 0x7f6259f99c00>, main=<bound method BuildVerb.main of <colcon_core.verb.build.BuildVerb object at 0x7f6259f99c00>>)
[3.366s] Level 1:colcon.colcon_core.package_discovery:discover_packages(colcon_meta) check parameters
[3.367s] Level 1:colcon.colcon_core.package_discovery:discover_packages(recursive) check parameters
[3.367s] Level 1:colcon.colcon_core.package_discovery:discover_packages(ignore) check parameters
[3.367s] Level 1:colcon.colcon_core.package_discovery:discover_packages(path) check parameters
[3.367s] Level 1:colcon.colcon_core.package_discovery:discover_packages(colcon_meta) discover
[3.367s] Level 1:colcon.colcon_core.package_discovery:discover_packages(recursive) discover
[3.367s] INFO:colcon.colcon_core.package_discovery:Crawling recursively for packages in '/home/abolfazlmohammadpour/Temperature/ROS2WorkSpace'
[3.368s] Level 1:colcon.colcon_core.package_identification:_identify(.) by extensions ['ignore', 'ignore_ament_install']
[3.368s] Level 1:colcon.colcon_core.package_identification:_identify(.) by extension 'ignore'
[3.368s] Level 1:colcon.colcon_core.package_identification:_identify(.) by extension 'ignore_ament_install'
[3.368s] Level 1:colcon.colcon_core.package_identification:_identify(.) by extensions ['colcon_pkg']
[3.368s] Level 1:colcon.colcon_core.package_identification:_identify(.) by extension 'colcon_pkg'
[3.368s] Level 1:colcon.colcon_core.package_identification:_identify(.) by extensions ['colcon_meta']
[3.369s] Level 1:colcon.colcon_core.package_identification:_identify(.) by extension 'colcon_meta'
[3.369s] Level 1:colcon.colcon_core.package_identification:_identify(.) by extensions ['ros']
[3.369s] Level 1:colcon.colcon_core.package_identification:_identify(.) by extension 'ros'
[3.400s] Level 1:colcon.colcon_core.package_identification:_identify(.) by extensions ['cmake', 'python']
[3.400s] Level 1:colcon.colcon_core.package_identification:_identify(.) by extension 'cmake'
[3.400s] Level 1:colcon.colcon_core.package_identification:_identify(.) by extension 'python'
[3.400s] Level 1:colcon.colcon_core.package_identification:_identify(.) by extensions ['python_setup_py']
[3.400s] Level 1:colcon.colcon_core.package_identification:_identify(.) by extension 'python_setup_py'
[3.401s] Level 1:colcon.colcon_core.package_identification:_identify(build) by extensions ['ignore', 'ignore_ament_install']
[3.401s] Level 1:colcon.colcon_core.package_identification:_identify(build) by extension 'ignore'
[3.401s] Level 1:colcon.colcon_core.package_identification:_identify(build) ignored
[3.401s] Level 1:colcon.colcon_core.package_identification:_identify(install) by extensions ['ignore', 'ignore_ament_install']
[3.402s] Level 1:colcon.colcon_core.package_identification:_identify(install) by extension 'ignore'
[3.402s] Level 1:colcon.colcon_core.package_identification:_identify(install) ignored
[3.402s] Level 1:colcon.colcon_core.package_identification:_identify(log) by extensions ['ignore', 'ignore_ament_install']
[3.402s] Level 1:colcon.colcon_core.package_identification:_identify(log) by extension 'ignore'
[3.402s] Level 1:colcon.colcon_core.package_identification:_identify(log) ignored
[3.403s] Level 1:colcon.colcon_core.package_identification:_identify(src) by extensions ['ignore', 'ignore_ament_install']
[3.403s] Level 1:colcon.colcon_core.package_identification:_identify(src) by extension 'ignore'
[3.403s] Level 1:colcon.colcon_core.package_identification:_identify(src) by extension 'ignore_ament_install'
[3.403s] Level 1:colcon.colcon_core.package_identification:_identify(src) by extensions ['colcon_pkg']
[3.403s] Level 1:colcon.colcon_core.package_identification:_identify(src) by extension 'colcon_pkg'
[3.404s] Level 1:colcon.colcon_core.package_identification:_identify(src) by extensions ['colcon_meta']
[3.404s] Level 1:colcon.colcon_core.package_identification:_identify(src) by extension 'colcon_meta'
[3.404s] Level 1:colcon.colcon_core.package_identification:_identify(src) by extensions ['ros']
[3.404s] Level 1:colcon.colcon_core.package_identification:_identify(src) by extension 'ros'
[3.404s] Level 1:colcon.colcon_core.package_identification:_identify(src) by extensions ['cmake', 'python']
[3.404s] Level 1:colcon.colcon_core.package_identification:_identify(src) by extension 'cmake'
[3.404s] Level 1:colcon.colcon_core.package_identification:_identify(src) by extension 'python'
[3.404s] Level 1:colcon.colcon_core.package_identification:_identify(src) by extensions ['python_setup_py']
[3.405s] Level 1:colcon.colcon_core.package_identification:_identify(src) by extension 'python_setup_py'
[3.405s] Level 1:colcon.colcon_core.package_identification:_identify(src/TemperatureCPlusPlusPackage) by extensions ['ignore', 'ignore_ament_install']
[3.405s] Level 1:colcon.colcon_core.package_identification:_identify(src/TemperatureCPlusPlusPackage) by extension 'ignore'
[3.405s] Level 1:colcon.colcon_core.package_identification:_identify(src/TemperatureCPlusPlusPackage) by extension 'ignore_ament_install'
[3.406s] Level 1:colcon.colcon_core.package_identification:_identify(src/TemperatureCPlusPlusPackage) by extensions ['colcon_pkg']
[3.406s] Level 1:colcon.colcon_core.package_identification:_identify(src/TemperatureCPlusPlusPackage) by extension 'colcon_pkg'
[3.406s] Level 1:colcon.colcon_core.package_identification:_identify(src/TemperatureCPlusPlusPackage) by extensions ['colcon_meta']
[3.406s] Level 1:colcon.colcon_core.package_identification:_identify(src/TemperatureCPlusPlusPackage) by extension 'colcon_meta'
[3.406s] Level 1:colcon.colcon_core.package_identification:_identify(src/TemperatureCPlusPlusPackage) by extensions ['ros']
[3.406s] Level 1:colcon.colcon_core.package_identification:_identify(src/TemperatureCPlusPlusPackage) by extension 'ros'
[3.414s] DEBUG:colcon.colcon_core.package_identification:Package 'src/TemperatureCPlusPlusPackage' with type 'ros.ament_cmake' and name 'TemperatureCPlusPlusPackage'
[3.415s] Level 1:colcon.colcon_core.package_identification:_identify(src/TemperaturePythonPackage) by extensions ['ignore', 'ignore_ament_install']
[3.415s] Level 1:colcon.colcon_core.package_identification:_identify(src/TemperaturePythonPackage) by extension 'ignore'
[3.415s] Level 1:colcon.colcon_core.package_identification:_identify(src/TemperaturePythonPackage) by extension 'ignore_ament_install'
[3.415s] Level 1:colcon.colcon_core.package_identification:_identify(src/TemperaturePythonPackage) by extensions ['colcon_pkg']
[3.415s] Level 1:colcon.colcon_core.package_identification:_identify(src/TemperaturePythonPackage) by extension 'colcon_pkg'
[3.416s] Level 1:colcon.colcon_core.package_identification:_identify(src/TemperaturePythonPackage) by extensions ['colcon_meta']
[3.416s] Level 1:colcon.colcon_core.package_identification:_identify(src/TemperaturePythonPackage) by extension 'colcon_meta'
[3.416s] Level 1:colcon.colcon_core.package_identification:_identify(src/TemperaturePythonPackage) by extensions ['ros']
[3.416s] Level 1:colcon.colcon_core.package_identification:_identify(src/TemperaturePythonPackage) by extension 'ros'
[3.418s] DEBUG:colcon.colcon_core.package_identification:Package 'src/TemperaturePythonPackage' with type 'ros.ament_python' and name 'TemperaturePythonPackage'
[3.418s] Level 1:colcon.colcon_core.package_discovery:discover_packages(recursive) using defaults
[3.418s] Level 1:colcon.colcon_core.package_discovery:discover_packages(ignore) discover
[3.418s] Level 1:colcon.colcon_core.package_discovery:discover_packages(ignore) using defaults
[3.418s] Level 1:colcon.colcon_core.package_discovery:discover_packages(path) discover
[3.419s] Level 1:colcon.colcon_core.package_discovery:discover_packages(path) using defaults
[3.688s] Level 1:colcon.colcon_core.package_discovery:discover_packages(prefix_path) check parameters
[3.688s] Level 1:colcon.colcon_core.package_discovery:discover_packages(prefix_path) discover
[3.779s] DEBUG:colcon.colcon_installed_package_information.package_discovery:Found 2 installed packages in /home/abolfazlmohammadpour/Temperature/ROS2WorkSpace/install
[3.826s] DEBUG:colcon.colcon_installed_package_information.package_discovery:Found 281 installed packages in /opt/ros/iron
[3.830s] Level 1:colcon.colcon_core.package_discovery:discover_packages(prefix_path) using defaults
[4.099s] Level 5:colcon.colcon_core.verb:set package 'TemperatureCPlusPlusPackage' build argument 'cmake_args' from command line to 'None'
[4.099s] Level 5:colcon.colcon_core.verb:set package 'TemperatureCPlusPlusPackage' build argument 'cmake_target' from command line to 'None'
[4.099s] Level 5:colcon.colcon_core.verb:set package 'TemperatureCPlusPlusPackage' build argument 'cmake_target_skip_unavailable' from command line to 'False'
[4.099s] Level 5:colcon.colcon_core.verb:set package 'TemperatureCPlusPlusPackage' build argument 'cmake_clean_cache' from command line to 'False'
[4.100s] Level 5:colcon.colcon_core.verb:set package 'TemperatureCPlusPlusPackage' build argument 'cmake_clean_first' from command line to 'False'
[4.100s] Level 5:colcon.colcon_core.verb:set package 'TemperatureCPlusPlusPackage' build argument 'cmake_force_configure' from command line to 'False'
[4.100s] Level 5:colcon.colcon_core.verb:set package 'TemperatureCPlusPlusPackage' build argument 'ament_cmake_args' from command line to 'None'
[4.100s] Level 5:colcon.colcon_core.verb:set package 'TemperatureCPlusPlusPackage' build argument 'catkin_cmake_args' from command line to 'None'
[4.100s] Level 5:colcon.colcon_core.verb:set package 'TemperatureCPlusPlusPackage' build argument 'catkin_skip_building_tests' from command line to 'False'
[4.100s] DEBUG:colcon.colcon_core.verb:Building package 'TemperatureCPlusPlusPackage' with the following arguments: {'ament_cmake_args': None, 'build_base': '/home/abolfazlmohammadpour/Temperature/ROS2WorkSpace/build/TemperatureCPlusPlusPackage', 'catkin_cmake_args': None, 'catkin_skip_building_tests': False, 'cmake_args': None, 'cmake_clean_cache': False, 'cmake_clean_first': False, 'cmake_force_configure': False, 'cmake_target': None, 'cmake_target_skip_unavailable': False, 'install_base': '/home/abolfazlmohammadpour/Temperature/ROS2WorkSpace/install/TemperatureCPlusPlusPackage', 'merge_install': False, 'path': '/home/abolfazlmohammadpour/Temperature/ROS2WorkSpace/src/TemperatureCPlusPlusPackage', 'symlink_install': False, 'test_result_base': None}
[4.150s] Level 5:colcon.colcon_core.verb:set package 'TemperaturePythonPackage' build argument 'cmake_args' from command line to 'None'
[4.150s] Level 5:colcon.colcon_core.verb:set package 'TemperaturePythonPackage' build argument 'cmake_target' from command line to 'None'
[4.150s] Level 5:colcon.colcon_core.verb:set package 'TemperaturePythonPackage' build argument 'cmake_target_skip_unavailable' from command line to 'False'
[4.150s] Level 5:colcon.colcon_core.verb:set package 'TemperaturePythonPackage' build argument 'cmake_clean_cache' from command line to 'False'
[4.150s] Level 5:colcon.colcon_core.verb:set package 'TemperaturePythonPackage' build argument 'cmake_clean_first' from command line to 'False'
[4.150s] Level 5:colcon.colcon_core.verb:set package 'TemperaturePythonPackage' build argument 'cmake_force_configure' from command line to 'False'
[4.150s] Level 5:colcon.colcon_core.verb:set package 'TemperaturePythonPackage' build argument 'ament_cmake_args' from command line to 'None'
[4.151s] Level 5:colcon.colcon_core.verb:set package 'TemperaturePythonPackage' build argument 'catkin_cmake_args' from command line to 'None'
[4.151s] Level 5:colcon.colcon_core.verb:set package 'TemperaturePythonPackage' build argument 'catkin_skip_building_tests' from command line to 'False'
[4.151s] DEBUG:colcon.colcon_core.verb:Building package 'TemperaturePythonPackage' with the following arguments: {'ament_cmake_args': None, 'build_base': '/home/abolfazlmohammadpour/Temperature/ROS2WorkSpace/build/TemperaturePythonPackage', 'catkin_cmake_args': None, 'catkin_skip_building_tests': False, 'cmake_args': None, 'cmake_clean_cache': False, 'cmake_clean_first': False, 'cmake_force_configure': False, 'cmake_target': None, 'cmake_target_skip_unavailable': False, 'install_base': '/home/abolfazlmohammadpour/Temperature/ROS2WorkSpace/install/TemperaturePythonPackage', 'merge_install': False, 'path': '/home/abolfazlmohammadpour/Temperature/ROS2WorkSpace/src/TemperaturePythonPackage', 'symlink_install': False, 'test_result_base': None}
[4.196s] INFO:colcon.colcon_core.executor:Executing jobs using 'parallel' executor
[4.242s] DEBUG:colcon.colcon_parallel_executor.executor.parallel:run_until_complete
[4.243s] INFO:colcon.colcon_ros.task.ament_cmake.build:Building ROS package in '/home/abolfazlmohammadpour/Temperature/ROS2WorkSpace/src/TemperatureCPlusPlusPackage' with build type 'ament_cmake'
[4.243s] INFO:colcon.colcon_cmake.task.cmake.build:Building CMake package in '/home/abolfazlmohammadpour/Temperature/ROS2WorkSpace/src/TemperatureCPlusPlusPackage'
[4.296s] INFO:colcon.colcon_core.plugin_system:Skipping extension 'colcon_core.shell.bat': Not used on non-Windows systems
[4.296s] INFO:colcon.colcon_core.shell:Skip shell extension 'powershell' for command environment: Not usable outside of PowerShell
[4.297s] DEBUG:colcon.colcon_core.shell:Skip shell extension 'dsv' for command environment
[4.443s] INFO:colcon.colcon_ros.task.ament_python.build:Building ROS package in '/home/abolfazlmohammadpour/Temperature/ROS2WorkSpace/src/TemperaturePythonPackage' with build type 'ament_python'
[4.444s] Level 1:colcon.colcon_core.shell:create_environment_hook('TemperaturePythonPackage', 'ament_prefix_path')
[4.491s] INFO:colcon.colcon_core.shell:Creating environment hook '/home/abolfazlmohammadpour/Temperature/ROS2WorkSpace/install/TemperaturePythonPackage/share/TemperaturePythonPackage/hook/ament_prefix_path.ps1'
[4.493s] INFO:colcon.colcon_core.shell:Creating environment descriptor '/home/abolfazlmohammadpour/Temperature/ROS2WorkSpace/install/TemperaturePythonPackage/share/TemperaturePythonPackage/hook/ament_prefix_path.dsv'
[4.494s] INFO:colcon.colcon_core.shell:Creating environment hook '/home/abolfazlmohammadpour/Temperature/ROS2WorkSpace/install/TemperaturePythonPackage/share/TemperaturePythonPackage/hook/ament_prefix_path.sh'
[4.545s] INFO:colcon.colcon_core.shell:Skip shell extension 'powershell' for command environment: Not usable outside of PowerShell
[4.546s] DEBUG:colcon.colcon_core.shell:Skip shell extension 'dsv' for command environment
[4.726s] DEBUG:colcon.colcon_core.event_handler.log_command:Invoking command in '/home/abolfazlmohammadpour/Temperature/ROS2WorkSpace/build/TemperatureCPlusPlusPackage': CMAKE_PREFIX_PATH=/opt/ros/iron /usr/bin/cmake --build /home/abolfazlmohammadpour/Temperature/ROS2WorkSpace/build/TemperatureCPlusPlusPackage -- -j8 -l8
[5.435s] INFO:colcon.colcon_core.task.python.build:Building Python package in '/home/abolfazlmohammadpour/Temperature/ROS2WorkSpace/src/TemperaturePythonPackage'
[5.483s] INFO:colcon.colcon_core.shell:Skip shell extension 'powershell' for command environment: Not usable outside of PowerShell
[5.483s] DEBUG:colcon.colcon_core.shell:Skip shell extension 'dsv' for command environment
[5.630s] DEBUG:colcon.colcon_core.event_handler.log_command:Invoked command in '/home/abolfazlmohammadpour/Temperature/ROS2WorkSpace/build/TemperatureCPlusPlusPackage' returned '0': CMAKE_PREFIX_PATH=/opt/ros/iron /usr/bin/cmake --build /home/abolfazlmohammadpour/Temperature/ROS2WorkSpace/build/TemperatureCPlusPlusPackage -- -j8 -l8
[5.711s] DEBUG:colcon.colcon_core.event_handler.log_command:Invoking command in '/home/abolfazlmohammadpour/Temperature/ROS2WorkSpace/build/TemperatureCPlusPlusPackage': CMAKE_PREFIX_PATH=/opt/ros/iron /usr/bin/cmake --install /home/abolfazlmohammadpour/Temperature/ROS2WorkSpace/build/TemperatureCPlusPlusPackage
[5.737s] Level 1:colcon.colcon_core.environment:create_environment_scripts_only(TemperatureCPlusPlusPackage)
[5.738s] DEBUG:colcon.colcon_core.event_handler.log_command:Invoked command in '/home/abolfazlmohammadpour/Temperature/ROS2WorkSpace/build/TemperatureCPlusPlusPackage' returned '0': CMAKE_PREFIX_PATH=/opt/ros/iron /usr/bin/cmake --install /home/abolfazlmohammadpour/Temperature/ROS2WorkSpace/build/TemperatureCPlusPlusPackage
[5.792s] Level 1:colcon.colcon_core.environment:checking '/home/abolfazlmohammadpour/Temperature/ROS2WorkSpace/install/TemperatureCPlusPlusPackage' for CMake module files
[5.793s] Level 1:colcon.colcon_core.environment:checking '/home/abolfazlmohammadpour/Temperature/ROS2WorkSpace/install/TemperatureCPlusPlusPackage' for CMake config files
[5.794s] Level 1:colcon.colcon_core.shell:create_environment_hook('TemperatureCPlusPlusPackage', 'cmake_prefix_path')
[5.839s] INFO:colcon.colcon_core.shell:Creating environment hook '/home/abolfazlmohammadpour/Temperature/ROS2WorkSpace/install/TemperatureCPlusPlusPackage/share/TemperatureCPlusPlusPackage/hook/cmake_prefix_path.ps1'
[5.840s] INFO:colcon.colcon_core.shell:Creating environment descriptor '/home/abolfazlmohammadpour/Temperature/ROS2WorkSpace/install/TemperatureCPlusPlusPackage/share/TemperatureCPlusPlusPackage/hook/cmake_prefix_path.dsv'
[5.841s] INFO:colcon.colcon_core.shell:Creating environment hook '/home/abolfazlmohammadpour/Temperature/ROS2WorkSpace/install/TemperatureCPlusPlusPackage/share/TemperatureCPlusPlusPackage/hook/cmake_prefix_path.sh'
[5.842s] Level 1:colcon.colcon_core.environment:checking '/home/abolfazlmohammadpour/Temperature/ROS2WorkSpace/install/TemperatureCPlusPlusPackage/bin'
[5.843s] Level 1:colcon.colcon_core.environment:checking '/home/abolfazlmohammadpour/Temperature/ROS2WorkSpace/install/TemperatureCPlusPlusPackage/lib/pkgconfig/TemperatureCPlusPlusPackage.pc'
[5.843s] Level 1:colcon.colcon_core.environment:checking '/home/abolfazlmohammadpour/Temperature/ROS2WorkSpace/install/TemperatureCPlusPlusPackage/lib/python3.10/site-packages'
[5.844s] Level 1:colcon.colcon_core.environment:checking '/home/abolfazlmohammadpour/Temperature/ROS2WorkSpace/install/TemperatureCPlusPlusPackage/bin'
[5.890s] INFO:colcon.colcon_core.shell:Creating package script '/home/abolfazlmohammadpour/Temperature/ROS2WorkSpace/install/TemperatureCPlusPlusPackage/share/TemperatureCPlusPlusPackage/package.ps1'
[5.892s] INFO:colcon.colcon_core.shell:Creating package descriptor '/home/abolfazlmohammadpour/Temperature/ROS2WorkSpace/install/TemperatureCPlusPlusPackage/share/TemperatureCPlusPlusPackage/package.dsv'
[5.894s] INFO:colcon.colcon_core.shell:Creating package script '/home/abolfazlmohammadpour/Temperature/ROS2WorkSpace/install/TemperatureCPlusPlusPackage/share/TemperatureCPlusPlusPackage/package.sh'
[5.895s] INFO:colcon.colcon_core.shell:Creating package script '/home/abolfazlmohammadpour/Temperature/ROS2WorkSpace/install/TemperatureCPlusPlusPackage/share/TemperatureCPlusPlusPackage/package.bash'
[5.897s] INFO:colcon.colcon_core.shell:Creating package script '/home/abolfazlmohammadpour/Temperature/ROS2WorkSpace/install/TemperatureCPlusPlusPackage/share/TemperatureCPlusPlusPackage/package.zsh'
[5.899s] Level 1:colcon.colcon_core.environment:create_file_with_runtime_dependencies(/home/abolfazlmohammadpour/Temperature/ROS2WorkSpace/install/TemperatureCPlusPlusPackage/share/colcon-core/packages/TemperatureCPlusPlusPackage)
[6.006s] Level 1:colcon.colcon_core.environment:create_environment_scripts_only(TemperatureCPlusPlusPackage)
[6.048s] Level 1:colcon.colcon_core.environment:checking '/home/abolfazlmohammadpour/Temperature/ROS2WorkSpace/install/TemperatureCPlusPlusPackage' for CMake module files
[6.050s] Level 1:colcon.colcon_core.environment:checking '/home/abolfazlmohammadpour/Temperature/ROS2WorkSpace/install/TemperatureCPlusPlusPackage' for CMake config files
[6.050s] Level 1:colcon.colcon_core.shell:create_environment_hook('TemperatureCPlusPlusPackage', 'cmake_prefix_path')
[6.100s] INFO:colcon.colcon_core.shell:Creating environment hook '/home/abolfazlmohammadpour/Temperature/ROS2WorkSpace/install/TemperatureCPlusPlusPackage/share/TemperatureCPlusPlusPackage/hook/cmake_prefix_path.ps1'
[6.101s] INFO:colcon.colcon_core.shell:Creating environment descriptor '/home/abolfazlmohammadpour/Temperature/ROS2WorkSpace/install/TemperatureCPlusPlusPackage/share/TemperatureCPlusPlusPackage/hook/cmake_prefix_path.dsv'
[6.102s] INFO:colcon.colcon_core.shell:Creating environment hook '/home/abolfazlmohammadpour/Temperature/ROS2WorkSpace/install/TemperatureCPlusPlusPackage/share/TemperatureCPlusPlusPackage/hook/cmake_prefix_path.sh'
[6.104s] Level 1:colcon.colcon_core.environment:checking '/home/abolfazlmohammadpour/Temperature/ROS2WorkSpace/install/TemperatureCPlusPlusPackage/bin'
[6.104s] Level 1:colcon.colcon_core.environment:checking '/home/abolfazlmohammadpour/Temperature/ROS2WorkSpace/install/TemperatureCPlusPlusPackage/lib/pkgconfig/TemperatureCPlusPlusPackage.pc'
[6.105s] Level 1:colcon.colcon_core.environment:checking '/home/abolfazlmohammadpour/Temperature/ROS2WorkSpace/install/TemperatureCPlusPlusPackage/lib/python3.10/site-packages'
[6.105s] Level 1:colcon.colcon_core.environment:checking '/home/abolfazlmohammadpour/Temperature/ROS2WorkSpace/install/TemperatureCPlusPlusPackage/bin'
[6.150s] INFO:colcon.colcon_core.shell:Creating package script '/home/abolfazlmohammadpour/Temperature/ROS2WorkSpace/install/TemperatureCPlusPlusPackage/share/TemperatureCPlusPlusPackage/package.ps1'
[6.151s] INFO:colcon.colcon_core.shell:Creating package descriptor '/home/abolfazlmohammadpour/Temperature/ROS2WorkSpace/install/TemperatureCPlusPlusPackage/share/TemperatureCPlusPlusPackage/package.dsv'
[6.152s] INFO:colcon.colcon_core.shell:Creating package script '/home/abolfazlmohammadpour/Temperature/ROS2WorkSpace/install/TemperatureCPlusPlusPackage/share/TemperatureCPlusPlusPackage/package.sh'
[6.154s] INFO:colcon.colcon_core.shell:Creating package script '/home/abolfazlmohammadpour/Temperature/ROS2WorkSpace/install/TemperatureCPlusPlusPackage/share/TemperatureCPlusPlusPackage/package.bash'
[6.155s] INFO:colcon.colcon_core.shell:Creating package script '/home/abolfazlmohammadpour/Temperature/ROS2WorkSpace/install/TemperatureCPlusPlusPackage/share/TemperatureCPlusPlusPackage/package.zsh'
[6.156s] Level 1:colcon.colcon_core.environment:create_file_with_runtime_dependencies(/home/abolfazlmohammadpour/Temperature/ROS2WorkSpace/install/TemperatureCPlusPlusPackage/share/colcon-core/packages/TemperatureCPlusPlusPackage)
[6.548s] DEBUG:colcon.colcon_core.event_handler.log_command:Invoking command in '/home/abolfazlmohammadpour/Temperature/ROS2WorkSpace/src/TemperaturePythonPackage': PYTHONPATH=/home/abolfazlmohammadpour/Temperature/ROS2WorkSpace/build/TemperaturePythonPackage/prefix_override:/home/abolfazlmohammadpour/Temperature/ROS2WorkSpace/install/TemperaturePythonPackage/lib/python3.10/site-packages:${PYTHONPATH} /usr/bin/python3 setup.py egg_info --egg-base ../../build/TemperaturePythonPackage build --build-base /home/abolfazlmohammadpour/Temperature/ROS2WorkSpace/build/TemperaturePythonPackage/build install --record /home/abolfazlmohammadpour/Temperature/ROS2WorkSpace/build/TemperaturePythonPackage/install.log --single-version-externally-managed
[7.336s] DEBUG:colcon.colcon_core.event_handler.log_command:Invoked command in '/home/abolfazlmohammadpour/Temperature/ROS2WorkSpace/src/TemperaturePythonPackage' returned '0': PYTHONPATH=/home/abolfazlmohammadpour/Temperature/ROS2WorkSpace/build/TemperaturePythonPackage/prefix_override:/home/abolfazlmohammadpour/Temperature/ROS2WorkSpace/install/TemperaturePythonPackage/lib/python3.10/site-packages:${PYTHONPATH} /usr/bin/python3 setup.py egg_info --egg-base ../../build/TemperaturePythonPackage build --build-base /home/abolfazlmohammadpour/Temperature/ROS2WorkSpace/build/TemperaturePythonPackage/build install --record /home/abolfazlmohammadpour/Temperature/ROS2WorkSpace/build/TemperaturePythonPackage/install.log --single-version-externally-managed
[7.386s] Level 1:colcon.colcon_core.environment:checking '/home/abolfazlmohammadpour/Temperature/ROS2WorkSpace/install/TemperaturePythonPackage' for CMake module files
[7.389s] Level 1:colcon.colcon_core.environment:checking '/home/abolfazlmohammadpour/Temperature/ROS2WorkSpace/install/TemperaturePythonPackage' for CMake config files
[7.391s] Level 1:colcon.colcon_core.environment:checking '/home/abolfazlmohammadpour/Temperature/ROS2WorkSpace/install/TemperaturePythonPackage/lib'
[7.392s] Level 1:colcon.colcon_core.environment:checking '/home/abolfazlmohammadpour/Temperature/ROS2WorkSpace/install/TemperaturePythonPackage/bin'
[7.392s] Level 1:colcon.colcon_core.environment:checking '/home/abolfazlmohammadpour/Temperature/ROS2WorkSpace/install/TemperaturePythonPackage/lib/pkgconfig/TemperaturePythonPackage.pc'
[7.393s] Level 1:colcon.colcon_core.environment:checking '/home/abolfazlmohammadpour/Temperature/ROS2WorkSpace/install/TemperaturePythonPackage/lib/python3.10/site-packages'
[7.393s] Level 1:colcon.colcon_core.shell:create_environment_hook('TemperaturePythonPackage', 'pythonpath')
[7.455s] INFO:colcon.colcon_core.shell:Creating environment hook '/home/abolfazlmohammadpour/Temperature/ROS2WorkSpace/install/TemperaturePythonPackage/share/TemperaturePythonPackage/hook/pythonpath.ps1'
[7.456s] INFO:colcon.colcon_core.shell:Creating environment descriptor '/home/abolfazlmohammadpour/Temperature/ROS2WorkSpace/install/TemperaturePythonPackage/share/TemperaturePythonPackage/hook/pythonpath.dsv'
[7.457s] INFO:colcon.colcon_core.shell:Creating environment hook '/home/abolfazlmohammadpour/Temperature/ROS2WorkSpace/install/TemperaturePythonPackage/share/TemperaturePythonPackage/hook/pythonpath.sh'
[7.459s] Level 1:colcon.colcon_core.environment:checking '/home/abolfazlmohammadpour/Temperature/ROS2WorkSpace/install/TemperaturePythonPackage/bin'
[7.460s] Level 1:colcon.colcon_core.environment:create_environment_scripts_only(TemperaturePythonPackage)
[7.525s] INFO:colcon.colcon_core.shell:Creating package script '/home/abolfazlmohammadpour/Temperature/ROS2WorkSpace/install/TemperaturePythonPackage/share/TemperaturePythonPackage/package.ps1'
[7.527s] INFO:colcon.colcon_core.shell:Creating package descriptor '/home/abolfazlmohammadpour/Temperature/ROS2WorkSpace/install/TemperaturePythonPackage/share/TemperaturePythonPackage/package.dsv'
[7.529s] INFO:colcon.colcon_core.shell:Creating package script '/home/abolfazlmohammadpour/Temperature/ROS2WorkSpace/install/TemperaturePythonPackage/share/TemperaturePythonPackage/package.sh'
[7.531s] INFO:colcon.colcon_core.shell:Creating package script '/home/abolfazlmohammadpour/Temperature/ROS2WorkSpace/install/TemperaturePythonPackage/share/TemperaturePythonPackage/package.bash'
[7.532s] INFO:colcon.colcon_core.shell:Creating package script '/home/abolfazlmohammadpour/Temperature/ROS2WorkSpace/install/TemperaturePythonPackage/share/TemperaturePythonPackage/package.zsh'
[7.533s] Level 1:colcon.colcon_core.environment:create_file_with_runtime_dependencies(/home/abolfazlmohammadpour/Temperature/ROS2WorkSpace/install/TemperaturePythonPackage/share/colcon-core/packages/TemperaturePythonPackage)
[7.534s] DEBUG:colcon.colcon_parallel_executor.executor.parallel:closing loop
[7.535s] DEBUG:colcon.colcon_parallel_executor.executor.parallel:loop closed
[7.535s] DEBUG:colcon.colcon_parallel_executor.executor.parallel:run_until_complete finished with '0'
[7.536s] DEBUG:colcon.colcon_core.event_reactor:joining thread
[7.741s] INFO:colcon.colcon_core.plugin_system:Skipping extension 'colcon_notification.desktop_notification.notify_send': Could not find 'notify-send'
[7.741s] INFO:colcon.colcon_core.plugin_system:Skipping extension 'colcon_notification.desktop_notification.terminal_notifier': Not used on non-Darwin systems
[7.742s] INFO:colcon.colcon_core.plugin_system:Skipping extension 'colcon_notification.desktop_notification.win32': Not used on non-Windows systems
[7.742s] INFO:colcon.colcon_notification.desktop_notification:Sending desktop notification using 'notify2'
[7.742s] DEBUG:colcon.colcon_notification.desktop_notification.notify2:Failed to initialize notify2: org.freedesktop.DBus.Error.FileNotFound: Failed to connect to socket /run/user/1000/bus: No such file or directory
[7.743s] DEBUG:colcon.colcon_core.event_reactor:joined thread
[7.806s] INFO:colcon.colcon_core.shell:Creating prefix script '/home/abolfazlmohammadpour/Temperature/ROS2WorkSpace/install/local_setup.ps1'
[7.809s] INFO:colcon.colcon_core.shell:Creating prefix util module '/home/abolfazlmohammadpour/Temperature/ROS2WorkSpace/install/_local_setup_util_ps1.py'
[7.813s] INFO:colcon.colcon_core.shell:Creating prefix chain script '/home/abolfazlmohammadpour/Temperature/ROS2WorkSpace/install/setup.ps1'
[7.859s] INFO:colcon.colcon_core.shell:Creating prefix script '/home/abolfazlmohammadpour/Temperature/ROS2WorkSpace/install/local_setup.sh'
[7.861s] INFO:colcon.colcon_core.shell:Creating prefix util module '/home/abolfazlmohammadpour/Temperature/ROS2WorkSpace/install/_local_setup_util_sh.py'
[7.862s] INFO:colcon.colcon_core.shell:Creating prefix chain script '/home/abolfazlmohammadpour/Temperature/ROS2WorkSpace/install/setup.sh'
[7.912s] INFO:colcon.colcon_core.shell:Creating prefix script '/home/abolfazlmohammadpour/Temperature/ROS2WorkSpace/install/local_setup.bash'
[7.914s] INFO:colcon.colcon_core.shell:Creating prefix chain script '/home/abolfazlmohammadpour/Temperature/ROS2WorkSpace/install/setup.bash'
[7.960s] INFO:colcon.colcon_core.shell:Creating prefix script '/home/abolfazlmohammadpour/Temperature/ROS2WorkSpace/install/local_setup.zsh'
[7.962s] INFO:colcon.colcon_core.shell:Creating prefix chain script '/home/abolfazlmohammadpour/Temperature/ROS2WorkSpace/install/setup.zsh'
