[2.338s] Invoking command in '/home/abolfazlmohammadpour/Temperature/ROS2WorkSpace/src/PythonPackage': PYTHONPATH=/home/abolfazlmohammadpour/Temperature/ROS2WorkSpace/build/PythonPackage/prefix_override:/home/abolfazlmohammadpour/Temperature/ROS2WorkSpace/install/PythonPackage/lib/python3.10/site-packages:${PYTHONPATH} /usr/bin/python3 setup.py egg_info --egg-base ../../build/PythonPackage build --build-base /home/abolfazlmohammadpour/Temperature/ROS2WorkSpace/build/PythonPackage/build install --record /home/abolfazlmohammadpour/Temperature/ROS2WorkSpace/build/PythonPackage/install.log --single-version-externally-managed
[2.980s] running egg_info
[2.983s] writing ../../build/PythonPackage/PythonPackage.egg-info/PKG-INFO
[2.983s] writing dependency_links to ../../build/PythonPackage/PythonPackage.egg-info/dependency_links.txt
[2.984s] writing entry points to ../../build/PythonPackage/PythonPackage.egg-info/entry_points.txt
[2.985s] writing requirements to ../../build/PythonPackage/PythonPackage.egg-info/requires.txt
[2.985s] writing top-level names to ../../build/PythonPackage/PythonPackage.egg-info/top_level.txt
[2.991s] reading manifest file '../../build/PythonPackage/PythonPackage.egg-info/SOURCES.txt'
[2.995s] writing manifest file '../../build/PythonPackage/PythonPackage.egg-info/SOURCES.txt'
[2.995s] running build
[2.996s] running build_py
[2.996s] running install
[2.998s] /usr/lib/python3/dist-packages/setuptools/command/install.py:34: SetuptoolsDeprecationWarning: setup.py install is deprecated. Use build and pip and other standards-based tools.
[2.998s]   warnings.warn(
[2.999s] running install_lib
[3.003s] running install_data
[3.005s] running install_egg_info
[3.010s] removing '/home/abolfazlmohammadpour/Temperature/ROS2WorkSpace/install/PythonPackage/lib/python3.10/site-packages/PythonPackage-0.0.0-py3.10.egg-info' (and everything under it)
[3.012s] Copying ../../build/PythonPackage/PythonPackage.egg-info to /home/abolfazlmohammadpour/Temperature/ROS2WorkSpace/install/PythonPackage/lib/python3.10/site-packages/PythonPackage-0.0.0-py3.10.egg-info
[3.016s] running install_scripts
[3.085s] Installing PythonNode script to /home/abolfazlmohammadpour/Temperature/ROS2WorkSpace/install/PythonPackage/lib/PythonPackage
[3.086s] Installing PythonNodeClient script to /home/abolfazlmohammadpour/Temperature/ROS2WorkSpace/install/PythonPackage/lib/PythonPackage
[3.087s] Installing PythonNodeClient_OOP script to /home/abolfazlmohammadpour/Temperature/ROS2WorkSpace/install/PythonPackage/lib/PythonPackage
[3.087s] Installing PythonNodePublisher script to /home/abolfazlmohammadpour/Temperature/ROS2WorkSpace/install/PythonPackage/lib/PythonPackage
[3.087s] Installing PythonNodeServer script to /home/abolfazlmohammadpour/Temperature/ROS2WorkSpace/install/PythonPackage/lib/PythonPackage
[3.088s] Installing PythonNodeSubscriber script to /home/abolfazlmohammadpour/Temperature/ROS2WorkSpace/install/PythonPackage/lib/PythonPackage
[3.089s] Installing PythonNode_OOP script to /home/abolfazlmohammadpour/Temperature/ROS2WorkSpace/install/PythonPackage/lib/PythonPackage
[3.090s] writing list of installed files to '/home/abolfazlmohammadpour/Temperature/ROS2WorkSpace/build/PythonPackage/install.log'
[3.150s] Invoked command in '/home/abolfazlmohammadpour/Temperature/ROS2WorkSpace/src/PythonPackage' returned '0': PYTHONPATH=/home/abolfazlmohammadpour/Temperature/ROS2WorkSpace/build/PythonPackage/prefix_override:/home/abolfazlmohammadpour/Temperature/ROS2WorkSpace/install/PythonPackage/lib/python3.10/site-packages:${PYTHONPATH} /usr/bin/python3 setup.py egg_info --egg-base ../../build/PythonPackage build --build-base /home/abolfazlmohammadpour/Temperature/ROS2WorkSpace/build/PythonPackage/build install --record /home/abolfazlmohammadpour/Temperature/ROS2WorkSpace/build/PythonPackage/install.log --single-version-externally-managed
