[0.139s] Invoking command in '/home/abolfazlmohammadpour/Temperature/ROS2WorkSpace/build/custom_interfaces': CMAKE_PREFIX_PATH=${CMAKE_PREFIX_PATH}:/home/abolfazlmohammadpour/Temperature/ROS2WorkSpace/install/PythonPackage:/home/abolfazlmohammadpour/ROS2WorkSpace/install/PythonPackage:/opt/ros/iron WSLENV=ELECTRON_RUN_AS_NODE/w: /usr/bin/cmake /home/abolfazlmohammadpour/Temperature/ROS2WorkSpace/src/custom_interfaces -DCMAKE_INSTALL_PREFIX=/home/abolfazlmohammadpour/Temperature/ROS2WorkSpace/install/custom_interfaces
[0.299s] -- The C compiler identification is GNU 11.4.0
[0.849s] -- The CXX compiler identification is GNU 11.4.0
[1.121s] -- Detecting C compiler ABI info
[1.335s] -- Detecting C compiler ABI info - done
[1.350s] -- Check for working C compiler: /usr/bin/cc - skipped
[1.350s] -- Detecting C compile features
[1.351s] -- Detecting C compile features - done
[1.356s] -- Detecting CXX compiler ABI info
[1.567s] -- Detecting CXX compiler ABI info - done
[1.579s] -- Check for working CXX compiler: /usr/bin/c++ - skipped
[1.580s] -- Detecting CXX compile features
[1.580s] -- Detecting CXX compile features - done
[1.585s] -- Found ament_cmake: 2.0.4 (/opt/ros/iron/share/ament_cmake/cmake)
[1.943s] -- Found Python3: /usr/bin/python3.10 (found version "3.10.12") found components: Interpreter 
[2.119s] -- Found rosidl_default_generators: 1.5.0 (/opt/ros/iron/share/rosidl_default_generators/cmake)
[2.131s] -- Using all available rosidl_typesupport_c: rosidl_typesupport_fastrtps_c;rosidl_typesupport_introspection_c
[2.490s] -- Using all available rosidl_typesupport_cpp: rosidl_typesupport_fastrtps_cpp;rosidl_typesupport_introspection_cpp
[2.557s] -- Found rosidl_adapter: 4.0.1 (/opt/ros/iron/share/rosidl_adapter/cmake)
[2.919s] [31mCMake Error at /opt/ros/iron/share/rosidl_adapter/cmake/rosidl_adapt_interfaces.cmake:57 (message):
[2.919s]   execute_process(/usr/bin/python3.10 -m rosidl_adapter --package-name
[2.919s]   custom_interfaces --arguments-file
[2.919s]   /home/abolfazlmohammadpour/Temperature/ROS2WorkSpace/build/custom_interfaces/rosidl_adapter__arguments__custom_interfaces.json
[2.920s]   --output-dir
[2.920s]   /home/abolfazlmohammadpour/Temperature/ROS2WorkSpace/build/custom_interfaces/rosidl_adapter/custom_interfaces
[2.920s]   --output-file
[2.920s]   /home/abolfazlmohammadpour/Temperature/ROS2WorkSpace/build/custom_interfaces/rosidl_adapter/custom_interfaces.idls)
[2.920s]   returned error code 1:
[2.920s] 
[2.920s]   Traceback (most recent call last):
[2.920s] 
[2.920s]     File "/usr/lib/python3.10/runpy.py", line 196, in _run_module_as_main
[2.920s]       return _run_code(code, main_globals, None,
[2.921s]     File "/usr/lib/python3.10/runpy.py", line 86, in _run_code
[2.921s]       exec(code, run_globals)
[2.921s]     File "/opt/ros/iron/lib/python3.10/site-packages/rosidl_adapter/__main__.py", line 19, in <module>
[2.921s]       sys.exit(main())
[2.921s]     File "/opt/ros/iron/lib/python3.10/site-packages/rosidl_adapter/main.py", line 53, in main
[2.921s]       abs_idl_file = convert_to_idl(
[2.921s]     File "/opt/ros/iron/lib/python3.10/site-packages/rosidl_adapter/__init__.py", line 19, in convert_to_idl
[2.921s]       return convert_msg_to_idl(
[2.921s]     File "/opt/ros/iron/lib/python3.10/site-packages/rosidl_adapter/msg/__init__.py", line 28, in convert_msg_to_idl
[2.921s]       msg = parse_message_string(package_name, input_file.stem, content)
[2.922s]     File "/opt/ros/iron/lib/python3.10/site-packages/rosidl_adapter/parser.py", line 545, in parse_message_string
[2.922s]       msg = MessageSpecification(pkg_name, msg_name, fields, constants)
[2.922s]     File "/opt/ros/iron/lib/python3.10/site-packages/rosidl_adapter/parser.py", line 389, in __init__
[2.922s]       self.base_type = BaseType(
[2.922s]     File "/opt/ros/iron/lib/python3.10/site-packages/rosidl_adapter/parser.py", line 206, in __init__
[2.922s]       raise InvalidResourceName(
[2.923s] 
[2.923s]   rosidl_adapter.parser.InvalidResourceName: 'string' is an invalid message
[2.923s]   name.  It should have the pattern '^[A-Z][A-Za-z0-9]*$'
[2.923s] 
[2.923s] Call Stack (most recent call first):
[2.923s]   /opt/ros/iron/share/rosidl_cmake/cmake/rosidl_generate_interfaces.cmake:132 (rosidl_adapt_interfaces)
[2.923s]   CMakeLists.txt:12 (rosidl_generate_interfaces)
[2.923s] 
[2.923s] [0m
[2.924s] -- Configuring incomplete, errors occurred!
[2.924s] See also "/home/abolfazlmohammadpour/Temperature/ROS2WorkSpace/build/custom_interfaces/CMakeFiles/CMakeOutput.log".
[2.932s] Invoked command in '/home/abolfazlmohammadpour/Temperature/ROS2WorkSpace/build/custom_interfaces' returned '1': CMAKE_PREFIX_PATH=${CMAKE_PREFIX_PATH}:/home/abolfazlmohammadpour/Temperature/ROS2WorkSpace/install/PythonPackage:/home/abolfazlmohammadpour/ROS2WorkSpace/install/PythonPackage:/opt/ros/iron WSLENV=ELECTRON_RUN_AS_NODE/w: /usr/bin/cmake /home/abolfazlmohammadpour/Temperature/ROS2WorkSpace/src/custom_interfaces -DCMAKE_INSTALL_PREFIX=/home/abolfazlmohammadpour/Temperature/ROS2WorkSpace/install/custom_interfaces
