[2.146s] DEBUG:colcon:Command line arguments: ['/usr/bin/colcon', 'build', '--packages-select', 'PythonPackage']
[2.146s] DEBUG:colcon:Parsed command line arguments: Namespace(log_base=None, log_level=None, verb_name='build', build_base='build', install_base='install', merge_install=False, symlink_install=False, test_result_base=None, continue_on_error=False, executor='parallel', parallel_workers=8, event_handlers=None, ignore_user_meta=False, metas=['./colcon.meta'], base_paths=['.'], packages_ignore=None, packages_ignore_regex=None, paths=None, packages_up_to=None, packages_up_to_regex=None, packages_above=None, packages_above_and_dependencies=None, packages_above_depth=None, packages_select_by_dep=None, packages_skip_by_dep=None, packages_skip_up_to=None, packages_select_build_failed=False, packages_skip_build_finished=False, packages_select_test_failures=False, packages_skip_test_passed=False, packages_select=['PythonPackage'], packages_skip=None, packages_select_regex=None, packages_skip_regex=None, packages_start=None, packages_end=None, allow_overriding=[], cmake_args=None, cmake_target=None, cmake_target_skip_unavailable=False, cmake_clean_cache=False, cmake_clean_first=False, cmake_force_configure=False, ament_cmake_args=None, catkin_cmake_args=None, catkin_skip_building_tests=False, verb_parser=<colcon_defaults.argument_parser.defaults.DefaultArgumentsDecorator object at 0x7f6adbec0d60>, verb_extension=<colcon_core.verb.build.BuildVerb object at 0x7f6adbec0a30>, main=<bound method BuildVerb.main of <colcon_core.verb.build.BuildVerb object at 0x7f6adbec0a30>>)
[2.238s] Level 1:colcon.colcon_core.package_discovery:discover_packages(colcon_meta) check parameters
[2.239s] Level 1:colcon.colcon_core.package_discovery:discover_packages(recursive) check parameters
[2.239s] Level 1:colcon.colcon_core.package_discovery:discover_packages(ignore) check parameters
[2.239s] Level 1:colcon.colcon_core.package_discovery:discover_packages(path) check parameters
[2.239s] Level 1:colcon.colcon_core.package_discovery:discover_packages(colcon_meta) discover
[2.239s] Level 1:colcon.colcon_core.package_discovery:discover_packages(recursive) discover
[2.239s] INFO:colcon.colcon_core.package_discovery:Crawling recursively for packages in '/home/abolfazlmohammadpour/Temperature/ROS2WorkSpace'
[2.239s] Level 1:colcon.colcon_core.package_identification:_identify(.) by extensions ['ignore', 'ignore_ament_install']
[2.239s] Level 1:colcon.colcon_core.package_identification:_identify(.) by extension 'ignore'
[2.240s] Level 1:colcon.colcon_core.package_identification:_identify(.) by extension 'ignore_ament_install'
[2.240s] Level 1:colcon.colcon_core.package_identification:_identify(.) by extensions ['colcon_pkg']
[2.240s] Level 1:colcon.colcon_core.package_identification:_identify(.) by extension 'colcon_pkg'
[2.240s] Level 1:colcon.colcon_core.package_identification:_identify(.) by extensions ['colcon_meta']
[2.240s] Level 1:colcon.colcon_core.package_identification:_identify(.) by extension 'colcon_meta'
[2.240s] Level 1:colcon.colcon_core.package_identification:_identify(.) by extensions ['ros']
[2.240s] Level 1:colcon.colcon_core.package_identification:_identify(.) by extension 'ros'
[2.262s] Level 1:colcon.colcon_core.package_identification:_identify(.) by extensions ['cmake', 'python']
[2.262s] Level 1:colcon.colcon_core.package_identification:_identify(.) by extension 'cmake'
[2.262s] Level 1:colcon.colcon_core.package_identification:_identify(.) by extension 'python'
[2.262s] Level 1:colcon.colcon_core.package_identification:_identify(.) by extensions ['python_setup_py']
[2.262s] Level 1:colcon.colcon_core.package_identification:_identify(.) by extension 'python_setup_py'
[2.262s] Level 1:colcon.colcon_core.package_identification:_identify(build) by extensions ['ignore', 'ignore_ament_install']
[2.263s] Level 1:colcon.colcon_core.package_identification:_identify(build) by extension 'ignore'
[2.263s] Level 1:colcon.colcon_core.package_identification:_identify(build) ignored
[2.263s] Level 1:colcon.colcon_core.package_identification:_identify(install) by extensions ['ignore', 'ignore_ament_install']
[2.263s] Level 1:colcon.colcon_core.package_identification:_identify(install) by extension 'ignore'
[2.263s] Level 1:colcon.colcon_core.package_identification:_identify(install) ignored
[2.264s] Level 1:colcon.colcon_core.package_identification:_identify(log) by extensions ['ignore', 'ignore_ament_install']
[2.264s] Level 1:colcon.colcon_core.package_identification:_identify(log) by extension 'ignore'
[2.264s] Level 1:colcon.colcon_core.package_identification:_identify(log) ignored
[2.264s] Level 1:colcon.colcon_core.package_identification:_identify(src) by extensions ['ignore', 'ignore_ament_install']
[2.264s] Level 1:colcon.colcon_core.package_identification:_identify(src) by extension 'ignore'
[2.264s] Level 1:colcon.colcon_core.package_identification:_identify(src) by extension 'ignore_ament_install'
[2.264s] Level 1:colcon.colcon_core.package_identification:_identify(src) by extensions ['colcon_pkg']
[2.265s] Level 1:colcon.colcon_core.package_identification:_identify(src) by extension 'colcon_pkg'
[2.265s] Level 1:colcon.colcon_core.package_identification:_identify(src) by extensions ['colcon_meta']
[2.265s] Level 1:colcon.colcon_core.package_identification:_identify(src) by extension 'colcon_meta'
[2.265s] Level 1:colcon.colcon_core.package_identification:_identify(src) by extensions ['ros']
[2.265s] Level 1:colcon.colcon_core.package_identification:_identify(src) by extension 'ros'
[2.265s] Level 1:colcon.colcon_core.package_identification:_identify(src) by extensions ['cmake', 'python']
[2.265s] Level 1:colcon.colcon_core.package_identification:_identify(src) by extension 'cmake'
[2.265s] Level 1:colcon.colcon_core.package_identification:_identify(src) by extension 'python'
[2.265s] Level 1:colcon.colcon_core.package_identification:_identify(src) by extensions ['python_setup_py']
[2.265s] Level 1:colcon.colcon_core.package_identification:_identify(src) by extension 'python_setup_py'
[2.265s] Level 1:colcon.colcon_core.package_identification:_identify(src/CPlusPlusPackage) by extensions ['ignore', 'ignore_ament_install']
[2.266s] Level 1:colcon.colcon_core.package_identification:_identify(src/CPlusPlusPackage) by extension 'ignore'
[2.266s] Level 1:colcon.colcon_core.package_identification:_identify(src/CPlusPlusPackage) by extension 'ignore_ament_install'
[2.266s] Level 1:colcon.colcon_core.package_identification:_identify(src/CPlusPlusPackage) by extensions ['colcon_pkg']
[2.266s] Level 1:colcon.colcon_core.package_identification:_identify(src/CPlusPlusPackage) by extension 'colcon_pkg'
[2.266s] Level 1:colcon.colcon_core.package_identification:_identify(src/CPlusPlusPackage) by extensions ['colcon_meta']
[2.266s] Level 1:colcon.colcon_core.package_identification:_identify(src/CPlusPlusPackage) by extension 'colcon_meta'
[2.266s] Level 1:colcon.colcon_core.package_identification:_identify(src/CPlusPlusPackage) by extensions ['ros']
[2.266s] Level 1:colcon.colcon_core.package_identification:_identify(src/CPlusPlusPackage) by extension 'ros'
[2.271s] DEBUG:colcon.colcon_core.package_identification:Package 'src/CPlusPlusPackage' with type 'ros.ament_cmake' and name 'CPlusPlusPackage'
[2.271s] Level 1:colcon.colcon_core.package_identification:_identify(src/PythonPackage) by extensions ['ignore', 'ignore_ament_install']
[2.271s] Level 1:colcon.colcon_core.package_identification:_identify(src/PythonPackage) by extension 'ignore'
[2.271s] Level 1:colcon.colcon_core.package_identification:_identify(src/PythonPackage) by extension 'ignore_ament_install'
[2.271s] Level 1:colcon.colcon_core.package_identification:_identify(src/PythonPackage) by extensions ['colcon_pkg']
[2.272s] Level 1:colcon.colcon_core.package_identification:_identify(src/PythonPackage) by extension 'colcon_pkg'
[2.272s] Level 1:colcon.colcon_core.package_identification:_identify(src/PythonPackage) by extensions ['colcon_meta']
[2.272s] Level 1:colcon.colcon_core.package_identification:_identify(src/PythonPackage) by extension 'colcon_meta'
[2.272s] Level 1:colcon.colcon_core.package_identification:_identify(src/PythonPackage) by extensions ['ros']
[2.272s] Level 1:colcon.colcon_core.package_identification:_identify(src/PythonPackage) by extension 'ros'
[2.273s] DEBUG:colcon.colcon_core.package_identification:Package 'src/PythonPackage' with type 'ros.ament_python' and name 'PythonPackage'
[2.273s] Level 1:colcon.colcon_core.package_discovery:discover_packages(recursive) using defaults
[2.273s] Level 1:colcon.colcon_core.package_discovery:discover_packages(ignore) discover
[2.273s] Level 1:colcon.colcon_core.package_discovery:discover_packages(ignore) using defaults
[2.273s] Level 1:colcon.colcon_core.package_discovery:discover_packages(path) discover
[2.274s] Level 1:colcon.colcon_core.package_discovery:discover_packages(path) using defaults
[2.398s] INFO:colcon.colcon_core.package_selection:Skipping not selected package 'CPlusPlusPackage' in 'src/CPlusPlusPackage'
[2.454s] Level 1:colcon.colcon_core.package_discovery:discover_packages(prefix_path) check parameters
[2.454s] Level 1:colcon.colcon_core.package_discovery:discover_packages(prefix_path) discover
[2.514s] DEBUG:colcon.colcon_installed_package_information.package_discovery:Found 4 installed packages in /home/abolfazlmohammadpour/Temperature/ROS2WorkSpace/install
[2.545s] DEBUG:colcon.colcon_installed_package_information.package_discovery:Found 281 installed packages in /opt/ros/iron
[2.547s] Level 1:colcon.colcon_core.package_discovery:discover_packages(prefix_path) using defaults
[2.723s] Level 5:colcon.colcon_core.verb:set package 'PythonPackage' build argument 'cmake_args' from command line to 'None'
[2.723s] Level 5:colcon.colcon_core.verb:set package 'PythonPackage' build argument 'cmake_target' from command line to 'None'
[2.723s] Level 5:colcon.colcon_core.verb:set package 'PythonPackage' build argument 'cmake_target_skip_unavailable' from command line to 'False'
[2.723s] Level 5:colcon.colcon_core.verb:set package 'PythonPackage' build argument 'cmake_clean_cache' from command line to 'False'
[2.723s] Level 5:colcon.colcon_core.verb:set package 'PythonPackage' build argument 'cmake_clean_first' from command line to 'False'
[2.723s] Level 5:colcon.colcon_core.verb:set package 'PythonPackage' build argument 'cmake_force_configure' from command line to 'False'
[2.723s] Level 5:colcon.colcon_core.verb:set package 'PythonPackage' build argument 'ament_cmake_args' from command line to 'None'
[2.723s] Level 5:colcon.colcon_core.verb:set package 'PythonPackage' build argument 'catkin_cmake_args' from command line to 'None'
[2.723s] Level 5:colcon.colcon_core.verb:set package 'PythonPackage' build argument 'catkin_skip_building_tests' from command line to 'False'
[2.723s] DEBUG:colcon.colcon_core.verb:Building package 'PythonPackage' with the following arguments: {'ament_cmake_args': None, 'build_base': '/home/abolfazlmohammadpour/Temperature/ROS2WorkSpace/build/PythonPackage', 'catkin_cmake_args': None, 'catkin_skip_building_tests': False, 'cmake_args': None, 'cmake_clean_cache': False, 'cmake_clean_first': False, 'cmake_force_configure': False, 'cmake_target': None, 'cmake_target_skip_unavailable': False, 'install_base': '/home/abolfazlmohammadpour/Temperature/ROS2WorkSpace/install/PythonPackage', 'merge_install': False, 'path': '/home/abolfazlmohammadpour/Temperature/ROS2WorkSpace/src/PythonPackage', 'symlink_install': False, 'test_result_base': None}
[2.755s] INFO:colcon.colcon_core.executor:Executing jobs using 'parallel' executor
[2.786s] DEBUG:colcon.colcon_parallel_executor.executor.parallel:run_until_complete
[2.787s] INFO:colcon.colcon_ros.task.ament_python.build:Building ROS package in '/home/abolfazlmohammadpour/Temperature/ROS2WorkSpace/src/PythonPackage' with build type 'ament_python'
[2.787s] Level 1:colcon.colcon_core.shell:create_environment_hook('PythonPackage', 'ament_prefix_path')
[2.827s] INFO:colcon.colcon_core.plugin_system:Skipping extension 'colcon_core.shell.bat': Not used on non-Windows systems
[2.827s] INFO:colcon.colcon_core.shell:Creating environment hook '/home/abolfazlmohammadpour/Temperature/ROS2WorkSpace/install/PythonPackage/share/PythonPackage/hook/ament_prefix_path.ps1'
[2.829s] INFO:colcon.colcon_core.shell:Creating environment descriptor '/home/abolfazlmohammadpour/Temperature/ROS2WorkSpace/install/PythonPackage/share/PythonPackage/hook/ament_prefix_path.dsv'
[2.829s] INFO:colcon.colcon_core.shell:Creating environment hook '/home/abolfazlmohammadpour/Temperature/ROS2WorkSpace/install/PythonPackage/share/PythonPackage/hook/ament_prefix_path.sh'
[2.872s] INFO:colcon.colcon_core.shell:Skip shell extension 'powershell' for command environment: Not usable outside of PowerShell
[2.872s] DEBUG:colcon.colcon_core.shell:Skip shell extension 'dsv' for command environment
[3.477s] INFO:colcon.colcon_core.task.python.build:Building Python package in '/home/abolfazlmohammadpour/Temperature/ROS2WorkSpace/src/PythonPackage'
[3.509s] INFO:colcon.colcon_core.shell:Skip shell extension 'powershell' for command environment: Not usable outside of PowerShell
[3.509s] DEBUG:colcon.colcon_core.shell:Skip shell extension 'dsv' for command environment
[4.272s] DEBUG:colcon.colcon_core.event_handler.log_command:Invoking command in '/home/abolfazlmohammadpour/Temperature/ROS2WorkSpace/src/PythonPackage': PYTHONPATH=/home/abolfazlmohammadpour/Temperature/ROS2WorkSpace/build/PythonPackage/prefix_override:/home/abolfazlmohammadpour/Temperature/ROS2WorkSpace/install/PythonPackage/lib/python3.10/site-packages:${PYTHONPATH} /usr/bin/python3 setup.py egg_info --egg-base ../../build/PythonPackage build --build-base /home/abolfazlmohammadpour/Temperature/ROS2WorkSpace/build/PythonPackage/build install --record /home/abolfazlmohammadpour/Temperature/ROS2WorkSpace/build/PythonPackage/install.log --single-version-externally-managed
[4.838s] DEBUG:colcon.colcon_core.event_handler.log_command:Invoked command in '/home/abolfazlmohammadpour/Temperature/ROS2WorkSpace/src/PythonPackage' returned '0': PYTHONPATH=/home/abolfazlmohammadpour/Temperature/ROS2WorkSpace/build/PythonPackage/prefix_override:/home/abolfazlmohammadpour/Temperature/ROS2WorkSpace/install/PythonPackage/lib/python3.10/site-packages:${PYTHONPATH} /usr/bin/python3 setup.py egg_info --egg-base ../../build/PythonPackage build --build-base /home/abolfazlmohammadpour/Temperature/ROS2WorkSpace/build/PythonPackage/build install --record /home/abolfazlmohammadpour/Temperature/ROS2WorkSpace/build/PythonPackage/install.log --single-version-externally-managed
[4.903s] Level 1:colcon.colcon_core.environment:checking '/home/abolfazlmohammadpour/Temperature/ROS2WorkSpace/install/PythonPackage' for CMake module files
[4.904s] Level 1:colcon.colcon_core.environment:checking '/home/abolfazlmohammadpour/Temperature/ROS2WorkSpace/install/PythonPackage' for CMake config files
[4.906s] Level 1:colcon.colcon_core.environment:checking '/home/abolfazlmohammadpour/Temperature/ROS2WorkSpace/install/PythonPackage/lib'
[4.906s] Level 1:colcon.colcon_core.environment:checking '/home/abolfazlmohammadpour/Temperature/ROS2WorkSpace/install/PythonPackage/bin'
[4.906s] Level 1:colcon.colcon_core.environment:checking '/home/abolfazlmohammadpour/Temperature/ROS2WorkSpace/install/PythonPackage/lib/pkgconfig/PythonPackage.pc'
[4.907s] Level 1:colcon.colcon_core.environment:checking '/home/abolfazlmohammadpour/Temperature/ROS2WorkSpace/install/PythonPackage/lib/python3.10/site-packages'
[4.907s] Level 1:colcon.colcon_core.shell:create_environment_hook('PythonPackage', 'pythonpath')
[4.952s] INFO:colcon.colcon_core.shell:Creating environment hook '/home/abolfazlmohammadpour/Temperature/ROS2WorkSpace/install/PythonPackage/share/PythonPackage/hook/pythonpath.ps1'
[4.954s] INFO:colcon.colcon_core.shell:Creating environment descriptor '/home/abolfazlmohammadpour/Temperature/ROS2WorkSpace/install/PythonPackage/share/PythonPackage/hook/pythonpath.dsv'
[4.955s] INFO:colcon.colcon_core.shell:Creating environment hook '/home/abolfazlmohammadpour/Temperature/ROS2WorkSpace/install/PythonPackage/share/PythonPackage/hook/pythonpath.sh'
[4.957s] Level 1:colcon.colcon_core.environment:checking '/home/abolfazlmohammadpour/Temperature/ROS2WorkSpace/install/PythonPackage/bin'
[4.957s] Level 1:colcon.colcon_core.environment:create_environment_scripts_only(PythonPackage)
[5.024s] INFO:colcon.colcon_core.shell:Creating package script '/home/abolfazlmohammadpour/Temperature/ROS2WorkSpace/install/PythonPackage/share/PythonPackage/package.ps1'
[5.028s] INFO:colcon.colcon_core.shell:Creating package descriptor '/home/abolfazlmohammadpour/Temperature/ROS2WorkSpace/install/PythonPackage/share/PythonPackage/package.dsv'
[5.034s] INFO:colcon.colcon_core.shell:Creating package script '/home/abolfazlmohammadpour/Temperature/ROS2WorkSpace/install/PythonPackage/share/PythonPackage/package.sh'
[5.037s] INFO:colcon.colcon_core.shell:Creating package script '/home/abolfazlmohammadpour/Temperature/ROS2WorkSpace/install/PythonPackage/share/PythonPackage/package.bash'
[5.040s] INFO:colcon.colcon_core.shell:Creating package script '/home/abolfazlmohammadpour/Temperature/ROS2WorkSpace/install/PythonPackage/share/PythonPackage/package.zsh'
[5.042s] Level 1:colcon.colcon_core.environment:create_file_with_runtime_dependencies(/home/abolfazlmohammadpour/Temperature/ROS2WorkSpace/install/PythonPackage/share/colcon-core/packages/PythonPackage)
[5.044s] DEBUG:colcon.colcon_parallel_executor.executor.parallel:closing loop
[5.044s] DEBUG:colcon.colcon_parallel_executor.executor.parallel:loop closed
[5.044s] DEBUG:colcon.colcon_parallel_executor.executor.parallel:run_until_complete finished with '0'
[5.045s] DEBUG:colcon.colcon_core.event_reactor:joining thread
[5.157s] INFO:colcon.colcon_core.plugin_system:Skipping extension 'colcon_notification.desktop_notification.notify_send': Could not find 'notify-send'
[5.157s] INFO:colcon.colcon_core.plugin_system:Skipping extension 'colcon_notification.desktop_notification.terminal_notifier': Not used on non-Darwin systems
[5.157s] INFO:colcon.colcon_core.plugin_system:Skipping extension 'colcon_notification.desktop_notification.win32': Not used on non-Windows systems
[5.158s] INFO:colcon.colcon_notification.desktop_notification:Sending desktop notification using 'notify2'
[5.158s] DEBUG:colcon.colcon_notification.desktop_notification.notify2:Failed to initialize notify2: org.freedesktop.DBus.Error.FileNotFound: Failed to connect to socket /run/user/1000/bus: No such file or directory
[5.158s] DEBUG:colcon.colcon_core.event_reactor:joined thread
[5.210s] INFO:colcon.colcon_core.shell:Creating prefix script '/home/abolfazlmohammadpour/Temperature/ROS2WorkSpace/install/local_setup.ps1'
[5.213s] INFO:colcon.colcon_core.shell:Creating prefix util module '/home/abolfazlmohammadpour/Temperature/ROS2WorkSpace/install/_local_setup_util_ps1.py'
[5.217s] INFO:colcon.colcon_core.shell:Creating prefix chain script '/home/abolfazlmohammadpour/Temperature/ROS2WorkSpace/install/setup.ps1'
[5.267s] INFO:colcon.colcon_core.shell:Creating prefix script '/home/abolfazlmohammadpour/Temperature/ROS2WorkSpace/install/local_setup.sh'
[5.268s] INFO:colcon.colcon_core.shell:Creating prefix util module '/home/abolfazlmohammadpour/Temperature/ROS2WorkSpace/install/_local_setup_util_sh.py'
[5.269s] INFO:colcon.colcon_core.shell:Creating prefix chain script '/home/abolfazlmohammadpour/Temperature/ROS2WorkSpace/install/setup.sh'
[5.301s] INFO:colcon.colcon_core.shell:Creating prefix script '/home/abolfazlmohammadpour/Temperature/ROS2WorkSpace/install/local_setup.bash'
[5.302s] INFO:colcon.colcon_core.shell:Creating prefix chain script '/home/abolfazlmohammadpour/Temperature/ROS2WorkSpace/install/setup.bash'
[5.333s] INFO:colcon.colcon_core.shell:Creating prefix script '/home/abolfazlmohammadpour/Temperature/ROS2WorkSpace/install/local_setup.zsh'
[5.334s] INFO:colcon.colcon_core.shell:Creating prefix chain script '/home/abolfazlmohammadpour/Temperature/ROS2WorkSpace/install/setup.zsh'
