[35m[1mConsolidate compiler generated dependencies of target TemperatureCPlusPlusNode[0m
[ 50%] [32mBuilding CXX object CMakeFiles/TemperatureCPlusPlusNode.dir/src/TemperatureCPlusPlusNode.cpp.o[0m
[100%] [32m[1mLinking CXX executable TemperatureCPlusPlusNode[0m
[100%] Built target TemperatureCPlusPlusNode
-- Install configuration: ""
-- Installing: /home/abolfazlmohammadpour/Temperature/ROS2WorkSpace/install/TemperatureCPlusPlusPackage/lib/TemperatureCPlusPlusPackage/TemperatureCPlusPlusNode
-- Set runtime path of "/home/abolfazlmohammadpour/Temperature/ROS2WorkSpace/install/TemperatureCPlusPlusPackage/lib/TemperatureCPlusPlusPackage/TemperatureCPlusPlusNode" to ""
-- Up-to-date: /home/abolfazlmohammadpour/Temperature/ROS2WorkSpace/install/TemperatureCPlusPlusPackage/share/ament_index/resource_index/package_run_dependencies/TemperatureCPlusPlusPackage
-- Up-to-date: /home/abolfazlmohammadpour/Temperature/ROS2WorkSpace/install/TemperatureCPlusPlusPackage/share/ament_index/resource_index/parent_prefix_path/TemperatureCPlusPlusPackage
-- Up-to-date: /home/abolfazlmohammadpour/Temperature/ROS2WorkSpace/install/TemperatureCPlusPlusPackage/share/TemperatureCPlusPlusPackage/environment/ament_prefix_path.sh
-- Up-to-date: /home/abolfazlmohammadpour/Temperature/ROS2WorkSpace/install/TemperatureCPlusPlusPackage/share/TemperatureCPlusPlusPackage/environment/ament_prefix_path.dsv
-- Up-to-date: /home/abolfazlmohammadpour/Temperature/ROS2WorkSpace/install/TemperatureCPlusPlusPackage/share/TemperatureCPlusPlusPackage/environment/path.sh
-- Up-to-date: /home/abolfazlmohammadpour/Temperature/ROS2WorkSpace/install/TemperatureCPlusPlusPackage/share/TemperatureCPlusPlusPackage/environment/path.dsv
-- Up-to-date: /home/abolfazlmohammadpour/Temperature/ROS2WorkSpace/install/TemperatureCPlusPlusPackage/share/TemperatureCPlusPlusPackage/local_setup.bash
-- Up-to-date: /home/abolfazlmohammadpour/Temperature/ROS2WorkSpace/install/TemperatureCPlusPlusPackage/share/TemperatureCPlusPlusPackage/local_setup.sh
-- Up-to-date: /home/abolfazlmohammadpour/Temperature/ROS2WorkSpace/install/TemperatureCPlusPlusPackage/share/TemperatureCPlusPlusPackage/local_setup.zsh
-- Up-to-date: /home/abolfazlmohammadpour/Temperature/ROS2WorkSpace/install/TemperatureCPlusPlusPackage/share/TemperatureCPlusPlusPackage/local_setup.dsv
-- Installing: /home/abolfazlmohammadpour/Temperature/ROS2WorkSpace/install/TemperatureCPlusPlusPackage/share/TemperatureCPlusPlusPackage/package.dsv
-- Up-to-date: /home/abolfazlmohammadpour/Temperature/ROS2WorkSpace/install/TemperatureCPlusPlusPackage/share/ament_index/resource_index/packages/TemperatureCPlusPlusPackage
-- Up-to-date: /home/abolfazlmohammadpour/Temperature/ROS2WorkSpace/install/TemperatureCPlusPlusPackage/share/TemperatureCPlusPlusPackage/cmake/TemperatureCPlusPlusPackageConfig.cmake
-- Up-to-date: /home/abolfazlmohammadpour/Temperature/ROS2WorkSpace/install/TemperatureCPlusPlusPackage/share/TemperatureCPlusPlusPackage/cmake/TemperatureCPlusPlusPackageConfig-version.cmake
-- Up-to-date: /home/abolfazlmohammadpour/Temperature/ROS2WorkSpace/install/TemperatureCPlusPlusPackage/share/TemperatureCPlusPlusPackage/package.xml
