[0.150s] Invoking command in '/home/abolfazlmohammadpour/Temperature/ROS2WorkSpace/build/CPlusPlusPackage': CMAKE_PREFIX_PATH=${CMAKE_PREFIX_PATH}:/home/abolfazlmohammadpour/Temperature/ROS2WorkSpace/install/TemperaturePythonPackage:/home/abolfazlmohammadpour/Temperature/ROS2WorkSpace/install/PythonPackage:/opt/ros/iron /usr/bin/cmake --build /home/abolfazlmohammadpour/Temperature/ROS2WorkSpace/build/CPlusPlusPackage -- -j8 -l8
[0.230s] [35m[1mConsolidate compiler generated dependencies of target CPlusPlusNodeSubscriber[0m
[0.255s] [ 25%] Built target CPlusPlusNode
[0.256s] [ 50%] Built target CPlusPlusNodePublisher
[0.257s] [ 75%] Built target CPlusPlusNode_OOP
[0.277s] [ 87%] [32mBuilding CXX object CMakeFiles/CPlusPlusNodeSubscriber.dir/src/CPlusPlusNodeSubscriber.cpp.o[0m
[14.636s] [100%] [32m[1mLinking CXX executable CPlusPlusNodeSubscriber[0m
[15.511s] [100%] Built target CPlusPlusNodeSubscriber
[15.530s] Invoked command in '/home/abolfazlmohammadpour/Temperature/ROS2WorkSpace/build/CPlusPlusPackage' returned '0': CMAKE_PREFIX_PATH=${CMAKE_PREFIX_PATH}:/home/abolfazlmohammadpour/Temperature/ROS2WorkSpace/install/TemperaturePythonPackage:/home/abolfazlmohammadpour/Temperature/ROS2WorkSpace/install/PythonPackage:/opt/ros/iron /usr/bin/cmake --build /home/abolfazlmohammadpour/Temperature/ROS2WorkSpace/build/CPlusPlusPackage -- -j8 -l8
[15.683s] Invoking command in '/home/abolfazlmohammadpour/Temperature/ROS2WorkSpace/build/CPlusPlusPackage': CMAKE_PREFIX_PATH=${CMAKE_PREFIX_PATH}:/home/abolfazlmohammadpour/Temperature/ROS2WorkSpace/install/TemperaturePythonPackage:/home/abolfazlmohammadpour/Temperature/ROS2WorkSpace/install/PythonPackage:/opt/ros/iron /usr/bin/cmake --install /home/abolfazlmohammadpour/Temperature/ROS2WorkSpace/build/CPlusPlusPackage
[15.706s] -- Install configuration: ""
[15.707s] -- Up-to-date: /home/abolfazlmohammadpour/Temperature/ROS2WorkSpace/install/CPlusPlusPackage/lib/CPlusPlusPackage/CPlusPlusNode
[15.709s] -- Up-to-date: /home/abolfazlmohammadpour/Temperature/ROS2WorkSpace/install/CPlusPlusPackage/lib/CPlusPlusPackage/CPlusPlusNode_OOP
[15.711s] -- Up-to-date: /home/abolfazlmohammadpour/Temperature/ROS2WorkSpace/install/CPlusPlusPackage/lib/CPlusPlusPackage/CPlusPlusNodePublisher
[15.714s] -- Installing: /home/abolfazlmohammadpour/Temperature/ROS2WorkSpace/install/CPlusPlusPackage/lib/CPlusPlusPackage/CPlusPlusNodeSubscriber
[15.736s] -- Set runtime path of "/home/abolfazlmohammadpour/Temperature/ROS2WorkSpace/install/CPlusPlusPackage/lib/CPlusPlusPackage/CPlusPlusNodeSubscriber" to ""
[15.737s] -- Up-to-date: /home/abolfazlmohammadpour/Temperature/ROS2WorkSpace/install/CPlusPlusPackage/share/ament_index/resource_index/package_run_dependencies/CPlusPlusPackage
[15.739s] -- Up-to-date: /home/abolfazlmohammadpour/Temperature/ROS2WorkSpace/install/CPlusPlusPackage/share/ament_index/resource_index/parent_prefix_path/CPlusPlusPackage
[15.740s] -- Up-to-date: /home/abolfazlmohammadpour/Temperature/ROS2WorkSpace/install/CPlusPlusPackage/share/CPlusPlusPackage/environment/ament_prefix_path.sh
[15.741s] -- Up-to-date: /home/abolfazlmohammadpour/Temperature/ROS2WorkSpace/install/CPlusPlusPackage/share/CPlusPlusPackage/environment/ament_prefix_path.dsv
[15.742s] -- Up-to-date: /home/abolfazlmohammadpour/Temperature/ROS2WorkSpace/install/CPlusPlusPackage/share/CPlusPlusPackage/environment/path.sh
[15.743s] -- Up-to-date: /home/abolfazlmohammadpour/Temperature/ROS2WorkSpace/install/CPlusPlusPackage/share/CPlusPlusPackage/environment/path.dsv
[15.743s] -- Up-to-date: /home/abolfazlmohammadpour/Temperature/ROS2WorkSpace/install/CPlusPlusPackage/share/CPlusPlusPackage/local_setup.bash
[15.744s] -- Up-to-date: /home/abolfazlmohammadpour/Temperature/ROS2WorkSpace/install/CPlusPlusPackage/share/CPlusPlusPackage/local_setup.sh
[15.745s] -- Up-to-date: /home/abolfazlmohammadpour/Temperature/ROS2WorkSpace/install/CPlusPlusPackage/share/CPlusPlusPackage/local_setup.zsh
[15.747s] -- Up-to-date: /home/abolfazlmohammadpour/Temperature/ROS2WorkSpace/install/CPlusPlusPackage/share/CPlusPlusPackage/local_setup.dsv
[15.748s] -- Installing: /home/abolfazlmohammadpour/Temperature/ROS2WorkSpace/install/CPlusPlusPackage/share/CPlusPlusPackage/package.dsv
[15.750s] -- Up-to-date: /home/abolfazlmohammadpour/Temperature/ROS2WorkSpace/install/CPlusPlusPackage/share/ament_index/resource_index/packages/CPlusPlusPackage
[15.751s] -- Up-to-date: /home/abolfazlmohammadpour/Temperature/ROS2WorkSpace/install/CPlusPlusPackage/share/CPlusPlusPackage/cmake/CPlusPlusPackageConfig.cmake
[15.752s] -- Up-to-date: /home/abolfazlmohammadpour/Temperature/ROS2WorkSpace/install/CPlusPlusPackage/share/CPlusPlusPackage/cmake/CPlusPlusPackageConfig-version.cmake
[15.753s] -- Up-to-date: /home/abolfazlmohammadpour/Temperature/ROS2WorkSpace/install/CPlusPlusPackage/share/CPlusPlusPackage/package.xml
[15.755s] Invoked command in '/home/abolfazlmohammadpour/Temperature/ROS2WorkSpace/build/CPlusPlusPackage' returned '0': CMAKE_PREFIX_PATH=${CMAKE_PREFIX_PATH}:/home/abolfazlmohammadpour/Temperature/ROS2WorkSpace/install/TemperaturePythonPackage:/home/abolfazlmohammadpour/Temperature/ROS2WorkSpace/install/PythonPackage:/opt/ros/iron /usr/bin/cmake --install /home/abolfazlmohammadpour/Temperature/ROS2WorkSpace/build/CPlusPlusPackage
