-- Found ament_cmake: 2.0.4 (/opt/ros/iron/share/ament_cmake/cmake)
-- Found rosidl_default_generators: 1.5.0 (/opt/ros/iron/share/rosidl_default_generators/cmake)
-- Using all available rosidl_typesupport_c: rosidl_typesupport_fastrtps_c;rosidl_typesupport_introspection_c
-- Using all available rosidl_typesupport_cpp: rosidl_typesupport_fastrtps_cpp;rosidl_typesupport_introspection_cpp
-- Found rosidl_adapter: 4.0.1 (/opt/ros/iron/share/rosidl_adapter/cmake)
-- Found ament_cmake_ros: 0.11.2 (/opt/ros/iron/share/ament_cmake_ros/cmake)
-- Using all available rosidl_typesupport_c: rosidl_typesupport_fastrtps_c;rosidl_typesupport_introspection_c
-- Using all available rosidl_typesupport_cpp: rosidl_typesupport_fastrtps_cpp;rosidl_typesupport_introspection_cpp
-- Found python_cmake_module: 0.10.2 (/opt/ros/iron/share/python_cmake_module/cmake)
-- Using PYTHON_EXECUTABLE: /usr/bin/python3
-- Using PYTHON_INCLUDE_DIRS: /usr/include/python3.10
-- Using PYTHON_LIBRARIES: /usr/lib/x86_64-linux-gnu/libpython3.10.so
[31mCMake Error at /opt/ros/iron/share/rosidl_cmake/cmake/rosidl_generate_interfaces.cmake:243 (add_custom_target):
  add_custom_target cannot create target "custom_interfaces" because another
  target with the same name already exists.  The existing target is a custom
  target created in source directory
  "/home/abolfazlmohammadpour/Temperature/ROS2WorkSpace/src/custom_interfaces".
  See documentation for policy CMP0002 for more details.
Call Stack (most recent call first):
  CMakeLists.txt:13 (rosidl_generate_interfaces)

[0m
[31mCMake Error at /opt/ros/iron/share/rosidl_cmake/cmake/rosidl_generate_interfaces.cmake:243 (add_custom_target):
  add_custom_target cannot create target "custom_interfaces" because another
  target with the same name already exists.  The existing target is a custom
  target created in source directory
  "/home/abolfazlmohammadpour/Temperature/ROS2WorkSpace/src/custom_interfaces".
  See documentation for policy CMP0002 for more details.
Call Stack (most recent call first):
  CMakeLists.txt:14 (rosidl_generate_interfaces)

[0m
-- Configuring incomplete, errors occurred!
See also "/home/abolfazlmohammadpour/Temperature/ROS2WorkSpace/build/custom_interfaces/CMakeFiles/CMakeOutput.log".
gmake: *** [Makefile:815: cmake_check_build_system] Error 1
