[0.222s] Invoking command in '/home/abolfazlmohammadpour/Temperature/ROS2WorkSpace/build/TemperatureCPlusPlusPackage': CMAKE_PREFIX_PATH=${CMAKE_PREFIX_PATH}:/home/abolfazlmohammadpour/Temperature/ROS2WorkSpace/install/TemperaturePythonPackage:/opt/ros/iron /usr/bin/cmake --build /home/abolfazlmohammadpour/Temperature/ROS2WorkSpace/build/TemperatureCPlusPlusPackage -- -j8 -l8
[0.327s] [35m[1mConsolidate compiler generated dependencies of target TemperatureCPlusPlusNode_OOP[0m
[0.333s] [35m[1mConsolidate compiler generated dependencies of target TemperatureCPlusPlusNode[0m
[0.379s] [ 25%] [32mBuilding CXX object CMakeFiles/TemperatureCPlusPlusNode_OOP.dir/src/TemperatureCPlusPlusNode_OOP.cpp.o[0m
[0.382s] [ 75%] Built target TemperatureCPlusPlusNode
[9.983s] [100%] [32m[1mLinking CXX executable TemperatureCPlusPlusNode_OOP[0m
[10.497s] [100%] Built target TemperatureCPlusPlusNode_OOP
[10.526s] Invoked command in '/home/abolfazlmohammadpour/Temperature/ROS2WorkSpace/build/TemperatureCPlusPlusPackage' returned '0': CMAKE_PREFIX_PATH=${CMAKE_PREFIX_PATH}:/home/abolfazlmohammadpour/Temperature/ROS2WorkSpace/install/TemperaturePythonPackage:/opt/ros/iron /usr/bin/cmake --build /home/abolfazlmohammadpour/Temperature/ROS2WorkSpace/build/TemperatureCPlusPlusPackage -- -j8 -l8
[10.661s] Invoking command in '/home/abolfazlmohammadpour/Temperature/ROS2WorkSpace/build/TemperatureCPlusPlusPackage': CMAKE_PREFIX_PATH=${CMAKE_PREFIX_PATH}:/home/abolfazlmohammadpour/Temperature/ROS2WorkSpace/install/TemperaturePythonPackage:/opt/ros/iron /usr/bin/cmake --install /home/abolfazlmohammadpour/Temperature/ROS2WorkSpace/build/TemperatureCPlusPlusPackage
[10.683s] -- Install configuration: ""
[10.685s] -- Installing: /home/abolfazlmohammadpour/Temperature/ROS2WorkSpace/install/TemperatureCPlusPlusPackage/lib/TemperatureCPlusPlusPackage/TemperatureCPlusPlusNode
[10.692s] -- Set runtime path of "/home/abolfazlmohammadpour/Temperature/ROS2WorkSpace/install/TemperatureCPlusPlusPackage/lib/TemperatureCPlusPlusPackage/TemperatureCPlusPlusNode" to ""
[10.693s] -- Installing: /home/abolfazlmohammadpour/Temperature/ROS2WorkSpace/install/TemperatureCPlusPlusPackage/lib/TemperatureCPlusPlusPackage/TemperatureCPlusPlusNode_OOP
[10.695s] -- Set runtime path of "/home/abolfazlmohammadpour/Temperature/ROS2WorkSpace/install/TemperatureCPlusPlusPackage/lib/TemperatureCPlusPlusPackage/TemperatureCPlusPlusNode_OOP" to ""
[10.696s] -- Up-to-date: /home/abolfazlmohammadpour/Temperature/ROS2WorkSpace/install/TemperatureCPlusPlusPackage/share/ament_index/resource_index/package_run_dependencies/TemperatureCPlusPlusPackage
[10.698s] -- Up-to-date: /home/abolfazlmohammadpour/Temperature/ROS2WorkSpace/install/TemperatureCPlusPlusPackage/share/ament_index/resource_index/parent_prefix_path/TemperatureCPlusPlusPackage
[10.699s] -- Up-to-date: /home/abolfazlmohammadpour/Temperature/ROS2WorkSpace/install/TemperatureCPlusPlusPackage/share/TemperatureCPlusPlusPackage/environment/ament_prefix_path.sh
[10.700s] -- Up-to-date: /home/abolfazlmohammadpour/Temperature/ROS2WorkSpace/install/TemperatureCPlusPlusPackage/share/TemperatureCPlusPlusPackage/environment/ament_prefix_path.dsv
[10.701s] -- Up-to-date: /home/abolfazlmohammadpour/Temperature/ROS2WorkSpace/install/TemperatureCPlusPlusPackage/share/TemperatureCPlusPlusPackage/environment/path.sh
[10.701s] -- Up-to-date: /home/abolfazlmohammadpour/Temperature/ROS2WorkSpace/install/TemperatureCPlusPlusPackage/share/TemperatureCPlusPlusPackage/environment/path.dsv
[10.701s] -- Up-to-date: /home/abolfazlmohammadpour/Temperature/ROS2WorkSpace/install/TemperatureCPlusPlusPackage/share/TemperatureCPlusPlusPackage/local_setup.bash
[10.702s] -- Up-to-date: /home/abolfazlmohammadpour/Temperature/ROS2WorkSpace/install/TemperatureCPlusPlusPackage/share/TemperatureCPlusPlusPackage/local_setup.sh
[10.702s] -- Up-to-date: /home/abolfazlmohammadpour/Temperature/ROS2WorkSpace/install/TemperatureCPlusPlusPackage/share/TemperatureCPlusPlusPackage/local_setup.zsh
[10.702s] -- Up-to-date: /home/abolfazlmohammadpour/Temperature/ROS2WorkSpace/install/TemperatureCPlusPlusPackage/share/TemperatureCPlusPlusPackage/local_setup.dsv
[10.702s] -- Installing: /home/abolfazlmohammadpour/Temperature/ROS2WorkSpace/install/TemperatureCPlusPlusPackage/share/TemperatureCPlusPlusPackage/package.dsv
[10.703s] -- Up-to-date: /home/abolfazlmohammadpour/Temperature/ROS2WorkSpace/install/TemperatureCPlusPlusPackage/share/ament_index/resource_index/packages/TemperatureCPlusPlusPackage
[10.703s] -- Up-to-date: /home/abolfazlmohammadpour/Temperature/ROS2WorkSpace/install/TemperatureCPlusPlusPackage/share/TemperatureCPlusPlusPackage/cmake/TemperatureCPlusPlusPackageConfig.cmake
[10.704s] -- Up-to-date: /home/abolfazlmohammadpour/Temperature/ROS2WorkSpace/install/TemperatureCPlusPlusPackage/share/TemperatureCPlusPlusPackage/cmake/TemperatureCPlusPlusPackageConfig-version.cmake
[10.705s] -- Up-to-date: /home/abolfazlmohammadpour/Temperature/ROS2WorkSpace/install/TemperatureCPlusPlusPackage/share/TemperatureCPlusPlusPackage/package.xml
[10.713s] Invoked command in '/home/abolfazlmohammadpour/Temperature/ROS2WorkSpace/build/TemperatureCPlusPlusPackage' returned '0': CMAKE_PREFIX_PATH=${CMAKE_PREFIX_PATH}:/home/abolfazlmohammadpour/Temperature/ROS2WorkSpace/install/TemperaturePythonPackage:/opt/ros/iron /usr/bin/cmake --install /home/abolfazlmohammadpour/Temperature/ROS2WorkSpace/build/TemperatureCPlusPlusPackage
