[1.713s] DEBUG:colcon:Command line arguments: ['/usr/bin/colcon', 'build', '--packages-select', 'custom_launchfile']
[1.713s] DEBUG:colcon:Parsed command line arguments: Namespace(log_base=None, log_level=None, verb_name='build', build_base='build', install_base='install', merge_install=False, symlink_install=False, test_result_base=None, continue_on_error=False, executor='parallel', parallel_workers=8, event_handlers=None, ignore_user_meta=False, metas=['./colcon.meta'], base_paths=['.'], packages_ignore=None, packages_ignore_regex=None, paths=None, packages_up_to=None, packages_up_to_regex=None, packages_above=None, packages_above_and_dependencies=None, packages_above_depth=None, packages_select_by_dep=None, packages_skip_by_dep=None, packages_skip_up_to=None, packages_select_build_failed=False, packages_skip_build_finished=False, packages_select_test_failures=False, packages_skip_test_passed=False, packages_select=['custom_launchfile'], packages_skip=None, packages_select_regex=None, packages_skip_regex=None, packages_start=None, packages_end=None, allow_overriding=[], cmake_args=None, cmake_target=None, cmake_target_skip_unavailable=False, cmake_clean_cache=False, cmake_clean_first=False, cmake_force_configure=False, ament_cmake_args=None, catkin_cmake_args=None, catkin_skip_building_tests=False, verb_parser=<colcon_defaults.argument_parser.defaults.DefaultArgumentsDecorator object at 0x7f4e594b9f00>, verb_extension=<colcon_core.verb.build.BuildVerb object at 0x7f4e594a60b0>, main=<bound method BuildVerb.main of <colcon_core.verb.build.BuildVerb object at 0x7f4e594a60b0>>)
[1.779s] Level 1:colcon.colcon_core.package_discovery:discover_packages(colcon_meta) check parameters
[1.780s] Level 1:colcon.colcon_core.package_discovery:discover_packages(recursive) check parameters
[1.780s] Level 1:colcon.colcon_core.package_discovery:discover_packages(ignore) check parameters
[1.780s] Level 1:colcon.colcon_core.package_discovery:discover_packages(path) check parameters
[1.780s] Level 1:colcon.colcon_core.package_discovery:discover_packages(colcon_meta) discover
[1.780s] Level 1:colcon.colcon_core.package_discovery:discover_packages(recursive) discover
[1.780s] INFO:colcon.colcon_core.package_discovery:Crawling recursively for packages in '/home/abolfazlmohammadpour/Temperature/ROS2WorkSpace'
[1.780s] Level 1:colcon.colcon_core.package_identification:_identify(.) by extensions ['ignore', 'ignore_ament_install']
[1.781s] Level 1:colcon.colcon_core.package_identification:_identify(.) by extension 'ignore'
[1.781s] Level 1:colcon.colcon_core.package_identification:_identify(.) by extension 'ignore_ament_install'
[1.781s] Level 1:colcon.colcon_core.package_identification:_identify(.) by extensions ['colcon_pkg']
[1.781s] Level 1:colcon.colcon_core.package_identification:_identify(.) by extension 'colcon_pkg'
[1.781s] Level 1:colcon.colcon_core.package_identification:_identify(.) by extensions ['colcon_meta']
[1.782s] Level 1:colcon.colcon_core.package_identification:_identify(.) by extension 'colcon_meta'
[1.782s] Level 1:colcon.colcon_core.package_identification:_identify(.) by extensions ['ros']
[1.782s] Level 1:colcon.colcon_core.package_identification:_identify(.) by extension 'ros'
[1.800s] Level 1:colcon.colcon_core.package_identification:_identify(.) by extensions ['cmake', 'python']
[1.800s] Level 1:colcon.colcon_core.package_identification:_identify(.) by extension 'cmake'
[1.800s] Level 1:colcon.colcon_core.package_identification:_identify(.) by extension 'python'
[1.800s] Level 1:colcon.colcon_core.package_identification:_identify(.) by extensions ['python_setup_py']
[1.800s] Level 1:colcon.colcon_core.package_identification:_identify(.) by extension 'python_setup_py'
[1.800s] Level 1:colcon.colcon_core.package_identification:_identify(build) by extensions ['ignore', 'ignore_ament_install']
[1.801s] Level 1:colcon.colcon_core.package_identification:_identify(build) by extension 'ignore'
[1.801s] Level 1:colcon.colcon_core.package_identification:_identify(build) ignored
[1.801s] Level 1:colcon.colcon_core.package_identification:_identify(install) by extensions ['ignore', 'ignore_ament_install']
[1.801s] Level 1:colcon.colcon_core.package_identification:_identify(install) by extension 'ignore'
[1.801s] Level 1:colcon.colcon_core.package_identification:_identify(install) ignored
[1.801s] Level 1:colcon.colcon_core.package_identification:_identify(log) by extensions ['ignore', 'ignore_ament_install']
[1.802s] Level 1:colcon.colcon_core.package_identification:_identify(log) by extension 'ignore'
[1.802s] Level 1:colcon.colcon_core.package_identification:_identify(log) ignored
[1.802s] Level 1:colcon.colcon_core.package_identification:_identify(src) by extensions ['ignore', 'ignore_ament_install']
[1.802s] Level 1:colcon.colcon_core.package_identification:_identify(src) by extension 'ignore'
[1.802s] Level 1:colcon.colcon_core.package_identification:_identify(src) by extension 'ignore_ament_install'
[1.802s] Level 1:colcon.colcon_core.package_identification:_identify(src) by extensions ['colcon_pkg']
[1.802s] Level 1:colcon.colcon_core.package_identification:_identify(src) by extension 'colcon_pkg'
[1.802s] Level 1:colcon.colcon_core.package_identification:_identify(src) by extensions ['colcon_meta']
[1.802s] Level 1:colcon.colcon_core.package_identification:_identify(src) by extension 'colcon_meta'
[1.802s] Level 1:colcon.colcon_core.package_identification:_identify(src) by extensions ['ros']
[1.803s] Level 1:colcon.colcon_core.package_identification:_identify(src) by extension 'ros'
[1.803s] Level 1:colcon.colcon_core.package_identification:_identify(src) by extensions ['cmake', 'python']
[1.803s] Level 1:colcon.colcon_core.package_identification:_identify(src) by extension 'cmake'
[1.803s] Level 1:colcon.colcon_core.package_identification:_identify(src) by extension 'python'
[1.803s] Level 1:colcon.colcon_core.package_identification:_identify(src) by extensions ['python_setup_py']
[1.803s] Level 1:colcon.colcon_core.package_identification:_identify(src) by extension 'python_setup_py'
[1.803s] Level 1:colcon.colcon_core.package_identification:_identify(src/CPlusPlusPackage) by extensions ['ignore', 'ignore_ament_install']
[1.803s] Level 1:colcon.colcon_core.package_identification:_identify(src/CPlusPlusPackage) by extension 'ignore'
[1.803s] Level 1:colcon.colcon_core.package_identification:_identify(src/CPlusPlusPackage) by extension 'ignore_ament_install'
[1.803s] Level 1:colcon.colcon_core.package_identification:_identify(src/CPlusPlusPackage) by extensions ['colcon_pkg']
[1.803s] Level 1:colcon.colcon_core.package_identification:_identify(src/CPlusPlusPackage) by extension 'colcon_pkg'
[1.803s] Level 1:colcon.colcon_core.package_identification:_identify(src/CPlusPlusPackage) by extensions ['colcon_meta']
[1.804s] Level 1:colcon.colcon_core.package_identification:_identify(src/CPlusPlusPackage) by extension 'colcon_meta'
[1.804s] Level 1:colcon.colcon_core.package_identification:_identify(src/CPlusPlusPackage) by extensions ['ros']
[1.804s] Level 1:colcon.colcon_core.package_identification:_identify(src/CPlusPlusPackage) by extension 'ros'
[1.807s] DEBUG:colcon.colcon_core.package_identification:Package 'src/CPlusPlusPackage' with type 'ros.ament_cmake' and name 'CPlusPlusPackage'
[1.807s] Level 1:colcon.colcon_core.package_identification:_identify(src/PythonPackage) by extensions ['ignore', 'ignore_ament_install']
[1.808s] Level 1:colcon.colcon_core.package_identification:_identify(src/PythonPackage) by extension 'ignore'
[1.808s] Level 1:colcon.colcon_core.package_identification:_identify(src/PythonPackage) by extension 'ignore_ament_install'
[1.808s] Level 1:colcon.colcon_core.package_identification:_identify(src/PythonPackage) by extensions ['colcon_pkg']
[1.808s] Level 1:colcon.colcon_core.package_identification:_identify(src/PythonPackage) by extension 'colcon_pkg'
[1.808s] Level 1:colcon.colcon_core.package_identification:_identify(src/PythonPackage) by extensions ['colcon_meta']
[1.808s] Level 1:colcon.colcon_core.package_identification:_identify(src/PythonPackage) by extension 'colcon_meta'
[1.808s] Level 1:colcon.colcon_core.package_identification:_identify(src/PythonPackage) by extensions ['ros']
[1.808s] Level 1:colcon.colcon_core.package_identification:_identify(src/PythonPackage) by extension 'ros'
[1.809s] DEBUG:colcon.colcon_core.package_identification:Package 'src/PythonPackage' with type 'ros.ament_python' and name 'PythonPackage'
[1.809s] Level 1:colcon.colcon_core.package_identification:_identify(src/custom_interfaces) by extensions ['ignore', 'ignore_ament_install']
[1.810s] Level 1:colcon.colcon_core.package_identification:_identify(src/custom_interfaces) by extension 'ignore'
[1.810s] Level 1:colcon.colcon_core.package_identification:_identify(src/custom_interfaces) by extension 'ignore_ament_install'
[1.810s] Level 1:colcon.colcon_core.package_identification:_identify(src/custom_interfaces) by extensions ['colcon_pkg']
[1.810s] Level 1:colcon.colcon_core.package_identification:_identify(src/custom_interfaces) by extension 'colcon_pkg'
[1.810s] Level 1:colcon.colcon_core.package_identification:_identify(src/custom_interfaces) by extensions ['colcon_meta']
[1.810s] Level 1:colcon.colcon_core.package_identification:_identify(src/custom_interfaces) by extension 'colcon_meta'
[1.810s] Level 1:colcon.colcon_core.package_identification:_identify(src/custom_interfaces) by extensions ['ros']
[1.810s] Level 1:colcon.colcon_core.package_identification:_identify(src/custom_interfaces) by extension 'ros'
[1.811s] DEBUG:colcon.colcon_core.package_identification:Package 'src/custom_interfaces' with type 'ros.ament_cmake' and name 'custom_interfaces'
[1.811s] Level 1:colcon.colcon_core.package_identification:_identify(src/custom_launchfile) by extensions ['ignore', 'ignore_ament_install']
[1.811s] Level 1:colcon.colcon_core.package_identification:_identify(src/custom_launchfile) by extension 'ignore'
[1.811s] Level 1:colcon.colcon_core.package_identification:_identify(src/custom_launchfile) by extension 'ignore_ament_install'
[1.811s] Level 1:colcon.colcon_core.package_identification:_identify(src/custom_launchfile) by extensions ['colcon_pkg']
[1.811s] Level 1:colcon.colcon_core.package_identification:_identify(src/custom_launchfile) by extension 'colcon_pkg'
[1.811s] Level 1:colcon.colcon_core.package_identification:_identify(src/custom_launchfile) by extensions ['colcon_meta']
[1.811s] Level 1:colcon.colcon_core.package_identification:_identify(src/custom_launchfile) by extension 'colcon_meta'
[1.812s] Level 1:colcon.colcon_core.package_identification:_identify(src/custom_launchfile) by extensions ['ros']
[1.812s] Level 1:colcon.colcon_core.package_identification:_identify(src/custom_launchfile) by extension 'ros'
[1.812s] DEBUG:colcon.colcon_core.package_identification:Package 'src/custom_launchfile' with type 'ros.ament_cmake' and name 'custom_launchfile'
[1.812s] Level 1:colcon.colcon_core.package_discovery:discover_packages(recursive) using defaults
[1.812s] Level 1:colcon.colcon_core.package_discovery:discover_packages(ignore) discover
[1.812s] Level 1:colcon.colcon_core.package_discovery:discover_packages(ignore) using defaults
[1.812s] Level 1:colcon.colcon_core.package_discovery:discover_packages(path) discover
[1.812s] Level 1:colcon.colcon_core.package_discovery:discover_packages(path) using defaults
[1.908s] INFO:colcon.colcon_core.package_selection:Skipping not selected package 'custom_interfaces' in 'src/custom_interfaces'
[1.908s] INFO:colcon.colcon_core.package_selection:Skipping not selected package 'CPlusPlusPackage' in 'src/CPlusPlusPackage'
[1.908s] INFO:colcon.colcon_core.package_selection:Skipping not selected package 'PythonPackage' in 'src/PythonPackage'
[1.951s] Level 1:colcon.colcon_core.package_discovery:discover_packages(prefix_path) check parameters
[1.951s] Level 1:colcon.colcon_core.package_discovery:discover_packages(prefix_path) discover
[2.005s] DEBUG:colcon.colcon_installed_package_information.package_discovery:Found 4 installed packages in /home/abolfazlmohammadpour/Temperature/ROS2WorkSpace/install
[2.040s] DEBUG:colcon.colcon_installed_package_information.package_discovery:Found 2 installed packages in /home/abolfazlmohammadpour/ROS2WorkSpace/install
[2.075s] DEBUG:colcon.colcon_installed_package_information.package_discovery:Found 286 installed packages in /opt/ros/iron
[2.077s] Level 1:colcon.colcon_core.package_discovery:discover_packages(prefix_path) using defaults
[2.213s] Level 5:colcon.colcon_core.verb:set package 'custom_launchfile' build argument 'cmake_args' from command line to 'None'
[2.213s] Level 5:colcon.colcon_core.verb:set package 'custom_launchfile' build argument 'cmake_target' from command line to 'None'
[2.214s] Level 5:colcon.colcon_core.verb:set package 'custom_launchfile' build argument 'cmake_target_skip_unavailable' from command line to 'False'
[2.214s] Level 5:colcon.colcon_core.verb:set package 'custom_launchfile' build argument 'cmake_clean_cache' from command line to 'False'
[2.214s] Level 5:colcon.colcon_core.verb:set package 'custom_launchfile' build argument 'cmake_clean_first' from command line to 'False'
[2.214s] Level 5:colcon.colcon_core.verb:set package 'custom_launchfile' build argument 'cmake_force_configure' from command line to 'False'
[2.214s] Level 5:colcon.colcon_core.verb:set package 'custom_launchfile' build argument 'ament_cmake_args' from command line to 'None'
[2.214s] Level 5:colcon.colcon_core.verb:set package 'custom_launchfile' build argument 'catkin_cmake_args' from command line to 'None'
[2.214s] Level 5:colcon.colcon_core.verb:set package 'custom_launchfile' build argument 'catkin_skip_building_tests' from command line to 'False'
[2.214s] DEBUG:colcon.colcon_core.verb:Building package 'custom_launchfile' with the following arguments: {'ament_cmake_args': None, 'build_base': '/home/abolfazlmohammadpour/Temperature/ROS2WorkSpace/build/custom_launchfile', 'catkin_cmake_args': None, 'catkin_skip_building_tests': False, 'cmake_args': None, 'cmake_clean_cache': False, 'cmake_clean_first': False, 'cmake_force_configure': False, 'cmake_target': None, 'cmake_target_skip_unavailable': False, 'install_base': '/home/abolfazlmohammadpour/Temperature/ROS2WorkSpace/install/custom_launchfile', 'merge_install': False, 'path': '/home/abolfazlmohammadpour/Temperature/ROS2WorkSpace/src/custom_launchfile', 'symlink_install': False, 'test_result_base': None}
[2.235s] INFO:colcon.colcon_core.executor:Executing jobs using 'parallel' executor
[2.257s] DEBUG:colcon.colcon_parallel_executor.executor.parallel:run_until_complete
[2.258s] INFO:colcon.colcon_ros.task.ament_cmake.build:Building ROS package in '/home/abolfazlmohammadpour/Temperature/ROS2WorkSpace/src/custom_launchfile' with build type 'ament_cmake'
[2.258s] INFO:colcon.colcon_cmake.task.cmake.build:Building CMake package in '/home/abolfazlmohammadpour/Temperature/ROS2WorkSpace/src/custom_launchfile'
[2.287s] INFO:colcon.colcon_core.plugin_system:Skipping extension 'colcon_core.shell.bat': Not used on non-Windows systems
[2.287s] INFO:colcon.colcon_core.shell:Skip shell extension 'powershell' for command environment: Not usable outside of PowerShell
[2.287s] DEBUG:colcon.colcon_core.shell:Skip shell extension 'dsv' for command environment
[2.534s] DEBUG:colcon.colcon_core.event_handler.log_command:Invoking command in '/home/abolfazlmohammadpour/Temperature/ROS2WorkSpace/build/custom_launchfile': CMAKE_PREFIX_PATH=/home/abolfazlmohammadpour/Temperature/ROS2WorkSpace/install/CPlusPlusPackage:/home/abolfazlmohammadpour/Temperature/ROS2WorkSpace/install/custom_interfaces:/home/abolfazlmohammadpour/Temperature/ROS2WorkSpace/install/custom_launchfile:/home/abolfazlmohammadpour/ROS2WorkSpace/install/CPlusPlusPackage:/home/abolfazlmohammadpour/Temperature/ROS2WorkSpace/install/PythonPackage:/home/abolfazlmohammadpour/ROS2WorkSpace/install/PythonPackage:/opt/ros/iron WSLENV=ELECTRON_RUN_AS_NODE/w: /usr/bin/cmake --build /home/abolfazlmohammadpour/Temperature/ROS2WorkSpace/build/custom_launchfile -- -j8 -l8
[2.584s] DEBUG:colcon.colcon_core.event_handler.log_command:Invoked command in '/home/abolfazlmohammadpour/Temperature/ROS2WorkSpace/build/custom_launchfile' returned '0': CMAKE_PREFIX_PATH=/home/abolfazlmohammadpour/Temperature/ROS2WorkSpace/install/CPlusPlusPackage:/home/abolfazlmohammadpour/Temperature/ROS2WorkSpace/install/custom_interfaces:/home/abolfazlmohammadpour/Temperature/ROS2WorkSpace/install/custom_launchfile:/home/abolfazlmohammadpour/ROS2WorkSpace/install/CPlusPlusPackage:/home/abolfazlmohammadpour/Temperature/ROS2WorkSpace/install/PythonPackage:/home/abolfazlmohammadpour/ROS2WorkSpace/install/PythonPackage:/opt/ros/iron WSLENV=ELECTRON_RUN_AS_NODE/w: /usr/bin/cmake --build /home/abolfazlmohammadpour/Temperature/ROS2WorkSpace/build/custom_launchfile -- -j8 -l8
[2.645s] DEBUG:colcon.colcon_core.event_handler.log_command:Invoking command in '/home/abolfazlmohammadpour/Temperature/ROS2WorkSpace/build/custom_launchfile': CMAKE_PREFIX_PATH=/home/abolfazlmohammadpour/Temperature/ROS2WorkSpace/install/CPlusPlusPackage:/home/abolfazlmohammadpour/Temperature/ROS2WorkSpace/install/custom_interfaces:/home/abolfazlmohammadpour/Temperature/ROS2WorkSpace/install/custom_launchfile:/home/abolfazlmohammadpour/ROS2WorkSpace/install/CPlusPlusPackage:/home/abolfazlmohammadpour/Temperature/ROS2WorkSpace/install/PythonPackage:/home/abolfazlmohammadpour/ROS2WorkSpace/install/PythonPackage:/opt/ros/iron WSLENV=ELECTRON_RUN_AS_NODE/w: /usr/bin/cmake --install /home/abolfazlmohammadpour/Temperature/ROS2WorkSpace/build/custom_launchfile
[2.670s] Level 1:colcon.colcon_core.environment:create_environment_scripts_only(custom_launchfile)
[2.671s] DEBUG:colcon.colcon_core.event_handler.log_command:Invoked command in '/home/abolfazlmohammadpour/Temperature/ROS2WorkSpace/build/custom_launchfile' returned '0': CMAKE_PREFIX_PATH=/home/abolfazlmohammadpour/Temperature/ROS2WorkSpace/install/CPlusPlusPackage:/home/abolfazlmohammadpour/Temperature/ROS2WorkSpace/install/custom_interfaces:/home/abolfazlmohammadpour/Temperature/ROS2WorkSpace/install/custom_launchfile:/home/abolfazlmohammadpour/ROS2WorkSpace/install/CPlusPlusPackage:/home/abolfazlmohammadpour/Temperature/ROS2WorkSpace/install/PythonPackage:/home/abolfazlmohammadpour/ROS2WorkSpace/install/PythonPackage:/opt/ros/iron WSLENV=ELECTRON_RUN_AS_NODE/w: /usr/bin/cmake --install /home/abolfazlmohammadpour/Temperature/ROS2WorkSpace/build/custom_launchfile
[2.712s] Level 1:colcon.colcon_core.environment:checking '/home/abolfazlmohammadpour/Temperature/ROS2WorkSpace/install/custom_launchfile' for CMake module files
[2.713s] Level 1:colcon.colcon_core.environment:checking '/home/abolfazlmohammadpour/Temperature/ROS2WorkSpace/install/custom_launchfile' for CMake config files
[2.714s] Level 1:colcon.colcon_core.shell:create_environment_hook('custom_launchfile', 'cmake_prefix_path')
[2.748s] INFO:colcon.colcon_core.shell:Creating environment hook '/home/abolfazlmohammadpour/Temperature/ROS2WorkSpace/install/custom_launchfile/share/custom_launchfile/hook/cmake_prefix_path.ps1'
[2.749s] INFO:colcon.colcon_core.shell:Creating environment descriptor '/home/abolfazlmohammadpour/Temperature/ROS2WorkSpace/install/custom_launchfile/share/custom_launchfile/hook/cmake_prefix_path.dsv'
[2.749s] INFO:colcon.colcon_core.shell:Creating environment hook '/home/abolfazlmohammadpour/Temperature/ROS2WorkSpace/install/custom_launchfile/share/custom_launchfile/hook/cmake_prefix_path.sh'
[2.751s] Level 1:colcon.colcon_core.environment:checking '/home/abolfazlmohammadpour/Temperature/ROS2WorkSpace/install/custom_launchfile/bin'
[2.751s] Level 1:colcon.colcon_core.environment:checking '/home/abolfazlmohammadpour/Temperature/ROS2WorkSpace/install/custom_launchfile/lib/pkgconfig/custom_launchfile.pc'
[2.752s] Level 1:colcon.colcon_core.environment:checking '/home/abolfazlmohammadpour/Temperature/ROS2WorkSpace/install/custom_launchfile/lib/python3.10/site-packages'
[2.752s] Level 1:colcon.colcon_core.environment:checking '/home/abolfazlmohammadpour/Temperature/ROS2WorkSpace/install/custom_launchfile/bin'
[2.775s] INFO:colcon.colcon_core.shell:Creating package script '/home/abolfazlmohammadpour/Temperature/ROS2WorkSpace/install/custom_launchfile/share/custom_launchfile/package.ps1'
[2.776s] INFO:colcon.colcon_core.shell:Creating package descriptor '/home/abolfazlmohammadpour/Temperature/ROS2WorkSpace/install/custom_launchfile/share/custom_launchfile/package.dsv'
[2.777s] INFO:colcon.colcon_core.shell:Creating package script '/home/abolfazlmohammadpour/Temperature/ROS2WorkSpace/install/custom_launchfile/share/custom_launchfile/package.sh'
[2.778s] INFO:colcon.colcon_core.shell:Creating package script '/home/abolfazlmohammadpour/Temperature/ROS2WorkSpace/install/custom_launchfile/share/custom_launchfile/package.bash'
[2.779s] INFO:colcon.colcon_core.shell:Creating package script '/home/abolfazlmohammadpour/Temperature/ROS2WorkSpace/install/custom_launchfile/share/custom_launchfile/package.zsh'
[2.780s] Level 1:colcon.colcon_core.environment:create_file_with_runtime_dependencies(/home/abolfazlmohammadpour/Temperature/ROS2WorkSpace/install/custom_launchfile/share/colcon-core/packages/custom_launchfile)
[2.848s] Level 1:colcon.colcon_core.environment:create_environment_scripts_only(custom_launchfile)
[2.890s] Level 1:colcon.colcon_core.environment:checking '/home/abolfazlmohammadpour/Temperature/ROS2WorkSpace/install/custom_launchfile' for CMake module files
[2.891s] Level 1:colcon.colcon_core.environment:checking '/home/abolfazlmohammadpour/Temperature/ROS2WorkSpace/install/custom_launchfile' for CMake config files
[2.892s] Level 1:colcon.colcon_core.shell:create_environment_hook('custom_launchfile', 'cmake_prefix_path')
[2.922s] INFO:colcon.colcon_core.shell:Creating environment hook '/home/abolfazlmohammadpour/Temperature/ROS2WorkSpace/install/custom_launchfile/share/custom_launchfile/hook/cmake_prefix_path.ps1'
[2.923s] INFO:colcon.colcon_core.shell:Creating environment descriptor '/home/abolfazlmohammadpour/Temperature/ROS2WorkSpace/install/custom_launchfile/share/custom_launchfile/hook/cmake_prefix_path.dsv'
[2.923s] INFO:colcon.colcon_core.shell:Creating environment hook '/home/abolfazlmohammadpour/Temperature/ROS2WorkSpace/install/custom_launchfile/share/custom_launchfile/hook/cmake_prefix_path.sh'
[2.924s] Level 1:colcon.colcon_core.environment:checking '/home/abolfazlmohammadpour/Temperature/ROS2WorkSpace/install/custom_launchfile/bin'
[2.925s] Level 1:colcon.colcon_core.environment:checking '/home/abolfazlmohammadpour/Temperature/ROS2WorkSpace/install/custom_launchfile/lib/pkgconfig/custom_launchfile.pc'
[2.925s] Level 1:colcon.colcon_core.environment:checking '/home/abolfazlmohammadpour/Temperature/ROS2WorkSpace/install/custom_launchfile/lib/python3.10/site-packages'
[2.925s] Level 1:colcon.colcon_core.environment:checking '/home/abolfazlmohammadpour/Temperature/ROS2WorkSpace/install/custom_launchfile/bin'
[2.948s] INFO:colcon.colcon_core.shell:Creating package script '/home/abolfazlmohammadpour/Temperature/ROS2WorkSpace/install/custom_launchfile/share/custom_launchfile/package.ps1'
[2.949s] INFO:colcon.colcon_core.shell:Creating package descriptor '/home/abolfazlmohammadpour/Temperature/ROS2WorkSpace/install/custom_launchfile/share/custom_launchfile/package.dsv'
[2.950s] INFO:colcon.colcon_core.shell:Creating package script '/home/abolfazlmohammadpour/Temperature/ROS2WorkSpace/install/custom_launchfile/share/custom_launchfile/package.sh'
[2.950s] INFO:colcon.colcon_core.shell:Creating package script '/home/abolfazlmohammadpour/Temperature/ROS2WorkSpace/install/custom_launchfile/share/custom_launchfile/package.bash'
[2.951s] INFO:colcon.colcon_core.shell:Creating package script '/home/abolfazlmohammadpour/Temperature/ROS2WorkSpace/install/custom_launchfile/share/custom_launchfile/package.zsh'
[2.951s] Level 1:colcon.colcon_core.environment:create_file_with_runtime_dependencies(/home/abolfazlmohammadpour/Temperature/ROS2WorkSpace/install/custom_launchfile/share/colcon-core/packages/custom_launchfile)
[2.952s] DEBUG:colcon.colcon_parallel_executor.executor.parallel:closing loop
[2.952s] DEBUG:colcon.colcon_parallel_executor.executor.parallel:loop closed
[2.952s] DEBUG:colcon.colcon_parallel_executor.executor.parallel:run_until_complete finished with '0'
[2.953s] DEBUG:colcon.colcon_core.event_reactor:joining thread
[3.025s] INFO:colcon.colcon_core.plugin_system:Skipping extension 'colcon_notification.desktop_notification.notify_send': Could not find 'notify-send'
[3.025s] INFO:colcon.colcon_core.plugin_system:Skipping extension 'colcon_notification.desktop_notification.terminal_notifier': Not used on non-Darwin systems
[3.025s] INFO:colcon.colcon_core.plugin_system:Skipping extension 'colcon_notification.desktop_notification.win32': Not used on non-Windows systems
[3.025s] INFO:colcon.colcon_notification.desktop_notification:Sending desktop notification using 'notify2'
[3.025s] DEBUG:colcon.colcon_notification.desktop_notification.notify2:Failed to initialize notify2: org.freedesktop.DBus.Error.FileNotFound: Failed to connect to socket /run/user/1000/bus: No such file or directory
[3.026s] DEBUG:colcon.colcon_core.event_reactor:joined thread
[3.053s] INFO:colcon.colcon_core.shell:Creating prefix script '/home/abolfazlmohammadpour/Temperature/ROS2WorkSpace/install/local_setup.ps1'
[3.055s] INFO:colcon.colcon_core.shell:Creating prefix util module '/home/abolfazlmohammadpour/Temperature/ROS2WorkSpace/install/_local_setup_util_ps1.py'
[3.057s] INFO:colcon.colcon_core.shell:Creating prefix chain script '/home/abolfazlmohammadpour/Temperature/ROS2WorkSpace/install/setup.ps1'
[3.091s] INFO:colcon.colcon_core.shell:Creating prefix script '/home/abolfazlmohammadpour/Temperature/ROS2WorkSpace/install/local_setup.sh'
[3.092s] INFO:colcon.colcon_core.shell:Creating prefix util module '/home/abolfazlmohammadpour/Temperature/ROS2WorkSpace/install/_local_setup_util_sh.py'
[3.093s] INFO:colcon.colcon_core.shell:Creating prefix chain script '/home/abolfazlmohammadpour/Temperature/ROS2WorkSpace/install/setup.sh'
[3.131s] INFO:colcon.colcon_core.shell:Creating prefix script '/home/abolfazlmohammadpour/Temperature/ROS2WorkSpace/install/local_setup.bash'
[3.132s] INFO:colcon.colcon_core.shell:Creating prefix chain script '/home/abolfazlmohammadpour/Temperature/ROS2WorkSpace/install/setup.bash'
[3.169s] INFO:colcon.colcon_core.shell:Creating prefix script '/home/abolfazlmohammadpour/Temperature/ROS2WorkSpace/install/local_setup.zsh'
[3.170s] INFO:colcon.colcon_core.shell:Creating prefix chain script '/home/abolfazlmohammadpour/Temperature/ROS2WorkSpace/install/setup.zsh'
