[1.528s] DEBUG:colcon:Command line arguments: ['/usr/bin/colcon', 'build', '--packages-select', 'CPlusPlusPackage']
[1.528s] DEBUG:colcon:Parsed command line arguments: Namespace(log_base=None, log_level=None, verb_name='build', build_base='build', install_base='install', merge_install=False, symlink_install=False, test_result_base=None, continue_on_error=False, executor='parallel', parallel_workers=8, event_handlers=None, ignore_user_meta=False, metas=['./colcon.meta'], base_paths=['.'], packages_ignore=None, packages_ignore_regex=None, paths=None, packages_up_to=None, packages_up_to_regex=None, packages_above=None, packages_above_and_dependencies=None, packages_above_depth=None, packages_select_by_dep=None, packages_skip_by_dep=None, packages_skip_up_to=None, packages_select_build_failed=False, packages_skip_build_finished=False, packages_select_test_failures=False, packages_skip_test_passed=False, packages_select=['CPlusPlusPackage'], packages_skip=None, packages_select_regex=None, packages_skip_regex=None, packages_start=None, packages_end=None, allow_overriding=[], cmake_args=None, cmake_target=None, cmake_target_skip_unavailable=False, cmake_clean_cache=False, cmake_clean_first=False, cmake_force_configure=False, ament_cmake_args=None, catkin_cmake_args=None, catkin_skip_building_tests=False, verb_parser=<colcon_defaults.argument_parser.defaults.DefaultArgumentsDecorator object at 0x7f43505e7eb0>, verb_extension=<colcon_core.verb.build.BuildVerb object at 0x7f43505e4820>, main=<bound method BuildVerb.main of <colcon_core.verb.build.BuildVerb object at 0x7f43505e4820>>)
[1.595s] Level 1:colcon.colcon_core.package_discovery:discover_packages(colcon_meta) check parameters
[1.595s] Level 1:colcon.colcon_core.package_discovery:discover_packages(recursive) check parameters
[1.595s] Level 1:colcon.colcon_core.package_discovery:discover_packages(ignore) check parameters
[1.595s] Level 1:colcon.colcon_core.package_discovery:discover_packages(path) check parameters
[1.595s] Level 1:colcon.colcon_core.package_discovery:discover_packages(colcon_meta) discover
[1.595s] Level 1:colcon.colcon_core.package_discovery:discover_packages(recursive) discover
[1.596s] INFO:colcon.colcon_core.package_discovery:Crawling recursively for packages in '/home/abolfazlmohammadpour/Temperature/ROS2WorkSpace'
[1.596s] Level 1:colcon.colcon_core.package_identification:_identify(.) by extensions ['ignore', 'ignore_ament_install']
[1.597s] Level 1:colcon.colcon_core.package_identification:_identify(.) by extension 'ignore'
[1.597s] Level 1:colcon.colcon_core.package_identification:_identify(.) by extension 'ignore_ament_install'
[1.597s] Level 1:colcon.colcon_core.package_identification:_identify(.) by extensions ['colcon_pkg']
[1.597s] Level 1:colcon.colcon_core.package_identification:_identify(.) by extension 'colcon_pkg'
[1.597s] Level 1:colcon.colcon_core.package_identification:_identify(.) by extensions ['colcon_meta']
[1.597s] Level 1:colcon.colcon_core.package_identification:_identify(.) by extension 'colcon_meta'
[1.597s] Level 1:colcon.colcon_core.package_identification:_identify(.) by extensions ['ros']
[1.597s] Level 1:colcon.colcon_core.package_identification:_identify(.) by extension 'ros'
[1.615s] Level 1:colcon.colcon_core.package_identification:_identify(.) by extensions ['cmake', 'python']
[1.615s] Level 1:colcon.colcon_core.package_identification:_identify(.) by extension 'cmake'
[1.615s] Level 1:colcon.colcon_core.package_identification:_identify(.) by extension 'python'
[1.615s] Level 1:colcon.colcon_core.package_identification:_identify(.) by extensions ['python_setup_py']
[1.615s] Level 1:colcon.colcon_core.package_identification:_identify(.) by extension 'python_setup_py'
[1.615s] Level 1:colcon.colcon_core.package_identification:_identify(build) by extensions ['ignore', 'ignore_ament_install']
[1.615s] Level 1:colcon.colcon_core.package_identification:_identify(build) by extension 'ignore'
[1.615s] Level 1:colcon.colcon_core.package_identification:_identify(build) ignored
[1.616s] Level 1:colcon.colcon_core.package_identification:_identify(install) by extensions ['ignore', 'ignore_ament_install']
[1.616s] Level 1:colcon.colcon_core.package_identification:_identify(install) by extension 'ignore'
[1.616s] Level 1:colcon.colcon_core.package_identification:_identify(install) ignored
[1.616s] Level 1:colcon.colcon_core.package_identification:_identify(log) by extensions ['ignore', 'ignore_ament_install']
[1.616s] Level 1:colcon.colcon_core.package_identification:_identify(log) by extension 'ignore'
[1.616s] Level 1:colcon.colcon_core.package_identification:_identify(log) ignored
[1.617s] Level 1:colcon.colcon_core.package_identification:_identify(src) by extensions ['ignore', 'ignore_ament_install']
[1.617s] Level 1:colcon.colcon_core.package_identification:_identify(src) by extension 'ignore'
[1.617s] Level 1:colcon.colcon_core.package_identification:_identify(src) by extension 'ignore_ament_install'
[1.617s] Level 1:colcon.colcon_core.package_identification:_identify(src) by extensions ['colcon_pkg']
[1.617s] Level 1:colcon.colcon_core.package_identification:_identify(src) by extension 'colcon_pkg'
[1.617s] Level 1:colcon.colcon_core.package_identification:_identify(src) by extensions ['colcon_meta']
[1.617s] Level 1:colcon.colcon_core.package_identification:_identify(src) by extension 'colcon_meta'
[1.617s] Level 1:colcon.colcon_core.package_identification:_identify(src) by extensions ['ros']
[1.617s] Level 1:colcon.colcon_core.package_identification:_identify(src) by extension 'ros'
[1.617s] Level 1:colcon.colcon_core.package_identification:_identify(src) by extensions ['cmake', 'python']
[1.617s] Level 1:colcon.colcon_core.package_identification:_identify(src) by extension 'cmake'
[1.617s] Level 1:colcon.colcon_core.package_identification:_identify(src) by extension 'python'
[1.617s] Level 1:colcon.colcon_core.package_identification:_identify(src) by extensions ['python_setup_py']
[1.617s] Level 1:colcon.colcon_core.package_identification:_identify(src) by extension 'python_setup_py'
[1.618s] Level 1:colcon.colcon_core.package_identification:_identify(src/CPlusPlusPackage) by extensions ['ignore', 'ignore_ament_install']
[1.618s] Level 1:colcon.colcon_core.package_identification:_identify(src/CPlusPlusPackage) by extension 'ignore'
[1.618s] Level 1:colcon.colcon_core.package_identification:_identify(src/CPlusPlusPackage) by extension 'ignore_ament_install'
[1.618s] Level 1:colcon.colcon_core.package_identification:_identify(src/CPlusPlusPackage) by extensions ['colcon_pkg']
[1.618s] Level 1:colcon.colcon_core.package_identification:_identify(src/CPlusPlusPackage) by extension 'colcon_pkg'
[1.618s] Level 1:colcon.colcon_core.package_identification:_identify(src/CPlusPlusPackage) by extensions ['colcon_meta']
[1.618s] Level 1:colcon.colcon_core.package_identification:_identify(src/CPlusPlusPackage) by extension 'colcon_meta'
[1.618s] Level 1:colcon.colcon_core.package_identification:_identify(src/CPlusPlusPackage) by extensions ['ros']
[1.618s] Level 1:colcon.colcon_core.package_identification:_identify(src/CPlusPlusPackage) by extension 'ros'
[1.621s] DEBUG:colcon.colcon_core.package_identification:Package 'src/CPlusPlusPackage' with type 'ros.ament_cmake' and name 'CPlusPlusPackage'
[1.622s] Level 1:colcon.colcon_core.package_identification:_identify(src/PythonPackage) by extensions ['ignore', 'ignore_ament_install']
[1.622s] Level 1:colcon.colcon_core.package_identification:_identify(src/PythonPackage) by extension 'ignore'
[1.622s] Level 1:colcon.colcon_core.package_identification:_identify(src/PythonPackage) by extension 'ignore_ament_install'
[1.622s] Level 1:colcon.colcon_core.package_identification:_identify(src/PythonPackage) by extensions ['colcon_pkg']
[1.622s] Level 1:colcon.colcon_core.package_identification:_identify(src/PythonPackage) by extension 'colcon_pkg'
[1.622s] Level 1:colcon.colcon_core.package_identification:_identify(src/PythonPackage) by extensions ['colcon_meta']
[1.622s] Level 1:colcon.colcon_core.package_identification:_identify(src/PythonPackage) by extension 'colcon_meta'
[1.622s] Level 1:colcon.colcon_core.package_identification:_identify(src/PythonPackage) by extensions ['ros']
[1.622s] Level 1:colcon.colcon_core.package_identification:_identify(src/PythonPackage) by extension 'ros'
[1.623s] DEBUG:colcon.colcon_core.package_identification:Package 'src/PythonPackage' with type 'ros.ament_python' and name 'PythonPackage'
[1.623s] Level 1:colcon.colcon_core.package_identification:_identify(src/TemperatureCPlusPlusPackage) by extensions ['ignore', 'ignore_ament_install']
[1.624s] Level 1:colcon.colcon_core.package_identification:_identify(src/TemperatureCPlusPlusPackage) by extension 'ignore'
[1.624s] Level 1:colcon.colcon_core.package_identification:_identify(src/TemperatureCPlusPlusPackage) by extension 'ignore_ament_install'
[1.624s] Level 1:colcon.colcon_core.package_identification:_identify(src/TemperatureCPlusPlusPackage) by extensions ['colcon_pkg']
[1.624s] Level 1:colcon.colcon_core.package_identification:_identify(src/TemperatureCPlusPlusPackage) by extension 'colcon_pkg'
[1.624s] Level 1:colcon.colcon_core.package_identification:_identify(src/TemperatureCPlusPlusPackage) by extensions ['colcon_meta']
[1.624s] Level 1:colcon.colcon_core.package_identification:_identify(src/TemperatureCPlusPlusPackage) by extension 'colcon_meta'
[1.624s] Level 1:colcon.colcon_core.package_identification:_identify(src/TemperatureCPlusPlusPackage) by extensions ['ros']
[1.624s] Level 1:colcon.colcon_core.package_identification:_identify(src/TemperatureCPlusPlusPackage) by extension 'ros'
[1.625s] DEBUG:colcon.colcon_core.package_identification:Package 'src/TemperatureCPlusPlusPackage' with type 'ros.ament_cmake' and name 'TemperatureCPlusPlusPackage'
[1.625s] Level 1:colcon.colcon_core.package_identification:_identify(src/TemperaturePythonPackage) by extensions ['ignore', 'ignore_ament_install']
[1.625s] Level 1:colcon.colcon_core.package_identification:_identify(src/TemperaturePythonPackage) by extension 'ignore'
[1.625s] Level 1:colcon.colcon_core.package_identification:_identify(src/TemperaturePythonPackage) by extension 'ignore_ament_install'
[1.625s] Level 1:colcon.colcon_core.package_identification:_identify(src/TemperaturePythonPackage) by extensions ['colcon_pkg']
[1.625s] Level 1:colcon.colcon_core.package_identification:_identify(src/TemperaturePythonPackage) by extension 'colcon_pkg'
[1.626s] Level 1:colcon.colcon_core.package_identification:_identify(src/TemperaturePythonPackage) by extensions ['colcon_meta']
[1.626s] Level 1:colcon.colcon_core.package_identification:_identify(src/TemperaturePythonPackage) by extension 'colcon_meta'
[1.626s] Level 1:colcon.colcon_core.package_identification:_identify(src/TemperaturePythonPackage) by extensions ['ros']
[1.626s] Level 1:colcon.colcon_core.package_identification:_identify(src/TemperaturePythonPackage) by extension 'ros'
[1.626s] DEBUG:colcon.colcon_core.package_identification:Package 'src/TemperaturePythonPackage' with type 'ros.ament_python' and name 'TemperaturePythonPackage'
[1.627s] Level 1:colcon.colcon_core.package_discovery:discover_packages(recursive) using defaults
[1.627s] Level 1:colcon.colcon_core.package_discovery:discover_packages(ignore) discover
[1.627s] Level 1:colcon.colcon_core.package_discovery:discover_packages(ignore) using defaults
[1.627s] Level 1:colcon.colcon_core.package_discovery:discover_packages(path) discover
[1.627s] Level 1:colcon.colcon_core.package_discovery:discover_packages(path) using defaults
[1.732s] INFO:colcon.colcon_core.package_selection:Skipping not selected package 'PythonPackage' in 'src/PythonPackage'
[1.732s] INFO:colcon.colcon_core.package_selection:Skipping not selected package 'TemperatureCPlusPlusPackage' in 'src/TemperatureCPlusPlusPackage'
[1.733s] INFO:colcon.colcon_core.package_selection:Skipping not selected package 'TemperaturePythonPackage' in 'src/TemperaturePythonPackage'
[1.780s] Level 1:colcon.colcon_core.package_discovery:discover_packages(prefix_path) check parameters
[1.780s] Level 1:colcon.colcon_core.package_discovery:discover_packages(prefix_path) discover
[1.829s] DEBUG:colcon.colcon_installed_package_information.package_discovery:Found 4 installed packages in /home/abolfazlmohammadpour/Temperature/ROS2WorkSpace/install
[1.853s] DEBUG:colcon.colcon_installed_package_information.package_discovery:Found 281 installed packages in /opt/ros/iron
[1.855s] Level 1:colcon.colcon_core.package_discovery:discover_packages(prefix_path) using defaults
[1.994s] Level 5:colcon.colcon_core.verb:set package 'CPlusPlusPackage' build argument 'cmake_args' from command line to 'None'
[1.994s] Level 5:colcon.colcon_core.verb:set package 'CPlusPlusPackage' build argument 'cmake_target' from command line to 'None'
[1.994s] Level 5:colcon.colcon_core.verb:set package 'CPlusPlusPackage' build argument 'cmake_target_skip_unavailable' from command line to 'False'
[1.994s] Level 5:colcon.colcon_core.verb:set package 'CPlusPlusPackage' build argument 'cmake_clean_cache' from command line to 'False'
[1.994s] Level 5:colcon.colcon_core.verb:set package 'CPlusPlusPackage' build argument 'cmake_clean_first' from command line to 'False'
[1.994s] Level 5:colcon.colcon_core.verb:set package 'CPlusPlusPackage' build argument 'cmake_force_configure' from command line to 'False'
[1.994s] Level 5:colcon.colcon_core.verb:set package 'CPlusPlusPackage' build argument 'ament_cmake_args' from command line to 'None'
[1.994s] Level 5:colcon.colcon_core.verb:set package 'CPlusPlusPackage' build argument 'catkin_cmake_args' from command line to 'None'
[1.995s] Level 5:colcon.colcon_core.verb:set package 'CPlusPlusPackage' build argument 'catkin_skip_building_tests' from command line to 'False'
[1.995s] DEBUG:colcon.colcon_core.verb:Building package 'CPlusPlusPackage' with the following arguments: {'ament_cmake_args': None, 'build_base': '/home/abolfazlmohammadpour/Temperature/ROS2WorkSpace/build/CPlusPlusPackage', 'catkin_cmake_args': None, 'catkin_skip_building_tests': False, 'cmake_args': None, 'cmake_clean_cache': False, 'cmake_clean_first': False, 'cmake_force_configure': False, 'cmake_target': None, 'cmake_target_skip_unavailable': False, 'install_base': '/home/abolfazlmohammadpour/Temperature/ROS2WorkSpace/install/CPlusPlusPackage', 'merge_install': False, 'path': '/home/abolfazlmohammadpour/Temperature/ROS2WorkSpace/src/CPlusPlusPackage', 'symlink_install': False, 'test_result_base': None}
[2.016s] INFO:colcon.colcon_core.executor:Executing jobs using 'parallel' executor
[2.038s] DEBUG:colcon.colcon_parallel_executor.executor.parallel:run_until_complete
[2.039s] INFO:colcon.colcon_ros.task.ament_cmake.build:Building ROS package in '/home/abolfazlmohammadpour/Temperature/ROS2WorkSpace/src/CPlusPlusPackage' with build type 'ament_cmake'
[2.039s] INFO:colcon.colcon_cmake.task.cmake.build:Building CMake package in '/home/abolfazlmohammadpour/Temperature/ROS2WorkSpace/src/CPlusPlusPackage'
[2.067s] INFO:colcon.colcon_core.plugin_system:Skipping extension 'colcon_core.shell.bat': Not used on non-Windows systems
[2.067s] INFO:colcon.colcon_core.shell:Skip shell extension 'powershell' for command environment: Not usable outside of PowerShell
[2.067s] DEBUG:colcon.colcon_core.shell:Skip shell extension 'dsv' for command environment
[2.156s] DEBUG:colcon.colcon_core.event_handler.log_command:Invoking command in '/home/abolfazlmohammadpour/Temperature/ROS2WorkSpace/build/CPlusPlusPackage': CMAKE_PREFIX_PATH=${CMAKE_PREFIX_PATH}:/home/abolfazlmohammadpour/Temperature/ROS2WorkSpace/install/PythonPackage:/home/abolfazlmohammadpour/Temperature/ROS2WorkSpace/install/TemperaturePythonPackage:/opt/ros/iron /usr/bin/cmake --build /home/abolfazlmohammadpour/Temperature/ROS2WorkSpace/build/CPlusPlusPackage -- -j8 -l8
[17.205s] DEBUG:colcon.colcon_core.event_handler.log_command:Invoked command in '/home/abolfazlmohammadpour/Temperature/ROS2WorkSpace/build/CPlusPlusPackage' returned '0': CMAKE_PREFIX_PATH=${CMAKE_PREFIX_PATH}:/home/abolfazlmohammadpour/Temperature/ROS2WorkSpace/install/PythonPackage:/home/abolfazlmohammadpour/Temperature/ROS2WorkSpace/install/TemperaturePythonPackage:/opt/ros/iron /usr/bin/cmake --build /home/abolfazlmohammadpour/Temperature/ROS2WorkSpace/build/CPlusPlusPackage -- -j8 -l8
[17.365s] DEBUG:colcon.colcon_core.event_handler.log_command:Invoking command in '/home/abolfazlmohammadpour/Temperature/ROS2WorkSpace/build/CPlusPlusPackage': CMAKE_PREFIX_PATH=${CMAKE_PREFIX_PATH}:/home/abolfazlmohammadpour/Temperature/ROS2WorkSpace/install/PythonPackage:/home/abolfazlmohammadpour/Temperature/ROS2WorkSpace/install/TemperaturePythonPackage:/opt/ros/iron /usr/bin/cmake --install /home/abolfazlmohammadpour/Temperature/ROS2WorkSpace/build/CPlusPlusPackage
[17.418s] Level 1:colcon.colcon_core.environment:create_environment_scripts_only(CPlusPlusPackage)
[17.420s] DEBUG:colcon.colcon_core.event_handler.log_command:Invoked command in '/home/abolfazlmohammadpour/Temperature/ROS2WorkSpace/build/CPlusPlusPackage' returned '0': CMAKE_PREFIX_PATH=${CMAKE_PREFIX_PATH}:/home/abolfazlmohammadpour/Temperature/ROS2WorkSpace/install/PythonPackage:/home/abolfazlmohammadpour/Temperature/ROS2WorkSpace/install/TemperaturePythonPackage:/opt/ros/iron /usr/bin/cmake --install /home/abolfazlmohammadpour/Temperature/ROS2WorkSpace/build/CPlusPlusPackage
[17.523s] Level 1:colcon.colcon_core.environment:checking '/home/abolfazlmohammadpour/Temperature/ROS2WorkSpace/install/CPlusPlusPackage' for CMake module files
[17.527s] Level 1:colcon.colcon_core.environment:checking '/home/abolfazlmohammadpour/Temperature/ROS2WorkSpace/install/CPlusPlusPackage' for CMake config files
[17.528s] Level 1:colcon.colcon_core.shell:create_environment_hook('CPlusPlusPackage', 'cmake_prefix_path')
[17.618s] INFO:colcon.colcon_core.shell:Creating environment hook '/home/abolfazlmohammadpour/Temperature/ROS2WorkSpace/install/CPlusPlusPackage/share/CPlusPlusPackage/hook/cmake_prefix_path.ps1'
[17.620s] INFO:colcon.colcon_core.shell:Creating environment descriptor '/home/abolfazlmohammadpour/Temperature/ROS2WorkSpace/install/CPlusPlusPackage/share/CPlusPlusPackage/hook/cmake_prefix_path.dsv'
[17.622s] INFO:colcon.colcon_core.shell:Creating environment hook '/home/abolfazlmohammadpour/Temperature/ROS2WorkSpace/install/CPlusPlusPackage/share/CPlusPlusPackage/hook/cmake_prefix_path.sh'
[17.626s] Level 1:colcon.colcon_core.environment:checking '/home/abolfazlmohammadpour/Temperature/ROS2WorkSpace/install/CPlusPlusPackage/lib'
[17.626s] Level 1:colcon.colcon_core.environment:checking '/home/abolfazlmohammadpour/Temperature/ROS2WorkSpace/install/CPlusPlusPackage/bin'
[17.627s] Level 1:colcon.colcon_core.environment:checking '/home/abolfazlmohammadpour/Temperature/ROS2WorkSpace/install/CPlusPlusPackage/lib/pkgconfig/CPlusPlusPackage.pc'
[17.628s] Level 1:colcon.colcon_core.environment:checking '/home/abolfazlmohammadpour/Temperature/ROS2WorkSpace/install/CPlusPlusPackage/lib/python3.10/site-packages'
[17.629s] Level 1:colcon.colcon_core.environment:checking '/home/abolfazlmohammadpour/Temperature/ROS2WorkSpace/install/CPlusPlusPackage/bin'
[17.767s] INFO:colcon.colcon_core.shell:Creating package script '/home/abolfazlmohammadpour/Temperature/ROS2WorkSpace/install/CPlusPlusPackage/share/CPlusPlusPackage/package.ps1'
[17.770s] INFO:colcon.colcon_core.shell:Creating package descriptor '/home/abolfazlmohammadpour/Temperature/ROS2WorkSpace/install/CPlusPlusPackage/share/CPlusPlusPackage/package.dsv'
[17.772s] INFO:colcon.colcon_core.shell:Creating package script '/home/abolfazlmohammadpour/Temperature/ROS2WorkSpace/install/CPlusPlusPackage/share/CPlusPlusPackage/package.sh'
[17.775s] INFO:colcon.colcon_core.shell:Creating package script '/home/abolfazlmohammadpour/Temperature/ROS2WorkSpace/install/CPlusPlusPackage/share/CPlusPlusPackage/package.bash'
[17.778s] INFO:colcon.colcon_core.shell:Creating package script '/home/abolfazlmohammadpour/Temperature/ROS2WorkSpace/install/CPlusPlusPackage/share/CPlusPlusPackage/package.zsh'
[17.789s] Level 1:colcon.colcon_core.environment:create_file_with_runtime_dependencies(/home/abolfazlmohammadpour/Temperature/ROS2WorkSpace/install/CPlusPlusPackage/share/colcon-core/packages/CPlusPlusPackage)
[17.885s] Level 1:colcon.colcon_core.environment:create_environment_scripts_only(CPlusPlusPackage)
[17.916s] Level 1:colcon.colcon_core.environment:checking '/home/abolfazlmohammadpour/Temperature/ROS2WorkSpace/install/CPlusPlusPackage' for CMake module files
[17.917s] Level 1:colcon.colcon_core.environment:checking '/home/abolfazlmohammadpour/Temperature/ROS2WorkSpace/install/CPlusPlusPackage' for CMake config files
[17.918s] Level 1:colcon.colcon_core.shell:create_environment_hook('CPlusPlusPackage', 'cmake_prefix_path')
[17.947s] INFO:colcon.colcon_core.shell:Creating environment hook '/home/abolfazlmohammadpour/Temperature/ROS2WorkSpace/install/CPlusPlusPackage/share/CPlusPlusPackage/hook/cmake_prefix_path.ps1'
[17.948s] INFO:colcon.colcon_core.shell:Creating environment descriptor '/home/abolfazlmohammadpour/Temperature/ROS2WorkSpace/install/CPlusPlusPackage/share/CPlusPlusPackage/hook/cmake_prefix_path.dsv'
[17.949s] INFO:colcon.colcon_core.shell:Creating environment hook '/home/abolfazlmohammadpour/Temperature/ROS2WorkSpace/install/CPlusPlusPackage/share/CPlusPlusPackage/hook/cmake_prefix_path.sh'
[17.950s] Level 1:colcon.colcon_core.environment:checking '/home/abolfazlmohammadpour/Temperature/ROS2WorkSpace/install/CPlusPlusPackage/lib'
[17.950s] Level 1:colcon.colcon_core.environment:checking '/home/abolfazlmohammadpour/Temperature/ROS2WorkSpace/install/CPlusPlusPackage/bin'
[17.950s] Level 1:colcon.colcon_core.environment:checking '/home/abolfazlmohammadpour/Temperature/ROS2WorkSpace/install/CPlusPlusPackage/lib/pkgconfig/CPlusPlusPackage.pc'
[17.951s] Level 1:colcon.colcon_core.environment:checking '/home/abolfazlmohammadpour/Temperature/ROS2WorkSpace/install/CPlusPlusPackage/lib/python3.10/site-packages'
[17.951s] Level 1:colcon.colcon_core.environment:checking '/home/abolfazlmohammadpour/Temperature/ROS2WorkSpace/install/CPlusPlusPackage/bin'
[18.012s] INFO:colcon.colcon_core.shell:Creating package script '/home/abolfazlmohammadpour/Temperature/ROS2WorkSpace/install/CPlusPlusPackage/share/CPlusPlusPackage/package.ps1'
[18.015s] INFO:colcon.colcon_core.shell:Creating package descriptor '/home/abolfazlmohammadpour/Temperature/ROS2WorkSpace/install/CPlusPlusPackage/share/CPlusPlusPackage/package.dsv'
[18.018s] INFO:colcon.colcon_core.shell:Creating package script '/home/abolfazlmohammadpour/Temperature/ROS2WorkSpace/install/CPlusPlusPackage/share/CPlusPlusPackage/package.sh'
[18.020s] INFO:colcon.colcon_core.shell:Creating package script '/home/abolfazlmohammadpour/Temperature/ROS2WorkSpace/install/CPlusPlusPackage/share/CPlusPlusPackage/package.bash'
[18.025s] INFO:colcon.colcon_core.shell:Creating package script '/home/abolfazlmohammadpour/Temperature/ROS2WorkSpace/install/CPlusPlusPackage/share/CPlusPlusPackage/package.zsh'
[18.028s] Level 1:colcon.colcon_core.environment:create_file_with_runtime_dependencies(/home/abolfazlmohammadpour/Temperature/ROS2WorkSpace/install/CPlusPlusPackage/share/colcon-core/packages/CPlusPlusPackage)
[18.029s] DEBUG:colcon.colcon_parallel_executor.executor.parallel:closing loop
[18.033s] DEBUG:colcon.colcon_parallel_executor.executor.parallel:loop closed
[18.033s] DEBUG:colcon.colcon_parallel_executor.executor.parallel:run_until_complete finished with '0'
[18.034s] DEBUG:colcon.colcon_core.event_reactor:joining thread
[18.255s] INFO:colcon.colcon_core.plugin_system:Skipping extension 'colcon_notification.desktop_notification.notify_send': Could not find 'notify-send'
[18.256s] INFO:colcon.colcon_core.plugin_system:Skipping extension 'colcon_notification.desktop_notification.terminal_notifier': Not used on non-Darwin systems
[18.256s] INFO:colcon.colcon_core.plugin_system:Skipping extension 'colcon_notification.desktop_notification.win32': Not used on non-Windows systems
[18.257s] INFO:colcon.colcon_notification.desktop_notification:Sending desktop notification using 'notify2'
[18.257s] DEBUG:colcon.colcon_notification.desktop_notification.notify2:Failed to initialize notify2: org.freedesktop.DBus.Error.FileNotFound: Failed to connect to socket /run/user/1000/bus: No such file or directory
[18.258s] DEBUG:colcon.colcon_core.event_reactor:joined thread
[18.324s] INFO:colcon.colcon_core.shell:Creating prefix script '/home/abolfazlmohammadpour/Temperature/ROS2WorkSpace/install/local_setup.ps1'
[18.328s] INFO:colcon.colcon_core.shell:Creating prefix util module '/home/abolfazlmohammadpour/Temperature/ROS2WorkSpace/install/_local_setup_util_ps1.py'
[18.333s] INFO:colcon.colcon_core.shell:Creating prefix chain script '/home/abolfazlmohammadpour/Temperature/ROS2WorkSpace/install/setup.ps1'
[18.404s] INFO:colcon.colcon_core.shell:Creating prefix script '/home/abolfazlmohammadpour/Temperature/ROS2WorkSpace/install/local_setup.sh'
[18.407s] INFO:colcon.colcon_core.shell:Creating prefix util module '/home/abolfazlmohammadpour/Temperature/ROS2WorkSpace/install/_local_setup_util_sh.py'
[18.409s] INFO:colcon.colcon_core.shell:Creating prefix chain script '/home/abolfazlmohammadpour/Temperature/ROS2WorkSpace/install/setup.sh'
[18.454s] INFO:colcon.colcon_core.shell:Creating prefix script '/home/abolfazlmohammadpour/Temperature/ROS2WorkSpace/install/local_setup.bash'
[18.455s] INFO:colcon.colcon_core.shell:Creating prefix chain script '/home/abolfazlmohammadpour/Temperature/ROS2WorkSpace/install/setup.bash'
[18.488s] INFO:colcon.colcon_core.shell:Creating prefix script '/home/abolfazlmohammadpour/Temperature/ROS2WorkSpace/install/local_setup.zsh'
[18.490s] INFO:colcon.colcon_core.shell:Creating prefix chain script '/home/abolfazlmohammadpour/Temperature/ROS2WorkSpace/install/setup.zsh'
