[0.136s] Invoking command in '/home/abolfazlmohammadpour/Temperature/ROS2WorkSpace/build/CustomInterfaces': CMAKE_PREFIX_PATH=${CMAKE_PREFIX_PATH}:/home/abolfazlmohammadpour/Temperature/ROS2WorkSpace/install/PythonPackage:/home/abolfazlmohammadpour/ROS2WorkSpace/install/PythonPackage:/opt/ros/iron WSLENV=ELECTRON_RUN_AS_NODE/w: /usr/bin/cmake /home/abolfazlmohammadpour/Temperature/ROS2WorkSpace/src/CustomInterfaces -DCMAKE_INSTALL_PREFIX=/home/abolfazlmohammadpour/Temperature/ROS2WorkSpace/install/CustomInterfaces
[0.153s] -- Found ament_cmake: 2.0.4 (/opt/ros/iron/share/ament_cmake/cmake)
[0.441s] -- Found rosidl_default_generators: 1.5.0 (/opt/ros/iron/share/rosidl_default_generators/cmake)
[0.448s] -- Using all available rosidl_typesupport_c: rosidl_typesupport_fastrtps_c;rosidl_typesupport_introspection_c
[0.691s] -- Using all available rosidl_typesupport_cpp: rosidl_typesupport_fastrtps_cpp;rosidl_typesupport_introspection_cpp
[0.737s] -- Found rosidl_adapter: 4.0.1 (/opt/ros/iron/share/rosidl_adapter/cmake)
[1.054s] [31mCMake Error at /opt/ros/iron/share/rosidl_adapter/cmake/rosidl_adapt_interfaces.cmake:57 (message):
[1.055s]   execute_process(/usr/bin/python3.10 -m rosidl_adapter --package-name
[1.055s]   CustomInterfaces --arguments-file
[1.055s]   /home/abolfazlmohammadpour/Temperature/ROS2WorkSpace/build/CustomInterfaces/rosidl_adapter__arguments__CustomInterfaces.json
[1.056s]   --output-dir
[1.056s]   /home/abolfazlmohammadpour/Temperature/ROS2WorkSpace/build/CustomInterfaces/rosidl_adapter/CustomInterfaces
[1.056s]   --output-file
[1.056s]   /home/abolfazlmohammadpour/Temperature/ROS2WorkSpace/build/CustomInterfaces/rosidl_adapter/CustomInterfaces.idls)
[1.056s]   returned error code 1:
[1.056s] 
[1.056s]   Traceback (most recent call last):
[1.057s] 
[1.057s]     File "/usr/lib/python3.10/runpy.py", line 196, in _run_module_as_main
[1.057s]       return _run_code(code, main_globals, None,
[1.057s]     File "/usr/lib/python3.10/runpy.py", line 86, in _run_code
[1.057s]       exec(code, run_globals)
[1.057s]     File "/opt/ros/iron/lib/python3.10/site-packages/rosidl_adapter/__main__.py", line 19, in <module>
[1.057s]       sys.exit(main())
[1.057s]     File "/opt/ros/iron/lib/python3.10/site-packages/rosidl_adapter/main.py", line 53, in main
[1.057s]       abs_idl_file = convert_to_idl(
[1.058s]     File "/opt/ros/iron/lib/python3.10/site-packages/rosidl_adapter/__init__.py", line 19, in convert_to_idl
[1.058s]       return convert_msg_to_idl(
[1.058s]     File "/opt/ros/iron/lib/python3.10/site-packages/rosidl_adapter/msg/__init__.py", line 28, in convert_msg_to_idl
[1.058s]       msg = parse_message_string(package_name, input_file.stem, content)
[1.058s]     File "/opt/ros/iron/lib/python3.10/site-packages/rosidl_adapter/parser.py", line 545, in parse_message_string
[1.058s]       msg = MessageSpecification(pkg_name, msg_name, fields, constants)
[1.059s]     File "/opt/ros/iron/lib/python3.10/site-packages/rosidl_adapter/parser.py", line 389, in __init__
[1.059s]       self.base_type = BaseType(
[1.059s]     File "/opt/ros/iron/lib/python3.10/site-packages/rosidl_adapter/parser.py", line 202, in __init__
[1.059s]       raise InvalidResourceName(
[1.059s] 
[1.059s]   rosidl_adapter.parser.InvalidResourceName: 'CustomInterfaces' is an invalid
[1.059s]   package name.  It should have the pattern
[1.059s]   '^(?!.*__)(?!.*_$)[a-z][a-z0-9_]*$'
[1.059s] 
[1.060s] Call Stack (most recent call first):
[1.060s]   /opt/ros/iron/share/rosidl_cmake/cmake/rosidl_generate_interfaces.cmake:132 (rosidl_adapt_interfaces)
[1.060s]   CMakeLists.txt:8 (rosidl_generate_interfaces)
[1.060s] 
[1.060s] [0m
[1.060s] -- Configuring incomplete, errors occurred!
[1.060s] See also "/home/abolfazlmohammadpour/Temperature/ROS2WorkSpace/build/CustomInterfaces/CMakeFiles/CMakeOutput.log".
[1.066s] Invoked command in '/home/abolfazlmohammadpour/Temperature/ROS2WorkSpace/build/CustomInterfaces' returned '1': CMAKE_PREFIX_PATH=${CMAKE_PREFIX_PATH}:/home/abolfazlmohammadpour/Temperature/ROS2WorkSpace/install/PythonPackage:/home/abolfazlmohammadpour/ROS2WorkSpace/install/PythonPackage:/opt/ros/iron WSLENV=ELECTRON_RUN_AS_NODE/w: /usr/bin/cmake /home/abolfazlmohammadpour/Temperature/ROS2WorkSpace/src/CustomInterfaces -DCMAKE_INSTALL_PREFIX=/home/abolfazlmohammadpour/Temperature/ROS2WorkSpace/install/CustomInterfaces
