-- Found ament_cmake: 2.0.4 (/opt/ros/iron/share/ament_cmake/cmake)
-- Found rosidl_default_generators: 1.5.0 (/opt/ros/iron/share/rosidl_default_generators/cmake)
-- Using all available rosidl_typesupport_c: rosidl_typesupport_fastrtps_c;rosidl_typesupport_introspection_c
-- Using all available rosidl_typesupport_cpp: rosidl_typesupport_fastrtps_cpp;rosidl_typesupport_introspection_cpp
-- Found rosidl_adapter: 4.0.1 (/opt/ros/iron/share/rosidl_adapter/cmake)
-- Found ament_cmake_ros: 0.11.2 (/opt/ros/iron/share/ament_cmake_ros/cmake)
-- Using all available rosidl_typesupport_c: rosidl_typesupport_fastrtps_c;rosidl_typesupport_introspection_c
-- Using all available rosidl_typesupport_cpp: rosidl_typesupport_fastrtps_cpp;rosidl_typesupport_introspection_cpp
-- Found python_cmake_module: 0.10.2 (/opt/ros/iron/share/python_cmake_module/cmake)
-- Using PYTHON_EXECUTABLE: /usr/bin/python3
-- Using PYTHON_INCLUDE_DIRS: /usr/include/python3.10
-- Using PYTHON_LIBRARIES: /usr/lib/x86_64-linux-gnu/libpython3.10.so
-- Configuring done
-- Generating done
-- Build files have been written to: /home/abolfazlmohammadpour/Temperature/ROS2WorkSpace/build/custom_interfaces
[  1%] [34m[1mGenerating type hashes for ROS interfaces[0m
[  1%] Built target ament_cmake_python_copy_custom_interfaces
[  1%] Built target custom_interfaces__rosidl_generator_type_description
[  2%] [34m[1mGenerating C code for ROS interfaces[0m
[  4%] [34m[1mGenerating C++ code for ROS interfaces[0m
running egg_info
writing custom_interfaces.egg-info/PKG-INFO
writing dependency_links to custom_interfaces.egg-info/dependency_links.txt
writing top-level names to custom_interfaces.egg-info/top_level.txt
reading manifest file 'custom_interfaces.egg-info/SOURCES.txt'
writing manifest file 'custom_interfaces.egg-info/SOURCES.txt'
[  4%] Built target ament_cmake_python_build_custom_interfaces_egg
[  4%] Built target custom_interfaces__cpp
[35m[1mConsolidate compiler generated dependencies of target custom_interfaces__rosidl_generator_c[0m
[  8%] [32mBuilding C object CMakeFiles/custom_interfaces__rosidl_generator_c.dir/rosidl_generator_c/custom_interfaces/msg/detail/string__description.c.o[0m
[  8%] [32mBuilding C object CMakeFiles/custom_interfaces__rosidl_generator_c.dir/rosidl_generator_c/custom_interfaces/msg/detail/string__functions.c.o[0m
[  9%] [32mBuilding C object CMakeFiles/custom_interfaces__rosidl_generator_c.dir/rosidl_generator_c/custom_interfaces/msg/detail/integer__description.c.o[0m
[ 10%] [32mBuilding C object CMakeFiles/custom_interfaces__rosidl_generator_c.dir/rosidl_generator_c/custom_interfaces/msg/detail/integer__functions.c.o[0m
[ 12%] [32mBuilding C object CMakeFiles/custom_interfaces__rosidl_generator_c.dir/rosidl_generator_c/custom_interfaces/msg/detail/integer__type_support.c.o[0m
[ 13%] [32mBuilding C object CMakeFiles/custom_interfaces__rosidl_generator_c.dir/rosidl_generator_c/custom_interfaces/msg/detail/unsigned_integer__description.c.o[0m
[ 13%] [32mBuilding C object CMakeFiles/custom_interfaces__rosidl_generator_c.dir/rosidl_generator_c/custom_interfaces/msg/detail/string__type_support.c.o[0m
[ 14%] [32mBuilding C object CMakeFiles/custom_interfaces__rosidl_generator_c.dir/rosidl_generator_c/custom_interfaces/msg/detail/unsigned_integer__functions.c.o[0m
[ 17%] [32mBuilding C object CMakeFiles/custom_interfaces__rosidl_generator_c.dir/rosidl_generator_c/custom_interfaces/srv/detail/square__description.c.o[0m
[ 17%] [32mBuilding C object CMakeFiles/custom_interfaces__rosidl_generator_c.dir/rosidl_generator_c/custom_interfaces/msg/detail/unsigned_integer__type_support.c.o[0m
[ 18%] [32mBuilding C object CMakeFiles/custom_interfaces__rosidl_generator_c.dir/rosidl_generator_c/custom_interfaces/srv/detail/square__functions.c.o[0m
[ 20%] [32mBuilding C object CMakeFiles/custom_interfaces__rosidl_generator_c.dir/rosidl_generator_c/custom_interfaces/srv/detail/square__type_support.c.o[0m
[ 21%] [32mBuilding C object CMakeFiles/custom_interfaces__rosidl_generator_c.dir/rosidl_generator_c/custom_interfaces/srv/detail/cube__description.c.o[0m
[ 22%] [32mBuilding C object CMakeFiles/custom_interfaces__rosidl_generator_c.dir/rosidl_generator_c/custom_interfaces/srv/detail/cube__functions.c.o[0m
[ 24%] [32mBuilding C object CMakeFiles/custom_interfaces__rosidl_generator_c.dir/rosidl_generator_c/custom_interfaces/srv/detail/cube__type_support.c.o[0m
[ 25%] [32m[1mLinking C shared library libcustom_interfaces__rosidl_generator_c.so[0m
[ 25%] Built target custom_interfaces__rosidl_generator_c
[ 27%] [34m[1mGenerating C++ type support dispatch for ROS interfaces[0m
[ 28%] [34m[1mGenerating C type support dispatch for ROS interfaces[0m
[ 29%] [34m[1mGenerating C introspection for ROS interfaces[0m
[ 31%] [34m[1mGenerating C type support for eProsima Fast-RTPS[0m
[ 32%] [34m[1mGenerating C++ type support for eProsima Fast-RTPS[0m
[ 33%] [34m[1mGenerating C++ introspection for ROS interfaces[0m
[35m[1mConsolidate compiler generated dependencies of target custom_interfaces__rosidl_typesupport_c[0m
[35m[1mConsolidate compiler generated dependencies of target custom_interfaces__rosidl_typesupport_cpp[0m
[ 35%] [32mBuilding CXX object CMakeFiles/custom_interfaces__rosidl_typesupport_c.dir/rosidl_typesupport_c/custom_interfaces/msg/integer__type_support.cpp.o[0m
[ 36%] [32mBuilding CXX object CMakeFiles/custom_interfaces__rosidl_typesupport_c.dir/rosidl_typesupport_c/custom_interfaces/msg/string__type_support.cpp.o[0m
[ 37%] [32mBuilding CXX object CMakeFiles/custom_interfaces__rosidl_typesupport_c.dir/rosidl_typesupport_c/custom_interfaces/msg/unsigned_integer__type_support.cpp.o[0m
[ 39%] [32mBuilding CXX object CMakeFiles/custom_interfaces__rosidl_typesupport_cpp.dir/rosidl_typesupport_cpp/custom_interfaces/msg/string__type_support.cpp.o[0m
[ 40%] [32mBuilding CXX object CMakeFiles/custom_interfaces__rosidl_typesupport_cpp.dir/rosidl_typesupport_cpp/custom_interfaces/msg/integer__type_support.cpp.o[0m
[ 41%] [32mBuilding CXX object CMakeFiles/custom_interfaces__rosidl_typesupport_c.dir/rosidl_typesupport_c/custom_interfaces/srv/square__type_support.cpp.o[0m
[ 43%] [32mBuilding CXX object CMakeFiles/custom_interfaces__rosidl_typesupport_c.dir/rosidl_typesupport_c/custom_interfaces/srv/cube__type_support.cpp.o[0m
[ 44%] [32mBuilding CXX object CMakeFiles/custom_interfaces__rosidl_typesupport_cpp.dir/rosidl_typesupport_cpp/custom_interfaces/msg/unsigned_integer__type_support.cpp.o[0m
[ 45%] [32m[1mLinking CXX shared library libcustom_interfaces__rosidl_typesupport_c.so[0m
[35m[1mConsolidate compiler generated dependencies of target custom_interfaces__rosidl_typesupport_introspection_c[0m
[35m[1mConsolidate compiler generated dependencies of target custom_interfaces__rosidl_typesupport_introspection_cpp[0m
[ 47%] [32mBuilding C object CMakeFiles/custom_interfaces__rosidl_typesupport_introspection_c.dir/rosidl_typesupport_introspection_c/custom_interfaces/msg/detail/string__type_support.c.o[0m
[35m[1mConsolidate compiler generated dependencies of target custom_interfaces__rosidl_typesupport_fastrtps_c[0m
[ 48%] [32mBuilding CXX object CMakeFiles/custom_interfaces__rosidl_typesupport_introspection_cpp.dir/rosidl_typesupport_introspection_cpp/custom_interfaces/msg/detail/string__type_support.cpp.o[0m
[ 50%] [32mBuilding CXX object CMakeFiles/custom_interfaces__rosidl_typesupport_fastrtps_c.dir/rosidl_typesupport_fastrtps_c/custom_interfaces/msg/detail/string__type_support_c.cpp.o[0m
[ 51%] [32mBuilding C object CMakeFiles/custom_interfaces__rosidl_typesupport_introspection_c.dir/rosidl_typesupport_introspection_c/custom_interfaces/msg/detail/integer__type_support.c.o[0m
[35m[1mConsolidate compiler generated dependencies of target custom_interfaces__rosidl_typesupport_fastrtps_cpp[0m
[ 51%] Built target custom_interfaces__rosidl_typesupport_c
[ 52%] [32mBuilding CXX object CMakeFiles/custom_interfaces__rosidl_typesupport_fastrtps_c.dir/rosidl_typesupport_fastrtps_c/custom_interfaces/msg/detail/integer__type_support_c.cpp.o[0m
[ 54%] [32mBuilding CXX object CMakeFiles/custom_interfaces__rosidl_typesupport_fastrtps_cpp.dir/rosidl_typesupport_fastrtps_cpp/custom_interfaces/msg/detail/dds_fastrtps/string__type_support.cpp.o[0m
[ 55%] [32mBuilding C object CMakeFiles/custom_interfaces__rosidl_typesupport_introspection_c.dir/rosidl_typesupport_introspection_c/custom_interfaces/msg/detail/unsigned_integer__type_support.c.o[0m
[ 56%] [32mBuilding C object CMakeFiles/custom_interfaces__rosidl_typesupport_introspection_c.dir/rosidl_typesupport_introspection_c/custom_interfaces/srv/detail/square__type_support.c.o[0m
[ 58%] [32mBuilding CXX object CMakeFiles/custom_interfaces__rosidl_typesupport_fastrtps_cpp.dir/rosidl_typesupport_fastrtps_cpp/custom_interfaces/msg/detail/dds_fastrtps/integer__type_support.cpp.o[0m
[ 59%] [32mBuilding C object CMakeFiles/custom_interfaces__rosidl_typesupport_introspection_c.dir/rosidl_typesupport_introspection_c/custom_interfaces/srv/detail/cube__type_support.c.o[0m
[ 60%] [32mBuilding CXX object CMakeFiles/custom_interfaces__rosidl_typesupport_cpp.dir/rosidl_typesupport_cpp/custom_interfaces/srv/square__type_support.cpp.o[0m
[ 62%] [32m[1mLinking C shared library libcustom_interfaces__rosidl_typesupport_introspection_c.so[0m
[ 63%] [32mBuilding CXX object CMakeFiles/custom_interfaces__rosidl_typesupport_cpp.dir/rosidl_typesupport_cpp/custom_interfaces/srv/cube__type_support.cpp.o[0m
[ 64%] [32mBuilding CXX object CMakeFiles/custom_interfaces__rosidl_typesupport_fastrtps_c.dir/rosidl_typesupport_fastrtps_c/custom_interfaces/msg/detail/unsigned_integer__type_support_c.cpp.o[0m
[ 64%] Built target custom_interfaces__rosidl_typesupport_introspection_c
[ 66%] [32mBuilding CXX object CMakeFiles/custom_interfaces__rosidl_typesupport_introspection_cpp.dir/rosidl_typesupport_introspection_cpp/custom_interfaces/msg/detail/integer__type_support.cpp.o[0m
[ 67%] [32mBuilding CXX object CMakeFiles/custom_interfaces__rosidl_typesupport_introspection_cpp.dir/rosidl_typesupport_introspection_cpp/custom_interfaces/msg/detail/unsigned_integer__type_support.cpp.o[0m
[ 68%] [32mBuilding CXX object CMakeFiles/custom_interfaces__rosidl_typesupport_fastrtps_c.dir/rosidl_typesupport_fastrtps_c/custom_interfaces/srv/detail/square__type_support_c.cpp.o[0m
[ 70%] [32mBuilding CXX object CMakeFiles/custom_interfaces__rosidl_typesupport_fastrtps_cpp.dir/rosidl_typesupport_fastrtps_cpp/custom_interfaces/msg/detail/dds_fastrtps/unsigned_integer__type_support.cpp.o[0m
[ 71%] [32mBuilding CXX object CMakeFiles/custom_interfaces__rosidl_typesupport_fastrtps_cpp.dir/rosidl_typesupport_fastrtps_cpp/custom_interfaces/srv/detail/dds_fastrtps/square__type_support.cpp.o[0m
[ 72%] [32mBuilding CXX object CMakeFiles/custom_interfaces__rosidl_typesupport_fastrtps_c.dir/rosidl_typesupport_fastrtps_c/custom_interfaces/srv/detail/cube__type_support_c.cpp.o[0m
[ 74%] [32mBuilding CXX object CMakeFiles/custom_interfaces__rosidl_typesupport_introspection_cpp.dir/rosidl_typesupport_introspection_cpp/custom_interfaces/srv/detail/square__type_support.cpp.o[0m
[ 75%] [32mBuilding CXX object CMakeFiles/custom_interfaces__rosidl_typesupport_introspection_cpp.dir/rosidl_typesupport_introspection_cpp/custom_interfaces/srv/detail/cube__type_support.cpp.o[0m
[ 77%] [32m[1mLinking CXX shared library libcustom_interfaces__rosidl_typesupport_cpp.so[0m
[ 78%] [32mBuilding CXX object CMakeFiles/custom_interfaces__rosidl_typesupport_fastrtps_cpp.dir/rosidl_typesupport_fastrtps_cpp/custom_interfaces/srv/detail/dds_fastrtps/cube__type_support.cpp.o[0m
[ 78%] Built target custom_interfaces__rosidl_typesupport_cpp
[ 79%] [32m[1mLinking CXX shared library libcustom_interfaces__rosidl_typesupport_fastrtps_c.so[0m
[ 79%] Built target custom_interfaces__rosidl_typesupport_fastrtps_c
[ 81%] [32m[1mLinking CXX shared library libcustom_interfaces__rosidl_typesupport_introspection_cpp.so[0m
[ 81%] Built target custom_interfaces__rosidl_typesupport_introspection_cpp
[ 82%] [32m[1mLinking CXX shared library libcustom_interfaces__rosidl_typesupport_fastrtps_cpp.so[0m
[ 82%] Built target custom_interfaces__rosidl_typesupport_fastrtps_cpp
[ 82%] Built target custom_interfaces
[ 83%] [34m[1mGenerating Python code for ROS interfaces[0m
[ 83%] Built target custom_interfaces__py
[35m[1mConsolidate compiler generated dependencies of target custom_interfaces__rosidl_generator_py[0m
[ 85%] [32mBuilding C object CMakeFiles/custom_interfaces__rosidl_generator_py.dir/rosidl_generator_py/custom_interfaces/msg/_string_s.c.o[0m
[ 86%] [32mBuilding C object CMakeFiles/custom_interfaces__rosidl_generator_py.dir/rosidl_generator_py/custom_interfaces/msg/_unsigned_integer_s.c.o[0m
[ 87%] [32mBuilding C object CMakeFiles/custom_interfaces__rosidl_generator_py.dir/rosidl_generator_py/custom_interfaces/msg/_integer_s.c.o[0m
[ 89%] [32mBuilding C object CMakeFiles/custom_interfaces__rosidl_generator_py.dir/rosidl_generator_py/custom_interfaces/srv/_square_s.c.o[0m
[ 90%] [32mBuilding C object CMakeFiles/custom_interfaces__rosidl_generator_py.dir/rosidl_generator_py/custom_interfaces/srv/_cube_s.c.o[0m
[ 91%] [32m[1mLinking C shared library rosidl_generator_py/custom_interfaces/libcustom_interfaces__rosidl_generator_py.so[0m
[ 91%] Built target custom_interfaces__rosidl_generator_py
[35m[1mConsolidate compiler generated dependencies of target custom_interfaces__rosidl_typesupport_fastrtps_c__pyext[0m
[35m[1mConsolidate compiler generated dependencies of target custom_interfaces__rosidl_typesupport_introspection_c__pyext[0m
[35m[1mConsolidate compiler generated dependencies of target custom_interfaces__rosidl_typesupport_c__pyext[0m
[ 93%] [32mBuilding C object CMakeFiles/custom_interfaces__rosidl_typesupport_introspection_c__pyext.dir/rosidl_generator_py/custom_interfaces/_custom_interfaces_s.ep.rosidl_typesupport_introspection_c.c.o[0m
[ 94%] [32mBuilding C object CMakeFiles/custom_interfaces__rosidl_typesupport_fastrtps_c__pyext.dir/rosidl_generator_py/custom_interfaces/_custom_interfaces_s.ep.rosidl_typesupport_fastrtps_c.c.o[0m
[ 95%] [32mBuilding C object CMakeFiles/custom_interfaces__rosidl_typesupport_c__pyext.dir/rosidl_generator_py/custom_interfaces/_custom_interfaces_s.ep.rosidl_typesupport_c.c.o[0m
[ 97%] [32m[1mLinking C shared library rosidl_generator_py/custom_interfaces/custom_interfaces_s__rosidl_typesupport_introspection_c.cpython-310-x86_64-linux-gnu.so[0m
[ 98%] [32m[1mLinking C shared library rosidl_generator_py/custom_interfaces/custom_interfaces_s__rosidl_typesupport_fastrtps_c.cpython-310-x86_64-linux-gnu.so[0m
[100%] [32m[1mLinking C shared library rosidl_generator_py/custom_interfaces/custom_interfaces_s__rosidl_typesupport_c.cpython-310-x86_64-linux-gnu.so[0m
[100%] Built target custom_interfaces__rosidl_typesupport_fastrtps_c__pyext
[100%] Built target custom_interfaces__rosidl_typesupport_introspection_c__pyext
[100%] Built target custom_interfaces__rosidl_typesupport_c__pyext
-- Install configuration: ""
-- Installing: /home/abolfazlmohammadpour/Temperature/ROS2WorkSpace/install/custom_interfaces/share/ament_index/resource_index/rosidl_interfaces/custom_interfaces
-- Installing: /home/abolfazlmohammadpour/Temperature/ROS2WorkSpace/install/custom_interfaces/share/custom_interfaces/msg/String.json
-- Installing: /home/abolfazlmohammadpour/Temperature/ROS2WorkSpace/install/custom_interfaces/share/custom_interfaces/msg/Integer.json
-- Installing: /home/abolfazlmohammadpour/Temperature/ROS2WorkSpace/install/custom_interfaces/share/custom_interfaces/msg/UnsignedInteger.json
-- Installing: /home/abolfazlmohammadpour/Temperature/ROS2WorkSpace/install/custom_interfaces/share/custom_interfaces/srv/Square.json
-- Installing: /home/abolfazlmohammadpour/Temperature/ROS2WorkSpace/install/custom_interfaces/share/custom_interfaces/srv/Cube.json
-- Up-to-date: /home/abolfazlmohammadpour/Temperature/ROS2WorkSpace/install/custom_interfaces/include/custom_interfaces/custom_interfaces
-- Up-to-date: /home/abolfazlmohammadpour/Temperature/ROS2WorkSpace/install/custom_interfaces/include/custom_interfaces/custom_interfaces/msg
-- Installing: /home/abolfazlmohammadpour/Temperature/ROS2WorkSpace/install/custom_interfaces/include/custom_interfaces/custom_interfaces/msg/integer.h
-- Installing: /home/abolfazlmohammadpour/Temperature/ROS2WorkSpace/install/custom_interfaces/include/custom_interfaces/custom_interfaces/msg/string.h
-- Up-to-date: /home/abolfazlmohammadpour/Temperature/ROS2WorkSpace/install/custom_interfaces/include/custom_interfaces/custom_interfaces/msg/rosidl_generator_c__visibility_control.h
-- Up-to-date: /home/abolfazlmohammadpour/Temperature/ROS2WorkSpace/install/custom_interfaces/include/custom_interfaces/custom_interfaces/msg/detail
-- Installing: /home/abolfazlmohammadpour/Temperature/ROS2WorkSpace/install/custom_interfaces/include/custom_interfaces/custom_interfaces/msg/detail/string__type_support.c
-- Installing: /home/abolfazlmohammadpour/Temperature/ROS2WorkSpace/install/custom_interfaces/include/custom_interfaces/custom_interfaces/msg/detail/integer__type_support.c
-- Installing: /home/abolfazlmohammadpour/Temperature/ROS2WorkSpace/install/custom_interfaces/include/custom_interfaces/custom_interfaces/msg/detail/unsigned_integer__functions.c
-- Installing: /home/abolfazlmohammadpour/Temperature/ROS2WorkSpace/install/custom_interfaces/include/custom_interfaces/custom_interfaces/msg/detail/unsigned_integer__struct.h
-- Installing: /home/abolfazlmohammadpour/Temperature/ROS2WorkSpace/install/custom_interfaces/include/custom_interfaces/custom_interfaces/msg/detail/unsigned_integer__description.c
-- Installing: /home/abolfazlmohammadpour/Temperature/ROS2WorkSpace/install/custom_interfaces/include/custom_interfaces/custom_interfaces/msg/detail/integer__functions.c
-- Installing: /home/abolfazlmohammadpour/Temperature/ROS2WorkSpace/install/custom_interfaces/include/custom_interfaces/custom_interfaces/msg/detail/string__functions.c
-- Installing: /home/abolfazlmohammadpour/Temperature/ROS2WorkSpace/install/custom_interfaces/include/custom_interfaces/custom_interfaces/msg/detail/string__struct.h
-- Installing: /home/abolfazlmohammadpour/Temperature/ROS2WorkSpace/install/custom_interfaces/include/custom_interfaces/custom_interfaces/msg/detail/unsigned_integer__type_support.h
-- Installing: /home/abolfazlmohammadpour/Temperature/ROS2WorkSpace/install/custom_interfaces/include/custom_interfaces/custom_interfaces/msg/detail/integer__type_support.h
-- Installing: /home/abolfazlmohammadpour/Temperature/ROS2WorkSpace/install/custom_interfaces/include/custom_interfaces/custom_interfaces/msg/detail/integer__functions.h
-- Installing: /home/abolfazlmohammadpour/Temperature/ROS2WorkSpace/install/custom_interfaces/include/custom_interfaces/custom_interfaces/msg/detail/string__type_support.h
-- Installing: /home/abolfazlmohammadpour/Temperature/ROS2WorkSpace/install/custom_interfaces/include/custom_interfaces/custom_interfaces/msg/detail/integer__description.c
-- Installing: /home/abolfazlmohammadpour/Temperature/ROS2WorkSpace/install/custom_interfaces/include/custom_interfaces/custom_interfaces/msg/detail/string__description.c
-- Installing: /home/abolfazlmohammadpour/Temperature/ROS2WorkSpace/install/custom_interfaces/include/custom_interfaces/custom_interfaces/msg/detail/unsigned_integer__functions.h
-- Installing: /home/abolfazlmohammadpour/Temperature/ROS2WorkSpace/install/custom_interfaces/include/custom_interfaces/custom_interfaces/msg/detail/integer__struct.h
-- Installing: /home/abolfazlmohammadpour/Temperature/ROS2WorkSpace/install/custom_interfaces/include/custom_interfaces/custom_interfaces/msg/detail/string__functions.h
-- Installing: /home/abolfazlmohammadpour/Temperature/ROS2WorkSpace/install/custom_interfaces/include/custom_interfaces/custom_interfaces/msg/detail/unsigned_integer__type_support.c
-- Installing: /home/abolfazlmohammadpour/Temperature/ROS2WorkSpace/install/custom_interfaces/include/custom_interfaces/custom_interfaces/msg/unsigned_integer.h
-- Installing: /home/abolfazlmohammadpour/Temperature/ROS2WorkSpace/install/custom_interfaces/include/custom_interfaces/custom_interfaces/srv
-- Installing: /home/abolfazlmohammadpour/Temperature/ROS2WorkSpace/install/custom_interfaces/include/custom_interfaces/custom_interfaces/srv/cube.h
-- Installing: /home/abolfazlmohammadpour/Temperature/ROS2WorkSpace/install/custom_interfaces/include/custom_interfaces/custom_interfaces/srv/square.h
-- Installing: /home/abolfazlmohammadpour/Temperature/ROS2WorkSpace/install/custom_interfaces/include/custom_interfaces/custom_interfaces/srv/detail
-- Installing: /home/abolfazlmohammadpour/Temperature/ROS2WorkSpace/install/custom_interfaces/include/custom_interfaces/custom_interfaces/srv/detail/cube__functions.h
-- Installing: /home/abolfazlmohammadpour/Temperature/ROS2WorkSpace/install/custom_interfaces/include/custom_interfaces/custom_interfaces/srv/detail/cube__description.c
-- Installing: /home/abolfazlmohammadpour/Temperature/ROS2WorkSpace/install/custom_interfaces/include/custom_interfaces/custom_interfaces/srv/detail/cube__struct.h
-- Installing: /home/abolfazlmohammadpour/Temperature/ROS2WorkSpace/install/custom_interfaces/include/custom_interfaces/custom_interfaces/srv/detail/square__functions.h
-- Installing: /home/abolfazlmohammadpour/Temperature/ROS2WorkSpace/install/custom_interfaces/include/custom_interfaces/custom_interfaces/srv/detail/cube__functions.c
-- Installing: /home/abolfazlmohammadpour/Temperature/ROS2WorkSpace/install/custom_interfaces/include/custom_interfaces/custom_interfaces/srv/detail/cube__type_support.c
-- Installing: /home/abolfazlmohammadpour/Temperature/ROS2WorkSpace/install/custom_interfaces/include/custom_interfaces/custom_interfaces/srv/detail/square__type_support.h
-- Installing: /home/abolfazlmohammadpour/Temperature/ROS2WorkSpace/install/custom_interfaces/include/custom_interfaces/custom_interfaces/srv/detail/square__type_support.c
-- Installing: /home/abolfazlmohammadpour/Temperature/ROS2WorkSpace/install/custom_interfaces/include/custom_interfaces/custom_interfaces/srv/detail/cube__type_support.h
-- Installing: /home/abolfazlmohammadpour/Temperature/ROS2WorkSpace/install/custom_interfaces/include/custom_interfaces/custom_interfaces/srv/detail/square__struct.h
-- Installing: /home/abolfazlmohammadpour/Temperature/ROS2WorkSpace/install/custom_interfaces/include/custom_interfaces/custom_interfaces/srv/detail/square__description.c
-- Installing: /home/abolfazlmohammadpour/Temperature/ROS2WorkSpace/install/custom_interfaces/include/custom_interfaces/custom_interfaces/srv/detail/square__functions.c
-- Up-to-date: /home/abolfazlmohammadpour/Temperature/ROS2WorkSpace/install/custom_interfaces/share/custom_interfaces/environment/library_path.sh
-- Up-to-date: /home/abolfazlmohammadpour/Temperature/ROS2WorkSpace/install/custom_interfaces/share/custom_interfaces/environment/library_path.dsv
-- Installing: /home/abolfazlmohammadpour/Temperature/ROS2WorkSpace/install/custom_interfaces/lib/libcustom_interfaces__rosidl_generator_c.so
-- Set runtime path of "/home/abolfazlmohammadpour/Temperature/ROS2WorkSpace/install/custom_interfaces/lib/libcustom_interfaces__rosidl_generator_c.so" to ""
-- Up-to-date: /home/abolfazlmohammadpour/Temperature/ROS2WorkSpace/install/custom_interfaces/include/custom_interfaces/custom_interfaces
-- Up-to-date: /home/abolfazlmohammadpour/Temperature/ROS2WorkSpace/install/custom_interfaces/include/custom_interfaces/custom_interfaces/msg
-- Up-to-date: /home/abolfazlmohammadpour/Temperature/ROS2WorkSpace/install/custom_interfaces/include/custom_interfaces/custom_interfaces/msg/detail
-- Installing: /home/abolfazlmohammadpour/Temperature/ROS2WorkSpace/install/custom_interfaces/include/custom_interfaces/custom_interfaces/msg/detail/unsigned_integer__rosidl_typesupport_fastrtps_c.h
-- Installing: /home/abolfazlmohammadpour/Temperature/ROS2WorkSpace/install/custom_interfaces/include/custom_interfaces/custom_interfaces/msg/detail/string__rosidl_typesupport_fastrtps_c.h
-- Installing: /home/abolfazlmohammadpour/Temperature/ROS2WorkSpace/install/custom_interfaces/include/custom_interfaces/custom_interfaces/msg/detail/integer__rosidl_typesupport_fastrtps_c.h
-- Up-to-date: /home/abolfazlmohammadpour/Temperature/ROS2WorkSpace/install/custom_interfaces/include/custom_interfaces/custom_interfaces/msg/rosidl_typesupport_fastrtps_c__visibility_control.h
-- Up-to-date: /home/abolfazlmohammadpour/Temperature/ROS2WorkSpace/install/custom_interfaces/include/custom_interfaces/custom_interfaces/srv
-- Up-to-date: /home/abolfazlmohammadpour/Temperature/ROS2WorkSpace/install/custom_interfaces/include/custom_interfaces/custom_interfaces/srv/detail
-- Installing: /home/abolfazlmohammadpour/Temperature/ROS2WorkSpace/install/custom_interfaces/include/custom_interfaces/custom_interfaces/srv/detail/square__rosidl_typesupport_fastrtps_c.h
-- Installing: /home/abolfazlmohammadpour/Temperature/ROS2WorkSpace/install/custom_interfaces/include/custom_interfaces/custom_interfaces/srv/detail/cube__rosidl_typesupport_fastrtps_c.h
-- Installing: /home/abolfazlmohammadpour/Temperature/ROS2WorkSpace/install/custom_interfaces/lib/libcustom_interfaces__rosidl_typesupport_fastrtps_c.so
-- Set runtime path of "/home/abolfazlmohammadpour/Temperature/ROS2WorkSpace/install/custom_interfaces/lib/libcustom_interfaces__rosidl_typesupport_fastrtps_c.so" to ""
-- Up-to-date: /home/abolfazlmohammadpour/Temperature/ROS2WorkSpace/install/custom_interfaces/include/custom_interfaces/custom_interfaces
-- Up-to-date: /home/abolfazlmohammadpour/Temperature/ROS2WorkSpace/install/custom_interfaces/include/custom_interfaces/custom_interfaces/msg
-- Up-to-date: /home/abolfazlmohammadpour/Temperature/ROS2WorkSpace/install/custom_interfaces/include/custom_interfaces/custom_interfaces/msg/rosidl_typesupport_introspection_c__visibility_control.h
-- Up-to-date: /home/abolfazlmohammadpour/Temperature/ROS2WorkSpace/install/custom_interfaces/include/custom_interfaces/custom_interfaces/msg/detail
-- Installing: /home/abolfazlmohammadpour/Temperature/ROS2WorkSpace/install/custom_interfaces/include/custom_interfaces/custom_interfaces/msg/detail/string__type_support.c
-- Installing: /home/abolfazlmohammadpour/Temperature/ROS2WorkSpace/install/custom_interfaces/include/custom_interfaces/custom_interfaces/msg/detail/integer__type_support.c
-- Installing: /home/abolfazlmohammadpour/Temperature/ROS2WorkSpace/install/custom_interfaces/include/custom_interfaces/custom_interfaces/msg/detail/integer__rosidl_typesupport_introspection_c.h
-- Installing: /home/abolfazlmohammadpour/Temperature/ROS2WorkSpace/install/custom_interfaces/include/custom_interfaces/custom_interfaces/msg/detail/string__rosidl_typesupport_introspection_c.h
-- Installing: /home/abolfazlmohammadpour/Temperature/ROS2WorkSpace/install/custom_interfaces/include/custom_interfaces/custom_interfaces/msg/detail/unsigned_integer__rosidl_typesupport_introspection_c.h
-- Installing: /home/abolfazlmohammadpour/Temperature/ROS2WorkSpace/install/custom_interfaces/include/custom_interfaces/custom_interfaces/msg/detail/unsigned_integer__type_support.c
-- Up-to-date: /home/abolfazlmohammadpour/Temperature/ROS2WorkSpace/install/custom_interfaces/include/custom_interfaces/custom_interfaces/srv
-- Up-to-date: /home/abolfazlmohammadpour/Temperature/ROS2WorkSpace/install/custom_interfaces/include/custom_interfaces/custom_interfaces/srv/detail
-- Installing: /home/abolfazlmohammadpour/Temperature/ROS2WorkSpace/install/custom_interfaces/include/custom_interfaces/custom_interfaces/srv/detail/cube__type_support.c
-- Installing: /home/abolfazlmohammadpour/Temperature/ROS2WorkSpace/install/custom_interfaces/include/custom_interfaces/custom_interfaces/srv/detail/square__type_support.c
-- Installing: /home/abolfazlmohammadpour/Temperature/ROS2WorkSpace/install/custom_interfaces/include/custom_interfaces/custom_interfaces/srv/detail/cube__rosidl_typesupport_introspection_c.h
-- Installing: /home/abolfazlmohammadpour/Temperature/ROS2WorkSpace/install/custom_interfaces/include/custom_interfaces/custom_interfaces/srv/detail/square__rosidl_typesupport_introspection_c.h
-- Installing: /home/abolfazlmohammadpour/Temperature/ROS2WorkSpace/install/custom_interfaces/lib/libcustom_interfaces__rosidl_typesupport_introspection_c.so
-- Set runtime path of "/home/abolfazlmohammadpour/Temperature/ROS2WorkSpace/install/custom_interfaces/lib/libcustom_interfaces__rosidl_typesupport_introspection_c.so" to ""
-- Installing: /home/abolfazlmohammadpour/Temperature/ROS2WorkSpace/install/custom_interfaces/lib/libcustom_interfaces__rosidl_typesupport_c.so
-- Set runtime path of "/home/abolfazlmohammadpour/Temperature/ROS2WorkSpace/install/custom_interfaces/lib/libcustom_interfaces__rosidl_typesupport_c.so" to ""
-- Up-to-date: /home/abolfazlmohammadpour/Temperature/ROS2WorkSpace/install/custom_interfaces/include/custom_interfaces/custom_interfaces
-- Up-to-date: /home/abolfazlmohammadpour/Temperature/ROS2WorkSpace/install/custom_interfaces/include/custom_interfaces/custom_interfaces/msg
-- Installing: /home/abolfazlmohammadpour/Temperature/ROS2WorkSpace/install/custom_interfaces/include/custom_interfaces/custom_interfaces/msg/integer.hpp
-- Up-to-date: /home/abolfazlmohammadpour/Temperature/ROS2WorkSpace/install/custom_interfaces/include/custom_interfaces/custom_interfaces/msg/detail
-- Installing: /home/abolfazlmohammadpour/Temperature/ROS2WorkSpace/install/custom_interfaces/include/custom_interfaces/custom_interfaces/msg/detail/unsigned_integer__struct.hpp
-- Installing: /home/abolfazlmohammadpour/Temperature/ROS2WorkSpace/install/custom_interfaces/include/custom_interfaces/custom_interfaces/msg/detail/integer__traits.hpp
-- Installing: /home/abolfazlmohammadpour/Temperature/ROS2WorkSpace/install/custom_interfaces/include/custom_interfaces/custom_interfaces/msg/detail/string__struct.hpp
-- Installing: /home/abolfazlmohammadpour/Temperature/ROS2WorkSpace/install/custom_interfaces/include/custom_interfaces/custom_interfaces/msg/detail/integer__struct.hpp
-- Installing: /home/abolfazlmohammadpour/Temperature/ROS2WorkSpace/install/custom_interfaces/include/custom_interfaces/custom_interfaces/msg/detail/unsigned_integer__builder.hpp
-- Installing: /home/abolfazlmohammadpour/Temperature/ROS2WorkSpace/install/custom_interfaces/include/custom_interfaces/custom_interfaces/msg/detail/integer__builder.hpp
-- Installing: /home/abolfazlmohammadpour/Temperature/ROS2WorkSpace/install/custom_interfaces/include/custom_interfaces/custom_interfaces/msg/detail/string__traits.hpp
-- Installing: /home/abolfazlmohammadpour/Temperature/ROS2WorkSpace/install/custom_interfaces/include/custom_interfaces/custom_interfaces/msg/detail/string__builder.hpp
-- Installing: /home/abolfazlmohammadpour/Temperature/ROS2WorkSpace/install/custom_interfaces/include/custom_interfaces/custom_interfaces/msg/detail/unsigned_integer__traits.hpp
-- Installing: /home/abolfazlmohammadpour/Temperature/ROS2WorkSpace/install/custom_interfaces/include/custom_interfaces/custom_interfaces/msg/string.hpp
-- Installing: /home/abolfazlmohammadpour/Temperature/ROS2WorkSpace/install/custom_interfaces/include/custom_interfaces/custom_interfaces/msg/unsigned_integer.hpp
-- Up-to-date: /home/abolfazlmohammadpour/Temperature/ROS2WorkSpace/install/custom_interfaces/include/custom_interfaces/custom_interfaces/srv
-- Installing: /home/abolfazlmohammadpour/Temperature/ROS2WorkSpace/install/custom_interfaces/include/custom_interfaces/custom_interfaces/srv/cube.hpp
-- Installing: /home/abolfazlmohammadpour/Temperature/ROS2WorkSpace/install/custom_interfaces/include/custom_interfaces/custom_interfaces/srv/square.hpp
-- Up-to-date: /home/abolfazlmohammadpour/Temperature/ROS2WorkSpace/install/custom_interfaces/include/custom_interfaces/custom_interfaces/srv/detail
-- Installing: /home/abolfazlmohammadpour/Temperature/ROS2WorkSpace/install/custom_interfaces/include/custom_interfaces/custom_interfaces/srv/detail/cube__builder.hpp
-- Installing: /home/abolfazlmohammadpour/Temperature/ROS2WorkSpace/install/custom_interfaces/include/custom_interfaces/custom_interfaces/srv/detail/square__struct.hpp
-- Installing: /home/abolfazlmohammadpour/Temperature/ROS2WorkSpace/install/custom_interfaces/include/custom_interfaces/custom_interfaces/srv/detail/cube__traits.hpp
-- Installing: /home/abolfazlmohammadpour/Temperature/ROS2WorkSpace/install/custom_interfaces/include/custom_interfaces/custom_interfaces/srv/detail/cube__struct.hpp
-- Installing: /home/abolfazlmohammadpour/Temperature/ROS2WorkSpace/install/custom_interfaces/include/custom_interfaces/custom_interfaces/srv/detail/square__builder.hpp
-- Installing: /home/abolfazlmohammadpour/Temperature/ROS2WorkSpace/install/custom_interfaces/include/custom_interfaces/custom_interfaces/srv/detail/square__traits.hpp
-- Up-to-date: /home/abolfazlmohammadpour/Temperature/ROS2WorkSpace/install/custom_interfaces/include/custom_interfaces/custom_interfaces
-- Up-to-date: /home/abolfazlmohammadpour/Temperature/ROS2WorkSpace/install/custom_interfaces/include/custom_interfaces/custom_interfaces/msg
-- Up-to-date: /home/abolfazlmohammadpour/Temperature/ROS2WorkSpace/install/custom_interfaces/include/custom_interfaces/custom_interfaces/msg/detail
-- Installing: /home/abolfazlmohammadpour/Temperature/ROS2WorkSpace/install/custom_interfaces/include/custom_interfaces/custom_interfaces/msg/detail/unsigned_integer__rosidl_typesupport_fastrtps_cpp.hpp
-- Installing: /home/abolfazlmohammadpour/Temperature/ROS2WorkSpace/install/custom_interfaces/include/custom_interfaces/custom_interfaces/msg/detail/string__rosidl_typesupport_fastrtps_cpp.hpp
-- Up-to-date: /home/abolfazlmohammadpour/Temperature/ROS2WorkSpace/install/custom_interfaces/include/custom_interfaces/custom_interfaces/msg/detail/dds_fastrtps
-- Installing: /home/abolfazlmohammadpour/Temperature/ROS2WorkSpace/install/custom_interfaces/include/custom_interfaces/custom_interfaces/msg/detail/integer__rosidl_typesupport_fastrtps_cpp.hpp
-- Up-to-date: /home/abolfazlmohammadpour/Temperature/ROS2WorkSpace/install/custom_interfaces/include/custom_interfaces/custom_interfaces/msg/rosidl_typesupport_fastrtps_cpp__visibility_control.h
-- Up-to-date: /home/abolfazlmohammadpour/Temperature/ROS2WorkSpace/install/custom_interfaces/include/custom_interfaces/custom_interfaces/srv
-- Up-to-date: /home/abolfazlmohammadpour/Temperature/ROS2WorkSpace/install/custom_interfaces/include/custom_interfaces/custom_interfaces/srv/detail
-- Installing: /home/abolfazlmohammadpour/Temperature/ROS2WorkSpace/install/custom_interfaces/include/custom_interfaces/custom_interfaces/srv/detail/cube__rosidl_typesupport_fastrtps_cpp.hpp
-- Installing: /home/abolfazlmohammadpour/Temperature/ROS2WorkSpace/install/custom_interfaces/include/custom_interfaces/custom_interfaces/srv/detail/square__rosidl_typesupport_fastrtps_cpp.hpp
-- Installing: /home/abolfazlmohammadpour/Temperature/ROS2WorkSpace/install/custom_interfaces/include/custom_interfaces/custom_interfaces/srv/detail/dds_fastrtps
-- Installing: /home/abolfazlmohammadpour/Temperature/ROS2WorkSpace/install/custom_interfaces/lib/libcustom_interfaces__rosidl_typesupport_fastrtps_cpp.so
-- Set runtime path of "/home/abolfazlmohammadpour/Temperature/ROS2WorkSpace/install/custom_interfaces/lib/libcustom_interfaces__rosidl_typesupport_fastrtps_cpp.so" to ""
-- Up-to-date: /home/abolfazlmohammadpour/Temperature/ROS2WorkSpace/install/custom_interfaces/include/custom_interfaces/custom_interfaces
-- Up-to-date: /home/abolfazlmohammadpour/Temperature/ROS2WorkSpace/install/custom_interfaces/include/custom_interfaces/custom_interfaces/msg
-- Up-to-date: /home/abolfazlmohammadpour/Temperature/ROS2WorkSpace/install/custom_interfaces/include/custom_interfaces/custom_interfaces/msg/detail
-- Installing: /home/abolfazlmohammadpour/Temperature/ROS2WorkSpace/install/custom_interfaces/include/custom_interfaces/custom_interfaces/msg/detail/unsigned_integer__rosidl_typesupport_introspection_cpp.hpp
-- Installing: /home/abolfazlmohammadpour/Temperature/ROS2WorkSpace/install/custom_interfaces/include/custom_interfaces/custom_interfaces/msg/detail/unsigned_integer__type_support.cpp
-- Installing: /home/abolfazlmohammadpour/Temperature/ROS2WorkSpace/install/custom_interfaces/include/custom_interfaces/custom_interfaces/msg/detail/string__rosidl_typesupport_introspection_cpp.hpp
-- Installing: /home/abolfazlmohammadpour/Temperature/ROS2WorkSpace/install/custom_interfaces/include/custom_interfaces/custom_interfaces/msg/detail/string__type_support.cpp
-- Installing: /home/abolfazlmohammadpour/Temperature/ROS2WorkSpace/install/custom_interfaces/include/custom_interfaces/custom_interfaces/msg/detail/integer__type_support.cpp
-- Installing: /home/abolfazlmohammadpour/Temperature/ROS2WorkSpace/install/custom_interfaces/include/custom_interfaces/custom_interfaces/msg/detail/integer__rosidl_typesupport_introspection_cpp.hpp
-- Up-to-date: /home/abolfazlmohammadpour/Temperature/ROS2WorkSpace/install/custom_interfaces/include/custom_interfaces/custom_interfaces/srv
-- Up-to-date: /home/abolfazlmohammadpour/Temperature/ROS2WorkSpace/install/custom_interfaces/include/custom_interfaces/custom_interfaces/srv/detail
-- Installing: /home/abolfazlmohammadpour/Temperature/ROS2WorkSpace/install/custom_interfaces/include/custom_interfaces/custom_interfaces/srv/detail/square__type_support.cpp
-- Installing: /home/abolfazlmohammadpour/Temperature/ROS2WorkSpace/install/custom_interfaces/include/custom_interfaces/custom_interfaces/srv/detail/square__rosidl_typesupport_introspection_cpp.hpp
-- Installing: /home/abolfazlmohammadpour/Temperature/ROS2WorkSpace/install/custom_interfaces/include/custom_interfaces/custom_interfaces/srv/detail/cube__type_support.cpp
-- Installing: /home/abolfazlmohammadpour/Temperature/ROS2WorkSpace/install/custom_interfaces/include/custom_interfaces/custom_interfaces/srv/detail/cube__rosidl_typesupport_introspection_cpp.hpp
-- Installing: /home/abolfazlmohammadpour/Temperature/ROS2WorkSpace/install/custom_interfaces/lib/libcustom_interfaces__rosidl_typesupport_introspection_cpp.so
-- Set runtime path of "/home/abolfazlmohammadpour/Temperature/ROS2WorkSpace/install/custom_interfaces/lib/libcustom_interfaces__rosidl_typesupport_introspection_cpp.so" to ""
-- Installing: /home/abolfazlmohammadpour/Temperature/ROS2WorkSpace/install/custom_interfaces/lib/libcustom_interfaces__rosidl_typesupport_cpp.so
-- Set runtime path of "/home/abolfazlmohammadpour/Temperature/ROS2WorkSpace/install/custom_interfaces/lib/libcustom_interfaces__rosidl_typesupport_cpp.so" to ""
-- Up-to-date: /home/abolfazlmohammadpour/Temperature/ROS2WorkSpace/install/custom_interfaces/share/custom_interfaces/environment/pythonpath.sh
-- Up-to-date: /home/abolfazlmohammadpour/Temperature/ROS2WorkSpace/install/custom_interfaces/share/custom_interfaces/environment/pythonpath.dsv
-- Up-to-date: /home/abolfazlmohammadpour/Temperature/ROS2WorkSpace/install/custom_interfaces/lib/python3.10/site-packages/custom_interfaces-0.0.0-py3.10.egg-info
-- Installing: /home/abolfazlmohammadpour/Temperature/ROS2WorkSpace/install/custom_interfaces/lib/python3.10/site-packages/custom_interfaces-0.0.0-py3.10.egg-info/SOURCES.txt
-- Installing: /home/abolfazlmohammadpour/Temperature/ROS2WorkSpace/install/custom_interfaces/lib/python3.10/site-packages/custom_interfaces-0.0.0-py3.10.egg-info/top_level.txt
-- Installing: /home/abolfazlmohammadpour/Temperature/ROS2WorkSpace/install/custom_interfaces/lib/python3.10/site-packages/custom_interfaces-0.0.0-py3.10.egg-info/dependency_links.txt
-- Installing: /home/abolfazlmohammadpour/Temperature/ROS2WorkSpace/install/custom_interfaces/lib/python3.10/site-packages/custom_interfaces-0.0.0-py3.10.egg-info/PKG-INFO
-- Up-to-date: /home/abolfazlmohammadpour/Temperature/ROS2WorkSpace/install/custom_interfaces/lib/python3.10/site-packages/custom_interfaces
-- Installing: /home/abolfazlmohammadpour/Temperature/ROS2WorkSpace/install/custom_interfaces/lib/python3.10/site-packages/custom_interfaces/_custom_interfaces_s.ep.rosidl_typesupport_introspection_c.c
-- Installing: /home/abolfazlmohammadpour/Temperature/ROS2WorkSpace/install/custom_interfaces/lib/python3.10/site-packages/custom_interfaces/_custom_interfaces_s.ep.rosidl_typesupport_fastrtps_c.c
-- Installing: /home/abolfazlmohammadpour/Temperature/ROS2WorkSpace/install/custom_interfaces/lib/python3.10/site-packages/custom_interfaces/__init__.py
-- Installing: /home/abolfazlmohammadpour/Temperature/ROS2WorkSpace/install/custom_interfaces/lib/python3.10/site-packages/custom_interfaces/libcustom_interfaces__rosidl_generator_py.so
-- Installing: /home/abolfazlmohammadpour/Temperature/ROS2WorkSpace/install/custom_interfaces/lib/python3.10/site-packages/custom_interfaces/_custom_interfaces_s.ep.rosidl_typesupport_c.c
-- Installing: /home/abolfazlmohammadpour/Temperature/ROS2WorkSpace/install/custom_interfaces/lib/python3.10/site-packages/custom_interfaces/custom_interfaces_s__rosidl_typesupport_c.cpython-310-x86_64-linux-gnu.so
-- Installing: /home/abolfazlmohammadpour/Temperature/ROS2WorkSpace/install/custom_interfaces/lib/python3.10/site-packages/custom_interfaces/custom_interfaces_s__rosidl_typesupport_introspection_c.cpython-310-x86_64-linux-gnu.so
-- Up-to-date: /home/abolfazlmohammadpour/Temperature/ROS2WorkSpace/install/custom_interfaces/lib/python3.10/site-packages/custom_interfaces/msg
-- Installing: /home/abolfazlmohammadpour/Temperature/ROS2WorkSpace/install/custom_interfaces/lib/python3.10/site-packages/custom_interfaces/msg/_integer.py
-- Installing: /home/abolfazlmohammadpour/Temperature/ROS2WorkSpace/install/custom_interfaces/lib/python3.10/site-packages/custom_interfaces/msg/_string.py
-- Installing: /home/abolfazlmohammadpour/Temperature/ROS2WorkSpace/install/custom_interfaces/lib/python3.10/site-packages/custom_interfaces/msg/_integer_s.c
-- Installing: /home/abolfazlmohammadpour/Temperature/ROS2WorkSpace/install/custom_interfaces/lib/python3.10/site-packages/custom_interfaces/msg/__init__.py
-- Installing: /home/abolfazlmohammadpour/Temperature/ROS2WorkSpace/install/custom_interfaces/lib/python3.10/site-packages/custom_interfaces/msg/_unsigned_integer.py
-- Installing: /home/abolfazlmohammadpour/Temperature/ROS2WorkSpace/install/custom_interfaces/lib/python3.10/site-packages/custom_interfaces/msg/_string_s.c
-- Installing: /home/abolfazlmohammadpour/Temperature/ROS2WorkSpace/install/custom_interfaces/lib/python3.10/site-packages/custom_interfaces/msg/_unsigned_integer_s.c
-- Installing: /home/abolfazlmohammadpour/Temperature/ROS2WorkSpace/install/custom_interfaces/lib/python3.10/site-packages/custom_interfaces/srv
-- Installing: /home/abolfazlmohammadpour/Temperature/ROS2WorkSpace/install/custom_interfaces/lib/python3.10/site-packages/custom_interfaces/srv/_square_s.c
-- Installing: /home/abolfazlmohammadpour/Temperature/ROS2WorkSpace/install/custom_interfaces/lib/python3.10/site-packages/custom_interfaces/srv/__init__.py
-- Installing: /home/abolfazlmohammadpour/Temperature/ROS2WorkSpace/install/custom_interfaces/lib/python3.10/site-packages/custom_interfaces/srv/_cube_s.c
-- Installing: /home/abolfazlmohammadpour/Temperature/ROS2WorkSpace/install/custom_interfaces/lib/python3.10/site-packages/custom_interfaces/srv/_cube.py
-- Installing: /home/abolfazlmohammadpour/Temperature/ROS2WorkSpace/install/custom_interfaces/lib/python3.10/site-packages/custom_interfaces/srv/_square.py
-- Installing: /home/abolfazlmohammadpour/Temperature/ROS2WorkSpace/install/custom_interfaces/lib/python3.10/site-packages/custom_interfaces/custom_interfaces_s__rosidl_typesupport_fastrtps_c.cpython-310-x86_64-linux-gnu.so
Listing '/home/abolfazlmohammadpour/Temperature/ROS2WorkSpace/install/custom_interfaces/lib/python3.10/site-packages/custom_interfaces'...
Compiling '/home/abolfazlmohammadpour/Temperature/ROS2WorkSpace/install/custom_interfaces/lib/python3.10/site-packages/custom_interfaces/__init__.py'...
Listing '/home/abolfazlmohammadpour/Temperature/ROS2WorkSpace/install/custom_interfaces/lib/python3.10/site-packages/custom_interfaces/msg'...
Compiling '/home/abolfazlmohammadpour/Temperature/ROS2WorkSpace/install/custom_interfaces/lib/python3.10/site-packages/custom_interfaces/msg/__init__.py'...
Compiling '/home/abolfazlmohammadpour/Temperature/ROS2WorkSpace/install/custom_interfaces/lib/python3.10/site-packages/custom_interfaces/msg/_integer.py'...
Compiling '/home/abolfazlmohammadpour/Temperature/ROS2WorkSpace/install/custom_interfaces/lib/python3.10/site-packages/custom_interfaces/msg/_string.py'...
Compiling '/home/abolfazlmohammadpour/Temperature/ROS2WorkSpace/install/custom_interfaces/lib/python3.10/site-packages/custom_interfaces/msg/_unsigned_integer.py'...
Listing '/home/abolfazlmohammadpour/Temperature/ROS2WorkSpace/install/custom_interfaces/lib/python3.10/site-packages/custom_interfaces/srv'...
Compiling '/home/abolfazlmohammadpour/Temperature/ROS2WorkSpace/install/custom_interfaces/lib/python3.10/site-packages/custom_interfaces/srv/__init__.py'...
Compiling '/home/abolfazlmohammadpour/Temperature/ROS2WorkSpace/install/custom_interfaces/lib/python3.10/site-packages/custom_interfaces/srv/_cube.py'...
Compiling '/home/abolfazlmohammadpour/Temperature/ROS2WorkSpace/install/custom_interfaces/lib/python3.10/site-packages/custom_interfaces/srv/_square.py'...
-- Installing: /home/abolfazlmohammadpour/Temperature/ROS2WorkSpace/install/custom_interfaces/lib/python3.10/site-packages/custom_interfaces/custom_interfaces_s__rosidl_typesupport_fastrtps_c.cpython-310-x86_64-linux-gnu.so
-- Set runtime path of "/home/abolfazlmohammadpour/Temperature/ROS2WorkSpace/install/custom_interfaces/lib/python3.10/site-packages/custom_interfaces/custom_interfaces_s__rosidl_typesupport_fastrtps_c.cpython-310-x86_64-linux-gnu.so" to ""
-- Installing: /home/abolfazlmohammadpour/Temperature/ROS2WorkSpace/install/custom_interfaces/lib/python3.10/site-packages/custom_interfaces/custom_interfaces_s__rosidl_typesupport_introspection_c.cpython-310-x86_64-linux-gnu.so
-- Set runtime path of "/home/abolfazlmohammadpour/Temperature/ROS2WorkSpace/install/custom_interfaces/lib/python3.10/site-packages/custom_interfaces/custom_interfaces_s__rosidl_typesupport_introspection_c.cpython-310-x86_64-linux-gnu.so" to ""
-- Installing: /home/abolfazlmohammadpour/Temperature/ROS2WorkSpace/install/custom_interfaces/lib/python3.10/site-packages/custom_interfaces/custom_interfaces_s__rosidl_typesupport_c.cpython-310-x86_64-linux-gnu.so
-- Set runtime path of "/home/abolfazlmohammadpour/Temperature/ROS2WorkSpace/install/custom_interfaces/lib/python3.10/site-packages/custom_interfaces/custom_interfaces_s__rosidl_typesupport_c.cpython-310-x86_64-linux-gnu.so" to ""
-- Installing: /home/abolfazlmohammadpour/Temperature/ROS2WorkSpace/install/custom_interfaces/lib/libcustom_interfaces__rosidl_generator_py.so
-- Set runtime path of "/home/abolfazlmohammadpour/Temperature/ROS2WorkSpace/install/custom_interfaces/lib/libcustom_interfaces__rosidl_generator_py.so" to ""
-- Up-to-date: /home/abolfazlmohammadpour/Temperature/ROS2WorkSpace/install/custom_interfaces/share/custom_interfaces/msg/String.idl
-- Up-to-date: /home/abolfazlmohammadpour/Temperature/ROS2WorkSpace/install/custom_interfaces/share/custom_interfaces/msg/Integer.idl
-- Up-to-date: /home/abolfazlmohammadpour/Temperature/ROS2WorkSpace/install/custom_interfaces/share/custom_interfaces/msg/UnsignedInteger.idl
-- Installing: /home/abolfazlmohammadpour/Temperature/ROS2WorkSpace/install/custom_interfaces/share/custom_interfaces/srv/Square.idl
-- Installing: /home/abolfazlmohammadpour/Temperature/ROS2WorkSpace/install/custom_interfaces/share/custom_interfaces/srv/Cube.idl
-- Up-to-date: /home/abolfazlmohammadpour/Temperature/ROS2WorkSpace/install/custom_interfaces/share/custom_interfaces/msg/String.msg
-- Up-to-date: /home/abolfazlmohammadpour/Temperature/ROS2WorkSpace/install/custom_interfaces/share/custom_interfaces/msg/Integer.msg
-- Up-to-date: /home/abolfazlmohammadpour/Temperature/ROS2WorkSpace/install/custom_interfaces/share/custom_interfaces/msg/UnsignedInteger.msg
-- Installing: /home/abolfazlmohammadpour/Temperature/ROS2WorkSpace/install/custom_interfaces/share/custom_interfaces/srv/Square.srv
-- Installing: /home/abolfazlmohammadpour/Temperature/ROS2WorkSpace/install/custom_interfaces/share/custom_interfaces/srv/Square_Request.msg
-- Installing: /home/abolfazlmohammadpour/Temperature/ROS2WorkSpace/install/custom_interfaces/share/custom_interfaces/srv/Square_Response.msg
-- Installing: /home/abolfazlmohammadpour/Temperature/ROS2WorkSpace/install/custom_interfaces/share/custom_interfaces/srv/Cube.srv
-- Installing: /home/abolfazlmohammadpour/Temperature/ROS2WorkSpace/install/custom_interfaces/share/custom_interfaces/srv/Cube_Request.msg
-- Installing: /home/abolfazlmohammadpour/Temperature/ROS2WorkSpace/install/custom_interfaces/share/custom_interfaces/srv/Cube_Response.msg
-- Up-to-date: /home/abolfazlmohammadpour/Temperature/ROS2WorkSpace/install/custom_interfaces/share/ament_index/resource_index/package_run_dependencies/custom_interfaces
-- Up-to-date: /home/abolfazlmohammadpour/Temperature/ROS2WorkSpace/install/custom_interfaces/share/ament_index/resource_index/parent_prefix_path/custom_interfaces
-- Up-to-date: /home/abolfazlmohammadpour/Temperature/ROS2WorkSpace/install/custom_interfaces/share/custom_interfaces/environment/ament_prefix_path.sh
-- Up-to-date: /home/abolfazlmohammadpour/Temperature/ROS2WorkSpace/install/custom_interfaces/share/custom_interfaces/environment/ament_prefix_path.dsv
-- Up-to-date: /home/abolfazlmohammadpour/Temperature/ROS2WorkSpace/install/custom_interfaces/share/custom_interfaces/environment/path.sh
-- Up-to-date: /home/abolfazlmohammadpour/Temperature/ROS2WorkSpace/install/custom_interfaces/share/custom_interfaces/environment/path.dsv
-- Up-to-date: /home/abolfazlmohammadpour/Temperature/ROS2WorkSpace/install/custom_interfaces/share/custom_interfaces/local_setup.bash
-- Up-to-date: /home/abolfazlmohammadpour/Temperature/ROS2WorkSpace/install/custom_interfaces/share/custom_interfaces/local_setup.sh
-- Up-to-date: /home/abolfazlmohammadpour/Temperature/ROS2WorkSpace/install/custom_interfaces/share/custom_interfaces/local_setup.zsh
-- Up-to-date: /home/abolfazlmohammadpour/Temperature/ROS2WorkSpace/install/custom_interfaces/share/custom_interfaces/local_setup.dsv
-- Installing: /home/abolfazlmohammadpour/Temperature/ROS2WorkSpace/install/custom_interfaces/share/custom_interfaces/package.dsv
-- Up-to-date: /home/abolfazlmohammadpour/Temperature/ROS2WorkSpace/install/custom_interfaces/share/ament_index/resource_index/packages/custom_interfaces
-- Old export file "/home/abolfazlmohammadpour/Temperature/ROS2WorkSpace/install/custom_interfaces/share/custom_interfaces/cmake/export_custom_interfaces__rosidl_generator_cExport.cmake" will be replaced.  Removing files [/home/abolfazlmohammadpour/Temperature/ROS2WorkSpace/install/custom_interfaces/share/custom_interfaces/cmake/export_custom_interfaces__rosidl_generator_cExport-noconfig.cmake].
-- Installing: /home/abolfazlmohammadpour/Temperature/ROS2WorkSpace/install/custom_interfaces/share/custom_interfaces/cmake/export_custom_interfaces__rosidl_generator_cExport.cmake
-- Installing: /home/abolfazlmohammadpour/Temperature/ROS2WorkSpace/install/custom_interfaces/share/custom_interfaces/cmake/export_custom_interfaces__rosidl_generator_cExport-noconfig.cmake
-- Old export file "/home/abolfazlmohammadpour/Temperature/ROS2WorkSpace/install/custom_interfaces/share/custom_interfaces/cmake/export_custom_interfaces__rosidl_typesupport_fastrtps_cExport.cmake" will be replaced.  Removing files [/home/abolfazlmohammadpour/Temperature/ROS2WorkSpace/install/custom_interfaces/share/custom_interfaces/cmake/export_custom_interfaces__rosidl_typesupport_fastrtps_cExport-noconfig.cmake].
-- Installing: /home/abolfazlmohammadpour/Temperature/ROS2WorkSpace/install/custom_interfaces/share/custom_interfaces/cmake/export_custom_interfaces__rosidl_typesupport_fastrtps_cExport.cmake
-- Installing: /home/abolfazlmohammadpour/Temperature/ROS2WorkSpace/install/custom_interfaces/share/custom_interfaces/cmake/export_custom_interfaces__rosidl_typesupport_fastrtps_cExport-noconfig.cmake
-- Old export file "/home/abolfazlmohammadpour/Temperature/ROS2WorkSpace/install/custom_interfaces/share/custom_interfaces/cmake/custom_interfaces__rosidl_typesupport_introspection_cExport.cmake" will be replaced.  Removing files [/home/abolfazlmohammadpour/Temperature/ROS2WorkSpace/install/custom_interfaces/share/custom_interfaces/cmake/custom_interfaces__rosidl_typesupport_introspection_cExport-noconfig.cmake].
-- Installing: /home/abolfazlmohammadpour/Temperature/ROS2WorkSpace/install/custom_interfaces/share/custom_interfaces/cmake/custom_interfaces__rosidl_typesupport_introspection_cExport.cmake
-- Installing: /home/abolfazlmohammadpour/Temperature/ROS2WorkSpace/install/custom_interfaces/share/custom_interfaces/cmake/custom_interfaces__rosidl_typesupport_introspection_cExport-noconfig.cmake
-- Old export file "/home/abolfazlmohammadpour/Temperature/ROS2WorkSpace/install/custom_interfaces/share/custom_interfaces/cmake/custom_interfaces__rosidl_typesupport_cExport.cmake" will be replaced.  Removing files [/home/abolfazlmohammadpour/Temperature/ROS2WorkSpace/install/custom_interfaces/share/custom_interfaces/cmake/custom_interfaces__rosidl_typesupport_cExport-noconfig.cmake].
-- Installing: /home/abolfazlmohammadpour/Temperature/ROS2WorkSpace/install/custom_interfaces/share/custom_interfaces/cmake/custom_interfaces__rosidl_typesupport_cExport.cmake
-- Installing: /home/abolfazlmohammadpour/Temperature/ROS2WorkSpace/install/custom_interfaces/share/custom_interfaces/cmake/custom_interfaces__rosidl_typesupport_cExport-noconfig.cmake
-- Installing: /home/abolfazlmohammadpour/Temperature/ROS2WorkSpace/install/custom_interfaces/share/custom_interfaces/cmake/export_custom_interfaces__rosidl_generator_cppExport.cmake
-- Old export file "/home/abolfazlmohammadpour/Temperature/ROS2WorkSpace/install/custom_interfaces/share/custom_interfaces/cmake/export_custom_interfaces__rosidl_typesupport_fastrtps_cppExport.cmake" will be replaced.  Removing files [/home/abolfazlmohammadpour/Temperature/ROS2WorkSpace/install/custom_interfaces/share/custom_interfaces/cmake/export_custom_interfaces__rosidl_typesupport_fastrtps_cppExport-noconfig.cmake].
-- Installing: /home/abolfazlmohammadpour/Temperature/ROS2WorkSpace/install/custom_interfaces/share/custom_interfaces/cmake/export_custom_interfaces__rosidl_typesupport_fastrtps_cppExport.cmake
-- Installing: /home/abolfazlmohammadpour/Temperature/ROS2WorkSpace/install/custom_interfaces/share/custom_interfaces/cmake/export_custom_interfaces__rosidl_typesupport_fastrtps_cppExport-noconfig.cmake
-- Old export file "/home/abolfazlmohammadpour/Temperature/ROS2WorkSpace/install/custom_interfaces/share/custom_interfaces/cmake/custom_interfaces__rosidl_typesupport_introspection_cppExport.cmake" will be replaced.  Removing files [/home/abolfazlmohammadpour/Temperature/ROS2WorkSpace/install/custom_interfaces/share/custom_interfaces/cmake/custom_interfaces__rosidl_typesupport_introspection_cppExport-noconfig.cmake].
-- Installing: /home/abolfazlmohammadpour/Temperature/ROS2WorkSpace/install/custom_interfaces/share/custom_interfaces/cmake/custom_interfaces__rosidl_typesupport_introspection_cppExport.cmake
-- Installing: /home/abolfazlmohammadpour/Temperature/ROS2WorkSpace/install/custom_interfaces/share/custom_interfaces/cmake/custom_interfaces__rosidl_typesupport_introspection_cppExport-noconfig.cmake
-- Old export file "/home/abolfazlmohammadpour/Temperature/ROS2WorkSpace/install/custom_interfaces/share/custom_interfaces/cmake/custom_interfaces__rosidl_typesupport_cppExport.cmake" will be replaced.  Removing files [/home/abolfazlmohammadpour/Temperature/ROS2WorkSpace/install/custom_interfaces/share/custom_interfaces/cmake/custom_interfaces__rosidl_typesupport_cppExport-noconfig.cmake].
-- Installing: /home/abolfazlmohammadpour/Temperature/ROS2WorkSpace/install/custom_interfaces/share/custom_interfaces/cmake/custom_interfaces__rosidl_typesupport_cppExport.cmake
-- Installing: /home/abolfazlmohammadpour/Temperature/ROS2WorkSpace/install/custom_interfaces/share/custom_interfaces/cmake/custom_interfaces__rosidl_typesupport_cppExport-noconfig.cmake
-- Old export file "/home/abolfazlmohammadpour/Temperature/ROS2WorkSpace/install/custom_interfaces/share/custom_interfaces/cmake/export_custom_interfaces__rosidl_generator_pyExport.cmake" will be replaced.  Removing files [/home/abolfazlmohammadpour/Temperature/ROS2WorkSpace/install/custom_interfaces/share/custom_interfaces/cmake/export_custom_interfaces__rosidl_generator_pyExport-noconfig.cmake].
-- Installing: /home/abolfazlmohammadpour/Temperature/ROS2WorkSpace/install/custom_interfaces/share/custom_interfaces/cmake/export_custom_interfaces__rosidl_generator_pyExport.cmake
-- Installing: /home/abolfazlmohammadpour/Temperature/ROS2WorkSpace/install/custom_interfaces/share/custom_interfaces/cmake/export_custom_interfaces__rosidl_generator_pyExport-noconfig.cmake
-- Installing: /home/abolfazlmohammadpour/Temperature/ROS2WorkSpace/install/custom_interfaces/share/custom_interfaces/cmake/rosidl_cmake-extras.cmake
-- Installing: /home/abolfazlmohammadpour/Temperature/ROS2WorkSpace/install/custom_interfaces/share/custom_interfaces/cmake/ament_cmake_export_dependencies-extras.cmake
-- Up-to-date: /home/abolfazlmohammadpour/Temperature/ROS2WorkSpace/install/custom_interfaces/share/custom_interfaces/cmake/ament_cmake_export_include_directories-extras.cmake
-- Up-to-date: /home/abolfazlmohammadpour/Temperature/ROS2WorkSpace/install/custom_interfaces/share/custom_interfaces/cmake/ament_cmake_export_libraries-extras.cmake
-- Up-to-date: /home/abolfazlmohammadpour/Temperature/ROS2WorkSpace/install/custom_interfaces/share/custom_interfaces/cmake/ament_cmake_export_targets-extras.cmake
-- Up-to-date: /home/abolfazlmohammadpour/Temperature/ROS2WorkSpace/install/custom_interfaces/share/custom_interfaces/cmake/rosidl_cmake_export_typesupport_targets-extras.cmake
-- Up-to-date: /home/abolfazlmohammadpour/Temperature/ROS2WorkSpace/install/custom_interfaces/share/custom_interfaces/cmake/rosidl_cmake_export_typesupport_libraries-extras.cmake
-- Installing: /home/abolfazlmohammadpour/Temperature/ROS2WorkSpace/install/custom_interfaces/share/custom_interfaces/cmake/custom_interfacesConfig.cmake
-- Up-to-date: /home/abolfazlmohammadpour/Temperature/ROS2WorkSpace/install/custom_interfaces/share/custom_interfaces/cmake/custom_interfacesConfig-version.cmake
-- Up-to-date: /home/abolfazlmohammadpour/Temperature/ROS2WorkSpace/install/custom_interfaces/share/custom_interfaces/package.xml
