[  1%] Built target custom_interfaces__rosidl_generator_type_description
[  1%] Built target ament_cmake_python_copy_custom_interfaces
[  2%] Built target custom_interfaces__cpp
[ 25%] Built target custom_interfaces__rosidl_generator_c
[ 52%] Built target custom_interfaces__rosidl_typesupport_introspection_c
[ 54%] Built target custom_interfaces__rosidl_typesupport_c
[ 54%] Built target custom_interfaces__rosidl_typesupport_cpp
[ 63%] Built target custom_interfaces__rosidl_typesupport_fastrtps_c
[ 72%] Built target custom_interfaces__rosidl_typesupport_introspection_cpp
[ 82%] Built target custom_interfaces__rosidl_typesupport_fastrtps_cpp
[ 82%] Built target custom_interfaces
[ 83%] Built target custom_interfaces__py
[ 91%] Built target custom_interfaces__rosidl_generator_py
[ 94%] Built target custom_interfaces__rosidl_typesupport_fastrtps_c__pyext
[ 97%] Built target custom_interfaces__rosidl_typesupport_introspection_c__pyext
[100%] Built target custom_interfaces__rosidl_typesupport_c__pyext
running egg_info
writing custom_interfaces.egg-info/PKG-INFO
writing dependency_links to custom_interfaces.egg-info/dependency_links.txt
writing top-level names to custom_interfaces.egg-info/top_level.txt
reading manifest file 'custom_interfaces.egg-info/SOURCES.txt'
writing manifest file 'custom_interfaces.egg-info/SOURCES.txt'
[100%] Built target ament_cmake_python_build_custom_interfaces_egg
-- Install configuration: ""
-- Up-to-date: /home/abolfazlmohammadpour/Temperature/ROS2WorkSpace/install/custom_interfaces/share/ament_index/resource_index/rosidl_interfaces/custom_interfaces
-- Up-to-date: /home/abolfazlmohammadpour/Temperature/ROS2WorkSpace/install/custom_interfaces/share/custom_interfaces/msg/String.json
-- Up-to-date: /home/abolfazlmohammadpour/Temperature/ROS2WorkSpace/install/custom_interfaces/share/custom_interfaces/msg/Integer.json
-- Up-to-date: /home/abolfazlmohammadpour/Temperature/ROS2WorkSpace/install/custom_interfaces/share/custom_interfaces/msg/UnsignedInteger.json
-- Up-to-date: /home/abolfazlmohammadpour/Temperature/ROS2WorkSpace/install/custom_interfaces/share/custom_interfaces/srv/Square.json
-- Up-to-date: /home/abolfazlmohammadpour/Temperature/ROS2WorkSpace/install/custom_interfaces/share/custom_interfaces/srv/Cube.json
-- Up-to-date: /home/abolfazlmohammadpour/Temperature/ROS2WorkSpace/install/custom_interfaces/include/custom_interfaces/custom_interfaces
-- Up-to-date: /home/abolfazlmohammadpour/Temperature/ROS2WorkSpace/install/custom_interfaces/include/custom_interfaces/custom_interfaces/msg
-- Up-to-date: /home/abolfazlmohammadpour/Temperature/ROS2WorkSpace/install/custom_interfaces/include/custom_interfaces/custom_interfaces/msg/integer.h
-- Up-to-date: /home/abolfazlmohammadpour/Temperature/ROS2WorkSpace/install/custom_interfaces/include/custom_interfaces/custom_interfaces/msg/string.h
-- Up-to-date: /home/abolfazlmohammadpour/Temperature/ROS2WorkSpace/install/custom_interfaces/include/custom_interfaces/custom_interfaces/msg/rosidl_generator_c__visibility_control.h
-- Up-to-date: /home/abolfazlmohammadpour/Temperature/ROS2WorkSpace/install/custom_interfaces/include/custom_interfaces/custom_interfaces/msg/detail
-- Installing: /home/abolfazlmohammadpour/Temperature/ROS2WorkSpace/install/custom_interfaces/include/custom_interfaces/custom_interfaces/msg/detail/string__type_support.c
-- Installing: /home/abolfazlmohammadpour/Temperature/ROS2WorkSpace/install/custom_interfaces/include/custom_interfaces/custom_interfaces/msg/detail/integer__type_support.c
-- Up-to-date: /home/abolfazlmohammadpour/Temperature/ROS2WorkSpace/install/custom_interfaces/include/custom_interfaces/custom_interfaces/msg/detail/unsigned_integer__functions.c
-- Up-to-date: /home/abolfazlmohammadpour/Temperature/ROS2WorkSpace/install/custom_interfaces/include/custom_interfaces/custom_interfaces/msg/detail/unsigned_integer__struct.h
-- Up-to-date: /home/abolfazlmohammadpour/Temperature/ROS2WorkSpace/install/custom_interfaces/include/custom_interfaces/custom_interfaces/msg/detail/unsigned_integer__description.c
-- Up-to-date: /home/abolfazlmohammadpour/Temperature/ROS2WorkSpace/install/custom_interfaces/include/custom_interfaces/custom_interfaces/msg/detail/integer__functions.c
-- Up-to-date: /home/abolfazlmohammadpour/Temperature/ROS2WorkSpace/install/custom_interfaces/include/custom_interfaces/custom_interfaces/msg/detail/string__functions.c
-- Up-to-date: /home/abolfazlmohammadpour/Temperature/ROS2WorkSpace/install/custom_interfaces/include/custom_interfaces/custom_interfaces/msg/detail/string__struct.h
-- Up-to-date: /home/abolfazlmohammadpour/Temperature/ROS2WorkSpace/install/custom_interfaces/include/custom_interfaces/custom_interfaces/msg/detail/unsigned_integer__type_support.h
-- Up-to-date: /home/abolfazlmohammadpour/Temperature/ROS2WorkSpace/install/custom_interfaces/include/custom_interfaces/custom_interfaces/msg/detail/integer__type_support.h
-- Up-to-date: /home/abolfazlmohammadpour/Temperature/ROS2WorkSpace/install/custom_interfaces/include/custom_interfaces/custom_interfaces/msg/detail/integer__functions.h
-- Up-to-date: /home/abolfazlmohammadpour/Temperature/ROS2WorkSpace/install/custom_interfaces/include/custom_interfaces/custom_interfaces/msg/detail/string__type_support.h
-- Up-to-date: /home/abolfazlmohammadpour/Temperature/ROS2WorkSpace/install/custom_interfaces/include/custom_interfaces/custom_interfaces/msg/detail/integer__description.c
-- Up-to-date: /home/abolfazlmohammadpour/Temperature/ROS2WorkSpace/install/custom_interfaces/include/custom_interfaces/custom_interfaces/msg/detail/string__description.c
-- Up-to-date: /home/abolfazlmohammadpour/Temperature/ROS2WorkSpace/install/custom_interfaces/include/custom_interfaces/custom_interfaces/msg/detail/unsigned_integer__functions.h
-- Up-to-date: /home/abolfazlmohammadpour/Temperature/ROS2WorkSpace/install/custom_interfaces/include/custom_interfaces/custom_interfaces/msg/detail/integer__struct.h
-- Up-to-date: /home/abolfazlmohammadpour/Temperature/ROS2WorkSpace/install/custom_interfaces/include/custom_interfaces/custom_interfaces/msg/detail/string__functions.h
-- Installing: /home/abolfazlmohammadpour/Temperature/ROS2WorkSpace/install/custom_interfaces/include/custom_interfaces/custom_interfaces/msg/detail/unsigned_integer__type_support.c
-- Up-to-date: /home/abolfazlmohammadpour/Temperature/ROS2WorkSpace/install/custom_interfaces/include/custom_interfaces/custom_interfaces/msg/unsigned_integer.h
-- Up-to-date: /home/abolfazlmohammadpour/Temperature/ROS2WorkSpace/install/custom_interfaces/include/custom_interfaces/custom_interfaces/srv
-- Up-to-date: /home/abolfazlmohammadpour/Temperature/ROS2WorkSpace/install/custom_interfaces/include/custom_interfaces/custom_interfaces/srv/cube.h
-- Up-to-date: /home/abolfazlmohammadpour/Temperature/ROS2WorkSpace/install/custom_interfaces/include/custom_interfaces/custom_interfaces/srv/square.h
-- Up-to-date: /home/abolfazlmohammadpour/Temperature/ROS2WorkSpace/install/custom_interfaces/include/custom_interfaces/custom_interfaces/srv/detail
-- Up-to-date: /home/abolfazlmohammadpour/Temperature/ROS2WorkSpace/install/custom_interfaces/include/custom_interfaces/custom_interfaces/srv/detail/cube__functions.h
-- Up-to-date: /home/abolfazlmohammadpour/Temperature/ROS2WorkSpace/install/custom_interfaces/include/custom_interfaces/custom_interfaces/srv/detail/cube__description.c
-- Up-to-date: /home/abolfazlmohammadpour/Temperature/ROS2WorkSpace/install/custom_interfaces/include/custom_interfaces/custom_interfaces/srv/detail/cube__struct.h
-- Up-to-date: /home/abolfazlmohammadpour/Temperature/ROS2WorkSpace/install/custom_interfaces/include/custom_interfaces/custom_interfaces/srv/detail/square__functions.h
-- Up-to-date: /home/abolfazlmohammadpour/Temperature/ROS2WorkSpace/install/custom_interfaces/include/custom_interfaces/custom_interfaces/srv/detail/cube__functions.c
-- Installing: /home/abolfazlmohammadpour/Temperature/ROS2WorkSpace/install/custom_interfaces/include/custom_interfaces/custom_interfaces/srv/detail/cube__type_support.c
-- Up-to-date: /home/abolfazlmohammadpour/Temperature/ROS2WorkSpace/install/custom_interfaces/include/custom_interfaces/custom_interfaces/srv/detail/square__type_support.h
-- Installing: /home/abolfazlmohammadpour/Temperature/ROS2WorkSpace/install/custom_interfaces/include/custom_interfaces/custom_interfaces/srv/detail/square__type_support.c
-- Up-to-date: /home/abolfazlmohammadpour/Temperature/ROS2WorkSpace/install/custom_interfaces/include/custom_interfaces/custom_interfaces/srv/detail/cube__type_support.h
-- Up-to-date: /home/abolfazlmohammadpour/Temperature/ROS2WorkSpace/install/custom_interfaces/include/custom_interfaces/custom_interfaces/srv/detail/square__struct.h
-- Up-to-date: /home/abolfazlmohammadpour/Temperature/ROS2WorkSpace/install/custom_interfaces/include/custom_interfaces/custom_interfaces/srv/detail/square__description.c
-- Up-to-date: /home/abolfazlmohammadpour/Temperature/ROS2WorkSpace/install/custom_interfaces/include/custom_interfaces/custom_interfaces/srv/detail/square__functions.c
-- Up-to-date: /home/abolfazlmohammadpour/Temperature/ROS2WorkSpace/install/custom_interfaces/share/custom_interfaces/environment/library_path.sh
-- Up-to-date: /home/abolfazlmohammadpour/Temperature/ROS2WorkSpace/install/custom_interfaces/share/custom_interfaces/environment/library_path.dsv
-- Up-to-date: /home/abolfazlmohammadpour/Temperature/ROS2WorkSpace/install/custom_interfaces/lib/libcustom_interfaces__rosidl_generator_c.so
-- Up-to-date: /home/abolfazlmohammadpour/Temperature/ROS2WorkSpace/install/custom_interfaces/include/custom_interfaces/custom_interfaces
-- Up-to-date: /home/abolfazlmohammadpour/Temperature/ROS2WorkSpace/install/custom_interfaces/include/custom_interfaces/custom_interfaces/msg
-- Up-to-date: /home/abolfazlmohammadpour/Temperature/ROS2WorkSpace/install/custom_interfaces/include/custom_interfaces/custom_interfaces/msg/detail
-- Up-to-date: /home/abolfazlmohammadpour/Temperature/ROS2WorkSpace/install/custom_interfaces/include/custom_interfaces/custom_interfaces/msg/detail/unsigned_integer__rosidl_typesupport_fastrtps_c.h
-- Up-to-date: /home/abolfazlmohammadpour/Temperature/ROS2WorkSpace/install/custom_interfaces/include/custom_interfaces/custom_interfaces/msg/detail/string__rosidl_typesupport_fastrtps_c.h
-- Up-to-date: /home/abolfazlmohammadpour/Temperature/ROS2WorkSpace/install/custom_interfaces/include/custom_interfaces/custom_interfaces/msg/detail/integer__rosidl_typesupport_fastrtps_c.h
-- Up-to-date: /home/abolfazlmohammadpour/Temperature/ROS2WorkSpace/install/custom_interfaces/include/custom_interfaces/custom_interfaces/msg/rosidl_typesupport_fastrtps_c__visibility_control.h
-- Up-to-date: /home/abolfazlmohammadpour/Temperature/ROS2WorkSpace/install/custom_interfaces/include/custom_interfaces/custom_interfaces/srv
-- Up-to-date: /home/abolfazlmohammadpour/Temperature/ROS2WorkSpace/install/custom_interfaces/include/custom_interfaces/custom_interfaces/srv/detail
-- Up-to-date: /home/abolfazlmohammadpour/Temperature/ROS2WorkSpace/install/custom_interfaces/include/custom_interfaces/custom_interfaces/srv/detail/square__rosidl_typesupport_fastrtps_c.h
-- Up-to-date: /home/abolfazlmohammadpour/Temperature/ROS2WorkSpace/install/custom_interfaces/include/custom_interfaces/custom_interfaces/srv/detail/cube__rosidl_typesupport_fastrtps_c.h
-- Up-to-date: /home/abolfazlmohammadpour/Temperature/ROS2WorkSpace/install/custom_interfaces/lib/libcustom_interfaces__rosidl_typesupport_fastrtps_c.so
-- Up-to-date: /home/abolfazlmohammadpour/Temperature/ROS2WorkSpace/install/custom_interfaces/include/custom_interfaces/custom_interfaces
-- Up-to-date: /home/abolfazlmohammadpour/Temperature/ROS2WorkSpace/install/custom_interfaces/include/custom_interfaces/custom_interfaces/msg
-- Up-to-date: /home/abolfazlmohammadpour/Temperature/ROS2WorkSpace/install/custom_interfaces/include/custom_interfaces/custom_interfaces/msg/rosidl_typesupport_introspection_c__visibility_control.h
-- Up-to-date: /home/abolfazlmohammadpour/Temperature/ROS2WorkSpace/install/custom_interfaces/include/custom_interfaces/custom_interfaces/msg/detail
-- Installing: /home/abolfazlmohammadpour/Temperature/ROS2WorkSpace/install/custom_interfaces/include/custom_interfaces/custom_interfaces/msg/detail/string__type_support.c
-- Installing: /home/abolfazlmohammadpour/Temperature/ROS2WorkSpace/install/custom_interfaces/include/custom_interfaces/custom_interfaces/msg/detail/integer__type_support.c
-- Up-to-date: /home/abolfazlmohammadpour/Temperature/ROS2WorkSpace/install/custom_interfaces/include/custom_interfaces/custom_interfaces/msg/detail/integer__rosidl_typesupport_introspection_c.h
-- Up-to-date: /home/abolfazlmohammadpour/Temperature/ROS2WorkSpace/install/custom_interfaces/include/custom_interfaces/custom_interfaces/msg/detail/string__rosidl_typesupport_introspection_c.h
-- Up-to-date: /home/abolfazlmohammadpour/Temperature/ROS2WorkSpace/install/custom_interfaces/include/custom_interfaces/custom_interfaces/msg/detail/unsigned_integer__rosidl_typesupport_introspection_c.h
-- Installing: /home/abolfazlmohammadpour/Temperature/ROS2WorkSpace/install/custom_interfaces/include/custom_interfaces/custom_interfaces/msg/detail/unsigned_integer__type_support.c
-- Up-to-date: /home/abolfazlmohammadpour/Temperature/ROS2WorkSpace/install/custom_interfaces/include/custom_interfaces/custom_interfaces/srv
-- Up-to-date: /home/abolfazlmohammadpour/Temperature/ROS2WorkSpace/install/custom_interfaces/include/custom_interfaces/custom_interfaces/srv/detail
-- Installing: /home/abolfazlmohammadpour/Temperature/ROS2WorkSpace/install/custom_interfaces/include/custom_interfaces/custom_interfaces/srv/detail/cube__type_support.c
-- Installing: /home/abolfazlmohammadpour/Temperature/ROS2WorkSpace/install/custom_interfaces/include/custom_interfaces/custom_interfaces/srv/detail/square__type_support.c
-- Up-to-date: /home/abolfazlmohammadpour/Temperature/ROS2WorkSpace/install/custom_interfaces/include/custom_interfaces/custom_interfaces/srv/detail/cube__rosidl_typesupport_introspection_c.h
-- Up-to-date: /home/abolfazlmohammadpour/Temperature/ROS2WorkSpace/install/custom_interfaces/include/custom_interfaces/custom_interfaces/srv/detail/square__rosidl_typesupport_introspection_c.h
-- Up-to-date: /home/abolfazlmohammadpour/Temperature/ROS2WorkSpace/install/custom_interfaces/lib/libcustom_interfaces__rosidl_typesupport_introspection_c.so
-- Up-to-date: /home/abolfazlmohammadpour/Temperature/ROS2WorkSpace/install/custom_interfaces/lib/libcustom_interfaces__rosidl_typesupport_c.so
-- Up-to-date: /home/abolfazlmohammadpour/Temperature/ROS2WorkSpace/install/custom_interfaces/include/custom_interfaces/custom_interfaces
-- Up-to-date: /home/abolfazlmohammadpour/Temperature/ROS2WorkSpace/install/custom_interfaces/include/custom_interfaces/custom_interfaces/msg
-- Up-to-date: /home/abolfazlmohammadpour/Temperature/ROS2WorkSpace/install/custom_interfaces/include/custom_interfaces/custom_interfaces/msg/integer.hpp
-- Up-to-date: /home/abolfazlmohammadpour/Temperature/ROS2WorkSpace/install/custom_interfaces/include/custom_interfaces/custom_interfaces/msg/detail
-- Up-to-date: /home/abolfazlmohammadpour/Temperature/ROS2WorkSpace/install/custom_interfaces/include/custom_interfaces/custom_interfaces/msg/detail/unsigned_integer__struct.hpp
-- Up-to-date: /home/abolfazlmohammadpour/Temperature/ROS2WorkSpace/install/custom_interfaces/include/custom_interfaces/custom_interfaces/msg/detail/integer__traits.hpp
-- Up-to-date: /home/abolfazlmohammadpour/Temperature/ROS2WorkSpace/install/custom_interfaces/include/custom_interfaces/custom_interfaces/msg/detail/string__struct.hpp
-- Up-to-date: /home/abolfazlmohammadpour/Temperature/ROS2WorkSpace/install/custom_interfaces/include/custom_interfaces/custom_interfaces/msg/detail/integer__struct.hpp
-- Up-to-date: /home/abolfazlmohammadpour/Temperature/ROS2WorkSpace/install/custom_interfaces/include/custom_interfaces/custom_interfaces/msg/detail/unsigned_integer__builder.hpp
-- Up-to-date: /home/abolfazlmohammadpour/Temperature/ROS2WorkSpace/install/custom_interfaces/include/custom_interfaces/custom_interfaces/msg/detail/integer__builder.hpp
-- Up-to-date: /home/abolfazlmohammadpour/Temperature/ROS2WorkSpace/install/custom_interfaces/include/custom_interfaces/custom_interfaces/msg/detail/string__traits.hpp
-- Up-to-date: /home/abolfazlmohammadpour/Temperature/ROS2WorkSpace/install/custom_interfaces/include/custom_interfaces/custom_interfaces/msg/detail/string__builder.hpp
-- Up-to-date: /home/abolfazlmohammadpour/Temperature/ROS2WorkSpace/install/custom_interfaces/include/custom_interfaces/custom_interfaces/msg/detail/unsigned_integer__traits.hpp
-- Up-to-date: /home/abolfazlmohammadpour/Temperature/ROS2WorkSpace/install/custom_interfaces/include/custom_interfaces/custom_interfaces/msg/string.hpp
-- Up-to-date: /home/abolfazlmohammadpour/Temperature/ROS2WorkSpace/install/custom_interfaces/include/custom_interfaces/custom_interfaces/msg/unsigned_integer.hpp
-- Up-to-date: /home/abolfazlmohammadpour/Temperature/ROS2WorkSpace/install/custom_interfaces/include/custom_interfaces/custom_interfaces/srv
-- Up-to-date: /home/abolfazlmohammadpour/Temperature/ROS2WorkSpace/install/custom_interfaces/include/custom_interfaces/custom_interfaces/srv/cube.hpp
-- Up-to-date: /home/abolfazlmohammadpour/Temperature/ROS2WorkSpace/install/custom_interfaces/include/custom_interfaces/custom_interfaces/srv/square.hpp
-- Up-to-date: /home/abolfazlmohammadpour/Temperature/ROS2WorkSpace/install/custom_interfaces/include/custom_interfaces/custom_interfaces/srv/detail
-- Up-to-date: /home/abolfazlmohammadpour/Temperature/ROS2WorkSpace/install/custom_interfaces/include/custom_interfaces/custom_interfaces/srv/detail/cube__builder.hpp
-- Up-to-date: /home/abolfazlmohammadpour/Temperature/ROS2WorkSpace/install/custom_interfaces/include/custom_interfaces/custom_interfaces/srv/detail/square__struct.hpp
-- Up-to-date: /home/abolfazlmohammadpour/Temperature/ROS2WorkSpace/install/custom_interfaces/include/custom_interfaces/custom_interfaces/srv/detail/cube__traits.hpp
-- Up-to-date: /home/abolfazlmohammadpour/Temperature/ROS2WorkSpace/install/custom_interfaces/include/custom_interfaces/custom_interfaces/srv/detail/cube__struct.hpp
-- Up-to-date: /home/abolfazlmohammadpour/Temperature/ROS2WorkSpace/install/custom_interfaces/include/custom_interfaces/custom_interfaces/srv/detail/square__builder.hpp
-- Up-to-date: /home/abolfazlmohammadpour/Temperature/ROS2WorkSpace/install/custom_interfaces/include/custom_interfaces/custom_interfaces/srv/detail/square__traits.hpp
-- Up-to-date: /home/abolfazlmohammadpour/Temperature/ROS2WorkSpace/install/custom_interfaces/include/custom_interfaces/custom_interfaces
-- Up-to-date: /home/abolfazlmohammadpour/Temperature/ROS2WorkSpace/install/custom_interfaces/include/custom_interfaces/custom_interfaces/msg
-- Up-to-date: /home/abolfazlmohammadpour/Temperature/ROS2WorkSpace/install/custom_interfaces/include/custom_interfaces/custom_interfaces/msg/detail
-- Up-to-date: /home/abolfazlmohammadpour/Temperature/ROS2WorkSpace/install/custom_interfaces/include/custom_interfaces/custom_interfaces/msg/detail/unsigned_integer__rosidl_typesupport_fastrtps_cpp.hpp
-- Up-to-date: /home/abolfazlmohammadpour/Temperature/ROS2WorkSpace/install/custom_interfaces/include/custom_interfaces/custom_interfaces/msg/detail/string__rosidl_typesupport_fastrtps_cpp.hpp
-- Up-to-date: /home/abolfazlmohammadpour/Temperature/ROS2WorkSpace/install/custom_interfaces/include/custom_interfaces/custom_interfaces/msg/detail/dds_fastrtps
-- Up-to-date: /home/abolfazlmohammadpour/Temperature/ROS2WorkSpace/install/custom_interfaces/include/custom_interfaces/custom_interfaces/msg/detail/integer__rosidl_typesupport_fastrtps_cpp.hpp
-- Up-to-date: /home/abolfazlmohammadpour/Temperature/ROS2WorkSpace/install/custom_interfaces/include/custom_interfaces/custom_interfaces/msg/rosidl_typesupport_fastrtps_cpp__visibility_control.h
-- Up-to-date: /home/abolfazlmohammadpour/Temperature/ROS2WorkSpace/install/custom_interfaces/include/custom_interfaces/custom_interfaces/srv
-- Up-to-date: /home/abolfazlmohammadpour/Temperature/ROS2WorkSpace/install/custom_interfaces/include/custom_interfaces/custom_interfaces/srv/detail
-- Up-to-date: /home/abolfazlmohammadpour/Temperature/ROS2WorkSpace/install/custom_interfaces/include/custom_interfaces/custom_interfaces/srv/detail/cube__rosidl_typesupport_fastrtps_cpp.hpp
-- Up-to-date: /home/abolfazlmohammadpour/Temperature/ROS2WorkSpace/install/custom_interfaces/include/custom_interfaces/custom_interfaces/srv/detail/square__rosidl_typesupport_fastrtps_cpp.hpp
-- Up-to-date: /home/abolfazlmohammadpour/Temperature/ROS2WorkSpace/install/custom_interfaces/include/custom_interfaces/custom_interfaces/srv/detail/dds_fastrtps
-- Up-to-date: /home/abolfazlmohammadpour/Temperature/ROS2WorkSpace/install/custom_interfaces/lib/libcustom_interfaces__rosidl_typesupport_fastrtps_cpp.so
-- Up-to-date: /home/abolfazlmohammadpour/Temperature/ROS2WorkSpace/install/custom_interfaces/include/custom_interfaces/custom_interfaces
-- Up-to-date: /home/abolfazlmohammadpour/Temperature/ROS2WorkSpace/install/custom_interfaces/include/custom_interfaces/custom_interfaces/msg
-- Up-to-date: /home/abolfazlmohammadpour/Temperature/ROS2WorkSpace/install/custom_interfaces/include/custom_interfaces/custom_interfaces/msg/detail
-- Up-to-date: /home/abolfazlmohammadpour/Temperature/ROS2WorkSpace/install/custom_interfaces/include/custom_interfaces/custom_interfaces/msg/detail/unsigned_integer__rosidl_typesupport_introspection_cpp.hpp
-- Up-to-date: /home/abolfazlmohammadpour/Temperature/ROS2WorkSpace/install/custom_interfaces/include/custom_interfaces/custom_interfaces/msg/detail/unsigned_integer__type_support.cpp
-- Up-to-date: /home/abolfazlmohammadpour/Temperature/ROS2WorkSpace/install/custom_interfaces/include/custom_interfaces/custom_interfaces/msg/detail/string__rosidl_typesupport_introspection_cpp.hpp
-- Up-to-date: /home/abolfazlmohammadpour/Temperature/ROS2WorkSpace/install/custom_interfaces/include/custom_interfaces/custom_interfaces/msg/detail/string__type_support.cpp
-- Up-to-date: /home/abolfazlmohammadpour/Temperature/ROS2WorkSpace/install/custom_interfaces/include/custom_interfaces/custom_interfaces/msg/detail/integer__type_support.cpp
-- Up-to-date: /home/abolfazlmohammadpour/Temperature/ROS2WorkSpace/install/custom_interfaces/include/custom_interfaces/custom_interfaces/msg/detail/integer__rosidl_typesupport_introspection_cpp.hpp
-- Up-to-date: /home/abolfazlmohammadpour/Temperature/ROS2WorkSpace/install/custom_interfaces/include/custom_interfaces/custom_interfaces/srv
-- Up-to-date: /home/abolfazlmohammadpour/Temperature/ROS2WorkSpace/install/custom_interfaces/include/custom_interfaces/custom_interfaces/srv/detail
-- Up-to-date: /home/abolfazlmohammadpour/Temperature/ROS2WorkSpace/install/custom_interfaces/include/custom_interfaces/custom_interfaces/srv/detail/square__type_support.cpp
-- Up-to-date: /home/abolfazlmohammadpour/Temperature/ROS2WorkSpace/install/custom_interfaces/include/custom_interfaces/custom_interfaces/srv/detail/square__rosidl_typesupport_introspection_cpp.hpp
-- Up-to-date: /home/abolfazlmohammadpour/Temperature/ROS2WorkSpace/install/custom_interfaces/include/custom_interfaces/custom_interfaces/srv/detail/cube__type_support.cpp
-- Up-to-date: /home/abolfazlmohammadpour/Temperature/ROS2WorkSpace/install/custom_interfaces/include/custom_interfaces/custom_interfaces/srv/detail/cube__rosidl_typesupport_introspection_cpp.hpp
-- Up-to-date: /home/abolfazlmohammadpour/Temperature/ROS2WorkSpace/install/custom_interfaces/lib/libcustom_interfaces__rosidl_typesupport_introspection_cpp.so
-- Up-to-date: /home/abolfazlmohammadpour/Temperature/ROS2WorkSpace/install/custom_interfaces/lib/libcustom_interfaces__rosidl_typesupport_cpp.so
-- Up-to-date: /home/abolfazlmohammadpour/Temperature/ROS2WorkSpace/install/custom_interfaces/share/custom_interfaces/environment/pythonpath.sh
-- Up-to-date: /home/abolfazlmohammadpour/Temperature/ROS2WorkSpace/install/custom_interfaces/share/custom_interfaces/environment/pythonpath.dsv
-- Up-to-date: /home/abolfazlmohammadpour/Temperature/ROS2WorkSpace/install/custom_interfaces/lib/python3.10/site-packages/custom_interfaces-0.0.0-py3.10.egg-info
-- Installing: /home/abolfazlmohammadpour/Temperature/ROS2WorkSpace/install/custom_interfaces/lib/python3.10/site-packages/custom_interfaces-0.0.0-py3.10.egg-info/SOURCES.txt
-- Installing: /home/abolfazlmohammadpour/Temperature/ROS2WorkSpace/install/custom_interfaces/lib/python3.10/site-packages/custom_interfaces-0.0.0-py3.10.egg-info/top_level.txt
-- Installing: /home/abolfazlmohammadpour/Temperature/ROS2WorkSpace/install/custom_interfaces/lib/python3.10/site-packages/custom_interfaces-0.0.0-py3.10.egg-info/dependency_links.txt
-- Installing: /home/abolfazlmohammadpour/Temperature/ROS2WorkSpace/install/custom_interfaces/lib/python3.10/site-packages/custom_interfaces-0.0.0-py3.10.egg-info/PKG-INFO
-- Up-to-date: /home/abolfazlmohammadpour/Temperature/ROS2WorkSpace/install/custom_interfaces/lib/python3.10/site-packages/custom_interfaces
-- Up-to-date: /home/abolfazlmohammadpour/Temperature/ROS2WorkSpace/install/custom_interfaces/lib/python3.10/site-packages/custom_interfaces/_custom_interfaces_s.ep.rosidl_typesupport_introspection_c.c
-- Up-to-date: /home/abolfazlmohammadpour/Temperature/ROS2WorkSpace/install/custom_interfaces/lib/python3.10/site-packages/custom_interfaces/_custom_interfaces_s.ep.rosidl_typesupport_fastrtps_c.c
-- Up-to-date: /home/abolfazlmohammadpour/Temperature/ROS2WorkSpace/install/custom_interfaces/lib/python3.10/site-packages/custom_interfaces/__init__.py
-- Up-to-date: /home/abolfazlmohammadpour/Temperature/ROS2WorkSpace/install/custom_interfaces/lib/python3.10/site-packages/custom_interfaces/libcustom_interfaces__rosidl_generator_py.so
-- Up-to-date: /home/abolfazlmohammadpour/Temperature/ROS2WorkSpace/install/custom_interfaces/lib/python3.10/site-packages/custom_interfaces/_custom_interfaces_s.ep.rosidl_typesupport_c.c
-- Up-to-date: /home/abolfazlmohammadpour/Temperature/ROS2WorkSpace/install/custom_interfaces/lib/python3.10/site-packages/custom_interfaces/custom_interfaces_s__rosidl_typesupport_c.cpython-310-x86_64-linux-gnu.so
-- Up-to-date: /home/abolfazlmohammadpour/Temperature/ROS2WorkSpace/install/custom_interfaces/lib/python3.10/site-packages/custom_interfaces/custom_interfaces_s__rosidl_typesupport_introspection_c.cpython-310-x86_64-linux-gnu.so
-- Up-to-date: /home/abolfazlmohammadpour/Temperature/ROS2WorkSpace/install/custom_interfaces/lib/python3.10/site-packages/custom_interfaces/msg
-- Up-to-date: /home/abolfazlmohammadpour/Temperature/ROS2WorkSpace/install/custom_interfaces/lib/python3.10/site-packages/custom_interfaces/msg/_integer.py
-- Up-to-date: /home/abolfazlmohammadpour/Temperature/ROS2WorkSpace/install/custom_interfaces/lib/python3.10/site-packages/custom_interfaces/msg/_string.py
-- Up-to-date: /home/abolfazlmohammadpour/Temperature/ROS2WorkSpace/install/custom_interfaces/lib/python3.10/site-packages/custom_interfaces/msg/_integer_s.c
-- Up-to-date: /home/abolfazlmohammadpour/Temperature/ROS2WorkSpace/install/custom_interfaces/lib/python3.10/site-packages/custom_interfaces/msg/__init__.py
-- Up-to-date: /home/abolfazlmohammadpour/Temperature/ROS2WorkSpace/install/custom_interfaces/lib/python3.10/site-packages/custom_interfaces/msg/_unsigned_integer.py
-- Up-to-date: /home/abolfazlmohammadpour/Temperature/ROS2WorkSpace/install/custom_interfaces/lib/python3.10/site-packages/custom_interfaces/msg/_string_s.c
-- Up-to-date: /home/abolfazlmohammadpour/Temperature/ROS2WorkSpace/install/custom_interfaces/lib/python3.10/site-packages/custom_interfaces/msg/_unsigned_integer_s.c
-- Up-to-date: /home/abolfazlmohammadpour/Temperature/ROS2WorkSpace/install/custom_interfaces/lib/python3.10/site-packages/custom_interfaces/srv
-- Up-to-date: /home/abolfazlmohammadpour/Temperature/ROS2WorkSpace/install/custom_interfaces/lib/python3.10/site-packages/custom_interfaces/srv/_square_s.c
-- Up-to-date: /home/abolfazlmohammadpour/Temperature/ROS2WorkSpace/install/custom_interfaces/lib/python3.10/site-packages/custom_interfaces/srv/__init__.py
-- Up-to-date: /home/abolfazlmohammadpour/Temperature/ROS2WorkSpace/install/custom_interfaces/lib/python3.10/site-packages/custom_interfaces/srv/_cube_s.c
-- Up-to-date: /home/abolfazlmohammadpour/Temperature/ROS2WorkSpace/install/custom_interfaces/lib/python3.10/site-packages/custom_interfaces/srv/_cube.py
-- Up-to-date: /home/abolfazlmohammadpour/Temperature/ROS2WorkSpace/install/custom_interfaces/lib/python3.10/site-packages/custom_interfaces/srv/_square.py
-- Up-to-date: /home/abolfazlmohammadpour/Temperature/ROS2WorkSpace/install/custom_interfaces/lib/python3.10/site-packages/custom_interfaces/custom_interfaces_s__rosidl_typesupport_fastrtps_c.cpython-310-x86_64-linux-gnu.so
Listing '/home/abolfazlmohammadpour/Temperature/ROS2WorkSpace/install/custom_interfaces/lib/python3.10/site-packages/custom_interfaces'...
Listing '/home/abolfazlmohammadpour/Temperature/ROS2WorkSpace/install/custom_interfaces/lib/python3.10/site-packages/custom_interfaces/msg'...
Listing '/home/abolfazlmohammadpour/Temperature/ROS2WorkSpace/install/custom_interfaces/lib/python3.10/site-packages/custom_interfaces/srv'...
-- Up-to-date: /home/abolfazlmohammadpour/Temperature/ROS2WorkSpace/install/custom_interfaces/lib/python3.10/site-packages/custom_interfaces/custom_interfaces_s__rosidl_typesupport_fastrtps_c.cpython-310-x86_64-linux-gnu.so
-- Up-to-date: /home/abolfazlmohammadpour/Temperature/ROS2WorkSpace/install/custom_interfaces/lib/python3.10/site-packages/custom_interfaces/custom_interfaces_s__rosidl_typesupport_introspection_c.cpython-310-x86_64-linux-gnu.so
-- Up-to-date: /home/abolfazlmohammadpour/Temperature/ROS2WorkSpace/install/custom_interfaces/lib/python3.10/site-packages/custom_interfaces/custom_interfaces_s__rosidl_typesupport_c.cpython-310-x86_64-linux-gnu.so
-- Up-to-date: /home/abolfazlmohammadpour/Temperature/ROS2WorkSpace/install/custom_interfaces/lib/libcustom_interfaces__rosidl_generator_py.so
-- Up-to-date: /home/abolfazlmohammadpour/Temperature/ROS2WorkSpace/install/custom_interfaces/share/custom_interfaces/msg/String.idl
-- Up-to-date: /home/abolfazlmohammadpour/Temperature/ROS2WorkSpace/install/custom_interfaces/share/custom_interfaces/msg/Integer.idl
-- Up-to-date: /home/abolfazlmohammadpour/Temperature/ROS2WorkSpace/install/custom_interfaces/share/custom_interfaces/msg/UnsignedInteger.idl
-- Up-to-date: /home/abolfazlmohammadpour/Temperature/ROS2WorkSpace/install/custom_interfaces/share/custom_interfaces/srv/Square.idl
-- Up-to-date: /home/abolfazlmohammadpour/Temperature/ROS2WorkSpace/install/custom_interfaces/share/custom_interfaces/srv/Cube.idl
-- Up-to-date: /home/abolfazlmohammadpour/Temperature/ROS2WorkSpace/install/custom_interfaces/share/custom_interfaces/msg/String.msg
-- Up-to-date: /home/abolfazlmohammadpour/Temperature/ROS2WorkSpace/install/custom_interfaces/share/custom_interfaces/msg/Integer.msg
-- Up-to-date: /home/abolfazlmohammadpour/Temperature/ROS2WorkSpace/install/custom_interfaces/share/custom_interfaces/msg/UnsignedInteger.msg
-- Up-to-date: /home/abolfazlmohammadpour/Temperature/ROS2WorkSpace/install/custom_interfaces/share/custom_interfaces/srv/Square.srv
-- Up-to-date: /home/abolfazlmohammadpour/Temperature/ROS2WorkSpace/install/custom_interfaces/share/custom_interfaces/srv/Square_Request.msg
-- Up-to-date: /home/abolfazlmohammadpour/Temperature/ROS2WorkSpace/install/custom_interfaces/share/custom_interfaces/srv/Square_Response.msg
-- Up-to-date: /home/abolfazlmohammadpour/Temperature/ROS2WorkSpace/install/custom_interfaces/share/custom_interfaces/srv/Cube.srv
-- Up-to-date: /home/abolfazlmohammadpour/Temperature/ROS2WorkSpace/install/custom_interfaces/share/custom_interfaces/srv/Cube_Request.msg
-- Up-to-date: /home/abolfazlmohammadpour/Temperature/ROS2WorkSpace/install/custom_interfaces/share/custom_interfaces/srv/Cube_Response.msg
-- Up-to-date: /home/abolfazlmohammadpour/Temperature/ROS2WorkSpace/install/custom_interfaces/share/ament_index/resource_index/package_run_dependencies/custom_interfaces
-- Up-to-date: /home/abolfazlmohammadpour/Temperature/ROS2WorkSpace/install/custom_interfaces/share/ament_index/resource_index/parent_prefix_path/custom_interfaces
-- Up-to-date: /home/abolfazlmohammadpour/Temperature/ROS2WorkSpace/install/custom_interfaces/share/custom_interfaces/environment/ament_prefix_path.sh
-- Up-to-date: /home/abolfazlmohammadpour/Temperature/ROS2WorkSpace/install/custom_interfaces/share/custom_interfaces/environment/ament_prefix_path.dsv
-- Up-to-date: /home/abolfazlmohammadpour/Temperature/ROS2WorkSpace/install/custom_interfaces/share/custom_interfaces/environment/path.sh
-- Up-to-date: /home/abolfazlmohammadpour/Temperature/ROS2WorkSpace/install/custom_interfaces/share/custom_interfaces/environment/path.dsv
-- Up-to-date: /home/abolfazlmohammadpour/Temperature/ROS2WorkSpace/install/custom_interfaces/share/custom_interfaces/local_setup.bash
-- Up-to-date: /home/abolfazlmohammadpour/Temperature/ROS2WorkSpace/install/custom_interfaces/share/custom_interfaces/local_setup.sh
-- Up-to-date: /home/abolfazlmohammadpour/Temperature/ROS2WorkSpace/install/custom_interfaces/share/custom_interfaces/local_setup.zsh
-- Up-to-date: /home/abolfazlmohammadpour/Temperature/ROS2WorkSpace/install/custom_interfaces/share/custom_interfaces/local_setup.dsv
-- Installing: /home/abolfazlmohammadpour/Temperature/ROS2WorkSpace/install/custom_interfaces/share/custom_interfaces/package.dsv
-- Up-to-date: /home/abolfazlmohammadpour/Temperature/ROS2WorkSpace/install/custom_interfaces/share/ament_index/resource_index/packages/custom_interfaces
-- Up-to-date: /home/abolfazlmohammadpour/Temperature/ROS2WorkSpace/install/custom_interfaces/share/custom_interfaces/cmake/export_custom_interfaces__rosidl_generator_cExport.cmake
-- Up-to-date: /home/abolfazlmohammadpour/Temperature/ROS2WorkSpace/install/custom_interfaces/share/custom_interfaces/cmake/export_custom_interfaces__rosidl_generator_cExport-noconfig.cmake
-- Up-to-date: /home/abolfazlmohammadpour/Temperature/ROS2WorkSpace/install/custom_interfaces/share/custom_interfaces/cmake/export_custom_interfaces__rosidl_typesupport_fastrtps_cExport.cmake
-- Up-to-date: /home/abolfazlmohammadpour/Temperature/ROS2WorkSpace/install/custom_interfaces/share/custom_interfaces/cmake/export_custom_interfaces__rosidl_typesupport_fastrtps_cExport-noconfig.cmake
-- Up-to-date: /home/abolfazlmohammadpour/Temperature/ROS2WorkSpace/install/custom_interfaces/share/custom_interfaces/cmake/custom_interfaces__rosidl_typesupport_introspection_cExport.cmake
-- Up-to-date: /home/abolfazlmohammadpour/Temperature/ROS2WorkSpace/install/custom_interfaces/share/custom_interfaces/cmake/custom_interfaces__rosidl_typesupport_introspection_cExport-noconfig.cmake
-- Up-to-date: /home/abolfazlmohammadpour/Temperature/ROS2WorkSpace/install/custom_interfaces/share/custom_interfaces/cmake/custom_interfaces__rosidl_typesupport_cExport.cmake
-- Up-to-date: /home/abolfazlmohammadpour/Temperature/ROS2WorkSpace/install/custom_interfaces/share/custom_interfaces/cmake/custom_interfaces__rosidl_typesupport_cExport-noconfig.cmake
-- Up-to-date: /home/abolfazlmohammadpour/Temperature/ROS2WorkSpace/install/custom_interfaces/share/custom_interfaces/cmake/export_custom_interfaces__rosidl_generator_cppExport.cmake
-- Up-to-date: /home/abolfazlmohammadpour/Temperature/ROS2WorkSpace/install/custom_interfaces/share/custom_interfaces/cmake/export_custom_interfaces__rosidl_typesupport_fastrtps_cppExport.cmake
-- Up-to-date: /home/abolfazlmohammadpour/Temperature/ROS2WorkSpace/install/custom_interfaces/share/custom_interfaces/cmake/export_custom_interfaces__rosidl_typesupport_fastrtps_cppExport-noconfig.cmake
-- Up-to-date: /home/abolfazlmohammadpour/Temperature/ROS2WorkSpace/install/custom_interfaces/share/custom_interfaces/cmake/custom_interfaces__rosidl_typesupport_introspection_cppExport.cmake
-- Up-to-date: /home/abolfazlmohammadpour/Temperature/ROS2WorkSpace/install/custom_interfaces/share/custom_interfaces/cmake/custom_interfaces__rosidl_typesupport_introspection_cppExport-noconfig.cmake
-- Up-to-date: /home/abolfazlmohammadpour/Temperature/ROS2WorkSpace/install/custom_interfaces/share/custom_interfaces/cmake/custom_interfaces__rosidl_typesupport_cppExport.cmake
-- Up-to-date: /home/abolfazlmohammadpour/Temperature/ROS2WorkSpace/install/custom_interfaces/share/custom_interfaces/cmake/custom_interfaces__rosidl_typesupport_cppExport-noconfig.cmake
-- Up-to-date: /home/abolfazlmohammadpour/Temperature/ROS2WorkSpace/install/custom_interfaces/share/custom_interfaces/cmake/export_custom_interfaces__rosidl_generator_pyExport.cmake
-- Up-to-date: /home/abolfazlmohammadpour/Temperature/ROS2WorkSpace/install/custom_interfaces/share/custom_interfaces/cmake/export_custom_interfaces__rosidl_generator_pyExport-noconfig.cmake
-- Up-to-date: /home/abolfazlmohammadpour/Temperature/ROS2WorkSpace/install/custom_interfaces/share/custom_interfaces/cmake/rosidl_cmake-extras.cmake
-- Up-to-date: /home/abolfazlmohammadpour/Temperature/ROS2WorkSpace/install/custom_interfaces/share/custom_interfaces/cmake/ament_cmake_export_dependencies-extras.cmake
-- Up-to-date: /home/abolfazlmohammadpour/Temperature/ROS2WorkSpace/install/custom_interfaces/share/custom_interfaces/cmake/ament_cmake_export_include_directories-extras.cmake
-- Up-to-date: /home/abolfazlmohammadpour/Temperature/ROS2WorkSpace/install/custom_interfaces/share/custom_interfaces/cmake/ament_cmake_export_libraries-extras.cmake
-- Up-to-date: /home/abolfazlmohammadpour/Temperature/ROS2WorkSpace/install/custom_interfaces/share/custom_interfaces/cmake/ament_cmake_export_targets-extras.cmake
-- Up-to-date: /home/abolfazlmohammadpour/Temperature/ROS2WorkSpace/install/custom_interfaces/share/custom_interfaces/cmake/rosidl_cmake_export_typesupport_targets-extras.cmake
-- Up-to-date: /home/abolfazlmohammadpour/Temperature/ROS2WorkSpace/install/custom_interfaces/share/custom_interfaces/cmake/rosidl_cmake_export_typesupport_libraries-extras.cmake
-- Up-to-date: /home/abolfazlmohammadpour/Temperature/ROS2WorkSpace/install/custom_interfaces/share/custom_interfaces/cmake/custom_interfacesConfig.cmake
-- Up-to-date: /home/abolfazlmohammadpour/Temperature/ROS2WorkSpace/install/custom_interfaces/share/custom_interfaces/cmake/custom_interfacesConfig-version.cmake
-- Up-to-date: /home/abolfazlmohammadpour/Temperature/ROS2WorkSpace/install/custom_interfaces/share/custom_interfaces/package.xml
