[0.240s] Invoking command in '/home/abolfazlmohammadpour/Temperature/ROS2WorkSpace/build/CPlusPlusPackage': CMAKE_PREFIX_PATH=${CMAKE_PREFIX_PATH}:/home/abolfazlmohammadpour/Temperature/ROS2WorkSpace/install/PythonPackage:/home/abolfazlmohammadpour/Temperature/ROS2WorkSpace/install/TemperaturePythonPackage:/opt/ros/iron /usr/bin/cmake --build /home/abolfazlmohammadpour/Temperature/ROS2WorkSpace/build/CPlusPlusPackage -- -j8 -l8
[0.317s] [100%] Built target CPlusPlusNode_OOP
[0.317s] [100%] Built target CPlusPlusNode
[0.724s] Invoked command in '/home/abolfazlmohammadpour/Temperature/ROS2WorkSpace/build/CPlusPlusPackage' returned '0': CMAKE_PREFIX_PATH=${CMAKE_PREFIX_PATH}:/home/abolfazlmohammadpour/Temperature/ROS2WorkSpace/install/PythonPackage:/home/abolfazlmohammadpour/Temperature/ROS2WorkSpace/install/TemperaturePythonPackage:/opt/ros/iron /usr/bin/cmake --build /home/abolfazlmohammadpour/Temperature/ROS2WorkSpace/build/CPlusPlusPackage -- -j8 -l8
[0.792s] Invoking command in '/home/abolfazlmohammadpour/Temperature/ROS2WorkSpace/build/CPlusPlusPackage': CMAKE_PREFIX_PATH=${CMAKE_PREFIX_PATH}:/home/abolfazlmohammadpour/Temperature/ROS2WorkSpace/install/PythonPackage:/home/abolfazlmohammadpour/Temperature/ROS2WorkSpace/install/TemperaturePythonPackage:/opt/ros/iron /usr/bin/cmake --install /home/abolfazlmohammadpour/Temperature/ROS2WorkSpace/build/CPlusPlusPackage
[0.803s] -- Install configuration: ""
[0.803s] -- Up-to-date: /home/abolfazlmohammadpour/Temperature/ROS2WorkSpace/install/CPlusPlusPackage/lib/CPlusPlusPackage/CPlusPlusNode
[0.804s] -- Up-to-date: /home/abolfazlmohammadpour/Temperature/ROS2WorkSpace/install/CPlusPlusPackage/lib/CPlusPlusPackage/CPlusPlusNode_OOP
[0.805s] -- Up-to-date: /home/abolfazlmohammadpour/Temperature/ROS2WorkSpace/install/CPlusPlusPackage/share/ament_index/resource_index/package_run_dependencies/CPlusPlusPackage
[0.805s] -- Up-to-date: /home/abolfazlmohammadpour/Temperature/ROS2WorkSpace/install/CPlusPlusPackage/share/ament_index/resource_index/parent_prefix_path/CPlusPlusPackage
[0.806s] -- Up-to-date: /home/abolfazlmohammadpour/Temperature/ROS2WorkSpace/install/CPlusPlusPackage/share/CPlusPlusPackage/environment/ament_prefix_path.sh
[0.806s] -- Up-to-date: /home/abolfazlmohammadpour/Temperature/ROS2WorkSpace/install/CPlusPlusPackage/share/CPlusPlusPackage/environment/ament_prefix_path.dsv
[0.807s] -- Up-to-date: /home/abolfazlmohammadpour/Temperature/ROS2WorkSpace/install/CPlusPlusPackage/share/CPlusPlusPackage/environment/path.sh
[0.807s] -- Up-to-date: /home/abolfazlmohammadpour/Temperature/ROS2WorkSpace/install/CPlusPlusPackage/share/CPlusPlusPackage/environment/path.dsv
[0.807s] -- Up-to-date: /home/abolfazlmohammadpour/Temperature/ROS2WorkSpace/install/CPlusPlusPackage/share/CPlusPlusPackage/local_setup.bash
[0.807s] -- Up-to-date: /home/abolfazlmohammadpour/Temperature/ROS2WorkSpace/install/CPlusPlusPackage/share/CPlusPlusPackage/local_setup.sh
[0.808s] -- Up-to-date: /home/abolfazlmohammadpour/Temperature/ROS2WorkSpace/install/CPlusPlusPackage/share/CPlusPlusPackage/local_setup.zsh
[0.808s] -- Up-to-date: /home/abolfazlmohammadpour/Temperature/ROS2WorkSpace/install/CPlusPlusPackage/share/CPlusPlusPackage/local_setup.dsv
[0.808s] -- Installing: /home/abolfazlmohammadpour/Temperature/ROS2WorkSpace/install/CPlusPlusPackage/share/CPlusPlusPackage/package.dsv
[0.808s] -- Up-to-date: /home/abolfazlmohammadpour/Temperature/ROS2WorkSpace/install/CPlusPlusPackage/share/ament_index/resource_index/packages/CPlusPlusPackage
[0.809s] -- Up-to-date: /home/abolfazlmohammadpour/Temperature/ROS2WorkSpace/install/CPlusPlusPackage/share/CPlusPlusPackage/cmake/CPlusPlusPackageConfig.cmake
[0.809s] -- Up-to-date: /home/abolfazlmohammadpour/Temperature/ROS2WorkSpace/install/CPlusPlusPackage/share/CPlusPlusPackage/cmake/CPlusPlusPackageConfig-version.cmake
[0.810s] -- Up-to-date: /home/abolfazlmohammadpour/Temperature/ROS2WorkSpace/install/CPlusPlusPackage/share/CPlusPlusPackage/package.xml
[0.813s] Invoked command in '/home/abolfazlmohammadpour/Temperature/ROS2WorkSpace/build/CPlusPlusPackage' returned '0': CMAKE_PREFIX_PATH=${CMAKE_PREFIX_PATH}:/home/abolfazlmohammadpour/Temperature/ROS2WorkSpace/install/PythonPackage:/home/abolfazlmohammadpour/Temperature/ROS2WorkSpace/install/TemperaturePythonPackage:/opt/ros/iron /usr/bin/cmake --install /home/abolfazlmohammadpour/Temperature/ROS2WorkSpace/build/CPlusPlusPackage
