[0.142s] Invoking command in '/home/abolfazlmohammadpour/Temperature/ROS2WorkSpace/build/custom_interfaces': CMAKE_PREFIX_PATH=${CMAKE_PREFIX_PATH}:/home/abolfazlmohammadpour/Temperature/ROS2WorkSpace/install/PythonPackage:/home/abolfazlmohammadpour/ROS2WorkSpace/install/PythonPackage:/opt/ros/iron WSLENV=ELECTRON_RUN_AS_NODE/w: /usr/bin/cmake --build /home/abolfazlmohammadpour/Temperature/ROS2WorkSpace/build/custom_interfaces -- -j8 -l8
[0.220s] [  1%] Built target custom_interfaces__rosidl_generator_type_description
[0.240s] [  1%] Built target ament_cmake_python_copy_custom_interfaces
[0.246s] [35m[1mConsolidate compiler generated dependencies of target custom_interfaces__rosidl_generator_c[0m
[0.260s] [  2%] Built target custom_interfaces__cpp
[0.279s] [ 25%] Built target custom_interfaces__rosidl_generator_c
[0.304s] [35m[1mConsolidate compiler generated dependencies of target custom_interfaces__rosidl_typesupport_c[0m
[0.304s] [35m[1mConsolidate compiler generated dependencies of target custom_interfaces__rosidl_typesupport_introspection_c[0m
[0.305s] [35m[1mConsolidate compiler generated dependencies of target custom_interfaces__rosidl_typesupport_cpp[0m
[0.306s] [35m[1mConsolidate compiler generated dependencies of target custom_interfaces__rosidl_typesupport_fastrtps_cpp[0m
[0.309s] [35m[1mConsolidate compiler generated dependencies of target custom_interfaces__rosidl_typesupport_fastrtps_c[0m
[0.313s] [35m[1mConsolidate compiler generated dependencies of target custom_interfaces__rosidl_typesupport_introspection_cpp[0m
[0.337s] [ 35%] Built target custom_interfaces__rosidl_typesupport_introspection_c
[0.341s] [ 44%] Built target custom_interfaces__rosidl_typesupport_c
[0.354s] [ 54%] Built target custom_interfaces__rosidl_typesupport_fastrtps_cpp
[0.355s] [ 63%] Built target custom_interfaces__rosidl_typesupport_cpp
[0.357s] [ 82%] Built target custom_interfaces__rosidl_typesupport_fastrtps_c
[0.357s] [ 82%] Built target custom_interfaces__rosidl_typesupport_introspection_cpp
[0.386s] [ 82%] Built target custom_interfaces
[0.418s] [ 83%] Built target custom_interfaces__py
[0.437s] [35m[1mConsolidate compiler generated dependencies of target custom_interfaces__rosidl_generator_py[0m
[0.466s] [ 91%] Built target custom_interfaces__rosidl_generator_py
[0.482s] [35m[1mConsolidate compiler generated dependencies of target custom_interfaces__rosidl_typesupport_introspection_c__pyext[0m
[0.483s] [35m[1mConsolidate compiler generated dependencies of target custom_interfaces__rosidl_typesupport_fastrtps_c__pyext[0m
[0.485s] [35m[1mConsolidate compiler generated dependencies of target custom_interfaces__rosidl_typesupport_c__pyext[0m
[0.502s] [ 94%] Built target custom_interfaces__rosidl_typesupport_introspection_c__pyext
[0.504s] [ 97%] Built target custom_interfaces__rosidl_typesupport_fastrtps_c__pyext
[0.509s] [100%] Built target custom_interfaces__rosidl_typesupport_c__pyext
[0.703s] running egg_info
[0.706s] writing custom_interfaces.egg-info/PKG-INFO
[0.706s] writing dependency_links to custom_interfaces.egg-info/dependency_links.txt
[0.706s] writing top-level names to custom_interfaces.egg-info/top_level.txt
[0.711s] reading manifest file 'custom_interfaces.egg-info/SOURCES.txt'
[0.713s] writing manifest file 'custom_interfaces.egg-info/SOURCES.txt'
[0.768s] [100%] Built target ament_cmake_python_build_custom_interfaces_egg
[0.792s] Invoked command in '/home/abolfazlmohammadpour/Temperature/ROS2WorkSpace/build/custom_interfaces' returned '0': CMAKE_PREFIX_PATH=${CMAKE_PREFIX_PATH}:/home/abolfazlmohammadpour/Temperature/ROS2WorkSpace/install/PythonPackage:/home/abolfazlmohammadpour/ROS2WorkSpace/install/PythonPackage:/opt/ros/iron WSLENV=ELECTRON_RUN_AS_NODE/w: /usr/bin/cmake --build /home/abolfazlmohammadpour/Temperature/ROS2WorkSpace/build/custom_interfaces -- -j8 -l8
[1.282s] Invoking command in '/home/abolfazlmohammadpour/Temperature/ROS2WorkSpace/build/custom_interfaces': CMAKE_PREFIX_PATH=${CMAKE_PREFIX_PATH}:/home/abolfazlmohammadpour/Temperature/ROS2WorkSpace/install/PythonPackage:/home/abolfazlmohammadpour/ROS2WorkSpace/install/PythonPackage:/opt/ros/iron WSLENV=ELECTRON_RUN_AS_NODE/w: /usr/bin/cmake --install /home/abolfazlmohammadpour/Temperature/ROS2WorkSpace/build/custom_interfaces
[1.293s] -- Install configuration: ""
[1.293s] -- Up-to-date: /home/abolfazlmohammadpour/Temperature/ROS2WorkSpace/install/custom_interfaces/share/ament_index/resource_index/rosidl_interfaces/custom_interfaces
[1.294s] -- Up-to-date: /home/abolfazlmohammadpour/Temperature/ROS2WorkSpace/install/custom_interfaces/share/custom_interfaces/msg/String.json
[1.295s] -- Up-to-date: /home/abolfazlmohammadpour/Temperature/ROS2WorkSpace/install/custom_interfaces/share/custom_interfaces/msg/Integer.json
[1.295s] -- Up-to-date: /home/abolfazlmohammadpour/Temperature/ROS2WorkSpace/install/custom_interfaces/share/custom_interfaces/msg/UnsignedInteger.json
[1.295s] -- Up-to-date: /home/abolfazlmohammadpour/Temperature/ROS2WorkSpace/install/custom_interfaces/share/custom_interfaces/srv/Square.json
[1.295s] -- Up-to-date: /home/abolfazlmohammadpour/Temperature/ROS2WorkSpace/install/custom_interfaces/share/custom_interfaces/srv/Cube.json
[1.296s] -- Up-to-date: /home/abolfazlmohammadpour/Temperature/ROS2WorkSpace/install/custom_interfaces/include/custom_interfaces/custom_interfaces
[1.296s] -- Up-to-date: /home/abolfazlmohammadpour/Temperature/ROS2WorkSpace/install/custom_interfaces/include/custom_interfaces/custom_interfaces/msg
[1.297s] -- Up-to-date: /home/abolfazlmohammadpour/Temperature/ROS2WorkSpace/install/custom_interfaces/include/custom_interfaces/custom_interfaces/msg/integer.h
[1.297s] -- Up-to-date: /home/abolfazlmohammadpour/Temperature/ROS2WorkSpace/install/custom_interfaces/include/custom_interfaces/custom_interfaces/msg/string.h
[1.298s] -- Up-to-date: /home/abolfazlmohammadpour/Temperature/ROS2WorkSpace/install/custom_interfaces/include/custom_interfaces/custom_interfaces/msg/rosidl_generator_c__visibility_control.h
[1.298s] -- Up-to-date: /home/abolfazlmohammadpour/Temperature/ROS2WorkSpace/install/custom_interfaces/include/custom_interfaces/custom_interfaces/msg/detail
[1.299s] -- Installing: /home/abolfazlmohammadpour/Temperature/ROS2WorkSpace/install/custom_interfaces/include/custom_interfaces/custom_interfaces/msg/detail/string__type_support.c
[1.299s] -- Installing: /home/abolfazlmohammadpour/Temperature/ROS2WorkSpace/install/custom_interfaces/include/custom_interfaces/custom_interfaces/msg/detail/integer__type_support.c
[1.300s] -- Up-to-date: /home/abolfazlmohammadpour/Temperature/ROS2WorkSpace/install/custom_interfaces/include/custom_interfaces/custom_interfaces/msg/detail/unsigned_integer__functions.c
[1.301s] -- Up-to-date: /home/abolfazlmohammadpour/Temperature/ROS2WorkSpace/install/custom_interfaces/include/custom_interfaces/custom_interfaces/msg/detail/unsigned_integer__struct.h
[1.301s] -- Up-to-date: /home/abolfazlmohammadpour/Temperature/ROS2WorkSpace/install/custom_interfaces/include/custom_interfaces/custom_interfaces/msg/detail/unsigned_integer__description.c
[1.301s] -- Up-to-date: /home/abolfazlmohammadpour/Temperature/ROS2WorkSpace/install/custom_interfaces/include/custom_interfaces/custom_interfaces/msg/detail/integer__functions.c
[1.302s] -- Up-to-date: /home/abolfazlmohammadpour/Temperature/ROS2WorkSpace/install/custom_interfaces/include/custom_interfaces/custom_interfaces/msg/detail/string__functions.c
[1.302s] -- Up-to-date: /home/abolfazlmohammadpour/Temperature/ROS2WorkSpace/install/custom_interfaces/include/custom_interfaces/custom_interfaces/msg/detail/string__struct.h
[1.302s] -- Up-to-date: /home/abolfazlmohammadpour/Temperature/ROS2WorkSpace/install/custom_interfaces/include/custom_interfaces/custom_interfaces/msg/detail/unsigned_integer__type_support.h
[1.302s] -- Up-to-date: /home/abolfazlmohammadpour/Temperature/ROS2WorkSpace/install/custom_interfaces/include/custom_interfaces/custom_interfaces/msg/detail/integer__type_support.h
[1.303s] -- Up-to-date: /home/abolfazlmohammadpour/Temperature/ROS2WorkSpace/install/custom_interfaces/include/custom_interfaces/custom_interfaces/msg/detail/integer__functions.h
[1.303s] -- Up-to-date: /home/abolfazlmohammadpour/Temperature/ROS2WorkSpace/install/custom_interfaces/include/custom_interfaces/custom_interfaces/msg/detail/string__type_support.h
[1.304s] -- Up-to-date: /home/abolfazlmohammadpour/Temperature/ROS2WorkSpace/install/custom_interfaces/include/custom_interfaces/custom_interfaces/msg/detail/integer__description.c
[1.304s] -- Up-to-date: /home/abolfazlmohammadpour/Temperature/ROS2WorkSpace/install/custom_interfaces/include/custom_interfaces/custom_interfaces/msg/detail/string__description.c
[1.304s] -- Up-to-date: /home/abolfazlmohammadpour/Temperature/ROS2WorkSpace/install/custom_interfaces/include/custom_interfaces/custom_interfaces/msg/detail/unsigned_integer__functions.h
[1.305s] -- Up-to-date: /home/abolfazlmohammadpour/Temperature/ROS2WorkSpace/install/custom_interfaces/include/custom_interfaces/custom_interfaces/msg/detail/integer__struct.h
[1.305s] -- Up-to-date: /home/abolfazlmohammadpour/Temperature/ROS2WorkSpace/install/custom_interfaces/include/custom_interfaces/custom_interfaces/msg/detail/string__functions.h
[1.305s] -- Installing: /home/abolfazlmohammadpour/Temperature/ROS2WorkSpace/install/custom_interfaces/include/custom_interfaces/custom_interfaces/msg/detail/unsigned_integer__type_support.c
[1.305s] -- Up-to-date: /home/abolfazlmohammadpour/Temperature/ROS2WorkSpace/install/custom_interfaces/include/custom_interfaces/custom_interfaces/msg/unsigned_integer.h
[1.306s] -- Up-to-date: /home/abolfazlmohammadpour/Temperature/ROS2WorkSpace/install/custom_interfaces/include/custom_interfaces/custom_interfaces/srv
[1.306s] -- Up-to-date: /home/abolfazlmohammadpour/Temperature/ROS2WorkSpace/install/custom_interfaces/include/custom_interfaces/custom_interfaces/srv/cube.h
[1.306s] -- Up-to-date: /home/abolfazlmohammadpour/Temperature/ROS2WorkSpace/install/custom_interfaces/include/custom_interfaces/custom_interfaces/srv/square.h
[1.307s] -- Up-to-date: /home/abolfazlmohammadpour/Temperature/ROS2WorkSpace/install/custom_interfaces/include/custom_interfaces/custom_interfaces/srv/detail
[1.307s] -- Up-to-date: /home/abolfazlmohammadpour/Temperature/ROS2WorkSpace/install/custom_interfaces/include/custom_interfaces/custom_interfaces/srv/detail/cube__functions.h
[1.308s] -- Up-to-date: /home/abolfazlmohammadpour/Temperature/ROS2WorkSpace/install/custom_interfaces/include/custom_interfaces/custom_interfaces/srv/detail/cube__description.c
[1.308s] -- Up-to-date: /home/abolfazlmohammadpour/Temperature/ROS2WorkSpace/install/custom_interfaces/include/custom_interfaces/custom_interfaces/srv/detail/cube__struct.h
[1.308s] -- Up-to-date: /home/abolfazlmohammadpour/Temperature/ROS2WorkSpace/install/custom_interfaces/include/custom_interfaces/custom_interfaces/srv/detail/square__functions.h
[1.309s] -- Up-to-date: /home/abolfazlmohammadpour/Temperature/ROS2WorkSpace/install/custom_interfaces/include/custom_interfaces/custom_interfaces/srv/detail/cube__functions.c
[1.309s] -- Installing: /home/abolfazlmohammadpour/Temperature/ROS2WorkSpace/install/custom_interfaces/include/custom_interfaces/custom_interfaces/srv/detail/cube__type_support.c
[1.309s] -- Up-to-date: /home/abolfazlmohammadpour/Temperature/ROS2WorkSpace/install/custom_interfaces/include/custom_interfaces/custom_interfaces/srv/detail/square__type_support.h
[1.310s] -- Installing: /home/abolfazlmohammadpour/Temperature/ROS2WorkSpace/install/custom_interfaces/include/custom_interfaces/custom_interfaces/srv/detail/square__type_support.c
[1.310s] -- Up-to-date: /home/abolfazlmohammadpour/Temperature/ROS2WorkSpace/install/custom_interfaces/include/custom_interfaces/custom_interfaces/srv/detail/cube__type_support.h
[1.310s] -- Up-to-date: /home/abolfazlmohammadpour/Temperature/ROS2WorkSpace/install/custom_interfaces/include/custom_interfaces/custom_interfaces/srv/detail/square__struct.h
[1.311s] -- Up-to-date: /home/abolfazlmohammadpour/Temperature/ROS2WorkSpace/install/custom_interfaces/include/custom_interfaces/custom_interfaces/srv/detail/square__description.c
[1.312s] -- Up-to-date: /home/abolfazlmohammadpour/Temperature/ROS2WorkSpace/install/custom_interfaces/include/custom_interfaces/custom_interfaces/srv/detail/square__functions.c
[1.312s] -- Up-to-date: /home/abolfazlmohammadpour/Temperature/ROS2WorkSpace/install/custom_interfaces/share/custom_interfaces/environment/library_path.sh
[1.312s] -- Up-to-date: /home/abolfazlmohammadpour/Temperature/ROS2WorkSpace/install/custom_interfaces/share/custom_interfaces/environment/library_path.dsv
[1.313s] -- Up-to-date: /home/abolfazlmohammadpour/Temperature/ROS2WorkSpace/install/custom_interfaces/lib/libcustom_interfaces__rosidl_generator_c.so
[1.313s] -- Up-to-date: /home/abolfazlmohammadpour/Temperature/ROS2WorkSpace/install/custom_interfaces/include/custom_interfaces/custom_interfaces
[1.313s] -- Up-to-date: /home/abolfazlmohammadpour/Temperature/ROS2WorkSpace/install/custom_interfaces/include/custom_interfaces/custom_interfaces/msg
[1.313s] -- Up-to-date: /home/abolfazlmohammadpour/Temperature/ROS2WorkSpace/install/custom_interfaces/include/custom_interfaces/custom_interfaces/msg/detail
[1.314s] -- Up-to-date: /home/abolfazlmohammadpour/Temperature/ROS2WorkSpace/install/custom_interfaces/include/custom_interfaces/custom_interfaces/msg/detail/unsigned_integer__rosidl_typesupport_fastrtps_c.h
[1.314s] -- Up-to-date: /home/abolfazlmohammadpour/Temperature/ROS2WorkSpace/install/custom_interfaces/include/custom_interfaces/custom_interfaces/msg/detail/string__rosidl_typesupport_fastrtps_c.h
[1.314s] -- Up-to-date: /home/abolfazlmohammadpour/Temperature/ROS2WorkSpace/install/custom_interfaces/include/custom_interfaces/custom_interfaces/msg/detail/integer__rosidl_typesupport_fastrtps_c.h
[1.315s] -- Up-to-date: /home/abolfazlmohammadpour/Temperature/ROS2WorkSpace/install/custom_interfaces/include/custom_interfaces/custom_interfaces/msg/rosidl_typesupport_fastrtps_c__visibility_control.h
[1.316s] -- Up-to-date: /home/abolfazlmohammadpour/Temperature/ROS2WorkSpace/install/custom_interfaces/include/custom_interfaces/custom_interfaces/srv
[1.316s] -- Up-to-date: /home/abolfazlmohammadpour/Temperature/ROS2WorkSpace/install/custom_interfaces/include/custom_interfaces/custom_interfaces/srv/detail
[1.316s] -- Up-to-date: /home/abolfazlmohammadpour/Temperature/ROS2WorkSpace/install/custom_interfaces/include/custom_interfaces/custom_interfaces/srv/detail/square__rosidl_typesupport_fastrtps_c.h
[1.317s] -- Up-to-date: /home/abolfazlmohammadpour/Temperature/ROS2WorkSpace/install/custom_interfaces/include/custom_interfaces/custom_interfaces/srv/detail/cube__rosidl_typesupport_fastrtps_c.h
[1.317s] -- Up-to-date: /home/abolfazlmohammadpour/Temperature/ROS2WorkSpace/install/custom_interfaces/lib/libcustom_interfaces__rosidl_typesupport_fastrtps_c.so
[1.318s] -- Up-to-date: /home/abolfazlmohammadpour/Temperature/ROS2WorkSpace/install/custom_interfaces/include/custom_interfaces/custom_interfaces
[1.318s] -- Up-to-date: /home/abolfazlmohammadpour/Temperature/ROS2WorkSpace/install/custom_interfaces/include/custom_interfaces/custom_interfaces/msg
[1.318s] -- Up-to-date: /home/abolfazlmohammadpour/Temperature/ROS2WorkSpace/install/custom_interfaces/include/custom_interfaces/custom_interfaces/msg/rosidl_typesupport_introspection_c__visibility_control.h
[1.318s] -- Up-to-date: /home/abolfazlmohammadpour/Temperature/ROS2WorkSpace/install/custom_interfaces/include/custom_interfaces/custom_interfaces/msg/detail
[1.319s] -- Installing: /home/abolfazlmohammadpour/Temperature/ROS2WorkSpace/install/custom_interfaces/include/custom_interfaces/custom_interfaces/msg/detail/string__type_support.c
[1.319s] -- Installing: /home/abolfazlmohammadpour/Temperature/ROS2WorkSpace/install/custom_interfaces/include/custom_interfaces/custom_interfaces/msg/detail/integer__type_support.c
[1.319s] -- Up-to-date: /home/abolfazlmohammadpour/Temperature/ROS2WorkSpace/install/custom_interfaces/include/custom_interfaces/custom_interfaces/msg/detail/integer__rosidl_typesupport_introspection_c.h
[1.319s] -- Up-to-date: /home/abolfazlmohammadpour/Temperature/ROS2WorkSpace/install/custom_interfaces/include/custom_interfaces/custom_interfaces/msg/detail/string__rosidl_typesupport_introspection_c.h
[1.319s] -- Up-to-date: /home/abolfazlmohammadpour/Temperature/ROS2WorkSpace/install/custom_interfaces/include/custom_interfaces/custom_interfaces/msg/detail/unsigned_integer__rosidl_typesupport_introspection_c.h
[1.320s] -- Installing: /home/abolfazlmohammadpour/Temperature/ROS2WorkSpace/install/custom_interfaces/include/custom_interfaces/custom_interfaces/msg/detail/unsigned_integer__type_support.c
[1.320s] -- Up-to-date: /home/abolfazlmohammadpour/Temperature/ROS2WorkSpace/install/custom_interfaces/include/custom_interfaces/custom_interfaces/srv
[1.320s] -- Up-to-date: /home/abolfazlmohammadpour/Temperature/ROS2WorkSpace/install/custom_interfaces/include/custom_interfaces/custom_interfaces/srv/detail
[1.320s] -- Installing: /home/abolfazlmohammadpour/Temperature/ROS2WorkSpace/install/custom_interfaces/include/custom_interfaces/custom_interfaces/srv/detail/cube__type_support.c
[1.320s] -- Installing: /home/abolfazlmohammadpour/Temperature/ROS2WorkSpace/install/custom_interfaces/include/custom_interfaces/custom_interfaces/srv/detail/square__type_support.c
[1.320s] -- Up-to-date: /home/abolfazlmohammadpour/Temperature/ROS2WorkSpace/install/custom_interfaces/include/custom_interfaces/custom_interfaces/srv/detail/cube__rosidl_typesupport_introspection_c.h
[1.320s] -- Up-to-date: /home/abolfazlmohammadpour/Temperature/ROS2WorkSpace/install/custom_interfaces/include/custom_interfaces/custom_interfaces/srv/detail/square__rosidl_typesupport_introspection_c.h
[1.321s] -- Up-to-date: /home/abolfazlmohammadpour/Temperature/ROS2WorkSpace/install/custom_interfaces/lib/libcustom_interfaces__rosidl_typesupport_introspection_c.so
[1.321s] -- Up-to-date: /home/abolfazlmohammadpour/Temperature/ROS2WorkSpace/install/custom_interfaces/lib/libcustom_interfaces__rosidl_typesupport_c.so
[1.321s] -- Up-to-date: /home/abolfazlmohammadpour/Temperature/ROS2WorkSpace/install/custom_interfaces/include/custom_interfaces/custom_interfaces
[1.321s] -- Up-to-date: /home/abolfazlmohammadpour/Temperature/ROS2WorkSpace/install/custom_interfaces/include/custom_interfaces/custom_interfaces/msg
[1.321s] -- Up-to-date: /home/abolfazlmohammadpour/Temperature/ROS2WorkSpace/install/custom_interfaces/include/custom_interfaces/custom_interfaces/msg/integer.hpp
[1.321s] -- Up-to-date: /home/abolfazlmohammadpour/Temperature/ROS2WorkSpace/install/custom_interfaces/include/custom_interfaces/custom_interfaces/msg/detail
[1.321s] -- Up-to-date: /home/abolfazlmohammadpour/Temperature/ROS2WorkSpace/install/custom_interfaces/include/custom_interfaces/custom_interfaces/msg/detail/unsigned_integer__struct.hpp
[1.321s] -- Up-to-date: /home/abolfazlmohammadpour/Temperature/ROS2WorkSpace/install/custom_interfaces/include/custom_interfaces/custom_interfaces/msg/detail/integer__traits.hpp
[1.321s] -- Up-to-date: /home/abolfazlmohammadpour/Temperature/ROS2WorkSpace/install/custom_interfaces/include/custom_interfaces/custom_interfaces/msg/detail/string__struct.hpp
[1.322s] -- Up-to-date: /home/abolfazlmohammadpour/Temperature/ROS2WorkSpace/install/custom_interfaces/include/custom_interfaces/custom_interfaces/msg/detail/integer__struct.hpp
[1.322s] -- Up-to-date: /home/abolfazlmohammadpour/Temperature/ROS2WorkSpace/install/custom_interfaces/include/custom_interfaces/custom_interfaces/msg/detail/unsigned_integer__builder.hpp
[1.322s] -- Up-to-date: /home/abolfazlmohammadpour/Temperature/ROS2WorkSpace/install/custom_interfaces/include/custom_interfaces/custom_interfaces/msg/detail/integer__builder.hpp
[1.322s] -- Up-to-date: /home/abolfazlmohammadpour/Temperature/ROS2WorkSpace/install/custom_interfaces/include/custom_interfaces/custom_interfaces/msg/detail/string__traits.hpp
[1.322s] -- Up-to-date: /home/abolfazlmohammadpour/Temperature/ROS2WorkSpace/install/custom_interfaces/include/custom_interfaces/custom_interfaces/msg/detail/string__builder.hpp
[1.323s] -- Up-to-date: /home/abolfazlmohammadpour/Temperature/ROS2WorkSpace/install/custom_interfaces/include/custom_interfaces/custom_interfaces/msg/detail/unsigned_integer__traits.hpp
[1.323s] -- Up-to-date: /home/abolfazlmohammadpour/Temperature/ROS2WorkSpace/install/custom_interfaces/include/custom_interfaces/custom_interfaces/msg/string.hpp
[1.323s] -- Up-to-date: /home/abolfazlmohammadpour/Temperature/ROS2WorkSpace/install/custom_interfaces/include/custom_interfaces/custom_interfaces/msg/unsigned_integer.hpp
[1.323s] -- Up-to-date: /home/abolfazlmohammadpour/Temperature/ROS2WorkSpace/install/custom_interfaces/include/custom_interfaces/custom_interfaces/srv
[1.323s] -- Up-to-date: /home/abolfazlmohammadpour/Temperature/ROS2WorkSpace/install/custom_interfaces/include/custom_interfaces/custom_interfaces/srv/cube.hpp
[1.323s] -- Up-to-date: /home/abolfazlmohammadpour/Temperature/ROS2WorkSpace/install/custom_interfaces/include/custom_interfaces/custom_interfaces/srv/square.hpp
[1.323s] -- Up-to-date: /home/abolfazlmohammadpour/Temperature/ROS2WorkSpace/install/custom_interfaces/include/custom_interfaces/custom_interfaces/srv/detail
[1.324s] -- Up-to-date: /home/abolfazlmohammadpour/Temperature/ROS2WorkSpace/install/custom_interfaces/include/custom_interfaces/custom_interfaces/srv/detail/cube__builder.hpp
[1.324s] -- Up-to-date: /home/abolfazlmohammadpour/Temperature/ROS2WorkSpace/install/custom_interfaces/include/custom_interfaces/custom_interfaces/srv/detail/square__struct.hpp
[1.324s] -- Up-to-date: /home/abolfazlmohammadpour/Temperature/ROS2WorkSpace/install/custom_interfaces/include/custom_interfaces/custom_interfaces/srv/detail/cube__traits.hpp
[1.324s] -- Up-to-date: /home/abolfazlmohammadpour/Temperature/ROS2WorkSpace/install/custom_interfaces/include/custom_interfaces/custom_interfaces/srv/detail/cube__struct.hpp
[1.324s] -- Up-to-date: /home/abolfazlmohammadpour/Temperature/ROS2WorkSpace/install/custom_interfaces/include/custom_interfaces/custom_interfaces/srv/detail/square__builder.hpp
[1.324s] -- Up-to-date: /home/abolfazlmohammadpour/Temperature/ROS2WorkSpace/install/custom_interfaces/include/custom_interfaces/custom_interfaces/srv/detail/square__traits.hpp
[1.324s] -- Up-to-date: /home/abolfazlmohammadpour/Temperature/ROS2WorkSpace/install/custom_interfaces/include/custom_interfaces/custom_interfaces
[1.324s] -- Up-to-date: /home/abolfazlmohammadpour/Temperature/ROS2WorkSpace/install/custom_interfaces/include/custom_interfaces/custom_interfaces/msg
[1.324s] -- Up-to-date: /home/abolfazlmohammadpour/Temperature/ROS2WorkSpace/install/custom_interfaces/include/custom_interfaces/custom_interfaces/msg/detail
[1.325s] -- Up-to-date: /home/abolfazlmohammadpour/Temperature/ROS2WorkSpace/install/custom_interfaces/include/custom_interfaces/custom_interfaces/msg/detail/unsigned_integer__rosidl_typesupport_fastrtps_cpp.hpp
[1.325s] -- Up-to-date: /home/abolfazlmohammadpour/Temperature/ROS2WorkSpace/install/custom_interfaces/include/custom_interfaces/custom_interfaces/msg/detail/string__rosidl_typesupport_fastrtps_cpp.hpp
[1.325s] -- Up-to-date: /home/abolfazlmohammadpour/Temperature/ROS2WorkSpace/install/custom_interfaces/include/custom_interfaces/custom_interfaces/msg/detail/dds_fastrtps
[1.325s] -- Up-to-date: /home/abolfazlmohammadpour/Temperature/ROS2WorkSpace/install/custom_interfaces/include/custom_interfaces/custom_interfaces/msg/detail/integer__rosidl_typesupport_fastrtps_cpp.hpp
[1.325s] -- Up-to-date: /home/abolfazlmohammadpour/Temperature/ROS2WorkSpace/install/custom_interfaces/include/custom_interfaces/custom_interfaces/msg/rosidl_typesupport_fastrtps_cpp__visibility_control.h
[1.325s] -- Up-to-date: /home/abolfazlmohammadpour/Temperature/ROS2WorkSpace/install/custom_interfaces/include/custom_interfaces/custom_interfaces/srv
[1.325s] -- Up-to-date: /home/abolfazlmohammadpour/Temperature/ROS2WorkSpace/install/custom_interfaces/include/custom_interfaces/custom_interfaces/srv/detail
[1.325s] -- Up-to-date: /home/abolfazlmohammadpour/Temperature/ROS2WorkSpace/install/custom_interfaces/include/custom_interfaces/custom_interfaces/srv/detail/cube__rosidl_typesupport_fastrtps_cpp.hpp
[1.325s] -- Up-to-date: /home/abolfazlmohammadpour/Temperature/ROS2WorkSpace/install/custom_interfaces/include/custom_interfaces/custom_interfaces/srv/detail/square__rosidl_typesupport_fastrtps_cpp.hpp
[1.325s] -- Up-to-date: /home/abolfazlmohammadpour/Temperature/ROS2WorkSpace/install/custom_interfaces/include/custom_interfaces/custom_interfaces/srv/detail/dds_fastrtps
[1.325s] -- Up-to-date: /home/abolfazlmohammadpour/Temperature/ROS2WorkSpace/install/custom_interfaces/lib/libcustom_interfaces__rosidl_typesupport_fastrtps_cpp.so
[1.326s] -- Up-to-date: /home/abolfazlmohammadpour/Temperature/ROS2WorkSpace/install/custom_interfaces/include/custom_interfaces/custom_interfaces
[1.326s] -- Up-to-date: /home/abolfazlmohammadpour/Temperature/ROS2WorkSpace/install/custom_interfaces/include/custom_interfaces/custom_interfaces/msg
[1.326s] -- Up-to-date: /home/abolfazlmohammadpour/Temperature/ROS2WorkSpace/install/custom_interfaces/include/custom_interfaces/custom_interfaces/msg/detail
[1.326s] -- Up-to-date: /home/abolfazlmohammadpour/Temperature/ROS2WorkSpace/install/custom_interfaces/include/custom_interfaces/custom_interfaces/msg/detail/unsigned_integer__rosidl_typesupport_introspection_cpp.hpp
[1.326s] -- Up-to-date: /home/abolfazlmohammadpour/Temperature/ROS2WorkSpace/install/custom_interfaces/include/custom_interfaces/custom_interfaces/msg/detail/unsigned_integer__type_support.cpp
[1.326s] -- Up-to-date: /home/abolfazlmohammadpour/Temperature/ROS2WorkSpace/install/custom_interfaces/include/custom_interfaces/custom_interfaces/msg/detail/string__rosidl_typesupport_introspection_cpp.hpp
[1.326s] -- Up-to-date: /home/abolfazlmohammadpour/Temperature/ROS2WorkSpace/install/custom_interfaces/include/custom_interfaces/custom_interfaces/msg/detail/string__type_support.cpp
[1.326s] -- Up-to-date: /home/abolfazlmohammadpour/Temperature/ROS2WorkSpace/install/custom_interfaces/include/custom_interfaces/custom_interfaces/msg/detail/integer__type_support.cpp
[1.326s] -- Up-to-date: /home/abolfazlmohammadpour/Temperature/ROS2WorkSpace/install/custom_interfaces/include/custom_interfaces/custom_interfaces/msg/detail/integer__rosidl_typesupport_introspection_cpp.hpp
[1.326s] -- Up-to-date: /home/abolfazlmohammadpour/Temperature/ROS2WorkSpace/install/custom_interfaces/include/custom_interfaces/custom_interfaces/srv
[1.326s] -- Up-to-date: /home/abolfazlmohammadpour/Temperature/ROS2WorkSpace/install/custom_interfaces/include/custom_interfaces/custom_interfaces/srv/detail
[1.326s] -- Up-to-date: /home/abolfazlmohammadpour/Temperature/ROS2WorkSpace/install/custom_interfaces/include/custom_interfaces/custom_interfaces/srv/detail/square__type_support.cpp
[1.327s] -- Up-to-date: /home/abolfazlmohammadpour/Temperature/ROS2WorkSpace/install/custom_interfaces/include/custom_interfaces/custom_interfaces/srv/detail/square__rosidl_typesupport_introspection_cpp.hpp
[1.327s] -- Up-to-date: /home/abolfazlmohammadpour/Temperature/ROS2WorkSpace/install/custom_interfaces/include/custom_interfaces/custom_interfaces/srv/detail/cube__type_support.cpp
[1.327s] -- Up-to-date: /home/abolfazlmohammadpour/Temperature/ROS2WorkSpace/install/custom_interfaces/include/custom_interfaces/custom_interfaces/srv/detail/cube__rosidl_typesupport_introspection_cpp.hpp
[1.327s] -- Up-to-date: /home/abolfazlmohammadpour/Temperature/ROS2WorkSpace/install/custom_interfaces/lib/libcustom_interfaces__rosidl_typesupport_introspection_cpp.so
[1.327s] -- Up-to-date: /home/abolfazlmohammadpour/Temperature/ROS2WorkSpace/install/custom_interfaces/lib/libcustom_interfaces__rosidl_typesupport_cpp.so
[1.327s] -- Up-to-date: /home/abolfazlmohammadpour/Temperature/ROS2WorkSpace/install/custom_interfaces/share/custom_interfaces/environment/pythonpath.sh
[1.327s] -- Up-to-date: /home/abolfazlmohammadpour/Temperature/ROS2WorkSpace/install/custom_interfaces/share/custom_interfaces/environment/pythonpath.dsv
[1.327s] -- Up-to-date: /home/abolfazlmohammadpour/Temperature/ROS2WorkSpace/install/custom_interfaces/lib/python3.10/site-packages/custom_interfaces-0.0.0-py3.10.egg-info
[1.327s] -- Installing: /home/abolfazlmohammadpour/Temperature/ROS2WorkSpace/install/custom_interfaces/lib/python3.10/site-packages/custom_interfaces-0.0.0-py3.10.egg-info/SOURCES.txt
[1.327s] -- Installing: /home/abolfazlmohammadpour/Temperature/ROS2WorkSpace/install/custom_interfaces/lib/python3.10/site-packages/custom_interfaces-0.0.0-py3.10.egg-info/top_level.txt
[1.327s] -- Installing: /home/abolfazlmohammadpour/Temperature/ROS2WorkSpace/install/custom_interfaces/lib/python3.10/site-packages/custom_interfaces-0.0.0-py3.10.egg-info/dependency_links.txt
[1.328s] -- Installing: /home/abolfazlmohammadpour/Temperature/ROS2WorkSpace/install/custom_interfaces/lib/python3.10/site-packages/custom_interfaces-0.0.0-py3.10.egg-info/PKG-INFO
[1.328s] -- Up-to-date: /home/abolfazlmohammadpour/Temperature/ROS2WorkSpace/install/custom_interfaces/lib/python3.10/site-packages/custom_interfaces
[1.328s] -- Up-to-date: /home/abolfazlmohammadpour/Temperature/ROS2WorkSpace/install/custom_interfaces/lib/python3.10/site-packages/custom_interfaces/_custom_interfaces_s.ep.rosidl_typesupport_introspection_c.c
[1.328s] -- Up-to-date: /home/abolfazlmohammadpour/Temperature/ROS2WorkSpace/install/custom_interfaces/lib/python3.10/site-packages/custom_interfaces/_custom_interfaces_s.ep.rosidl_typesupport_fastrtps_c.c
[1.328s] -- Up-to-date: /home/abolfazlmohammadpour/Temperature/ROS2WorkSpace/install/custom_interfaces/lib/python3.10/site-packages/custom_interfaces/__init__.py
[1.328s] -- Up-to-date: /home/abolfazlmohammadpour/Temperature/ROS2WorkSpace/install/custom_interfaces/lib/python3.10/site-packages/custom_interfaces/libcustom_interfaces__rosidl_generator_py.so
[1.328s] -- Up-to-date: /home/abolfazlmohammadpour/Temperature/ROS2WorkSpace/install/custom_interfaces/lib/python3.10/site-packages/custom_interfaces/_custom_interfaces_s.ep.rosidl_typesupport_c.c
[1.328s] -- Up-to-date: /home/abolfazlmohammadpour/Temperature/ROS2WorkSpace/install/custom_interfaces/lib/python3.10/site-packages/custom_interfaces/custom_interfaces_s__rosidl_typesupport_c.cpython-310-x86_64-linux-gnu.so
[1.328s] -- Up-to-date: /home/abolfazlmohammadpour/Temperature/ROS2WorkSpace/install/custom_interfaces/lib/python3.10/site-packages/custom_interfaces/custom_interfaces_s__rosidl_typesupport_introspection_c.cpython-310-x86_64-linux-gnu.so
[1.328s] -- Up-to-date: /home/abolfazlmohammadpour/Temperature/ROS2WorkSpace/install/custom_interfaces/lib/python3.10/site-packages/custom_interfaces/msg
[1.328s] -- Up-to-date: /home/abolfazlmohammadpour/Temperature/ROS2WorkSpace/install/custom_interfaces/lib/python3.10/site-packages/custom_interfaces/msg/_integer.py
[1.329s] -- Up-to-date: /home/abolfazlmohammadpour/Temperature/ROS2WorkSpace/install/custom_interfaces/lib/python3.10/site-packages/custom_interfaces/msg/_string.py
[1.329s] -- Up-to-date: /home/abolfazlmohammadpour/Temperature/ROS2WorkSpace/install/custom_interfaces/lib/python3.10/site-packages/custom_interfaces/msg/_integer_s.c
[1.329s] -- Up-to-date: /home/abolfazlmohammadpour/Temperature/ROS2WorkSpace/install/custom_interfaces/lib/python3.10/site-packages/custom_interfaces/msg/__init__.py
[1.329s] -- Up-to-date: /home/abolfazlmohammadpour/Temperature/ROS2WorkSpace/install/custom_interfaces/lib/python3.10/site-packages/custom_interfaces/msg/_unsigned_integer.py
[1.329s] -- Up-to-date: /home/abolfazlmohammadpour/Temperature/ROS2WorkSpace/install/custom_interfaces/lib/python3.10/site-packages/custom_interfaces/msg/_string_s.c
[1.329s] -- Up-to-date: /home/abolfazlmohammadpour/Temperature/ROS2WorkSpace/install/custom_interfaces/lib/python3.10/site-packages/custom_interfaces/msg/_unsigned_integer_s.c
[1.329s] -- Up-to-date: /home/abolfazlmohammadpour/Temperature/ROS2WorkSpace/install/custom_interfaces/lib/python3.10/site-packages/custom_interfaces/srv
[1.329s] -- Up-to-date: /home/abolfazlmohammadpour/Temperature/ROS2WorkSpace/install/custom_interfaces/lib/python3.10/site-packages/custom_interfaces/srv/_square_s.c
[1.329s] -- Up-to-date: /home/abolfazlmohammadpour/Temperature/ROS2WorkSpace/install/custom_interfaces/lib/python3.10/site-packages/custom_interfaces/srv/__init__.py
[1.329s] -- Up-to-date: /home/abolfazlmohammadpour/Temperature/ROS2WorkSpace/install/custom_interfaces/lib/python3.10/site-packages/custom_interfaces/srv/_cube_s.c
[1.329s] -- Up-to-date: /home/abolfazlmohammadpour/Temperature/ROS2WorkSpace/install/custom_interfaces/lib/python3.10/site-packages/custom_interfaces/srv/_cube.py
[1.330s] -- Up-to-date: /home/abolfazlmohammadpour/Temperature/ROS2WorkSpace/install/custom_interfaces/lib/python3.10/site-packages/custom_interfaces/srv/_square.py
[1.330s] -- Up-to-date: /home/abolfazlmohammadpour/Temperature/ROS2WorkSpace/install/custom_interfaces/lib/python3.10/site-packages/custom_interfaces/custom_interfaces_s__rosidl_typesupport_fastrtps_c.cpython-310-x86_64-linux-gnu.so
[1.362s] Listing '/home/abolfazlmohammadpour/Temperature/ROS2WorkSpace/install/custom_interfaces/lib/python3.10/site-packages/custom_interfaces'...
[1.362s] Listing '/home/abolfazlmohammadpour/Temperature/ROS2WorkSpace/install/custom_interfaces/lib/python3.10/site-packages/custom_interfaces/msg'...
[1.363s] Listing '/home/abolfazlmohammadpour/Temperature/ROS2WorkSpace/install/custom_interfaces/lib/python3.10/site-packages/custom_interfaces/srv'...
[1.368s] -- Up-to-date: /home/abolfazlmohammadpour/Temperature/ROS2WorkSpace/install/custom_interfaces/lib/python3.10/site-packages/custom_interfaces/custom_interfaces_s__rosidl_typesupport_fastrtps_c.cpython-310-x86_64-linux-gnu.so
[1.369s] -- Up-to-date: /home/abolfazlmohammadpour/Temperature/ROS2WorkSpace/install/custom_interfaces/lib/python3.10/site-packages/custom_interfaces/custom_interfaces_s__rosidl_typesupport_introspection_c.cpython-310-x86_64-linux-gnu.so
[1.369s] -- Up-to-date: /home/abolfazlmohammadpour/Temperature/ROS2WorkSpace/install/custom_interfaces/lib/python3.10/site-packages/custom_interfaces/custom_interfaces_s__rosidl_typesupport_c.cpython-310-x86_64-linux-gnu.so
[1.370s] -- Up-to-date: /home/abolfazlmohammadpour/Temperature/ROS2WorkSpace/install/custom_interfaces/lib/libcustom_interfaces__rosidl_generator_py.so
[1.371s] -- Up-to-date: /home/abolfazlmohammadpour/Temperature/ROS2WorkSpace/install/custom_interfaces/share/custom_interfaces/msg/String.idl
[1.371s] -- Up-to-date: /home/abolfazlmohammadpour/Temperature/ROS2WorkSpace/install/custom_interfaces/share/custom_interfaces/msg/Integer.idl
[1.371s] -- Up-to-date: /home/abolfazlmohammadpour/Temperature/ROS2WorkSpace/install/custom_interfaces/share/custom_interfaces/msg/UnsignedInteger.idl
[1.372s] -- Up-to-date: /home/abolfazlmohammadpour/Temperature/ROS2WorkSpace/install/custom_interfaces/share/custom_interfaces/srv/Square.idl
[1.372s] -- Up-to-date: /home/abolfazlmohammadpour/Temperature/ROS2WorkSpace/install/custom_interfaces/share/custom_interfaces/srv/Cube.idl
[1.372s] -- Up-to-date: /home/abolfazlmohammadpour/Temperature/ROS2WorkSpace/install/custom_interfaces/share/custom_interfaces/msg/String.msg
[1.373s] -- Up-to-date: /home/abolfazlmohammadpour/Temperature/ROS2WorkSpace/install/custom_interfaces/share/custom_interfaces/msg/Integer.msg
[1.373s] -- Up-to-date: /home/abolfazlmohammadpour/Temperature/ROS2WorkSpace/install/custom_interfaces/share/custom_interfaces/msg/UnsignedInteger.msg
[1.373s] -- Up-to-date: /home/abolfazlmohammadpour/Temperature/ROS2WorkSpace/install/custom_interfaces/share/custom_interfaces/srv/Square.srv
[1.374s] -- Up-to-date: /home/abolfazlmohammadpour/Temperature/ROS2WorkSpace/install/custom_interfaces/share/custom_interfaces/srv/Square_Request.msg
[1.374s] -- Up-to-date: /home/abolfazlmohammadpour/Temperature/ROS2WorkSpace/install/custom_interfaces/share/custom_interfaces/srv/Square_Response.msg
[1.374s] -- Up-to-date: /home/abolfazlmohammadpour/Temperature/ROS2WorkSpace/install/custom_interfaces/share/custom_interfaces/srv/Cube.srv
[1.375s] -- Up-to-date: /home/abolfazlmohammadpour/Temperature/ROS2WorkSpace/install/custom_interfaces/share/custom_interfaces/srv/Cube_Request.msg
[1.375s] -- Up-to-date: /home/abolfazlmohammadpour/Temperature/ROS2WorkSpace/install/custom_interfaces/share/custom_interfaces/srv/Cube_Response.msg
[1.375s] -- Up-to-date: /home/abolfazlmohammadpour/Temperature/ROS2WorkSpace/install/custom_interfaces/share/ament_index/resource_index/package_run_dependencies/custom_interfaces
[1.376s] -- Up-to-date: /home/abolfazlmohammadpour/Temperature/ROS2WorkSpace/install/custom_interfaces/share/ament_index/resource_index/parent_prefix_path/custom_interfaces
[1.376s] -- Up-to-date: /home/abolfazlmohammadpour/Temperature/ROS2WorkSpace/install/custom_interfaces/share/custom_interfaces/environment/ament_prefix_path.sh
[1.376s] -- Up-to-date: /home/abolfazlmohammadpour/Temperature/ROS2WorkSpace/install/custom_interfaces/share/custom_interfaces/environment/ament_prefix_path.dsv
[1.376s] -- Up-to-date: /home/abolfazlmohammadpour/Temperature/ROS2WorkSpace/install/custom_interfaces/share/custom_interfaces/environment/path.sh
[1.377s] -- Up-to-date: /home/abolfazlmohammadpour/Temperature/ROS2WorkSpace/install/custom_interfaces/share/custom_interfaces/environment/path.dsv
[1.377s] -- Up-to-date: /home/abolfazlmohammadpour/Temperature/ROS2WorkSpace/install/custom_interfaces/share/custom_interfaces/local_setup.bash
[1.377s] -- Up-to-date: /home/abolfazlmohammadpour/Temperature/ROS2WorkSpace/install/custom_interfaces/share/custom_interfaces/local_setup.sh
[1.378s] -- Up-to-date: /home/abolfazlmohammadpour/Temperature/ROS2WorkSpace/install/custom_interfaces/share/custom_interfaces/local_setup.zsh
[1.378s] -- Up-to-date: /home/abolfazlmohammadpour/Temperature/ROS2WorkSpace/install/custom_interfaces/share/custom_interfaces/local_setup.dsv
[1.378s] -- Installing: /home/abolfazlmohammadpour/Temperature/ROS2WorkSpace/install/custom_interfaces/share/custom_interfaces/package.dsv
[1.378s] -- Up-to-date: /home/abolfazlmohammadpour/Temperature/ROS2WorkSpace/install/custom_interfaces/share/ament_index/resource_index/packages/custom_interfaces
[1.378s] -- Up-to-date: /home/abolfazlmohammadpour/Temperature/ROS2WorkSpace/install/custom_interfaces/share/custom_interfaces/cmake/export_custom_interfaces__rosidl_generator_cExport.cmake
[1.378s] -- Up-to-date: /home/abolfazlmohammadpour/Temperature/ROS2WorkSpace/install/custom_interfaces/share/custom_interfaces/cmake/export_custom_interfaces__rosidl_generator_cExport-noconfig.cmake
[1.378s] -- Up-to-date: /home/abolfazlmohammadpour/Temperature/ROS2WorkSpace/install/custom_interfaces/share/custom_interfaces/cmake/export_custom_interfaces__rosidl_typesupport_fastrtps_cExport.cmake
[1.378s] -- Up-to-date: /home/abolfazlmohammadpour/Temperature/ROS2WorkSpace/install/custom_interfaces/share/custom_interfaces/cmake/export_custom_interfaces__rosidl_typesupport_fastrtps_cExport-noconfig.cmake
[1.379s] -- Up-to-date: /home/abolfazlmohammadpour/Temperature/ROS2WorkSpace/install/custom_interfaces/share/custom_interfaces/cmake/custom_interfaces__rosidl_typesupport_introspection_cExport.cmake
[1.379s] -- Up-to-date: /home/abolfazlmohammadpour/Temperature/ROS2WorkSpace/install/custom_interfaces/share/custom_interfaces/cmake/custom_interfaces__rosidl_typesupport_introspection_cExport-noconfig.cmake
[1.379s] -- Up-to-date: /home/abolfazlmohammadpour/Temperature/ROS2WorkSpace/install/custom_interfaces/share/custom_interfaces/cmake/custom_interfaces__rosidl_typesupport_cExport.cmake
[1.379s] -- Up-to-date: /home/abolfazlmohammadpour/Temperature/ROS2WorkSpace/install/custom_interfaces/share/custom_interfaces/cmake/custom_interfaces__rosidl_typesupport_cExport-noconfig.cmake
[1.379s] -- Up-to-date: /home/abolfazlmohammadpour/Temperature/ROS2WorkSpace/install/custom_interfaces/share/custom_interfaces/cmake/export_custom_interfaces__rosidl_generator_cppExport.cmake
[1.379s] -- Up-to-date: /home/abolfazlmohammadpour/Temperature/ROS2WorkSpace/install/custom_interfaces/share/custom_interfaces/cmake/export_custom_interfaces__rosidl_typesupport_fastrtps_cppExport.cmake
[1.379s] -- Up-to-date: /home/abolfazlmohammadpour/Temperature/ROS2WorkSpace/install/custom_interfaces/share/custom_interfaces/cmake/export_custom_interfaces__rosidl_typesupport_fastrtps_cppExport-noconfig.cmake
[1.380s] -- Up-to-date: /home/abolfazlmohammadpour/Temperature/ROS2WorkSpace/install/custom_interfaces/share/custom_interfaces/cmake/custom_interfaces__rosidl_typesupport_introspection_cppExport.cmake
[1.381s] -- Up-to-date: /home/abolfazlmohammadpour/Temperature/ROS2WorkSpace/install/custom_interfaces/share/custom_interfaces/cmake/custom_interfaces__rosidl_typesupport_introspection_cppExport-noconfig.cmake
[1.381s] -- Up-to-date: /home/abolfazlmohammadpour/Temperature/ROS2WorkSpace/install/custom_interfaces/share/custom_interfaces/cmake/custom_interfaces__rosidl_typesupport_cppExport.cmake
[1.382s] -- Up-to-date: /home/abolfazlmohammadpour/Temperature/ROS2WorkSpace/install/custom_interfaces/share/custom_interfaces/cmake/custom_interfaces__rosidl_typesupport_cppExport-noconfig.cmake
[1.382s] -- Up-to-date: /home/abolfazlmohammadpour/Temperature/ROS2WorkSpace/install/custom_interfaces/share/custom_interfaces/cmake/export_custom_interfaces__rosidl_generator_pyExport.cmake
[1.382s] -- Up-to-date: /home/abolfazlmohammadpour/Temperature/ROS2WorkSpace/install/custom_interfaces/share/custom_interfaces/cmake/export_custom_interfaces__rosidl_generator_pyExport-noconfig.cmake
[1.383s] -- Up-to-date: /home/abolfazlmohammadpour/Temperature/ROS2WorkSpace/install/custom_interfaces/share/custom_interfaces/cmake/rosidl_cmake-extras.cmake
[1.383s] -- Up-to-date: /home/abolfazlmohammadpour/Temperature/ROS2WorkSpace/install/custom_interfaces/share/custom_interfaces/cmake/ament_cmake_export_dependencies-extras.cmake
[1.383s] -- Up-to-date: /home/abolfazlmohammadpour/Temperature/ROS2WorkSpace/install/custom_interfaces/share/custom_interfaces/cmake/ament_cmake_export_include_directories-extras.cmake
[1.383s] -- Up-to-date: /home/abolfazlmohammadpour/Temperature/ROS2WorkSpace/install/custom_interfaces/share/custom_interfaces/cmake/ament_cmake_export_libraries-extras.cmake
[1.384s] -- Up-to-date: /home/abolfazlmohammadpour/Temperature/ROS2WorkSpace/install/custom_interfaces/share/custom_interfaces/cmake/ament_cmake_export_targets-extras.cmake
[1.384s] -- Up-to-date: /home/abolfazlmohammadpour/Temperature/ROS2WorkSpace/install/custom_interfaces/share/custom_interfaces/cmake/rosidl_cmake_export_typesupport_targets-extras.cmake
[1.384s] -- Up-to-date: /home/abolfazlmohammadpour/Temperature/ROS2WorkSpace/install/custom_interfaces/share/custom_interfaces/cmake/rosidl_cmake_export_typesupport_libraries-extras.cmake
[1.385s] -- Up-to-date: /home/abolfazlmohammadpour/Temperature/ROS2WorkSpace/install/custom_interfaces/share/custom_interfaces/cmake/custom_interfacesConfig.cmake
[1.385s] -- Up-to-date: /home/abolfazlmohammadpour/Temperature/ROS2WorkSpace/install/custom_interfaces/share/custom_interfaces/cmake/custom_interfacesConfig-version.cmake
[1.385s] -- Up-to-date: /home/abolfazlmohammadpour/Temperature/ROS2WorkSpace/install/custom_interfaces/share/custom_interfaces/package.xml
[1.387s] Invoked command in '/home/abolfazlmohammadpour/Temperature/ROS2WorkSpace/build/custom_interfaces' returned '0': CMAKE_PREFIX_PATH=${CMAKE_PREFIX_PATH}:/home/abolfazlmohammadpour/Temperature/ROS2WorkSpace/install/PythonPackage:/home/abolfazlmohammadpour/ROS2WorkSpace/install/PythonPackage:/opt/ros/iron WSLENV=ELECTRON_RUN_AS_NODE/w: /usr/bin/cmake --install /home/abolfazlmohammadpour/Temperature/ROS2WorkSpace/build/custom_interfaces
