-- Found ament_cmake: 2.0.4 (/opt/ros/iron/share/ament_cmake/cmake)
-- Found rclcpp: 21.0.5 (/opt/ros/iron/share/rclcpp/cmake)
-- Found rosidl_generator_c: 4.0.1 (/opt/ros/iron/share/rosidl_generator_c/cmake)
-- Found rosidl_generator_cpp: 4.0.1 (/opt/ros/iron/share/rosidl_generator_cpp/cmake)
-- Using all available rosidl_typesupport_c: rosidl_typesupport_fastrtps_c;rosidl_typesupport_introspection_c
-- Using all available rosidl_typesupport_cpp: rosidl_typesupport_fastrtps_cpp;rosidl_typesupport_introspection_cpp
-- Found rmw_implementation_cmake: 7.1.0 (/opt/ros/iron/share/rmw_implementation_cmake/cmake)
-- Found rmw_fastrtps_cpp: 7.1.3 (/opt/ros/iron/share/rmw_fastrtps_cpp/cmake)
-- Using RMW implementation 'rmw_fastrtps_cpp' as default
-- Found example_interfaces: 0.10.2 (/opt/ros/iron/share/example_interfaces/cmake)
-- Configuring done
-- Generating done
-- Build files have been written to: /home/abolfazlmohammadpour/Temperature/ROS2WorkSpace/build/CPlusPlusPackage
[35m[1mConsolidate compiler generated dependencies of target CPlusPlusNode[0m
[35m[1mConsolidate compiler generated dependencies of target CPlusPlusNode_OOP[0m
[35m[1mConsolidate compiler generated dependencies of target CPlusPlusNodeSubscriber[0m
[35m[1mConsolidate compiler generated dependencies of target CPlusPlusNodeClient_OOP[0m
[35m[1mConsolidate compiler generated dependencies of target CPlusPlusNodePublisher[0m
[35m[1mConsolidate compiler generated dependencies of target CPlusPlusNodeServer[0m
[35m[1mConsolidate compiler generated dependencies of target CPlusPlusNodeClient[0m
[  7%] [32mBuilding CXX object CMakeFiles/CPlusPlusNodeClient_OOP.dir/src/CPlusPlusNodeClient_OOP.cpp.o[0m
[ 21%] Built target CPlusPlusNodeServer
[ 35%] Built target CPlusPlusNodeSubscriber
[ 50%] Built target CPlusPlusNodeClient
[ 64%] Built target CPlusPlusNode_OOP
[ 78%] Built target CPlusPlusNodePublisher
[ 85%] [32mBuilding CXX object CMakeFiles/CPlusPlusNode.dir/src/CPlusPlusNode.cpp.o[0m
[ 92%] [32m[1mLinking CXX executable CPlusPlusNode[0m
[ 92%] Built target CPlusPlusNode
[100%] [32m[1mLinking CXX executable CPlusPlusNodeClient_OOP[0m
[100%] Built target CPlusPlusNodeClient_OOP
-- Install configuration: ""
-- Installing: /home/abolfazlmohammadpour/Temperature/ROS2WorkSpace/install/CPlusPlusPackage/lib/CPlusPlusPackage/CPlusPlusNode
-- Set runtime path of "/home/abolfazlmohammadpour/Temperature/ROS2WorkSpace/install/CPlusPlusPackage/lib/CPlusPlusPackage/CPlusPlusNode" to ""
-- Up-to-date: /home/abolfazlmohammadpour/Temperature/ROS2WorkSpace/install/CPlusPlusPackage/lib/CPlusPlusPackage/CPlusPlusNode_OOP
-- Up-to-date: /home/abolfazlmohammadpour/Temperature/ROS2WorkSpace/install/CPlusPlusPackage/lib/CPlusPlusPackage/CPlusPlusNodePublisher
-- Up-to-date: /home/abolfazlmohammadpour/Temperature/ROS2WorkSpace/install/CPlusPlusPackage/lib/CPlusPlusPackage/CPlusPlusNodeSubscriber
-- Up-to-date: /home/abolfazlmohammadpour/Temperature/ROS2WorkSpace/install/CPlusPlusPackage/lib/CPlusPlusPackage/CPlusPlusNodeServer
-- Up-to-date: /home/abolfazlmohammadpour/Temperature/ROS2WorkSpace/install/CPlusPlusPackage/lib/CPlusPlusPackage/CPlusPlusNodeClient
-- Installing: /home/abolfazlmohammadpour/Temperature/ROS2WorkSpace/install/CPlusPlusPackage/lib/CPlusPlusPackage/CPlusPlusNodeClient_OOP
-- Set runtime path of "/home/abolfazlmohammadpour/Temperature/ROS2WorkSpace/install/CPlusPlusPackage/lib/CPlusPlusPackage/CPlusPlusNodeClient_OOP" to ""
-- Installing: /home/abolfazlmohammadpour/Temperature/ROS2WorkSpace/install/CPlusPlusPackage/share/ament_index/resource_index/package_run_dependencies/CPlusPlusPackage
-- Installing: /home/abolfazlmohammadpour/Temperature/ROS2WorkSpace/install/CPlusPlusPackage/share/ament_index/resource_index/parent_prefix_path/CPlusPlusPackage
-- Up-to-date: /home/abolfazlmohammadpour/Temperature/ROS2WorkSpace/install/CPlusPlusPackage/share/CPlusPlusPackage/environment/ament_prefix_path.sh
-- Up-to-date: /home/abolfazlmohammadpour/Temperature/ROS2WorkSpace/install/CPlusPlusPackage/share/CPlusPlusPackage/environment/ament_prefix_path.dsv
-- Up-to-date: /home/abolfazlmohammadpour/Temperature/ROS2WorkSpace/install/CPlusPlusPackage/share/CPlusPlusPackage/environment/path.sh
-- Up-to-date: /home/abolfazlmohammadpour/Temperature/ROS2WorkSpace/install/CPlusPlusPackage/share/CPlusPlusPackage/environment/path.dsv
-- Up-to-date: /home/abolfazlmohammadpour/Temperature/ROS2WorkSpace/install/CPlusPlusPackage/share/CPlusPlusPackage/local_setup.bash
-- Up-to-date: /home/abolfazlmohammadpour/Temperature/ROS2WorkSpace/install/CPlusPlusPackage/share/CPlusPlusPackage/local_setup.sh
-- Up-to-date: /home/abolfazlmohammadpour/Temperature/ROS2WorkSpace/install/CPlusPlusPackage/share/CPlusPlusPackage/local_setup.zsh
-- Up-to-date: /home/abolfazlmohammadpour/Temperature/ROS2WorkSpace/install/CPlusPlusPackage/share/CPlusPlusPackage/local_setup.dsv
-- Installing: /home/abolfazlmohammadpour/Temperature/ROS2WorkSpace/install/CPlusPlusPackage/share/CPlusPlusPackage/package.dsv
-- Up-to-date: /home/abolfazlmohammadpour/Temperature/ROS2WorkSpace/install/CPlusPlusPackage/share/ament_index/resource_index/packages/CPlusPlusPackage
-- Up-to-date: /home/abolfazlmohammadpour/Temperature/ROS2WorkSpace/install/CPlusPlusPackage/share/CPlusPlusPackage/cmake/CPlusPlusPackageConfig.cmake
-- Up-to-date: /home/abolfazlmohammadpour/Temperature/ROS2WorkSpace/install/CPlusPlusPackage/share/CPlusPlusPackage/cmake/CPlusPlusPackageConfig-version.cmake
-- Installing: /home/abolfazlmohammadpour/Temperature/ROS2WorkSpace/install/CPlusPlusPackage/share/CPlusPlusPackage/package.xml
